Fold 0
{'activation': 'ReLU',
 'atom_messages': False,
 'batch_size': 50,
 'bias': False,
 'bias_ffn': True,
 'checkpoint_dir': None,
 'checkpoint_path': None,
 'checkpoint_paths': None,
 'config_path': './recommended_config.json',
 'convergence_margin': 100000000.0,
 'crossval_index_dir': None,
 'crossval_index_file': None,
 'cuda': True,
 'data_path': './data/research_data/train_full.csv',
 'dataset_type': 'spectra',
 'depth': 3,
 'device': 'cuda:0',
 'dropout': 0.05,
 'ensemble_size': 1,
 'epochs': 150,
 'features_generator': ['morgan'],
 'features_only': True,
 'features_path': None,
 'features_scaling': False,
 'ffn_hidden_size': 1200,
 'ffn_num_layers': 3,
 'final_lr': 5e-05,
 'folds_file': None,
 'frzn_mpn_checkpoint': None,
 'gpu': 0,
 'hidden_size': 300,
 'init_lr': 0.0001,
 'max_data_size': None,
 'max_lr': 8e-05,
 'metric': 'sid',
 'minimize_score': True,
 'multiclass_num_classes': 3,
 'no_cache': False,
 'normalization_end': 550,
 'normalization_start': 50,
 'num_folds': 1,
 'num_lrs': 1,
 'output_activation': 'exp',
 'qnn': False,
 'qnn_layer': 2,
 'quiet': False,
 'save_dir': './output/model/morgan_classical_1200_layer3/fold_0',
 'save_smiles_splits': False,
 'seed': 0,
 'separate_test_features_path': None,
 'separate_test_path': './data/research_data/test_full.csv',
 'separate_val_features_path': None,
 'separate_val_path': './data/research_data/val_full.csv',
 'show_individual_scores': False,
 'sm_eps': 1e-08,
 'sm_thresh': 1e-08,
 'spectral_loss_function': 'sid',
 'spectral_mask_path': None,
 'split_sizes': [0.8, 0.1, 0.1],
 'split_type': 'random_with_repeated_smiles',
 'target_scaling': True,
 'test': False,
 'test_fold_index': None,
 'torch_seed': None,
 'undirected': False,
 'use_compound_names': False,
 'use_input_features': ['morgan'],
 'val_fold_index': None,
 'warmup_epochs': 2.0}
Loading data
Number of tasks = 1801
Splitting data with seed 0
Total size = 68,404 | train size = 68,404 | val size = 8,550 | test size = 8,551
Pre-normalizing training targets
Building model 0
MoleculeModel(
  (encoder): MPN(
    (encoder): MPNEncoder()
  )
  (ffn): Sequential(
    (0): Dropout(p=0.05, inplace=False)
    (1): Linear(in_features=2048, out_features=1200, bias=True)
    (2): ReLU()
    (3): Dropout(p=0.05, inplace=False)
    (4): Linear(in_features=1200, out_features=1200, bias=True)
    (5): ReLU()
    (6): Dropout(p=0.05, inplace=False)
    (7): Linear(in_features=1200, out_features=1801, bias=True)
  )
)
Number of parameters = 6,063,001
Moving model to cuda
Epoch 0

Loss = 3.6430e-01, PNorm = 66.7878, GNorm = 0.1682, lr_0 = 8.9993e-05
Validation sid = 0.243066
Epoch 1

Loss = 2.2532e-01, PNorm = 68.7471, GNorm = 0.2035, lr_0 = 8.0000e-05
Validation sid = 0.206695
Epoch 2

Loss = 1.9301e-01, PNorm = 70.7906, GNorm = 0.2053, lr_0 = 7.9746e-05
Validation sid = 0.190478
Epoch 3

Loss = 1.7114e-01, PNorm = 73.0562, GNorm = 0.2067, lr_0 = 7.9493e-05
Validation sid = 0.179075
Epoch 4

Loss = 1.5394e-01, PNorm = 75.4486, GNorm = 0.2375, lr_0 = 7.9241e-05
Validation sid = 0.171834
Epoch 5

Loss = 1.4052e-01, PNorm = 77.8117, GNorm = 0.2126, lr_0 = 7.8990e-05
Validation sid = 0.166608
Epoch 6

Loss = 1.2983e-01, PNorm = 80.1645, GNorm = 0.2009, lr_0 = 7.8740e-05
Validation sid = 0.163015
Epoch 7

Loss = 1.2100e-01, PNorm = 82.4552, GNorm = 0.2380, lr_0 = 7.8490e-05
Validation sid = 0.160961
Epoch 8

Loss = 1.1375e-01, PNorm = 84.6783, GNorm = 0.2208, lr_0 = 7.8241e-05
Validation sid = 0.159455
Epoch 9

Loss = 1.0760e-01, PNorm = 86.8481, GNorm = 0.1824, lr_0 = 7.7993e-05
Validation sid = 0.157899
Epoch 10

Loss = 1.0249e-01, PNorm = 88.9422, GNorm = 0.2627, lr_0 = 7.7746e-05
Validation sid = 0.156959
Epoch 11

Loss = 9.7690e-02, PNorm = 90.9674, GNorm = 0.2022, lr_0 = 7.7499e-05
Validation sid = 0.155915
Epoch 12

Loss = 9.3376e-02, PNorm = 92.9218, GNorm = 0.2330, lr_0 = 7.7253e-05
Validation sid = 0.155591
Epoch 13

Loss = 9.0121e-02, PNorm = 94.8739, GNorm = 0.1934, lr_0 = 7.7009e-05
Validation sid = 0.155310
Epoch 14

Loss = 8.6335e-02, PNorm = 96.7214, GNorm = 0.1759, lr_0 = 7.6764e-05
Validation sid = 0.154948
Epoch 15

Loss = 8.3541e-02, PNorm = 98.5695, GNorm = 0.1678, lr_0 = 7.6521e-05
Validation sid = 0.154451
Epoch 16

Loss = 8.0855e-02, PNorm = 100.3957, GNorm = 0.1980, lr_0 = 7.6278e-05
Validation sid = 0.154634
Epoch 17

Loss = 7.8270e-02, PNorm = 102.1016, GNorm = 0.1849, lr_0 = 7.6036e-05
Validation sid = 0.154888
Epoch 18

Loss = 7.6397e-02, PNorm = 103.8783, GNorm = 0.2001, lr_0 = 7.5795e-05
Validation sid = 0.154382
Epoch 19

Loss = 7.3923e-02, PNorm = 105.5130, GNorm = 0.1917, lr_0 = 7.5555e-05
Validation sid = 0.154746
Epoch 20

Loss = 7.2187e-02, PNorm = 107.1736, GNorm = 0.2208, lr_0 = 7.5316e-05
Validation sid = 0.154509
Epoch 21

Loss = 7.0203e-02, PNorm = 108.7490, GNorm = 0.1632, lr_0 = 7.5077e-05
Validation sid = 0.154505
Epoch 22

Loss = 6.8953e-02, PNorm = 110.3042, GNorm = 0.2061, lr_0 = 7.4839e-05
Validation sid = 0.154349
Epoch 23

Loss = 6.7119e-02, PNorm = 111.8156, GNorm = 0.1765, lr_0 = 7.4601e-05
Validation sid = 0.154130
Epoch 24

Loss = 6.5673e-02, PNorm = 113.3341, GNorm = 0.2267, lr_0 = 7.4365e-05
Validation sid = 0.154311
Epoch 25

Loss = 6.4342e-02, PNorm = 114.7798, GNorm = 0.1781, lr_0 = 7.4129e-05
Validation sid = 0.154468
Epoch 26

Loss = 6.3158e-02, PNorm = 116.1864, GNorm = 0.1912, lr_0 = 7.3894e-05
Validation sid = 0.154790
Epoch 27

Loss = 6.1885e-02, PNorm = 117.5798, GNorm = 0.1705, lr_0 = 7.3660e-05
Validation sid = 0.154740
Epoch 28

Loss = 6.0927e-02, PNorm = 118.8777, GNorm = 0.1714, lr_0 = 7.3426e-05
Validation sid = 0.155165
Epoch 29

Loss = 5.9922e-02, PNorm = 120.1825, GNorm = 0.1719, lr_0 = 7.3193e-05
Validation sid = 0.155042
Epoch 30

Loss = 5.8879e-02, PNorm = 121.4671, GNorm = 0.1520, lr_0 = 7.2961e-05
Validation sid = 0.154867
Epoch 31

Loss = 5.7914e-02, PNorm = 122.7097, GNorm = 0.1998, lr_0 = 7.2730e-05
Validation sid = 0.155354
Epoch 32

Loss = 5.6958e-02, PNorm = 123.9810, GNorm = 0.1917, lr_0 = 7.2499e-05
Validation sid = 0.155441
Epoch 33

Loss = 5.6180e-02, PNorm = 125.1395, GNorm = 0.1763, lr_0 = 7.2269e-05
Validation sid = 0.155172
Epoch 34

Loss = 5.5282e-02, PNorm = 126.3483, GNorm = 0.1645, lr_0 = 7.2040e-05
Validation sid = 0.155406
Epoch 35

Loss = 5.4563e-02, PNorm = 127.4486, GNorm = 0.1564, lr_0 = 7.1812e-05
Validation sid = 0.155200
Epoch 36

Loss = 5.3837e-02, PNorm = 128.5807, GNorm = 0.1838, lr_0 = 7.1584e-05
Validation sid = 0.155725
Epoch 37

Loss = 5.3119e-02, PNorm = 129.6969, GNorm = 0.1703, lr_0 = 7.1357e-05
Validation sid = 0.155661
Epoch 38

Loss = 5.2701e-02, PNorm = 130.7662, GNorm = 0.1650, lr_0 = 7.1131e-05
Validation sid = 0.155628
Epoch 39

Loss = 5.2145e-02, PNorm = 131.8340, GNorm = 0.1902, lr_0 = 7.0905e-05
Validation sid = 0.155950
Epoch 40

Loss = 5.1411e-02, PNorm = 132.8068, GNorm = 0.1539, lr_0 = 7.0681e-05
Validation sid = 0.155966
Epoch 41

Loss = 5.0894e-02, PNorm = 133.8183, GNorm = 0.1606, lr_0 = 7.0457e-05
Validation sid = 0.156128
Epoch 42

Loss = 5.0276e-02, PNorm = 134.8356, GNorm = 0.1799, lr_0 = 7.0233e-05
Validation sid = 0.156552
Epoch 43

Loss = 4.9717e-02, PNorm = 135.7961, GNorm = 0.1618, lr_0 = 7.0010e-05
Validation sid = 0.156530
Epoch 44

Loss = 4.9253e-02, PNorm = 136.7527, GNorm = 0.1753, lr_0 = 6.9788e-05
Validation sid = 0.156199
Epoch 45

Loss = 4.8932e-02, PNorm = 137.6837, GNorm = 0.1538, lr_0 = 6.9567e-05
Validation sid = 0.156772
Epoch 46

Loss = 4.8533e-02, PNorm = 138.5793, GNorm = 0.1664, lr_0 = 6.9347e-05
Validation sid = 0.156598
Epoch 47

Loss = 4.8025e-02, PNorm = 139.4413, GNorm = 0.1494, lr_0 = 6.9127e-05
Validation sid = 0.156715
Epoch 48

Loss = 4.7444e-02, PNorm = 140.3128, GNorm = 0.1652, lr_0 = 6.8908e-05
Validation sid = 0.156741
Epoch 49

Loss = 4.7140e-02, PNorm = 141.1484, GNorm = 0.1805, lr_0 = 6.8689e-05
Validation sid = 0.157179
Epoch 50

Loss = 4.6860e-02, PNorm = 142.0077, GNorm = 0.1726, lr_0 = 6.8471e-05
Validation sid = 0.157040
Epoch 51

Loss = 4.6425e-02, PNorm = 142.8435, GNorm = 0.1417, lr_0 = 6.8254e-05
Validation sid = 0.157392
Epoch 52

Loss = 4.6057e-02, PNorm = 143.6577, GNorm = 0.1601, lr_0 = 6.8038e-05
Validation sid = 0.157270
Epoch 53

Loss = 4.5628e-02, PNorm = 144.4439, GNorm = 0.1644, lr_0 = 6.7822e-05
Validation sid = 0.157817
Epoch 54

Loss = 4.5259e-02, PNorm = 145.2262, GNorm = 0.1367, lr_0 = 6.7607e-05
Validation sid = 0.157271
Epoch 55

Loss = 4.5259e-02, PNorm = 145.9609, GNorm = 0.1342, lr_0 = 6.7393e-05
Validation sid = 0.157278
Epoch 56

Loss = 4.5066e-02, PNorm = 146.6794, GNorm = 0.1493, lr_0 = 6.7179e-05
Validation sid = 0.157097
Epoch 57

Loss = 4.4352e-02, PNorm = 147.4106, GNorm = 0.1614, lr_0 = 6.6966e-05
Validation sid = 0.157221
Epoch 58

Loss = 4.4178e-02, PNorm = 148.1754, GNorm = 0.1567, lr_0 = 6.6754e-05
Validation sid = 0.157492
Epoch 59

Loss = 4.3821e-02, PNorm = 148.8658, GNorm = 0.1399, lr_0 = 6.6542e-05
Validation sid = 0.157478
Epoch 60

Loss = 4.3574e-02, PNorm = 149.5821, GNorm = 0.1481, lr_0 = 6.6331e-05
Validation sid = 0.157922
Epoch 61

Loss = 4.3393e-02, PNorm = 150.2677, GNorm = 0.1343, lr_0 = 6.6121e-05
Validation sid = 0.158232
Epoch 62

Loss = 4.3024e-02, PNorm = 150.9473, GNorm = 0.1311, lr_0 = 6.5911e-05
Validation sid = 0.157794
Epoch 63

Loss = 4.2664e-02, PNorm = 151.5998, GNorm = 0.1454, lr_0 = 6.5702e-05
Validation sid = 0.157923
Epoch 64

Loss = 4.2517e-02, PNorm = 152.2487, GNorm = 0.1404, lr_0 = 6.5494e-05
Validation sid = 0.158039
Epoch 65

Loss = 4.2188e-02, PNorm = 152.9280, GNorm = 0.1699, lr_0 = 6.5286e-05
Validation sid = 0.157608
Epoch 66

Loss = 4.2060e-02, PNorm = 153.5597, GNorm = 0.1631, lr_0 = 6.5079e-05
Validation sid = 0.157690
Epoch 67

Loss = 4.1982e-02, PNorm = 154.2383, GNorm = 0.1337, lr_0 = 6.4873e-05
Validation sid = 0.157719
Epoch 68

Loss = 4.1612e-02, PNorm = 154.8568, GNorm = 0.1626, lr_0 = 6.4667e-05
Validation sid = 0.157835
Epoch 69

Loss = 4.1368e-02, PNorm = 155.4200, GNorm = 0.1753, lr_0 = 6.4462e-05
Validation sid = 0.158171
Epoch 70

Loss = 4.1181e-02, PNorm = 156.0388, GNorm = 0.1746, lr_0 = 6.4258e-05
Validation sid = 0.157797
Epoch 71

Loss = 4.0961e-02, PNorm = 156.6509, GNorm = 0.1388, lr_0 = 6.4054e-05
Validation sid = 0.158229
Epoch 72

Loss = 4.0752e-02, PNorm = 157.2489, GNorm = 0.1354, lr_0 = 6.3851e-05
Validation sid = 0.158470
Epoch 73

Loss = 4.0536e-02, PNorm = 157.8175, GNorm = 0.1788, lr_0 = 6.3648e-05
Validation sid = 0.157675
Epoch 74

Loss = 4.0358e-02, PNorm = 158.3848, GNorm = 0.1504, lr_0 = 6.3447e-05
Validation sid = 0.158012
Epoch 75

Loss = 4.0166e-02, PNorm = 159.0006, GNorm = 0.1587, lr_0 = 6.3245e-05
Validation sid = 0.158209
Epoch 76

Loss = 4.0089e-02, PNorm = 159.5359, GNorm = 0.1289, lr_0 = 6.3045e-05
Validation sid = 0.158018
Epoch 77

Loss = 3.9685e-02, PNorm = 160.1172, GNorm = 0.1556, lr_0 = 6.2845e-05
Validation sid = 0.158114
Epoch 78

Loss = 3.9752e-02, PNorm = 160.6631, GNorm = 0.1304, lr_0 = 6.2646e-05
Validation sid = 0.158573
Epoch 79

Loss = 3.9466e-02, PNorm = 161.2265, GNorm = 0.1333, lr_0 = 6.2447e-05
Validation sid = 0.158280
Epoch 80

Loss = 3.9242e-02, PNorm = 161.7630, GNorm = 0.1208, lr_0 = 6.2249e-05
Validation sid = 0.158386
Epoch 81

Loss = 3.9090e-02, PNorm = 162.3169, GNorm = 0.1573, lr_0 = 6.2052e-05
Validation sid = 0.158313
Epoch 82

Loss = 3.9005e-02, PNorm = 162.8000, GNorm = 0.1542, lr_0 = 6.1855e-05
Validation sid = 0.158668
Epoch 83

Loss = 3.8857e-02, PNorm = 163.3369, GNorm = 0.1382, lr_0 = 6.1659e-05
Validation sid = 0.158497
Epoch 84

Loss = 3.8543e-02, PNorm = 163.8434, GNorm = 0.1124, lr_0 = 6.1463e-05
Validation sid = 0.158346
Epoch 85

Loss = 3.8428e-02, PNorm = 164.3157, GNorm = 0.1274, lr_0 = 6.1268e-05
Validation sid = 0.158107
Epoch 86

Loss = 3.8536e-02, PNorm = 164.7935, GNorm = 0.1311, lr_0 = 6.1074e-05
Validation sid = 0.158761
Epoch 87

Loss = 3.8178e-02, PNorm = 165.2734, GNorm = 0.1252, lr_0 = 6.0881e-05
Validation sid = 0.158876
Epoch 88

Loss = 3.7852e-02, PNorm = 165.7576, GNorm = 0.1231, lr_0 = 6.0688e-05
Validation sid = 0.158705
Epoch 89

Loss = 3.8013e-02, PNorm = 166.2052, GNorm = 0.1299, lr_0 = 6.0495e-05
Validation sid = 0.158791
Epoch 90

Loss = 3.7824e-02, PNorm = 166.6875, GNorm = 0.1310, lr_0 = 6.0303e-05
Validation sid = 0.158616
Epoch 91

Loss = 3.7853e-02, PNorm = 167.1383, GNorm = 0.1324, lr_0 = 6.0112e-05
Validation sid = 0.158622
Epoch 92

Loss = 3.7490e-02, PNorm = 167.5942, GNorm = 0.1471, lr_0 = 5.9922e-05
Validation sid = 0.158803
Epoch 93

Loss = 3.7242e-02, PNorm = 168.0255, GNorm = 0.1276, lr_0 = 5.9732e-05
Validation sid = 0.159298
Epoch 94

Loss = 3.7415e-02, PNorm = 168.4502, GNorm = 0.1195, lr_0 = 5.9542e-05
Validation sid = 0.158967
Epoch 95

Loss = 3.7111e-02, PNorm = 168.8866, GNorm = 0.1488, lr_0 = 5.9353e-05
Validation sid = 0.158930
Epoch 96

Loss = 3.6991e-02, PNorm = 169.3257, GNorm = 0.1467, lr_0 = 5.9165e-05
Validation sid = 0.159000
Epoch 97

Loss = 3.7040e-02, PNorm = 169.7793, GNorm = 0.1147, lr_0 = 5.8978e-05
Validation sid = 0.158978
Epoch 98

Loss = 3.6825e-02, PNorm = 170.1979, GNorm = 0.1345, lr_0 = 5.8791e-05
Validation sid = 0.158873
Epoch 99

Loss = 3.6758e-02, PNorm = 170.6114, GNorm = 0.1150, lr_0 = 5.8604e-05
Validation sid = 0.159074
Epoch 100

Loss = 3.6548e-02, PNorm = 171.0035, GNorm = 0.1318, lr_0 = 5.8418e-05
Validation sid = 0.159333
Epoch 101

Loss = 3.6358e-02, PNorm = 171.4124, GNorm = 0.1489, lr_0 = 5.8233e-05
Validation sid = 0.158842
Epoch 102

Loss = 3.6327e-02, PNorm = 171.8118, GNorm = 0.1496, lr_0 = 5.8048e-05
Validation sid = 0.158998
Epoch 103

Loss = 3.6247e-02, PNorm = 172.1748, GNorm = 0.1341, lr_0 = 5.7864e-05
Validation sid = 0.159195
Epoch 104

Loss = 3.6180e-02, PNorm = 172.5942, GNorm = 0.1228, lr_0 = 5.7681e-05
Validation sid = 0.159000
Epoch 105

Loss = 3.6159e-02, PNorm = 172.9442, GNorm = 0.1179, lr_0 = 5.7498e-05
Validation sid = 0.159064
Epoch 106

Loss = 3.6085e-02, PNorm = 173.3204, GNorm = 0.1298, lr_0 = 5.7316e-05
Validation sid = 0.159250
Epoch 107

Loss = 3.5783e-02, PNorm = 173.6577, GNorm = 0.1359, lr_0 = 5.7134e-05
Validation sid = 0.159265
Epoch 108

Loss = 3.5635e-02, PNorm = 174.0262, GNorm = 0.1398, lr_0 = 5.6953e-05
Validation sid = 0.158767
Epoch 109

Loss = 3.5702e-02, PNorm = 174.4175, GNorm = 0.1753, lr_0 = 5.6772e-05
Validation sid = 0.158928
Epoch 110

Loss = 3.5513e-02, PNorm = 174.7647, GNorm = 0.1648, lr_0 = 5.6592e-05
Validation sid = 0.159440
Epoch 111

Loss = 3.5492e-02, PNorm = 175.0852, GNorm = 0.1269, lr_0 = 5.6413e-05
Validation sid = 0.159249
Epoch 112

Loss = 3.5410e-02, PNorm = 175.4410, GNorm = 0.1159, lr_0 = 5.6234e-05
Validation sid = 0.159229
Epoch 113

Loss = 3.5265e-02, PNorm = 175.7582, GNorm = 0.1328, lr_0 = 5.6056e-05
Validation sid = 0.159073
Epoch 114

Loss = 3.5070e-02, PNorm = 176.0611, GNorm = 0.1040, lr_0 = 5.5878e-05
Validation sid = 0.158868
Epoch 115

Loss = 3.5182e-02, PNorm = 176.4378, GNorm = 0.1150, lr_0 = 5.5701e-05
Validation sid = 0.159370
Epoch 116

Loss = 3.5019e-02, PNorm = 176.7328, GNorm = 0.1181, lr_0 = 5.5524e-05
Validation sid = 0.159068
Epoch 117

Loss = 3.5019e-02, PNorm = 177.0547, GNorm = 0.1206, lr_0 = 5.5348e-05
Validation sid = 0.159281
Epoch 118

Loss = 3.5025e-02, PNorm = 177.3695, GNorm = 0.1190, lr_0 = 5.5173e-05
Validation sid = 0.159443
Epoch 119

Loss = 3.4677e-02, PNorm = 177.6701, GNorm = 0.1144, lr_0 = 5.4998e-05
Validation sid = 0.159360
Epoch 120

Loss = 3.4721e-02, PNorm = 178.0051, GNorm = 0.1156, lr_0 = 5.4823e-05
Validation sid = 0.159363
Epoch 121

Loss = 3.4463e-02, PNorm = 178.2974, GNorm = 0.1114, lr_0 = 5.4650e-05
Validation sid = 0.159850
Epoch 122

Loss = 3.4361e-02, PNorm = 178.5817, GNorm = 0.1276, lr_0 = 5.4476e-05
Validation sid = 0.159276
Epoch 123

Loss = 3.4447e-02, PNorm = 178.8740, GNorm = 0.1106, lr_0 = 5.4304e-05
Validation sid = 0.159839
Epoch 124

Loss = 3.4543e-02, PNorm = 179.1874, GNorm = 0.1256, lr_0 = 5.4131e-05
Validation sid = 0.159770
Epoch 125

Loss = 3.4284e-02, PNorm = 179.4637, GNorm = 0.1646, lr_0 = 5.3960e-05
Validation sid = 0.159514
Epoch 126

Loss = 3.4154e-02, PNorm = 179.7469, GNorm = 0.1300, lr_0 = 5.3789e-05
Validation sid = 0.159770
Epoch 127

Loss = 3.4180e-02, PNorm = 180.0320, GNorm = 0.1261, lr_0 = 5.3618e-05
Validation sid = 0.159727
Epoch 128

Loss = 3.4194e-02, PNorm = 180.3074, GNorm = 0.1236, lr_0 = 5.3448e-05
Validation sid = 0.159625
Epoch 129

Loss = 3.3956e-02, PNorm = 180.5670, GNorm = 0.1023, lr_0 = 5.3279e-05
Validation sid = 0.159638
Epoch 130

Loss = 3.3786e-02, PNorm = 180.8353, GNorm = 0.1062, lr_0 = 5.3110e-05
Validation sid = 0.159780
Epoch 131

Loss = 3.3781e-02, PNorm = 181.0998, GNorm = 0.1015, lr_0 = 5.2941e-05
Validation sid = 0.159833
Epoch 132

Loss = 3.3874e-02, PNorm = 181.3508, GNorm = 0.1451, lr_0 = 5.2773e-05
Validation sid = 0.159806
Epoch 133

Loss = 3.3944e-02, PNorm = 181.6260, GNorm = 0.1167, lr_0 = 5.2606e-05
Validation sid = 0.159990
Epoch 134

Loss = 3.3776e-02, PNorm = 181.8811, GNorm = 0.1286, lr_0 = 5.2439e-05
Validation sid = 0.159849
Epoch 135

Loss = 3.3432e-02, PNorm = 182.1198, GNorm = 0.1063, lr_0 = 5.2273e-05
Validation sid = 0.159650
Epoch 136

Loss = 3.3520e-02, PNorm = 182.3636, GNorm = 0.1145, lr_0 = 5.2107e-05
Validation sid = 0.159602
Epoch 137

Loss = 3.3591e-02, PNorm = 182.6415, GNorm = 0.1189, lr_0 = 5.1942e-05
Validation sid = 0.159604
Epoch 138

Loss = 3.3492e-02, PNorm = 182.8526, GNorm = 0.1200, lr_0 = 5.1777e-05
Validation sid = 0.159829
Epoch 139

Loss = 3.3461e-02, PNorm = 183.0938, GNorm = 0.1203, lr_0 = 5.1613e-05
Validation sid = 0.160083
Epoch 140

Loss = 3.3324e-02, PNorm = 183.3296, GNorm = 0.1179, lr_0 = 5.1450e-05
Validation sid = 0.159676
Epoch 141

Loss = 3.3126e-02, PNorm = 183.5764, GNorm = 0.1187, lr_0 = 5.1286e-05
Validation sid = 0.160035
Epoch 142

Loss = 3.3344e-02, PNorm = 183.7996, GNorm = 0.1141, lr_0 = 5.1124e-05
Validation sid = 0.159710
Epoch 143

Loss = 3.3116e-02, PNorm = 184.0401, GNorm = 0.1165, lr_0 = 5.0962e-05
Validation sid = 0.159958
Epoch 144

Loss = 3.3078e-02, PNorm = 184.2883, GNorm = 0.1089, lr_0 = 5.0800e-05
Validation sid = 0.159900
Epoch 145

Loss = 3.3028e-02, PNorm = 184.5246, GNorm = 0.1232, lr_0 = 5.0639e-05
Validation sid = 0.159949
Epoch 146

Loss = 3.2900e-02, PNorm = 184.7127, GNorm = 0.1180, lr_0 = 5.0479e-05
Validation sid = 0.159864
Epoch 147

Loss = 3.2822e-02, PNorm = 184.9618, GNorm = 0.1069, lr_0 = 5.0318e-05
Validation sid = 0.160054
Epoch 148

Loss = 3.2881e-02, PNorm = 185.1774, GNorm = 0.1044, lr_0 = 5.0159e-05
Validation sid = 0.160079
Epoch 149

Loss = 3.2760e-02, PNorm = 185.3853, GNorm = 0.1443, lr_0 = 5.0000e-05
Validation sid = 0.159925
Model 0 best validation sid = 0.154130 on epoch 23
Loading pretrained parameter "ffn.1.weight".
Loading pretrained parameter "ffn.1.bias".
Loading pretrained parameter "ffn.4.weight".
Loading pretrained parameter "ffn.4.bias".
Loading pretrained parameter "ffn.7.weight".
Loading pretrained parameter "ffn.7.bias".
Moving model to cuda
Model 0 test sid = 0.150207
Ensemble test sid = 0.150207
1-fold cross validation
Seed 0 ==> test sid = 0.150207
Overall test sid = 0.150207 +/- 0.000000
time: 129m
