Fold 0
{'activation': 'ReLU',
 'atom_messages': False,
 'batch_size': 50,
 'bias': False,
 'bias_ffn': True,
 'checkpoint_dir': None,
 'checkpoint_path': None,
 'checkpoint_paths': None,
 'config_path': './recommended_config.json',
 'convergence_margin': 100000000.0,
 'crossval_index_dir': None,
 'crossval_index_file': None,
 'cuda': True,
 'data_path': './data/research_data/train_full.csv',
 'dataset_type': 'spectra',
 'depth': 3,
 'device': 'cuda:0',
 'dropout': 0.05,
 'ensemble_size': 1,
 'epochs': 150,
 'features_generator': ['morgan'],
 'features_only': True,
 'features_path': None,
 'features_scaling': False,
 'ffn_hidden_size': 1200,
 'ffn_num_layers': 4,
 'final_lr': 5e-05,
 'folds_file': None,
 'frzn_mpn_checkpoint': None,
 'gpu': 0,
 'hidden_size': 300,
 'init_lr': 0.0001,
 'max_data_size': None,
 'max_lr': 8e-05,
 'metric': 'sid',
 'minimize_score': True,
 'multiclass_num_classes': 3,
 'no_cache': False,
 'normalization_end': 550,
 'normalization_start': 50,
 'num_folds': 1,
 'num_lrs': 1,
 'output_activation': 'exp',
 'qnn': True,
 'qnn_layer': 8,
 'quiet': False,
 'save_dir': './output/model/morgan_hydbrid_qnnlayer8_1200_layer3/fold_0',
 'save_smiles_splits': False,
 'seed': 0,
 'separate_test_features_path': None,
 'separate_test_path': './data/research_data/test_full.csv',
 'separate_val_features_path': None,
 'separate_val_path': './data/research_data/val_full.csv',
 'show_individual_scores': False,
 'sm_eps': 1e-08,
 'sm_thresh': 1e-08,
 'spectral_loss_function': 'sid',
 'spectral_mask_path': None,
 'split_sizes': [0.8, 0.1, 0.1],
 'split_type': 'random_with_repeated_smiles',
 'target_scaling': True,
 'test': False,
 'test_fold_index': None,
 'torch_seed': None,
 'undirected': False,
 'use_compound_names': False,
 'use_input_features': ['morgan'],
 'val_fold_index': None,
 'warmup_epochs': 2.0}
Loading data
Number of tasks = 1801
Splitting data with seed 0
Total size = 68,404 | train size = 68,404 | val size = 8,550 | test size = 8,551
Pre-normalizing training targets
Building model 0
MoleculeModel(
  (encoder): MPN(
    (encoder): MPNEncoder()
  )
  (ffn): Sequential(
    (0): <Quantum Torch Layer: func=qnode>
    (1): Linear(in_features=2048, out_features=1200, bias=True)
    (2): ReLU()
    (3): Dropout(p=0.05, inplace=False)
    (4): Linear(in_features=1200, out_features=1200, bias=True)
    (5): ReLU()
    (6): Dropout(p=0.05, inplace=False)
    (7): Linear(in_features=1200, out_features=1801, bias=True)
  )
)
Number of parameters = 6,063,089
Moving model to cuda
Epoch 0

Loss = 5.7543e-01, PNorm = 73.9844, GNorm = 0.1173, lr_0 = 8.9993e-05
Validation sid = 0.440940
Epoch 1

Loss = 4.0734e-01, PNorm = 81.6523, GNorm = 0.2201, lr_0 = 8.0000e-05
Validation sid = 0.359286
Epoch 2

Loss = 3.3268e-01, PNorm = 87.6225, GNorm = 0.2617, lr_0 = 7.9746e-05
Validation sid = 0.306933
Epoch 3

Loss = 2.9242e-01, PNorm = 91.8060, GNorm = 0.2773, lr_0 = 7.9493e-05
Validation sid = 0.279734
Epoch 4

Loss = 2.6806e-01, PNorm = 95.4876, GNorm = 0.1738, lr_0 = 7.9241e-05
Validation sid = 0.261744
Epoch 5

Loss = 2.4923e-01, PNorm = 99.1079, GNorm = 0.2384, lr_0 = 7.8990e-05
Validation sid = 0.245392
Epoch 6

Loss = 2.3535e-01, PNorm = 102.4928, GNorm = 0.2858, lr_0 = 7.8740e-05
Validation sid = 0.234809
Epoch 7

Loss = 2.2441e-01, PNorm = 105.7426, GNorm = 0.2340, lr_0 = 7.8490e-05
Validation sid = 0.226084
Epoch 8

Loss = 2.1491e-01, PNorm = 108.9645, GNorm = 0.2504, lr_0 = 7.8241e-05
Validation sid = 0.218773
Epoch 9

Loss = 2.0697e-01, PNorm = 112.1343, GNorm = 0.1958, lr_0 = 7.7993e-05
Validation sid = 0.213138
Epoch 10

Loss = 2.0012e-01, PNorm = 115.2330, GNorm = 0.2497, lr_0 = 7.7746e-05
Validation sid = 0.208463
Epoch 11

Loss = 1.9419e-01, PNorm = 118.3727, GNorm = 0.3460, lr_0 = 7.7499e-05
Validation sid = 0.203428
Epoch 12

Loss = 1.8870e-01, PNorm = 121.4979, GNorm = 0.3732, lr_0 = 7.7253e-05
Validation sid = 0.199614
Epoch 13

Loss = 1.8366e-01, PNorm = 124.6680, GNorm = 0.2543, lr_0 = 7.7009e-05
Validation sid = 0.196036
Epoch 14

Loss = 1.7900e-01, PNorm = 127.8330, GNorm = 0.2741, lr_0 = 7.6764e-05
Validation sid = 0.192557
Epoch 15

Loss = 1.7475e-01, PNorm = 131.0256, GNorm = 0.2977, lr_0 = 7.6521e-05
Validation sid = 0.189909
Epoch 16

Loss = 1.7048e-01, PNorm = 134.2089, GNorm = 0.3299, lr_0 = 7.6278e-05
Validation sid = 0.187405
Epoch 17

Loss = 1.6661e-01, PNorm = 137.3576, GNorm = 0.5148, lr_0 = 7.6036e-05
Validation sid = 0.184951
Epoch 18

Loss = 1.6288e-01, PNorm = 140.5282, GNorm = 0.3392, lr_0 = 7.5795e-05
Validation sid = 0.182666
Epoch 19

Loss = 1.5928e-01, PNorm = 143.7273, GNorm = 0.2789, lr_0 = 7.5555e-05
Validation sid = 0.180560
Epoch 20

Loss = 1.5569e-01, PNorm = 146.8862, GNorm = 0.4400, lr_0 = 7.5316e-05
Validation sid = 0.178504
Epoch 21

Loss = 1.5225e-01, PNorm = 150.1039, GNorm = 0.4160, lr_0 = 7.5077e-05
Validation sid = 0.176683
Epoch 22

Loss = 1.4898e-01, PNorm = 153.3016, GNorm = 0.2769, lr_0 = 7.4839e-05
Validation sid = 0.174755
Epoch 23

Loss = 1.4573e-01, PNorm = 156.5240, GNorm = 0.4170, lr_0 = 7.4601e-05
Validation sid = 0.173293
Epoch 24

Loss = 1.4258e-01, PNorm = 159.7464, GNorm = 0.5808, lr_0 = 7.4365e-05
Validation sid = 0.171475
Epoch 25

Loss = 1.3950e-01, PNorm = 162.9706, GNorm = 0.4056, lr_0 = 7.4129e-05
Validation sid = 0.170162
Epoch 26

Loss = 1.3645e-01, PNorm = 166.2144, GNorm = 0.5774, lr_0 = 7.3894e-05
Validation sid = 0.169014
Epoch 27

Loss = 1.3357e-01, PNorm = 169.4087, GNorm = 0.4170, lr_0 = 7.3660e-05
Validation sid = 0.167594
Epoch 28

Loss = 1.3073e-01, PNorm = 172.5986, GNorm = 0.6833, lr_0 = 7.3426e-05
Validation sid = 0.166401
Epoch 29

Loss = 1.2812e-01, PNorm = 175.8316, GNorm = 0.4866, lr_0 = 7.3193e-05
Validation sid = 0.164966
Epoch 30

Loss = 1.2539e-01, PNorm = 178.9879, GNorm = 0.4875, lr_0 = 7.2961e-05
Validation sid = 0.163721
Epoch 31

Loss = 1.2280e-01, PNorm = 182.1481, GNorm = 0.4216, lr_0 = 7.2730e-05
Validation sid = 0.162887
Epoch 32

Loss = 1.2030e-01, PNorm = 185.2722, GNorm = 0.5720, lr_0 = 7.2499e-05
Validation sid = 0.161977
Epoch 33

Loss = 1.1798e-01, PNorm = 188.4115, GNorm = 0.4415, lr_0 = 7.2269e-05
Validation sid = 0.160791
Epoch 34

Loss = 1.1560e-01, PNorm = 191.5335, GNorm = 0.4825, lr_0 = 7.2040e-05
Validation sid = 0.160168
Epoch 35

Loss = 1.1334e-01, PNorm = 194.5787, GNorm = 0.5067, lr_0 = 7.1812e-05
Validation sid = 0.159223
Epoch 36

Loss = 1.1122e-01, PNorm = 197.6365, GNorm = 0.5765, lr_0 = 7.1584e-05
Validation sid = 0.158538
Epoch 37

Loss = 1.0914e-01, PNorm = 200.6489, GNorm = 0.5197, lr_0 = 7.1357e-05
Validation sid = 0.157581
Epoch 38

Loss = 1.0702e-01, PNorm = 203.6428, GNorm = 0.4744, lr_0 = 7.1131e-05
Validation sid = 0.157115
Epoch 39

Loss = 1.0495e-01, PNorm = 206.5991, GNorm = 0.3998, lr_0 = 7.0905e-05
Validation sid = 0.156167
Epoch 40

Loss = 1.0308e-01, PNorm = 209.5643, GNorm = 0.5708, lr_0 = 7.0681e-05
Validation sid = 0.155692
Epoch 41

Loss = 1.0123e-01, PNorm = 212.4588, GNorm = 0.4762, lr_0 = 7.0457e-05
Validation sid = 0.155462
Epoch 42

Loss = 9.9496e-02, PNorm = 215.3426, GNorm = 0.5303, lr_0 = 7.0233e-05
Validation sid = 0.154857
Epoch 43

Loss = 9.7655e-02, PNorm = 218.2164, GNorm = 0.4544, lr_0 = 7.0010e-05
Validation sid = 0.154439
Epoch 44

Loss = 9.6014e-02, PNorm = 221.0563, GNorm = 0.3759, lr_0 = 6.9788e-05
Validation sid = 0.153744
Epoch 45

Loss = 9.4384e-02, PNorm = 223.8518, GNorm = 0.4500, lr_0 = 6.9567e-05
Validation sid = 0.153175
Epoch 46

Loss = 9.2692e-02, PNorm = 226.6563, GNorm = 0.4991, lr_0 = 6.9347e-05
Validation sid = 0.152931
Epoch 47

Loss = 9.1195e-02, PNorm = 229.4064, GNorm = 0.4555, lr_0 = 6.9127e-05
Validation sid = 0.152582
Epoch 48

Loss = 8.9732e-02, PNorm = 232.1221, GNorm = 0.4301, lr_0 = 6.8908e-05
Validation sid = 0.152164
Epoch 49

Loss = 8.8311e-02, PNorm = 234.8617, GNorm = 0.5168, lr_0 = 6.8689e-05
Validation sid = 0.151940
Epoch 50

Loss = 8.6844e-02, PNorm = 237.5348, GNorm = 0.4219, lr_0 = 6.8471e-05
Validation sid = 0.151530
Epoch 51

Loss = 8.5489e-02, PNorm = 240.1998, GNorm = 0.5143, lr_0 = 6.8254e-05
Validation sid = 0.151603
Epoch 52

Loss = 8.4118e-02, PNorm = 242.7891, GNorm = 0.5075, lr_0 = 6.8038e-05
Validation sid = 0.151369
Epoch 53

Loss = 8.2833e-02, PNorm = 245.3789, GNorm = 0.4522, lr_0 = 6.7822e-05
Validation sid = 0.150960
Epoch 54

Loss = 8.1601e-02, PNorm = 247.9459, GNorm = 0.4489, lr_0 = 6.7607e-05
Validation sid = 0.151084
Epoch 55

Loss = 8.0431e-02, PNorm = 250.5202, GNorm = 0.4914, lr_0 = 6.7393e-05
Validation sid = 0.151014
Epoch 56

Loss = 7.9178e-02, PNorm = 253.0547, GNorm = 0.4405, lr_0 = 6.7179e-05
Validation sid = 0.150684
Epoch 57

Loss = 7.8122e-02, PNorm = 255.5551, GNorm = 0.4886, lr_0 = 6.6966e-05
Validation sid = 0.150515
Epoch 58

Loss = 7.7000e-02, PNorm = 258.0269, GNorm = 0.6283, lr_0 = 6.6754e-05
Validation sid = 0.150404
Epoch 59

Loss = 7.5925e-02, PNorm = 260.4997, GNorm = 0.5367, lr_0 = 6.6542e-05
Validation sid = 0.150174
Epoch 60

Loss = 7.4850e-02, PNorm = 262.9399, GNorm = 0.4511, lr_0 = 6.6331e-05
Validation sid = 0.150490
Epoch 61

Loss = 7.3856e-02, PNorm = 265.3096, GNorm = 0.4202, lr_0 = 6.6121e-05
Validation sid = 0.150049
Epoch 62

Loss = 7.2856e-02, PNorm = 267.6999, GNorm = 0.4264, lr_0 = 6.5911e-05
Validation sid = 0.150053
Epoch 63

Loss = 7.1911e-02, PNorm = 270.0367, GNorm = 0.5410, lr_0 = 6.5702e-05
Validation sid = 0.150010
Epoch 64

Loss = 7.1016e-02, PNorm = 272.4020, GNorm = 0.5803, lr_0 = 6.5494e-05
Validation sid = 0.149955
Epoch 65

Loss = 7.0087e-02, PNorm = 274.6859, GNorm = 0.5666, lr_0 = 6.5286e-05
Validation sid = 0.150027
Epoch 66

Loss = 6.9230e-02, PNorm = 276.9855, GNorm = 0.5555, lr_0 = 6.5079e-05
Validation sid = 0.149868
Epoch 67

Loss = 6.8357e-02, PNorm = 279.2502, GNorm = 0.4277, lr_0 = 6.4873e-05
Validation sid = 0.149764
Epoch 68

Loss = 6.7509e-02, PNorm = 281.5193, GNorm = 0.4923, lr_0 = 6.4667e-05
Validation sid = 0.149859
Epoch 69

Loss = 6.6736e-02, PNorm = 283.7339, GNorm = 0.5764, lr_0 = 6.4462e-05
Validation sid = 0.149721
Epoch 70

Loss = 6.5930e-02, PNorm = 285.9447, GNorm = 0.5205, lr_0 = 6.4258e-05
Validation sid = 0.149790
Epoch 71

Loss = 6.5200e-02, PNorm = 288.1438, GNorm = 0.5870, lr_0 = 6.4054e-05
Validation sid = 0.149970
Epoch 72

Loss = 6.4477e-02, PNorm = 290.3313, GNorm = 0.5307, lr_0 = 6.3851e-05
Validation sid = 0.149921
Epoch 73

Loss = 6.3702e-02, PNorm = 292.4747, GNorm = 0.4806, lr_0 = 6.3648e-05
Validation sid = 0.150047
Epoch 74

Loss = 6.2971e-02, PNorm = 294.6122, GNorm = 0.4771, lr_0 = 6.3447e-05
Validation sid = 0.149887
Epoch 75

Loss = 6.2302e-02, PNorm = 296.7266, GNorm = 0.4806, lr_0 = 6.3245e-05
Validation sid = 0.150071
Epoch 76

Loss = 6.1668e-02, PNorm = 298.8162, GNorm = 0.5504, lr_0 = 6.3045e-05
Validation sid = 0.149773
Epoch 77

Loss = 6.1033e-02, PNorm = 300.8899, GNorm = 0.5558, lr_0 = 6.2845e-05
Validation sid = 0.150003
Epoch 78

Loss = 6.0421e-02, PNorm = 302.9789, GNorm = 0.4924, lr_0 = 6.2646e-05
Validation sid = 0.150003
Epoch 79

Loss = 5.9781e-02, PNorm = 305.0033, GNorm = 0.4112, lr_0 = 6.2447e-05
Validation sid = 0.149776
Epoch 80

Loss = 5.9182e-02, PNorm = 307.0303, GNorm = 0.5363, lr_0 = 6.2249e-05
Validation sid = 0.150052
Epoch 81

Loss = 5.8580e-02, PNorm = 309.0402, GNorm = 0.5553, lr_0 = 6.2052e-05
Validation sid = 0.150087
Epoch 82

Loss = 5.8029e-02, PNorm = 311.0178, GNorm = 0.4376, lr_0 = 6.1855e-05
Validation sid = 0.150192
Epoch 83

Loss = 5.7457e-02, PNorm = 312.9987, GNorm = 0.4899, lr_0 = 6.1659e-05
Validation sid = 0.150285
Epoch 84

Loss = 5.6883e-02, PNorm = 315.0122, GNorm = 0.4482, lr_0 = 6.1463e-05
Validation sid = 0.150286
Epoch 85

Loss = 5.6338e-02, PNorm = 316.9606, GNorm = 0.5041, lr_0 = 6.1268e-05
Validation sid = 0.150322
Epoch 86

Loss = 5.5878e-02, PNorm = 318.8868, GNorm = 0.4540, lr_0 = 6.1074e-05
Validation sid = 0.150369
Epoch 87

Loss = 5.5296e-02, PNorm = 320.7942, GNorm = 0.4792, lr_0 = 6.0881e-05
Validation sid = 0.150328
Epoch 88

Loss = 5.4839e-02, PNorm = 322.7051, GNorm = 0.4368, lr_0 = 6.0688e-05
Validation sid = 0.150441
Epoch 89

Loss = 5.4442e-02, PNorm = 324.5615, GNorm = 0.4451, lr_0 = 6.0495e-05
Validation sid = 0.150632
Epoch 90

Loss = 5.3915e-02, PNorm = 326.4263, GNorm = 0.4601, lr_0 = 6.0303e-05
Validation sid = 0.150482
Epoch 91

Loss = 5.3519e-02, PNorm = 328.2620, GNorm = 0.5120, lr_0 = 6.0112e-05
Validation sid = 0.150702
Epoch 92

Loss = 5.3032e-02, PNorm = 330.0850, GNorm = 0.4040, lr_0 = 5.9922e-05
Validation sid = 0.150714
Epoch 93

Loss = 5.2617e-02, PNorm = 331.9289, GNorm = 0.4988, lr_0 = 5.9732e-05
Validation sid = 0.150645
Epoch 94

Loss = 5.2142e-02, PNorm = 333.7368, GNorm = 0.4313, lr_0 = 5.9542e-05
Validation sid = 0.151061
Epoch 95

Loss = 5.1801e-02, PNorm = 335.5159, GNorm = 0.4977, lr_0 = 5.9353e-05
Validation sid = 0.150821
Epoch 96

Loss = 5.1339e-02, PNorm = 337.2911, GNorm = 0.4832, lr_0 = 5.9165e-05
Validation sid = 0.151009
Epoch 97

Loss = 5.0925e-02, PNorm = 339.0498, GNorm = 0.4386, lr_0 = 5.8978e-05
Validation sid = 0.150934
Epoch 98

Loss = 5.0628e-02, PNorm = 340.7878, GNorm = 0.5135, lr_0 = 5.8791e-05
Validation sid = 0.151147
Epoch 99

Loss = 5.0157e-02, PNorm = 342.5303, GNorm = 0.5077, lr_0 = 5.8604e-05
Validation sid = 0.151042
Epoch 100

Loss = 4.9777e-02, PNorm = 344.2442, GNorm = 0.4530, lr_0 = 5.8418e-05
Validation sid = 0.151208
Epoch 101

Loss = 4.9448e-02, PNorm = 345.9392, GNorm = 0.4682, lr_0 = 5.8233e-05
Validation sid = 0.151254
Epoch 102

Loss = 4.9173e-02, PNorm = 347.6192, GNorm = 0.4739, lr_0 = 5.8048e-05
Validation sid = 0.151396
Epoch 103

Loss = 4.8797e-02, PNorm = 349.2898, GNorm = 0.4544, lr_0 = 5.7864e-05
Validation sid = 0.151271
Epoch 104

Loss = 4.8441e-02, PNorm = 350.9745, GNorm = 0.4289, lr_0 = 5.7681e-05
Validation sid = 0.151619
Epoch 105

Loss = 4.8101e-02, PNorm = 352.6168, GNorm = 0.4480, lr_0 = 5.7498e-05
Validation sid = 0.151531
Epoch 106

Loss = 4.7729e-02, PNorm = 354.2815, GNorm = 0.4940, lr_0 = 5.7316e-05
Validation sid = 0.151781
Epoch 107

Loss = 4.7479e-02, PNorm = 355.9054, GNorm = 0.4684, lr_0 = 5.7134e-05
Validation sid = 0.151785
Epoch 108

Loss = 4.7142e-02, PNorm = 357.5313, GNorm = 0.4408, lr_0 = 5.6953e-05
Validation sid = 0.151843
Epoch 109

Loss = 4.6793e-02, PNorm = 359.1474, GNorm = 0.4881, lr_0 = 5.6772e-05
Validation sid = 0.151767
Epoch 110

Loss = 4.6493e-02, PNorm = 360.7166, GNorm = 0.4155, lr_0 = 5.6592e-05
Validation sid = 0.152190
Epoch 111

Loss = 4.6207e-02, PNorm = 362.2859, GNorm = 0.4746, lr_0 = 5.6413e-05
Validation sid = 0.151981
Epoch 112

Loss = 4.5922e-02, PNorm = 363.8917, GNorm = 0.4634, lr_0 = 5.6234e-05
Validation sid = 0.151987
Epoch 113

Loss = 4.5617e-02, PNorm = 365.4718, GNorm = 0.4993, lr_0 = 5.6056e-05
Validation sid = 0.152205
Epoch 114

Loss = 4.5368e-02, PNorm = 366.9802, GNorm = 0.4736, lr_0 = 5.5878e-05
Validation sid = 0.152241
Epoch 115

Loss = 4.5052e-02, PNorm = 368.5347, GNorm = 0.4914, lr_0 = 5.5701e-05
Validation sid = 0.152491
Epoch 116

Loss = 4.4836e-02, PNorm = 370.0110, GNorm = 0.4268, lr_0 = 5.5524e-05
Validation sid = 0.152184
Epoch 117

Loss = 4.4548e-02, PNorm = 371.5247, GNorm = 0.4727, lr_0 = 5.5348e-05
Validation sid = 0.152376
Epoch 118

Loss = 4.4287e-02, PNorm = 373.0186, GNorm = 0.4007, lr_0 = 5.5173e-05
Validation sid = 0.152710
Epoch 119

Loss = 4.4033e-02, PNorm = 374.5143, GNorm = 0.4329, lr_0 = 5.4998e-05
Validation sid = 0.152688
Epoch 120

Loss = 4.3792e-02, PNorm = 375.9885, GNorm = 0.4609, lr_0 = 5.4823e-05
Validation sid = 0.152523
Epoch 121

Loss = 4.3552e-02, PNorm = 377.4719, GNorm = 0.3661, lr_0 = 5.4650e-05
Validation sid = 0.152871
Epoch 122

Loss = 4.3326e-02, PNorm = 378.9214, GNorm = 0.4263, lr_0 = 5.4476e-05
Validation sid = 0.152639
Epoch 123

Loss = 4.3119e-02, PNorm = 380.3436, GNorm = 0.5192, lr_0 = 5.4304e-05
Validation sid = 0.153088
Epoch 124

Loss = 4.2856e-02, PNorm = 381.7611, GNorm = 0.4315, lr_0 = 5.4131e-05
Validation sid = 0.152948
Epoch 125

Loss = 4.2629e-02, PNorm = 383.1905, GNorm = 0.4839, lr_0 = 5.3960e-05
Validation sid = 0.152942
Epoch 126

Loss = 4.2406e-02, PNorm = 384.5831, GNorm = 0.4681, lr_0 = 5.3789e-05
Validation sid = 0.152808
Epoch 127

Loss = 4.2208e-02, PNorm = 385.9758, GNorm = 0.4684, lr_0 = 5.3618e-05
Validation sid = 0.153335
Epoch 128

Loss = 4.2035e-02, PNorm = 387.3555, GNorm = 0.4859, lr_0 = 5.3448e-05
Validation sid = 0.153090
Epoch 129

Loss = 4.1708e-02, PNorm = 388.7186, GNorm = 0.4931, lr_0 = 5.3279e-05
Validation sid = 0.153299
Epoch 130

Loss = 4.1606e-02, PNorm = 390.0983, GNorm = 0.4137, lr_0 = 5.3110e-05
Validation sid = 0.153247
Epoch 131

Loss = 4.1367e-02, PNorm = 391.4406, GNorm = 0.4582, lr_0 = 5.2941e-05
Validation sid = 0.153254
Epoch 132

Loss = 4.1131e-02, PNorm = 392.7896, GNorm = 0.4253, lr_0 = 5.2773e-05
Validation sid = 0.153332
Epoch 133

Loss = 4.0895e-02, PNorm = 394.1029, GNorm = 0.3800, lr_0 = 5.2606e-05
Validation sid = 0.153591
Epoch 134

Loss = 4.0805e-02, PNorm = 395.4238, GNorm = 0.5164, lr_0 = 5.2439e-05
Validation sid = 0.153803
Epoch 135

Loss = 4.0584e-02, PNorm = 396.7883, GNorm = 0.3930, lr_0 = 5.2273e-05
Validation sid = 0.153636
Epoch 136

Loss = 4.0394e-02, PNorm = 398.0748, GNorm = 0.4478, lr_0 = 5.2107e-05
Validation sid = 0.153821
Epoch 137

Loss = 4.0209e-02, PNorm = 399.3853, GNorm = 0.4378, lr_0 = 5.1942e-05
Validation sid = 0.153713
Epoch 138

Loss = 4.0032e-02, PNorm = 400.6810, GNorm = 0.4208, lr_0 = 5.1777e-05
Validation sid = 0.153875
Epoch 139

Loss = 3.9817e-02, PNorm = 401.9500, GNorm = 0.3581, lr_0 = 5.1613e-05
Validation sid = 0.153922
Epoch 140

Loss = 3.9697e-02, PNorm = 403.2047, GNorm = 0.4094, lr_0 = 5.1450e-05
Validation sid = 0.154117
Epoch 141

Loss = 3.9504e-02, PNorm = 404.4714, GNorm = 0.3896, lr_0 = 5.1286e-05
Validation sid = 0.153949
Epoch 142

Loss = 3.9307e-02, PNorm = 405.7107, GNorm = 0.4394, lr_0 = 5.1124e-05
Validation sid = 0.154102
Epoch 143

Loss = 3.9104e-02, PNorm = 406.9256, GNorm = 0.4716, lr_0 = 5.0962e-05
Validation sid = 0.154368
Epoch 144

Loss = 3.8986e-02, PNorm = 408.1589, GNorm = 0.4272, lr_0 = 5.0800e-05
Validation sid = 0.154090
Epoch 145

Loss = 3.8834e-02, PNorm = 409.4043, GNorm = 0.4443, lr_0 = 5.0639e-05
Validation sid = 0.154358
Epoch 146

Loss = 3.8646e-02, PNorm = 410.5924, GNorm = 0.3785, lr_0 = 5.0479e-05
Validation sid = 0.154315
Epoch 147

Loss = 3.8455e-02, PNorm = 411.8166, GNorm = 0.4105, lr_0 = 5.0318e-05
Validation sid = 0.154508
Epoch 148

Loss = 3.8340e-02, PNorm = 413.0075, GNorm = 0.4832, lr_0 = 5.0159e-05
Validation sid = 0.154560
Epoch 149

Loss = 3.8212e-02, PNorm = 414.1969, GNorm = 0.3775, lr_0 = 5.0000e-05
Validation sid = 0.154519
Model 0 best validation sid = 0.149721 on epoch 69
Loading pretrained parameter "ffn.0.weights".
Loading pretrained parameter "ffn.1.weight".
Loading pretrained parameter "ffn.1.bias".
Loading pretrained parameter "ffn.4.weight".
Loading pretrained parameter "ffn.4.bias".
Loading pretrained parameter "ffn.7.weight".
Loading pretrained parameter "ffn.7.bias".
Moving model to cuda
Model 0 test sid = 0.143208
Ensemble test sid = 0.143208
1-fold cross validation
Seed 0 ==> test sid = 0.143208
Overall test sid = 0.143208 +/- 0.000000
