Fold 0
{'activation': 'ReLU',
 'atom_messages': False,
 'batch_size': 50,
 'bias': False,
 'bias_ffn': True,
 'checkpoint_dir': None,
 'checkpoint_path': None,
 'checkpoint_paths': None,
 'config_path': './recommended_config.json',
 'convergence_margin': 100000000.0,
 'crossval_index_dir': None,
 'crossval_index_file': None,
 'cuda': True,
 'data_path': './data/research_data/train_full.csv',
 'dataset_type': 'spectra',
 'depth': 3,
 'device': 'cuda:0',
 'dropout': 0.05,
 'ensemble_size': 1,
 'epochs': 150,
 'features_generator': ['morgan'],
 'features_only': True,
 'features_path': None,
 'features_scaling': False,
 'ffn_hidden_size': 1200,
 'ffn_num_layers': 2,
 'final_lr': 5e-05,
 'folds_file': None,
 'frzn_mpn_checkpoint': None,
 'gpu': 0,
 'hidden_size': 300,
 'init_lr': 0.0001,
 'max_data_size': None,
 'max_lr': 8e-05,
 'metric': 'sid',
 'minimize_score': True,
 'multiclass_num_classes': 3,
 'no_cache': False,
 'normalization_end': 550,
 'normalization_start': 50,
 'num_folds': 1,
 'num_lrs': 1,
 'output_activation': 'exp',
 'qnn': False,
 'qnn_layer': 2,
 'quiet': False,
 'save_dir': './output/model/morgan_classical_1200_layer2/fold_0',
 'save_smiles_splits': False,
 'seed': 0,
 'separate_test_features_path': None,
 'separate_test_path': './data/research_data/test_full.csv',
 'separate_val_features_path': None,
 'separate_val_path': './data/research_data/val_full.csv',
 'show_individual_scores': False,
 'sm_eps': 1e-08,
 'sm_thresh': 1e-08,
 'spectral_loss_function': 'sid',
 'spectral_mask_path': None,
 'split_sizes': [0.8, 0.1, 0.1],
 'split_type': 'random_with_repeated_smiles',
 'target_scaling': True,
 'test': False,
 'test_fold_index': None,
 'torch_seed': None,
 'undirected': False,
 'use_compound_names': False,
 'use_input_features': ['morgan'],
 'val_fold_index': None,
 'warmup_epochs': 2.0}
Loading data
Number of tasks = 1801
Splitting data with seed 0
Total size = 68,404 | train size = 68,404 | val size = 8,550 | test size = 8,551
Pre-normalizing training targets
Building model 0
MoleculeModel(
  (encoder): MPN(
    (encoder): MPNEncoder()
  )
  (ffn): Sequential(
    (0): Dropout(p=0.05, inplace=False)
    (1): Linear(in_features=2048, out_features=1200, bias=True)
    (2): ReLU()
    (3): Dropout(p=0.05, inplace=False)
    (4): Linear(in_features=1200, out_features=1801, bias=True)
  )
)
Number of parameters = 4,621,801
Moving model to cuda
Epoch 0

Loss = 4.2875e-01, PNorm = 57.0063, GNorm = 0.1115, lr_0 = 8.9993e-05
Validation sid = 0.273857
Epoch 1

Loss = 2.5477e-01, PNorm = 59.6766, GNorm = 0.1122, lr_0 = 8.0000e-05
Validation sid = 0.230897
Epoch 2

Loss = 2.2220e-01, PNorm = 62.6488, GNorm = 0.1011, lr_0 = 7.9746e-05
Validation sid = 0.211144
Epoch 3

Loss = 2.0255e-01, PNorm = 66.1102, GNorm = 0.1118, lr_0 = 7.9493e-05
Validation sid = 0.198033
Epoch 4

Loss = 1.8729e-01, PNorm = 69.8956, GNorm = 0.1076, lr_0 = 7.9241e-05
Validation sid = 0.188445
Epoch 5

Loss = 1.7508e-01, PNorm = 73.8043, GNorm = 0.1020, lr_0 = 7.8990e-05
Validation sid = 0.181275
Epoch 6

Loss = 1.6486e-01, PNorm = 77.5592, GNorm = 0.1413, lr_0 = 7.8740e-05
Validation sid = 0.175819
Epoch 7

Loss = 1.5626e-01, PNorm = 81.3469, GNorm = 0.1279, lr_0 = 7.8490e-05
Validation sid = 0.171554
Epoch 8

Loss = 1.4871e-01, PNorm = 84.9784, GNorm = 0.1484, lr_0 = 7.8241e-05
Validation sid = 0.167967
Epoch 9

Loss = 1.4158e-01, PNorm = 88.5870, GNorm = 0.1128, lr_0 = 7.7993e-05
Validation sid = 0.165210
Epoch 10

Loss = 1.3576e-01, PNorm = 92.0723, GNorm = 0.1421, lr_0 = 7.7746e-05
Validation sid = 0.162653
Epoch 11

Loss = 1.3028e-01, PNorm = 95.4874, GNorm = 0.1428, lr_0 = 7.7499e-05
Validation sid = 0.160982
Epoch 12

Loss = 1.2493e-01, PNorm = 98.8379, GNorm = 0.1359, lr_0 = 7.7253e-05
Validation sid = 0.159408
Epoch 13

Loss = 1.2032e-01, PNorm = 102.0846, GNorm = 0.1540, lr_0 = 7.7009e-05
Validation sid = 0.157844
Epoch 14

Loss = 1.1597e-01, PNorm = 105.2297, GNorm = 0.1317, lr_0 = 7.6764e-05
Validation sid = 0.156839
Epoch 15

Loss = 1.1217e-01, PNorm = 108.3187, GNorm = 0.1371, lr_0 = 7.6521e-05
Validation sid = 0.155883
Epoch 16

Loss = 1.0857e-01, PNorm = 111.3439, GNorm = 0.1234, lr_0 = 7.6278e-05
Validation sid = 0.155252
Epoch 17

Loss = 1.0544e-01, PNorm = 114.2783, GNorm = 0.1407, lr_0 = 7.6036e-05
Validation sid = 0.154774
Epoch 18

Loss = 1.0220e-01, PNorm = 117.1352, GNorm = 0.1140, lr_0 = 7.5795e-05
Validation sid = 0.154563
Epoch 19

Loss = 9.9655e-02, PNorm = 119.8925, GNorm = 0.1407, lr_0 = 7.5555e-05
Validation sid = 0.154406
Epoch 20

Loss = 9.6815e-02, PNorm = 122.5831, GNorm = 0.1207, lr_0 = 7.5316e-05
Validation sid = 0.153795
Epoch 21

Loss = 9.4668e-02, PNorm = 125.1845, GNorm = 0.1341, lr_0 = 7.5077e-05
Validation sid = 0.153981
Epoch 22

Loss = 9.2320e-02, PNorm = 127.7834, GNorm = 0.1327, lr_0 = 7.4839e-05
Validation sid = 0.153832
Epoch 23

Loss = 9.0554e-02, PNorm = 130.2392, GNorm = 0.1185, lr_0 = 7.4601e-05
Validation sid = 0.153978
Epoch 24

Loss = 8.8625e-02, PNorm = 132.6395, GNorm = 0.1430, lr_0 = 7.4365e-05
Validation sid = 0.153907
Epoch 25

Loss = 8.6769e-02, PNorm = 134.9803, GNorm = 0.1605, lr_0 = 7.4129e-05
Validation sid = 0.153976
Epoch 26

Loss = 8.5155e-02, PNorm = 137.2534, GNorm = 0.1243, lr_0 = 7.3894e-05
Validation sid = 0.154333
Epoch 27

Loss = 8.3806e-02, PNorm = 139.4924, GNorm = 0.1409, lr_0 = 7.3660e-05
Validation sid = 0.154492
Epoch 28

Loss = 8.2150e-02, PNorm = 141.6212, GNorm = 0.1221, lr_0 = 7.3426e-05
Validation sid = 0.154501
Epoch 29

Loss = 8.1108e-02, PNorm = 143.7170, GNorm = 0.1283, lr_0 = 7.3193e-05
Validation sid = 0.154767
Epoch 30

Loss = 7.9892e-02, PNorm = 145.7628, GNorm = 0.1263, lr_0 = 7.2961e-05
Validation sid = 0.155076
Epoch 31

Loss = 7.8752e-02, PNorm = 147.7188, GNorm = 0.1968, lr_0 = 7.2730e-05
Validation sid = 0.155306
Epoch 32

Loss = 7.7601e-02, PNorm = 149.6619, GNorm = 0.1246, lr_0 = 7.2499e-05
Validation sid = 0.155453
Epoch 33

Loss = 7.6377e-02, PNorm = 151.5302, GNorm = 0.1309, lr_0 = 7.2269e-05
Validation sid = 0.155856
Epoch 34

Loss = 7.5397e-02, PNorm = 153.3718, GNorm = 0.1480, lr_0 = 7.2040e-05
Validation sid = 0.155983
Epoch 35

Loss = 7.4629e-02, PNorm = 155.1743, GNorm = 0.1226, lr_0 = 7.1812e-05
Validation sid = 0.156130
Epoch 36

Loss = 7.3618e-02, PNorm = 156.9634, GNorm = 0.1282, lr_0 = 7.1584e-05
Validation sid = 0.156460
Epoch 37

Loss = 7.2759e-02, PNorm = 158.6534, GNorm = 0.1204, lr_0 = 7.1357e-05
Validation sid = 0.156878
Epoch 38

Loss = 7.1936e-02, PNorm = 160.3588, GNorm = 0.1142, lr_0 = 7.1131e-05
Validation sid = 0.156865
Epoch 39

Loss = 7.1437e-02, PNorm = 161.9930, GNorm = 0.1236, lr_0 = 7.0905e-05
Validation sid = 0.157372
Epoch 40

Loss = 7.0371e-02, PNorm = 163.5951, GNorm = 0.1452, lr_0 = 7.0681e-05
Validation sid = 0.157711
Epoch 41

Loss = 6.9762e-02, PNorm = 165.1703, GNorm = 0.1340, lr_0 = 7.0457e-05
Validation sid = 0.158107
Epoch 42

Loss = 6.9164e-02, PNorm = 166.6896, GNorm = 0.1355, lr_0 = 7.0233e-05
Validation sid = 0.158003
Epoch 43

Loss = 6.8603e-02, PNorm = 168.1909, GNorm = 0.1216, lr_0 = 7.0010e-05
Validation sid = 0.158371
Epoch 44

Loss = 6.8091e-02, PNorm = 169.6292, GNorm = 0.1343, lr_0 = 6.9788e-05
Validation sid = 0.158635
Epoch 45

Loss = 6.7338e-02, PNorm = 171.1103, GNorm = 0.1116, lr_0 = 6.9567e-05
Validation sid = 0.159002
Epoch 46

Loss = 6.6778e-02, PNorm = 172.4625, GNorm = 0.1234, lr_0 = 6.9347e-05
Validation sid = 0.159047
Epoch 47

Loss = 6.6286e-02, PNorm = 173.8238, GNorm = 0.1098, lr_0 = 6.9127e-05
Validation sid = 0.159324
Epoch 48

Loss = 6.5769e-02, PNorm = 175.1635, GNorm = 0.1615, lr_0 = 6.8908e-05
Validation sid = 0.159648
Epoch 49

Loss = 6.4971e-02, PNorm = 176.5064, GNorm = 0.1210, lr_0 = 6.8689e-05
Validation sid = 0.159847
Epoch 50

Loss = 6.4956e-02, PNorm = 177.7949, GNorm = 0.1258, lr_0 = 6.8471e-05
Validation sid = 0.160014
Epoch 51

Loss = 6.4173e-02, PNorm = 179.0375, GNorm = 0.1455, lr_0 = 6.8254e-05
Validation sid = 0.160477
Epoch 52

Loss = 6.3764e-02, PNorm = 180.2677, GNorm = 0.1190, lr_0 = 6.8038e-05
Validation sid = 0.160563
Epoch 53

Loss = 6.3397e-02, PNorm = 181.5015, GNorm = 0.1305, lr_0 = 6.7822e-05
Validation sid = 0.160773
Epoch 54

Loss = 6.3200e-02, PNorm = 182.7142, GNorm = 0.1365, lr_0 = 6.7607e-05
Validation sid = 0.161044
Epoch 55

Loss = 6.2467e-02, PNorm = 183.8787, GNorm = 0.1329, lr_0 = 6.7393e-05
Validation sid = 0.160995
Epoch 56

Loss = 6.2197e-02, PNorm = 184.9901, GNorm = 0.1169, lr_0 = 6.7179e-05
Validation sid = 0.161607
Epoch 57

Loss = 6.1957e-02, PNorm = 186.1354, GNorm = 0.1046, lr_0 = 6.6966e-05
Validation sid = 0.161920
Epoch 58

Loss = 6.1609e-02, PNorm = 187.2153, GNorm = 0.1301, lr_0 = 6.6754e-05
Validation sid = 0.162120
Epoch 59

Loss = 6.1223e-02, PNorm = 188.3100, GNorm = 0.1356, lr_0 = 6.6542e-05
Validation sid = 0.162257
Epoch 60

Loss = 6.0800e-02, PNorm = 189.3744, GNorm = 0.1184, lr_0 = 6.6331e-05
Validation sid = 0.162469
Epoch 61

Loss = 6.0352e-02, PNorm = 190.3909, GNorm = 0.1253, lr_0 = 6.6121e-05
Validation sid = 0.162605
Epoch 62

Loss = 6.0088e-02, PNorm = 191.4424, GNorm = 0.1304, lr_0 = 6.5911e-05
Validation sid = 0.162700
Epoch 63

Loss = 5.9848e-02, PNorm = 192.4763, GNorm = 0.1254, lr_0 = 6.5702e-05
Validation sid = 0.162815
Epoch 64

Loss = 5.9458e-02, PNorm = 193.4524, GNorm = 0.1407, lr_0 = 6.5494e-05
Validation sid = 0.163247
Epoch 65

Loss = 5.9260e-02, PNorm = 194.4403, GNorm = 0.1376, lr_0 = 6.5286e-05
Validation sid = 0.163297
Epoch 66

Loss = 5.8948e-02, PNorm = 195.3587, GNorm = 0.1228, lr_0 = 6.5079e-05
Validation sid = 0.163517
Epoch 67

Loss = 5.8733e-02, PNorm = 196.2780, GNorm = 0.1607, lr_0 = 6.4873e-05
Validation sid = 0.163678
Epoch 68

Loss = 5.8365e-02, PNorm = 197.2160, GNorm = 0.1262, lr_0 = 6.4667e-05
Validation sid = 0.163795
Epoch 69

Loss = 5.8081e-02, PNorm = 198.1354, GNorm = 0.1251, lr_0 = 6.4462e-05
Validation sid = 0.163829
Epoch 70

Loss = 5.7778e-02, PNorm = 199.0553, GNorm = 0.1564, lr_0 = 6.4258e-05
Validation sid = 0.164329
Epoch 71

Loss = 5.7547e-02, PNorm = 199.9701, GNorm = 0.1089, lr_0 = 6.4054e-05
Validation sid = 0.164304
Epoch 72

Loss = 5.7268e-02, PNorm = 200.8175, GNorm = 0.1407, lr_0 = 6.3851e-05
Validation sid = 0.164778
Epoch 73

Loss = 5.7268e-02, PNorm = 201.6791, GNorm = 0.1233, lr_0 = 6.3648e-05
Validation sid = 0.164801
Epoch 74

Loss = 5.6817e-02, PNorm = 202.5077, GNorm = 0.1336, lr_0 = 6.3447e-05
Validation sid = 0.165131
Epoch 75

Loss = 5.6540e-02, PNorm = 203.3250, GNorm = 0.1245, lr_0 = 6.3245e-05
Validation sid = 0.165078
Epoch 76

Loss = 5.6413e-02, PNorm = 204.1370, GNorm = 0.1676, lr_0 = 6.3045e-05
Validation sid = 0.165250
Epoch 77

Loss = 5.6172e-02, PNorm = 204.9120, GNorm = 0.1352, lr_0 = 6.2845e-05
Validation sid = 0.165458
Epoch 78

Loss = 5.6168e-02, PNorm = 205.6848, GNorm = 0.1458, lr_0 = 6.2646e-05
Validation sid = 0.165588
Epoch 79

Loss = 5.6054e-02, PNorm = 206.4809, GNorm = 0.1190, lr_0 = 6.2447e-05
Validation sid = 0.165632
Epoch 80

Loss = 5.5634e-02, PNorm = 207.2607, GNorm = 0.1300, lr_0 = 6.2249e-05
Validation sid = 0.166023
Epoch 81

Loss = 5.5294e-02, PNorm = 208.0189, GNorm = 0.1224, lr_0 = 6.2052e-05
Validation sid = 0.166040
Epoch 82

Loss = 5.5256e-02, PNorm = 208.7466, GNorm = 0.1163, lr_0 = 6.1855e-05
Validation sid = 0.166089
Epoch 83

Loss = 5.4755e-02, PNorm = 209.4789, GNorm = 0.1240, lr_0 = 6.1659e-05
Validation sid = 0.166381
Epoch 84

Loss = 5.4846e-02, PNorm = 210.1766, GNorm = 0.1251, lr_0 = 6.1463e-05
Validation sid = 0.166623
Epoch 85

Loss = 5.4614e-02, PNorm = 210.8911, GNorm = 0.1133, lr_0 = 6.1268e-05
Validation sid = 0.166696
Epoch 86

Loss = 5.4509e-02, PNorm = 211.5948, GNorm = 0.1295, lr_0 = 6.1074e-05
Validation sid = 0.166704
Epoch 87

Loss = 5.4397e-02, PNorm = 212.2665, GNorm = 0.1209, lr_0 = 6.0881e-05
Validation sid = 0.166859
Epoch 88

Loss = 5.4117e-02, PNorm = 212.9669, GNorm = 0.1201, lr_0 = 6.0688e-05
Validation sid = 0.167017
Epoch 89

Loss = 5.4040e-02, PNorm = 213.6315, GNorm = 0.1157, lr_0 = 6.0495e-05
Validation sid = 0.167221
Epoch 90

Loss = 5.3814e-02, PNorm = 214.2698, GNorm = 0.1932, lr_0 = 6.0303e-05
Validation sid = 0.167310
Epoch 91

Loss = 5.3646e-02, PNorm = 214.9657, GNorm = 0.1255, lr_0 = 6.0112e-05
Validation sid = 0.167366
Epoch 92

Loss = 5.3436e-02, PNorm = 215.5892, GNorm = 0.1192, lr_0 = 5.9922e-05
Validation sid = 0.167546
Epoch 93

Loss = 5.3272e-02, PNorm = 216.2422, GNorm = 0.1454, lr_0 = 5.9732e-05
Validation sid = 0.167734
Epoch 94

Loss = 5.3090e-02, PNorm = 216.8740, GNorm = 0.1184, lr_0 = 5.9542e-05
Validation sid = 0.167905
Epoch 95

Loss = 5.3060e-02, PNorm = 217.5075, GNorm = 0.1230, lr_0 = 5.9353e-05
Validation sid = 0.168058
Epoch 96

Loss = 5.2926e-02, PNorm = 218.1231, GNorm = 0.1376, lr_0 = 5.9165e-05
Validation sid = 0.168215
Epoch 97

Loss = 5.2544e-02, PNorm = 218.7309, GNorm = 0.1175, lr_0 = 5.8978e-05
Validation sid = 0.168191
Epoch 98

Loss = 5.2389e-02, PNorm = 219.3015, GNorm = 0.1256, lr_0 = 5.8791e-05
Validation sid = 0.168311
Epoch 99

Loss = 5.2365e-02, PNorm = 219.9114, GNorm = 0.1285, lr_0 = 5.8604e-05
Validation sid = 0.168233
Epoch 100

Loss = 5.2336e-02, PNorm = 220.4595, GNorm = 0.1209, lr_0 = 5.8418e-05
Validation sid = 0.168465
Epoch 101

Loss = 5.2248e-02, PNorm = 221.0572, GNorm = 0.1200, lr_0 = 5.8233e-05
Validation sid = 0.168593
Epoch 102

Loss = 5.2022e-02, PNorm = 221.6297, GNorm = 0.1346, lr_0 = 5.8048e-05
Validation sid = 0.168580
Epoch 103

Loss = 5.1846e-02, PNorm = 222.2095, GNorm = 0.1255, lr_0 = 5.7864e-05
Validation sid = 0.168846
Epoch 104

Loss = 5.1790e-02, PNorm = 222.7436, GNorm = 0.1148, lr_0 = 5.7681e-05
Validation sid = 0.169093
Epoch 105

Loss = 5.1506e-02, PNorm = 223.2926, GNorm = 0.1242, lr_0 = 5.7498e-05
Validation sid = 0.168988
Epoch 106

Loss = 5.1611e-02, PNorm = 223.7993, GNorm = 0.1209, lr_0 = 5.7316e-05
Validation sid = 0.169184
Epoch 107

Loss = 5.1426e-02, PNorm = 224.3516, GNorm = 0.1167, lr_0 = 5.7134e-05
Validation sid = 0.169155
Epoch 108

Loss = 5.1192e-02, PNorm = 224.8927, GNorm = 0.1084, lr_0 = 5.6953e-05
Validation sid = 0.169067
Epoch 109

Loss = 5.1210e-02, PNorm = 225.4007, GNorm = 0.1460, lr_0 = 5.6772e-05
Validation sid = 0.169653
Epoch 110

Loss = 5.0988e-02, PNorm = 225.9074, GNorm = 0.1167, lr_0 = 5.6592e-05
Validation sid = 0.169652
Epoch 111

Loss = 5.0969e-02, PNorm = 226.4281, GNorm = 0.1286, lr_0 = 5.6413e-05
Validation sid = 0.169663
Epoch 112

Loss = 5.0632e-02, PNorm = 226.9305, GNorm = 0.1085, lr_0 = 5.6234e-05
Validation sid = 0.169865
Epoch 113

Loss = 5.0967e-02, PNorm = 227.4328, GNorm = 0.1167, lr_0 = 5.6056e-05
Validation sid = 0.169953
Epoch 114

Loss = 5.0489e-02, PNorm = 227.8965, GNorm = 0.1177, lr_0 = 5.5878e-05
Validation sid = 0.169948
Epoch 115

Loss = 5.0406e-02, PNorm = 228.3647, GNorm = 0.1116, lr_0 = 5.5701e-05
Validation sid = 0.169987
Epoch 116

Loss = 5.0385e-02, PNorm = 228.8182, GNorm = 0.1160, lr_0 = 5.5524e-05
Validation sid = 0.170171
Epoch 117

Loss = 5.0210e-02, PNorm = 229.2829, GNorm = 0.1380, lr_0 = 5.5348e-05
Validation sid = 0.170315
Epoch 118

Loss = 5.0185e-02, PNorm = 229.7610, GNorm = 0.1143, lr_0 = 5.5173e-05
Validation sid = 0.170166
Epoch 119

Loss = 5.0149e-02, PNorm = 230.2151, GNorm = 0.1138, lr_0 = 5.4998e-05
Validation sid = 0.170401
Epoch 120

Loss = 4.9967e-02, PNorm = 230.6908, GNorm = 0.1209, lr_0 = 5.4823e-05
Validation sid = 0.170513
Epoch 121

Loss = 4.9705e-02, PNorm = 231.1286, GNorm = 0.1270, lr_0 = 5.4650e-05
Validation sid = 0.170716
Epoch 122

Loss = 4.9849e-02, PNorm = 231.5570, GNorm = 0.1295, lr_0 = 5.4476e-05
Validation sid = 0.170567
Epoch 123

Loss = 4.9654e-02, PNorm = 231.9711, GNorm = 0.1318, lr_0 = 5.4304e-05
Validation sid = 0.171028
Epoch 124

Loss = 4.9808e-02, PNorm = 232.4157, GNorm = 0.1224, lr_0 = 5.4131e-05
Validation sid = 0.170729
Epoch 125

Loss = 4.9454e-02, PNorm = 232.8610, GNorm = 0.1309, lr_0 = 5.3960e-05
Validation sid = 0.171086
Epoch 126

Loss = 4.9757e-02, PNorm = 233.2802, GNorm = 0.1364, lr_0 = 5.3789e-05
Validation sid = 0.171069
Epoch 127

Loss = 4.9218e-02, PNorm = 233.7108, GNorm = 0.1163, lr_0 = 5.3618e-05
Validation sid = 0.171188
Epoch 128

Loss = 4.9251e-02, PNorm = 234.1267, GNorm = 0.1093, lr_0 = 5.3448e-05
Validation sid = 0.171125
Epoch 129

Loss = 4.9101e-02, PNorm = 234.5336, GNorm = 0.1194, lr_0 = 5.3279e-05
Validation sid = 0.171452
Epoch 130

Loss = 4.9445e-02, PNorm = 234.9282, GNorm = 0.1369, lr_0 = 5.3110e-05
Validation sid = 0.171287
Epoch 131

Loss = 4.9098e-02, PNorm = 235.3492, GNorm = 0.1301, lr_0 = 5.2941e-05
Validation sid = 0.171620
Epoch 132

Loss = 4.9062e-02, PNorm = 235.7308, GNorm = 0.1295, lr_0 = 5.2773e-05
Validation sid = 0.171741
Epoch 133

Loss = 4.8813e-02, PNorm = 236.1357, GNorm = 0.1201, lr_0 = 5.2606e-05
Validation sid = 0.171677
Epoch 134

Loss = 4.8585e-02, PNorm = 236.5223, GNorm = 0.1201, lr_0 = 5.2439e-05
Validation sid = 0.171562
Epoch 135

Loss = 4.8539e-02, PNorm = 236.9116, GNorm = 0.1639, lr_0 = 5.2273e-05
Validation sid = 0.171828
Epoch 136

Loss = 4.8811e-02, PNorm = 237.2953, GNorm = 0.1079, lr_0 = 5.2107e-05
Validation sid = 0.171875
Epoch 137

Loss = 4.8569e-02, PNorm = 237.6882, GNorm = 0.1187, lr_0 = 5.1942e-05
Validation sid = 0.171969
Epoch 138

Loss = 4.8678e-02, PNorm = 238.0489, GNorm = 0.1262, lr_0 = 5.1777e-05
Validation sid = 0.172215
Epoch 139

Loss = 4.8281e-02, PNorm = 238.4325, GNorm = 0.1217, lr_0 = 5.1613e-05
Validation sid = 0.171925
Epoch 140

Loss = 4.8437e-02, PNorm = 238.7774, GNorm = 0.1806, lr_0 = 5.1450e-05
Validation sid = 0.172191
Epoch 141

Loss = 4.8268e-02, PNorm = 239.1409, GNorm = 0.1179, lr_0 = 5.1286e-05
Validation sid = 0.172246
Epoch 142

Loss = 4.8252e-02, PNorm = 239.4943, GNorm = 0.1082, lr_0 = 5.1124e-05
Validation sid = 0.172274
Epoch 143

Loss = 4.7981e-02, PNorm = 239.8399, GNorm = 0.1158, lr_0 = 5.0962e-05
Validation sid = 0.172351
Epoch 144

Loss = 4.7850e-02, PNorm = 240.1856, GNorm = 0.1185, lr_0 = 5.0800e-05
Validation sid = 0.172335
Epoch 145

Loss = 4.8016e-02, PNorm = 240.5565, GNorm = 0.1047, lr_0 = 5.0639e-05
Validation sid = 0.172441
Epoch 146

Loss = 4.7900e-02, PNorm = 240.8956, GNorm = 0.1110, lr_0 = 5.0479e-05
Validation sid = 0.172394
Epoch 147

Loss = 4.7725e-02, PNorm = 241.2559, GNorm = 0.1407, lr_0 = 5.0318e-05
Validation sid = 0.172469
Epoch 148

Loss = 4.7678e-02, PNorm = 241.5616, GNorm = 0.1108, lr_0 = 5.0159e-05
Validation sid = 0.172805
Epoch 149

Loss = 4.7471e-02, PNorm = 241.9018, GNorm = 0.1219, lr_0 = 5.0000e-05
Validation sid = 0.172819
Model 0 best validation sid = 0.153795 on epoch 20
Loading pretrained parameter "ffn.1.weight".
Loading pretrained parameter "ffn.1.bias".
Loading pretrained parameter "ffn.4.weight".
Loading pretrained parameter "ffn.4.bias".
Moving model to cuda
Model 0 test sid = 0.149504
Ensemble test sid = 0.149504
1-fold cross validation
Seed 0 ==> test sid = 0.149504
Overall test sid = 0.149504 +/- 0.000000
time: 149m
