Fold 0
{'activation': 'ReLU',
 'atom_messages': False,
 'batch_size': 50,
 'bias': False,
 'bias_ffn': True,
 'checkpoint_dir': None,
 'checkpoint_path': None,
 'checkpoint_paths': None,
 'config_path': './recommended_config.json',
 'convergence_margin': 100000000.0,
 'crossval_index_dir': None,
 'crossval_index_file': None,
 'cuda': True,
 'data_path': './data/research_data/train_full.csv',
 'dataset_type': 'spectra',
 'depth': 3,
 'device': 'cuda:0',
 'dropout': 0.05,
 'ensemble_size': 1,
 'epochs': 350,
 'features_generator': ['morgan'],
 'features_only': True,
 'features_path': None,
 'features_scaling': False,
 'ffn_hidden_size': 2100,
 'ffn_num_layers': 3,
 'final_lr': 5e-05,
 'folds_file': None,
 'frzn_mpn_checkpoint': None,
 'gpu': 0,
 'hidden_size': 300,
 'init_lr': 0.0001,
 'max_data_size': None,
 'max_lr': 8e-05,
 'metric': 'sid',
 'minimize_score': True,
 'multiclass_num_classes': 3,
 'no_cache': False,
 'normalization_end': 550,
 'normalization_start': 50,
 'num_folds': 1,
 'num_lrs': 1,
 'output_activation': 'exp',
 'qnn': False,
 'qnn_layer': 2,
 'quiet': False,
 'save_dir': './output/model/morgan_classical_2100/fold_0',
 'save_smiles_splits': False,
 'seed': 0,
 'separate_test_features_path': None,
 'separate_test_path': './data/research_data/test_full.csv',
 'separate_val_features_path': None,
 'separate_val_path': './data/research_data/val_full.csv',
 'show_individual_scores': False,
 'sm_eps': 1e-08,
 'sm_thresh': 1e-08,
 'spectral_loss_function': 'sid',
 'spectral_mask_path': None,
 'split_sizes': [0.8, 0.1, 0.1],
 'split_type': 'random_with_repeated_smiles',
 'target_scaling': True,
 'test': False,
 'test_fold_index': None,
 'torch_seed': None,
 'undirected': False,
 'use_compound_names': False,
 'use_input_features': ['morgan'],
 'val_fold_index': None,
 'warmup_epochs': 2.0}
Loading data
Number of tasks = 1801
Splitting data with seed 0
Total size = 68,404 | train size = 68,404 | val size = 8,550 | test size = 8,551
Pre-normalizing training targets
Building model 0
MoleculeModel(
  (encoder): MPN(
    (encoder): MPNEncoder()
  )
  (ffn): Sequential(
    (0): Dropout(p=0.05, inplace=False)
    (1): Linear(in_features=2048, out_features=2100, bias=True)
    (2): ReLU()
    (3): Dropout(p=0.05, inplace=False)
    (4): Linear(in_features=2100, out_features=2100, bias=True)
    (5): ReLU()
    (6): Dropout(p=0.05, inplace=False)
    (7): Linear(in_features=2100, out_features=1801, bias=True)
  )
)
Number of parameters = 12,498,901
Moving model to cuda
Epoch 0

Loss = 3.2787e-01, PNorm = 81.1314, GNorm = 0.1962, lr_0 = 8.9993e-05
Validation sid = 0.221943
Epoch 1

Loss = 2.0357e-01, PNorm = 83.6169, GNorm = 0.1896, lr_0 = 8.0000e-05
Validation sid = 0.190846
Epoch 2

Loss = 1.6926e-01, PNorm = 86.3109, GNorm = 0.2110, lr_0 = 7.9892e-05
Validation sid = 0.175312
Epoch 3

Loss = 1.4535e-01, PNorm = 89.1488, GNorm = 0.1997, lr_0 = 7.9784e-05
Validation sid = 0.165442
Epoch 4

Loss = 1.2784e-01, PNorm = 91.9860, GNorm = 0.1971, lr_0 = 7.9676e-05
Validation sid = 0.159642
Epoch 5

Loss = 1.1428e-01, PNorm = 94.8272, GNorm = 0.2001, lr_0 = 7.9569e-05
Validation sid = 0.157018
Epoch 6

Loss = 1.0383e-01, PNorm = 97.6068, GNorm = 0.2136, lr_0 = 7.9462e-05
Validation sid = 0.155225
Epoch 7

Loss = 9.5184e-02, PNorm = 100.3069, GNorm = 0.3118, lr_0 = 7.9354e-05
Validation sid = 0.153295
Epoch 8

Loss = 8.8173e-02, PNorm = 102.9808, GNorm = 0.1841, lr_0 = 7.9247e-05
Validation sid = 0.151903
Epoch 9

Loss = 8.2136e-02, PNorm = 105.5687, GNorm = 0.1990, lr_0 = 7.9140e-05
Validation sid = 0.151775
Epoch 10

Loss = 7.6948e-02, PNorm = 108.1219, GNorm = 0.1787, lr_0 = 7.9033e-05
Validation sid = 0.150663
Epoch 11

Loss = 7.2430e-02, PNorm = 110.5951, GNorm = 0.1941, lr_0 = 7.8927e-05
Validation sid = 0.150803
Epoch 12

Loss = 6.8593e-02, PNorm = 113.0632, GNorm = 0.1979, lr_0 = 7.8820e-05
Validation sid = 0.150021
Epoch 13

Loss = 6.5114e-02, PNorm = 115.4373, GNorm = 0.1765, lr_0 = 7.8714e-05
Validation sid = 0.150415
Epoch 14

Loss = 6.2109e-02, PNorm = 117.7328, GNorm = 0.2049, lr_0 = 7.8608e-05
Validation sid = 0.150361
Epoch 15

Loss = 5.9381e-02, PNorm = 120.0416, GNorm = 0.1779, lr_0 = 7.8501e-05
Validation sid = 0.150470
Epoch 16

Loss = 5.6752e-02, PNorm = 122.2146, GNorm = 0.3218, lr_0 = 7.8396e-05
Validation sid = 0.150311
Epoch 17

Loss = 5.4524e-02, PNorm = 124.3424, GNorm = 0.1832, lr_0 = 7.8290e-05
Validation sid = 0.150251
Epoch 18

Loss = 5.2673e-02, PNorm = 126.4029, GNorm = 0.1758, lr_0 = 7.8184e-05
Validation sid = 0.150521
Epoch 19

Loss = 5.0850e-02, PNorm = 128.4058, GNorm = 0.1751, lr_0 = 7.8079e-05
Validation sid = 0.149854
Epoch 20

Loss = 4.9182e-02, PNorm = 130.3375, GNorm = 0.2113, lr_0 = 7.7973e-05
Validation sid = 0.150441
Epoch 21

Loss = 4.7668e-02, PNorm = 132.2515, GNorm = 0.2183, lr_0 = 7.7868e-05
Validation sid = 0.150691
Epoch 22

Loss = 4.6303e-02, PNorm = 134.0736, GNorm = 0.1653, lr_0 = 7.7763e-05
Validation sid = 0.150217
Epoch 23

Loss = 4.5141e-02, PNorm = 135.8376, GNorm = 0.1547, lr_0 = 7.7658e-05
Validation sid = 0.149647
Epoch 24

Loss = 4.3884e-02, PNorm = 137.6017, GNorm = 0.1505, lr_0 = 7.7553e-05
Validation sid = 0.149672
Epoch 25

Loss = 4.2776e-02, PNorm = 139.2714, GNorm = 0.1454, lr_0 = 7.7448e-05
Validation sid = 0.150087
Epoch 26

Loss = 4.1786e-02, PNorm = 140.8614, GNorm = 0.2061, lr_0 = 7.7344e-05
Validation sid = 0.150616
Epoch 27

Loss = 4.0871e-02, PNorm = 142.4103, GNorm = 0.1516, lr_0 = 7.7239e-05
Validation sid = 0.149901
Epoch 28

Loss = 3.9846e-02, PNorm = 143.8855, GNorm = 0.1920, lr_0 = 7.7135e-05
Validation sid = 0.150300
Epoch 29

Loss = 3.9050e-02, PNorm = 145.3303, GNorm = 0.1955, lr_0 = 7.7031e-05
Validation sid = 0.150628
Epoch 30

Loss = 3.8388e-02, PNorm = 146.7784, GNorm = 0.1338, lr_0 = 7.6927e-05
Validation sid = 0.151132
Epoch 31

Loss = 3.7578e-02, PNorm = 148.2082, GNorm = 0.1493, lr_0 = 7.6823e-05
Validation sid = 0.149679
Epoch 32

Loss = 3.6922e-02, PNorm = 149.5928, GNorm = 0.1360, lr_0 = 7.6720e-05
Validation sid = 0.150351
Epoch 33

Loss = 3.6283e-02, PNorm = 150.8584, GNorm = 0.1225, lr_0 = 7.6616e-05
Validation sid = 0.151376
Epoch 34

Loss = 3.5778e-02, PNorm = 152.1220, GNorm = 0.1690, lr_0 = 7.6513e-05
Validation sid = 0.150268
Epoch 35

Loss = 3.4909e-02, PNorm = 153.3475, GNorm = 0.1245, lr_0 = 7.6409e-05
Validation sid = 0.150709
Epoch 36

Loss = 3.4613e-02, PNorm = 154.5519, GNorm = 0.1453, lr_0 = 7.6306e-05
Validation sid = 0.150211
Epoch 37

Loss = 3.4133e-02, PNorm = 155.7866, GNorm = 0.1387, lr_0 = 7.6203e-05
Validation sid = 0.151548
Epoch 38

Loss = 3.3493e-02, PNorm = 156.8815, GNorm = 0.1136, lr_0 = 7.6100e-05
Validation sid = 0.151753
Epoch 39

Loss = 3.2959e-02, PNorm = 158.0563, GNorm = 0.1292, lr_0 = 7.5998e-05
Validation sid = 0.150570
Epoch 40

Loss = 3.2650e-02, PNorm = 159.1480, GNorm = 0.1153, lr_0 = 7.5895e-05
Validation sid = 0.150694
Epoch 41

Loss = 3.2126e-02, PNorm = 160.2434, GNorm = 0.1220, lr_0 = 7.5793e-05
Validation sid = 0.150435
Epoch 42

Loss = 3.1797e-02, PNorm = 161.3182, GNorm = 0.1166, lr_0 = 7.5690e-05
Validation sid = 0.150211
Epoch 43

Loss = 3.1252e-02, PNorm = 162.3305, GNorm = 0.1215, lr_0 = 7.5588e-05
Validation sid = 0.150105
Epoch 44

Loss = 3.1077e-02, PNorm = 163.3622, GNorm = 0.1380, lr_0 = 7.5486e-05
Validation sid = 0.150492
Epoch 45

Loss = 3.0777e-02, PNorm = 164.3153, GNorm = 0.1129, lr_0 = 7.5384e-05
Validation sid = 0.150987
Epoch 46

Loss = 3.0355e-02, PNorm = 165.2743, GNorm = 0.1370, lr_0 = 7.5283e-05
Validation sid = 0.150423
Epoch 47

Loss = 3.0189e-02, PNorm = 166.2622, GNorm = 0.3100, lr_0 = 7.5181e-05
Validation sid = 0.150924
Epoch 48

Loss = 2.9653e-02, PNorm = 167.1574, GNorm = 0.1124, lr_0 = 7.5080e-05
Validation sid = 0.150646
Epoch 49

Loss = 2.9338e-02, PNorm = 168.0115, GNorm = 0.1218, lr_0 = 7.4978e-05
Validation sid = 0.150646
Epoch 50

Loss = 2.9025e-02, PNorm = 168.8781, GNorm = 0.1176, lr_0 = 7.4877e-05
Validation sid = 0.150524
Epoch 51

Loss = 2.8928e-02, PNorm = 169.7663, GNorm = 0.1126, lr_0 = 7.4776e-05
Validation sid = 0.150609
Epoch 52

Loss = 2.8667e-02, PNorm = 170.5989, GNorm = 0.1180, lr_0 = 7.4675e-05
Validation sid = 0.151230
Epoch 53

Loss = 2.8290e-02, PNorm = 171.3657, GNorm = 0.1053, lr_0 = 7.4574e-05
Validation sid = 0.150687
Epoch 54

Loss = 2.7909e-02, PNorm = 172.1927, GNorm = 0.0936, lr_0 = 7.4474e-05
Validation sid = 0.150256
Epoch 55

Loss = 2.7748e-02, PNorm = 172.9707, GNorm = 0.1116, lr_0 = 7.4373e-05
Validation sid = 0.151040
Epoch 56

Loss = 2.7505e-02, PNorm = 173.7732, GNorm = 0.1027, lr_0 = 7.4273e-05
Validation sid = 0.150587
Epoch 57

Loss = 2.7369e-02, PNorm = 174.5336, GNorm = 0.1253, lr_0 = 7.4172e-05
Validation sid = 0.151025
Epoch 58

Loss = 2.7072e-02, PNorm = 175.3117, GNorm = 0.1043, lr_0 = 7.4072e-05
Validation sid = 0.150948
Epoch 59

Loss = 2.6925e-02, PNorm = 176.0149, GNorm = 0.0975, lr_0 = 7.3972e-05
Validation sid = 0.151026
Epoch 60

Loss = 2.6622e-02, PNorm = 176.7859, GNorm = 0.1027, lr_0 = 7.3873e-05
Validation sid = 0.150782
Epoch 61

Loss = 2.6674e-02, PNorm = 177.5659, GNorm = 0.1275, lr_0 = 7.3773e-05
Validation sid = 0.150544
Epoch 62

Loss = 2.6260e-02, PNorm = 178.1728, GNorm = 0.1392, lr_0 = 7.3673e-05
Validation sid = 0.151024
Epoch 63

Loss = 2.6155e-02, PNorm = 178.8614, GNorm = 0.1042, lr_0 = 7.3574e-05
Validation sid = 0.150941
Epoch 64

Loss = 2.5958e-02, PNorm = 179.5201, GNorm = 0.1112, lr_0 = 7.3475e-05
Validation sid = 0.150904
Epoch 65

Loss = 2.5648e-02, PNorm = 180.1822, GNorm = 0.1133, lr_0 = 7.3375e-05
Validation sid = 0.151464
Epoch 66

Loss = 2.5533e-02, PNorm = 180.8223, GNorm = 0.0965, lr_0 = 7.3276e-05
Validation sid = 0.151111
Epoch 67

Loss = 2.5526e-02, PNorm = 181.4981, GNorm = 0.1049, lr_0 = 7.3177e-05
Validation sid = 0.151177
Epoch 68

Loss = 2.5164e-02, PNorm = 182.1306, GNorm = 0.1059, lr_0 = 7.3079e-05
Validation sid = 0.151362
Epoch 69

Loss = 2.5056e-02, PNorm = 182.7783, GNorm = 0.1113, lr_0 = 7.2980e-05
Validation sid = 0.151556
Epoch 70

Loss = 2.4865e-02, PNorm = 183.3264, GNorm = 0.1021, lr_0 = 7.2882e-05
Validation sid = 0.151592
Epoch 71

Loss = 2.4709e-02, PNorm = 183.9437, GNorm = 0.1161, lr_0 = 7.2783e-05
Validation sid = 0.151328
Epoch 72

Loss = 2.4637e-02, PNorm = 184.5483, GNorm = 0.0966, lr_0 = 7.2685e-05
Validation sid = 0.151459
Epoch 73

Loss = 2.4500e-02, PNorm = 185.1378, GNorm = 0.1089, lr_0 = 7.2587e-05
Validation sid = 0.151321
Epoch 74

Loss = 2.4469e-02, PNorm = 185.6783, GNorm = 0.0832, lr_0 = 7.2489e-05
Validation sid = 0.151469
Epoch 75

Loss = 2.4207e-02, PNorm = 186.1964, GNorm = 0.1009, lr_0 = 7.2391e-05
Validation sid = 0.151453
Epoch 76

Loss = 2.3977e-02, PNorm = 186.7338, GNorm = 0.1586, lr_0 = 7.2293e-05
Validation sid = 0.151126
Epoch 77

Loss = 2.3870e-02, PNorm = 187.2806, GNorm = 0.0851, lr_0 = 7.2196e-05
Validation sid = 0.151408
Epoch 78

Loss = 2.3799e-02, PNorm = 187.8203, GNorm = 0.0935, lr_0 = 7.2098e-05
Validation sid = 0.151202
Epoch 79

Loss = 2.3756e-02, PNorm = 188.4181, GNorm = 0.0982, lr_0 = 7.2001e-05
Validation sid = 0.150871
Epoch 80

Loss = 2.3603e-02, PNorm = 188.9041, GNorm = 0.1060, lr_0 = 7.1904e-05
Validation sid = 0.151692
Epoch 81

Loss = 2.3513e-02, PNorm = 189.4146, GNorm = 0.1189, lr_0 = 7.1807e-05
Validation sid = 0.151135
Epoch 82

Loss = 2.3310e-02, PNorm = 189.8406, GNorm = 0.1130, lr_0 = 7.1710e-05
Validation sid = 0.151216
Epoch 83

Loss = 2.3171e-02, PNorm = 190.3056, GNorm = 0.1148, lr_0 = 7.1613e-05
Validation sid = 0.151341
Epoch 84

Loss = 2.3152e-02, PNorm = 190.7909, GNorm = 0.0853, lr_0 = 7.1516e-05
Validation sid = 0.151406
Epoch 85

Loss = 2.3080e-02, PNorm = 191.2714, GNorm = 0.1201, lr_0 = 7.1420e-05
Validation sid = 0.151072
Epoch 86

Loss = 2.3081e-02, PNorm = 191.6992, GNorm = 0.1116, lr_0 = 7.1324e-05
Validation sid = 0.151061
Epoch 87

Loss = 2.2767e-02, PNorm = 192.1017, GNorm = 0.0907, lr_0 = 7.1227e-05
Validation sid = 0.151243
Epoch 88

Loss = 2.2707e-02, PNorm = 192.5378, GNorm = 0.0977, lr_0 = 7.1131e-05
Validation sid = 0.151127
Epoch 89

Loss = 2.2484e-02, PNorm = 192.9561, GNorm = 0.0978, lr_0 = 7.1035e-05
Validation sid = 0.151500
Epoch 90

Loss = 2.2551e-02, PNorm = 193.4110, GNorm = 0.0886, lr_0 = 7.0939e-05
Validation sid = 0.150996
Epoch 91

Loss = 2.2484e-02, PNorm = 193.8026, GNorm = 0.0911, lr_0 = 7.0843e-05
Validation sid = 0.151594
Epoch 92

Loss = 2.2286e-02, PNorm = 194.1790, GNorm = 0.0880, lr_0 = 7.0748e-05
Validation sid = 0.151244
Epoch 93

Loss = 2.2427e-02, PNorm = 194.5949, GNorm = 0.0898, lr_0 = 7.0652e-05
Validation sid = 0.151738
Epoch 94

Loss = 2.2355e-02, PNorm = 194.9554, GNorm = 0.0787, lr_0 = 7.0557e-05
Validation sid = 0.151621
Epoch 95

Loss = 2.2095e-02, PNorm = 195.3294, GNorm = 0.0853, lr_0 = 7.0462e-05
Validation sid = 0.151802
Epoch 96

Loss = 2.1977e-02, PNorm = 195.7096, GNorm = 0.0788, lr_0 = 7.0367e-05
Validation sid = 0.151705
Epoch 97

Loss = 2.1953e-02, PNorm = 196.0987, GNorm = 0.0893, lr_0 = 7.0272e-05
Validation sid = 0.151511
Epoch 98

Loss = 2.1856e-02, PNorm = 196.4493, GNorm = 0.1146, lr_0 = 7.0177e-05
Validation sid = 0.152083
Epoch 99

Loss = 2.1791e-02, PNorm = 196.8439, GNorm = 0.0781, lr_0 = 7.0082e-05
Validation sid = 0.151442
Epoch 100

Loss = 2.1660e-02, PNorm = 197.1903, GNorm = 0.0805, lr_0 = 6.9988e-05
Validation sid = 0.151583
Epoch 101

Loss = 2.1605e-02, PNorm = 197.5231, GNorm = 0.0881, lr_0 = 6.9893e-05
Validation sid = 0.151700
Epoch 102

Loss = 2.1619e-02, PNorm = 197.8538, GNorm = 0.0904, lr_0 = 6.9799e-05
Validation sid = 0.151547
Epoch 103

Loss = 2.1451e-02, PNorm = 198.1479, GNorm = 0.1528, lr_0 = 6.9705e-05
Validation sid = 0.151308
Epoch 104

Loss = 2.1426e-02, PNorm = 198.4482, GNorm = 0.0789, lr_0 = 6.9610e-05
Validation sid = 0.151256
Epoch 105

Loss = 2.1392e-02, PNorm = 198.7635, GNorm = 0.0915, lr_0 = 6.9517e-05
Validation sid = 0.151522
Epoch 106

Loss = 2.1204e-02, PNorm = 199.1043, GNorm = 0.0873, lr_0 = 6.9423e-05
Validation sid = 0.151312
Epoch 107

Loss = 2.1109e-02, PNorm = 199.3847, GNorm = 0.0881, lr_0 = 6.9329e-05
Validation sid = 0.151615
Epoch 108

Loss = 2.1096e-02, PNorm = 199.7259, GNorm = 0.0914, lr_0 = 6.9235e-05
Validation sid = 0.151775
Epoch 109

Loss = 2.1038e-02, PNorm = 200.0107, GNorm = 0.0793, lr_0 = 6.9142e-05
Validation sid = 0.151762
Epoch 110

Loss = 2.1076e-02, PNorm = 200.2984, GNorm = 0.0818, lr_0 = 6.9049e-05
Validation sid = 0.151812
Epoch 111

Loss = 2.0825e-02, PNorm = 200.5820, GNorm = 0.0990, lr_0 = 6.8955e-05
Validation sid = 0.151486
Epoch 112

Loss = 2.0912e-02, PNorm = 200.8700, GNorm = 0.0792, lr_0 = 6.8862e-05
Validation sid = 0.151914
Epoch 113

Loss = 2.0934e-02, PNorm = 201.1912, GNorm = 0.0861, lr_0 = 6.8769e-05
Validation sid = 0.152057
Epoch 114

Loss = 2.0817e-02, PNorm = 201.4235, GNorm = 0.0781, lr_0 = 6.8677e-05
Validation sid = 0.152246
Epoch 115

Loss = 2.0768e-02, PNorm = 201.7424, GNorm = 0.1021, lr_0 = 6.8584e-05
Validation sid = 0.151490
Epoch 116

Loss = 2.0715e-02, PNorm = 202.0353, GNorm = 0.0836, lr_0 = 6.8491e-05
Validation sid = 0.151660
Epoch 117

Loss = 2.0511e-02, PNorm = 202.2724, GNorm = 0.0733, lr_0 = 6.8399e-05
Validation sid = 0.152185
Epoch 118

Loss = 2.0617e-02, PNorm = 202.5241, GNorm = 0.0821, lr_0 = 6.8307e-05
Validation sid = 0.152042
Epoch 119

Loss = 2.0648e-02, PNorm = 202.7974, GNorm = 0.0796, lr_0 = 6.8214e-05
Validation sid = 0.151921
Epoch 120

Loss = 2.0468e-02, PNorm = 203.0628, GNorm = 0.0888, lr_0 = 6.8122e-05
Validation sid = 0.152507
Epoch 121

Loss = 2.0465e-02, PNorm = 203.2978, GNorm = 0.0983, lr_0 = 6.8030e-05
Validation sid = 0.151920
Epoch 122

Loss = 2.0296e-02, PNorm = 203.5336, GNorm = 0.0839, lr_0 = 6.7939e-05
Validation sid = 0.151546
Epoch 123

Loss = 2.0319e-02, PNorm = 203.8407, GNorm = 0.0938, lr_0 = 6.7847e-05
Validation sid = 0.152175
Epoch 124

Loss = 2.0235e-02, PNorm = 204.0614, GNorm = 0.0845, lr_0 = 6.7755e-05
Validation sid = 0.151707
Epoch 125

Loss = 2.0085e-02, PNorm = 204.2815, GNorm = 0.0753, lr_0 = 6.7664e-05
Validation sid = 0.152002
Epoch 126

Loss = 2.0110e-02, PNorm = 204.5129, GNorm = 0.0782, lr_0 = 6.7573e-05
Validation sid = 0.152218
Epoch 127

Loss = 2.0044e-02, PNorm = 204.7305, GNorm = 0.0854, lr_0 = 6.7481e-05
Validation sid = 0.151950
Epoch 128

Loss = 1.9808e-02, PNorm = 204.9201, GNorm = 0.0916, lr_0 = 6.7390e-05
Validation sid = 0.152274
Epoch 129

Loss = 1.9844e-02, PNorm = 205.1252, GNorm = 0.0775, lr_0 = 6.7299e-05
Validation sid = 0.151988
Epoch 130

Loss = 1.9860e-02, PNorm = 205.3634, GNorm = 0.0849, lr_0 = 6.7209e-05
Validation sid = 0.152401
Epoch 131

Loss = 1.9820e-02, PNorm = 205.5952, GNorm = 0.0816, lr_0 = 6.7118e-05
Validation sid = 0.151776
Epoch 132

Loss = 1.9757e-02, PNorm = 205.8458, GNorm = 0.0665, lr_0 = 6.7027e-05
Validation sid = 0.152086
Epoch 133

Loss = 1.9751e-02, PNorm = 206.0610, GNorm = 0.1084, lr_0 = 6.6937e-05
Validation sid = 0.152333
Epoch 134

Loss = 1.9663e-02, PNorm = 206.2699, GNorm = 0.0764, lr_0 = 6.6846e-05
Validation sid = 0.152279
Epoch 135

Loss = 1.9637e-02, PNorm = 206.4514, GNorm = 0.0787, lr_0 = 6.6756e-05
Validation sid = 0.152778
Epoch 136

Loss = 1.9696e-02, PNorm = 206.7034, GNorm = 0.0835, lr_0 = 6.6666e-05
Validation sid = 0.152191
Epoch 137

Loss = 1.9635e-02, PNorm = 206.8982, GNorm = 0.0867, lr_0 = 6.6576e-05
Validation sid = 0.152638
Epoch 138

Loss = 1.9470e-02, PNorm = 207.0750, GNorm = 0.0758, lr_0 = 6.6486e-05
Validation sid = 0.152483
Epoch 139

Loss = 1.9509e-02, PNorm = 207.2867, GNorm = 0.0719, lr_0 = 6.6397e-05
Validation sid = 0.152575
Epoch 140

Loss = 1.9442e-02, PNorm = 207.4823, GNorm = 0.0848, lr_0 = 6.6307e-05
Validation sid = 0.152207
Epoch 141

Loss = 1.9314e-02, PNorm = 207.7087, GNorm = 0.0897, lr_0 = 6.6217e-05
Validation sid = 0.152299
Epoch 142

Loss = 1.9245e-02, PNorm = 207.8819, GNorm = 0.0791, lr_0 = 6.6128e-05
Validation sid = 0.151946
Epoch 143

Loss = 1.9307e-02, PNorm = 208.0643, GNorm = 0.0753, lr_0 = 6.6039e-05
Validation sid = 0.152450
Epoch 144

Loss = 1.9227e-02, PNorm = 208.2388, GNorm = 0.0828, lr_0 = 6.5950e-05
Validation sid = 0.151723
Epoch 145

Loss = 1.9242e-02, PNorm = 208.4210, GNorm = 0.0687, lr_0 = 6.5861e-05
Validation sid = 0.152768
Epoch 146

Loss = 1.9244e-02, PNorm = 208.5994, GNorm = 0.0774, lr_0 = 6.5772e-05
Validation sid = 0.152293
Epoch 147

Loss = 1.9070e-02, PNorm = 208.7715, GNorm = 0.0709, lr_0 = 6.5683e-05
Validation sid = 0.152176
Epoch 148

Loss = 1.9093e-02, PNorm = 208.9714, GNorm = 0.0657, lr_0 = 6.5594e-05
Validation sid = 0.151967
Epoch 149

Loss = 1.8964e-02, PNorm = 209.1212, GNorm = 0.0793, lr_0 = 6.5506e-05
Validation sid = 0.152568
Epoch 150

Loss = 1.8889e-02, PNorm = 209.2855, GNorm = 0.0756, lr_0 = 6.5417e-05
Validation sid = 0.152048
Epoch 151

Loss = 1.8933e-02, PNorm = 209.4401, GNorm = 0.0645, lr_0 = 6.5329e-05
Validation sid = 0.152049
Epoch 152

Loss = 1.9131e-02, PNorm = 209.6411, GNorm = 0.0981, lr_0 = 6.5241e-05
Validation sid = 0.152168
Epoch 153

Loss = 1.9068e-02, PNorm = 209.8049, GNorm = 0.0674, lr_0 = 6.5153e-05
Validation sid = 0.152933
Epoch 154

Loss = 1.9004e-02, PNorm = 209.9854, GNorm = 0.0674, lr_0 = 6.5065e-05
Validation sid = 0.152080
Epoch 155

Loss = 1.8692e-02, PNorm = 210.1490, GNorm = 0.0695, lr_0 = 6.4977e-05
Validation sid = 0.152389
Epoch 156

Loss = 1.8703e-02, PNorm = 210.3005, GNorm = 0.0770, lr_0 = 6.4889e-05
Validation sid = 0.152392
Epoch 157

Loss = 1.8774e-02, PNorm = 210.4743, GNorm = 0.0757, lr_0 = 6.4802e-05
Validation sid = 0.152683
Epoch 158

Loss = 1.8736e-02, PNorm = 210.6435, GNorm = 0.0845, lr_0 = 6.4714e-05
Validation sid = 0.152611
Epoch 159

Loss = 1.8669e-02, PNorm = 210.8161, GNorm = 0.0801, lr_0 = 6.4627e-05
Validation sid = 0.152472
Epoch 160

Loss = 1.8711e-02, PNorm = 210.9660, GNorm = 0.0647, lr_0 = 6.4540e-05
Validation sid = 0.151812
Epoch 161

Loss = 1.8596e-02, PNorm = 211.1433, GNorm = 0.0791, lr_0 = 6.4453e-05
Validation sid = 0.152060
Epoch 162

Loss = 1.8655e-02, PNorm = 211.2586, GNorm = 0.0791, lr_0 = 6.4366e-05
Validation sid = 0.152326
Epoch 163

Loss = 1.8501e-02, PNorm = 211.3955, GNorm = 0.0639, lr_0 = 6.4279e-05
Validation sid = 0.152133
Epoch 164

Loss = 1.8498e-02, PNorm = 211.5569, GNorm = 0.0736, lr_0 = 6.4192e-05
Validation sid = 0.152322
Epoch 165

Loss = 1.8512e-02, PNorm = 211.6976, GNorm = 0.0873, lr_0 = 6.4105e-05
Validation sid = 0.152432
Epoch 166

Loss = 1.8600e-02, PNorm = 211.8771, GNorm = 0.0692, lr_0 = 6.4019e-05
Validation sid = 0.152144
Epoch 167

Loss = 1.8308e-02, PNorm = 212.0153, GNorm = 0.0737, lr_0 = 6.3933e-05
Validation sid = 0.152223
Epoch 168

Loss = 1.8376e-02, PNorm = 212.1796, GNorm = 0.0737, lr_0 = 6.3846e-05
Validation sid = 0.152264
Epoch 169

Loss = 1.8366e-02, PNorm = 212.2959, GNorm = 0.0732, lr_0 = 6.3760e-05
Validation sid = 0.152097
Epoch 170

Loss = 1.8248e-02, PNorm = 212.4558, GNorm = 0.0845, lr_0 = 6.3674e-05
Validation sid = 0.152214
Epoch 171

Loss = 1.8250e-02, PNorm = 212.5868, GNorm = 0.0812, lr_0 = 6.3588e-05
Validation sid = 0.152308
Epoch 172

Loss = 1.8273e-02, PNorm = 212.7372, GNorm = 0.0836, lr_0 = 6.3502e-05
Validation sid = 0.152216
Epoch 173

Loss = 1.8267e-02, PNorm = 212.9064, GNorm = 0.0819, lr_0 = 6.3417e-05
Validation sid = 0.152675
Epoch 174

Loss = 1.8100e-02, PNorm = 213.0322, GNorm = 0.1151, lr_0 = 6.3331e-05
Validation sid = 0.152055
Epoch 175

Loss = 1.8201e-02, PNorm = 213.1252, GNorm = 0.0661, lr_0 = 6.3245e-05
Validation sid = 0.152200
Epoch 176

Loss = 1.8300e-02, PNorm = 213.2648, GNorm = 0.0634, lr_0 = 6.3160e-05
Validation sid = 0.152590
Epoch 177

Loss = 1.8093e-02, PNorm = 213.4017, GNorm = 0.0710, lr_0 = 6.3075e-05
Validation sid = 0.152266
Epoch 178

Loss = 1.8058e-02, PNorm = 213.5423, GNorm = 0.0683, lr_0 = 6.2990e-05
Validation sid = 0.152902
Epoch 179

Loss = 1.8085e-02, PNorm = 213.6870, GNorm = 0.0755, lr_0 = 6.2905e-05
Validation sid = 0.152178
Epoch 180

Loss = 1.7909e-02, PNorm = 213.8231, GNorm = 0.0739, lr_0 = 6.2820e-05
Validation sid = 0.152001
Epoch 181

Loss = 1.7934e-02, PNorm = 213.9407, GNorm = 0.0696, lr_0 = 6.2735e-05
Validation sid = 0.152035
Epoch 182

Loss = 1.8029e-02, PNorm = 214.1020, GNorm = 0.0798, lr_0 = 6.2650e-05
Validation sid = 0.152312
Epoch 183

Loss = 1.7957e-02, PNorm = 214.2283, GNorm = 0.0864, lr_0 = 6.2566e-05
Validation sid = 0.152005
Epoch 184

Loss = 1.7872e-02, PNorm = 214.3500, GNorm = 0.0684, lr_0 = 6.2481e-05
Validation sid = 0.152059
Epoch 185

Loss = 1.7979e-02, PNorm = 214.5163, GNorm = 0.0821, lr_0 = 6.2397e-05
Validation sid = 0.151974
Epoch 186

Loss = 1.7818e-02, PNorm = 214.6339, GNorm = 0.0688, lr_0 = 6.2313e-05
Validation sid = 0.152689
Epoch 187

Loss = 1.7812e-02, PNorm = 214.7436, GNorm = 0.0660, lr_0 = 6.2229e-05
Validation sid = 0.152443
Epoch 188

Loss = 1.7771e-02, PNorm = 214.8320, GNorm = 0.0782, lr_0 = 6.2145e-05
Validation sid = 0.152363
Epoch 189

Loss = 1.7841e-02, PNorm = 214.9973, GNorm = 0.0638, lr_0 = 6.2061e-05
Validation sid = 0.151814
Epoch 190

Loss = 1.7665e-02, PNorm = 215.1223, GNorm = 0.0750, lr_0 = 6.1977e-05
Validation sid = 0.152499
Epoch 191

Loss = 1.7846e-02, PNorm = 215.2000, GNorm = 0.0681, lr_0 = 6.1893e-05
Validation sid = 0.152268
Epoch 192

Loss = 1.7749e-02, PNorm = 215.3553, GNorm = 0.0739, lr_0 = 6.1810e-05
Validation sid = 0.152745
Epoch 193

Loss = 1.7641e-02, PNorm = 215.4466, GNorm = 0.0670, lr_0 = 6.1726e-05
Validation sid = 0.152415
Epoch 194

Loss = 1.7709e-02, PNorm = 215.5509, GNorm = 0.0699, lr_0 = 6.1643e-05
Validation sid = 0.152291
Epoch 195

Loss = 1.7735e-02, PNorm = 215.6423, GNorm = 0.0694, lr_0 = 6.1560e-05
Validation sid = 0.152658
Epoch 196

Loss = 1.7817e-02, PNorm = 215.7596, GNorm = 0.0697, lr_0 = 6.1477e-05
Validation sid = 0.152782
Epoch 197

Loss = 1.7791e-02, PNorm = 215.8781, GNorm = 0.0617, lr_0 = 6.1394e-05
Validation sid = 0.152441
Epoch 198

Loss = 1.7590e-02, PNorm = 215.9628, GNorm = 0.0745, lr_0 = 6.1311e-05
Validation sid = 0.152746
Epoch 199

Loss = 1.7597e-02, PNorm = 216.0815, GNorm = 0.0695, lr_0 = 6.1228e-05
Validation sid = 0.152356
Epoch 200

Loss = 1.7504e-02, PNorm = 216.2052, GNorm = 0.0901, lr_0 = 6.1146e-05
Validation sid = 0.152462
Epoch 201

Loss = 1.7483e-02, PNorm = 216.3333, GNorm = 0.0587, lr_0 = 6.1063e-05
Validation sid = 0.152635
Epoch 202

Loss = 1.7447e-02, PNorm = 216.4347, GNorm = 0.1250, lr_0 = 6.0981e-05
Validation sid = 0.152264
Epoch 203

Loss = 1.7349e-02, PNorm = 216.5318, GNorm = 0.0757, lr_0 = 6.0898e-05
Validation sid = 0.152211
Epoch 204

Loss = 1.7543e-02, PNorm = 216.6060, GNorm = 0.0692, lr_0 = 6.0816e-05
Validation sid = 0.152970
Epoch 205

Loss = 1.7377e-02, PNorm = 216.7254, GNorm = 0.0655, lr_0 = 6.0734e-05
Validation sid = 0.152159
Epoch 206

Loss = 1.7368e-02, PNorm = 216.8477, GNorm = 0.0774, lr_0 = 6.0652e-05
Validation sid = 0.152395
Epoch 207

Loss = 1.7311e-02, PNorm = 216.9800, GNorm = 0.0664, lr_0 = 6.0570e-05
Validation sid = 0.152543
Epoch 208

Loss = 1.7251e-02, PNorm = 217.0821, GNorm = 0.0618, lr_0 = 6.0489e-05
Validation sid = 0.151973
Epoch 209

Loss = 1.7351e-02, PNorm = 217.1747, GNorm = 0.1040, lr_0 = 6.0407e-05
Validation sid = 0.152387
Epoch 210

Loss = 1.7259e-02, PNorm = 217.2717, GNorm = 0.0702, lr_0 = 6.0325e-05
Validation sid = 0.152903
Epoch 211

Loss = 1.7245e-02, PNorm = 217.3604, GNorm = 0.0715, lr_0 = 6.0244e-05
Validation sid = 0.152734
Epoch 212

Loss = 1.7221e-02, PNorm = 217.4726, GNorm = 0.0768, lr_0 = 6.0163e-05
Validation sid = 0.152587
Epoch 213

Loss = 1.7112e-02, PNorm = 217.5497, GNorm = 0.0833, lr_0 = 6.0081e-05
Validation sid = 0.152665
Epoch 214

Loss = 1.7323e-02, PNorm = 217.6654, GNorm = 0.0707, lr_0 = 6.0000e-05
Validation sid = 0.152926
Epoch 215

Loss = 1.7174e-02, PNorm = 217.7562, GNorm = 0.0700, lr_0 = 5.9919e-05
Validation sid = 0.152716
Epoch 216

Loss = 1.7195e-02, PNorm = 217.8242, GNorm = 0.0589, lr_0 = 5.9839e-05
Validation sid = 0.153782
Epoch 217

Loss = 1.7284e-02, PNorm = 217.9455, GNorm = 0.0622, lr_0 = 5.9758e-05
Validation sid = 0.152734
Epoch 218

Loss = 1.7084e-02, PNorm = 218.0056, GNorm = 0.0618, lr_0 = 5.9677e-05
Validation sid = 0.152559
Epoch 219

Loss = 1.7042e-02, PNorm = 218.0752, GNorm = 0.0803, lr_0 = 5.9597e-05
Validation sid = 0.152772
Epoch 220

Loss = 1.7023e-02, PNorm = 218.1987, GNorm = 0.0747, lr_0 = 5.9516e-05
Validation sid = 0.152562
Epoch 221

Loss = 1.7167e-02, PNorm = 218.3160, GNorm = 0.0638, lr_0 = 5.9436e-05
Validation sid = 0.152624
Epoch 222

Loss = 1.6997e-02, PNorm = 218.3938, GNorm = 0.0917, lr_0 = 5.9356e-05
Validation sid = 0.152782
Epoch 223

Loss = 1.7075e-02, PNorm = 218.5252, GNorm = 0.0777, lr_0 = 5.9275e-05
Validation sid = 0.152949
Epoch 224

Loss = 1.7217e-02, PNorm = 218.6342, GNorm = 0.0658, lr_0 = 5.9195e-05
Validation sid = 0.152471
Epoch 225

Loss = 1.6915e-02, PNorm = 218.6936, GNorm = 0.0881, lr_0 = 5.9116e-05
Validation sid = 0.152492
Epoch 226

Loss = 1.6949e-02, PNorm = 218.7875, GNorm = 0.0576, lr_0 = 5.9036e-05
Validation sid = 0.152435
Epoch 227

Loss = 1.7057e-02, PNorm = 218.8409, GNorm = 0.0606, lr_0 = 5.8956e-05
Validation sid = 0.152942
Epoch 228

Loss = 1.6986e-02, PNorm = 218.9225, GNorm = 0.0652, lr_0 = 5.8877e-05
Validation sid = 0.152849
Epoch 229

Loss = 1.6958e-02, PNorm = 219.0203, GNorm = 0.0916, lr_0 = 5.8797e-05
Validation sid = 0.152627
Epoch 230

Loss = 1.6761e-02, PNorm = 219.1127, GNorm = 0.0595, lr_0 = 5.8718e-05
Validation sid = 0.152347
Epoch 231

Loss = 1.6811e-02, PNorm = 219.1825, GNorm = 0.0684, lr_0 = 5.8638e-05
Validation sid = 0.152894
Epoch 232

Loss = 1.6814e-02, PNorm = 219.2860, GNorm = 0.0715, lr_0 = 5.8559e-05
Validation sid = 0.152599
Epoch 233

Loss = 1.6822e-02, PNorm = 219.3940, GNorm = 0.0757, lr_0 = 5.8480e-05
Validation sid = 0.153159
Epoch 234

Loss = 1.6727e-02, PNorm = 219.4529, GNorm = 0.0608, lr_0 = 5.8401e-05
Validation sid = 0.153054
Epoch 235

Loss = 1.6798e-02, PNorm = 219.5600, GNorm = 0.0559, lr_0 = 5.8323e-05
Validation sid = 0.152982
Epoch 236

Loss = 1.6769e-02, PNorm = 219.6735, GNorm = 0.0670, lr_0 = 5.8244e-05
Validation sid = 0.153059
Epoch 237

Loss = 1.6766e-02, PNorm = 219.7761, GNorm = 0.0748, lr_0 = 5.8165e-05
Validation sid = 0.152617
Epoch 238

Loss = 1.6717e-02, PNorm = 219.8505, GNorm = 0.0647, lr_0 = 5.8087e-05
Validation sid = 0.153162
Epoch 239

Loss = 1.6725e-02, PNorm = 219.9304, GNorm = 0.0625, lr_0 = 5.8008e-05
Validation sid = 0.152776
Epoch 240

Loss = 1.6827e-02, PNorm = 220.0034, GNorm = 0.0687, lr_0 = 5.7930e-05
Validation sid = 0.152630
Epoch 241

Loss = 1.6688e-02, PNorm = 220.0785, GNorm = 0.0713, lr_0 = 5.7852e-05
Validation sid = 0.152582
Epoch 242

Loss = 1.6607e-02, PNorm = 220.1569, GNorm = 0.0927, lr_0 = 5.7774e-05
Validation sid = 0.152594
Epoch 243

Loss = 1.6566e-02, PNorm = 220.2341, GNorm = 0.0631, lr_0 = 5.7696e-05
Validation sid = 0.152625
Epoch 244

Loss = 1.6673e-02, PNorm = 220.3313, GNorm = 0.0918, lr_0 = 5.7618e-05
Validation sid = 0.152558
Epoch 245

Loss = 1.6516e-02, PNorm = 220.4079, GNorm = 0.0759, lr_0 = 5.7540e-05
Validation sid = 0.152753
Epoch 246

Loss = 1.6639e-02, PNorm = 220.4906, GNorm = 0.0774, lr_0 = 5.7462e-05
Validation sid = 0.152793
Epoch 247

Loss = 1.6527e-02, PNorm = 220.5837, GNorm = 0.0902, lr_0 = 5.7385e-05
Validation sid = 0.152864
Epoch 248

Loss = 1.6623e-02, PNorm = 220.6755, GNorm = 0.0702, lr_0 = 5.7307e-05
Validation sid = 0.153001
Epoch 249

Loss = 1.6541e-02, PNorm = 220.7416, GNorm = 0.0802, lr_0 = 5.7230e-05
Validation sid = 0.153106
Epoch 250

Loss = 1.6421e-02, PNorm = 220.7925, GNorm = 0.0765, lr_0 = 5.7153e-05
Validation sid = 0.153328
Epoch 251

Loss = 1.6546e-02, PNorm = 220.8780, GNorm = 0.0567, lr_0 = 5.7076e-05
Validation sid = 0.153110
Epoch 252

Loss = 1.6402e-02, PNorm = 220.9455, GNorm = 0.0762, lr_0 = 5.6999e-05
Validation sid = 0.153105
Epoch 253

Loss = 1.6458e-02, PNorm = 221.0190, GNorm = 0.0741, lr_0 = 5.6922e-05
Validation sid = 0.152947
Epoch 254

Loss = 1.6413e-02, PNorm = 221.0780, GNorm = 0.0554, lr_0 = 5.6845e-05
Validation sid = 0.153567
Epoch 255

Loss = 1.6415e-02, PNorm = 221.1469, GNorm = 0.0598, lr_0 = 5.6768e-05
Validation sid = 0.153477
Epoch 256

Loss = 1.6468e-02, PNorm = 221.2372, GNorm = 0.0635, lr_0 = 5.6692e-05
Validation sid = 0.152998
Epoch 257

Loss = 1.6360e-02, PNorm = 221.2861, GNorm = 0.0927, lr_0 = 5.6615e-05
Validation sid = 0.153245
Epoch 258

Loss = 1.6318e-02, PNorm = 221.3702, GNorm = 0.0554, lr_0 = 5.6539e-05
Validation sid = 0.153511
Epoch 259

Loss = 1.6346e-02, PNorm = 221.4587, GNorm = 0.0624, lr_0 = 5.6462e-05
Validation sid = 0.153137
Epoch 260

Loss = 1.6588e-02, PNorm = 221.5289, GNorm = 0.0578, lr_0 = 5.6386e-05
Validation sid = 0.152978
Epoch 261

Loss = 1.6332e-02, PNorm = 221.5931, GNorm = 0.0562, lr_0 = 5.6310e-05
Validation sid = 0.152976
Epoch 262

Loss = 1.6474e-02, PNorm = 221.6811, GNorm = 0.0531, lr_0 = 5.6234e-05
Validation sid = 0.153151
Epoch 263

Loss = 1.6308e-02, PNorm = 221.7452, GNorm = 0.0733, lr_0 = 5.6158e-05
Validation sid = 0.152852
Epoch 264

Loss = 1.6326e-02, PNorm = 221.8162, GNorm = 0.0632, lr_0 = 5.6082e-05
Validation sid = 0.152748
Epoch 265

Loss = 1.6232e-02, PNorm = 221.8705, GNorm = 0.0772, lr_0 = 5.6007e-05
Validation sid = 0.153140
Epoch 266

Loss = 1.6305e-02, PNorm = 221.9534, GNorm = 0.0543, lr_0 = 5.5931e-05
Validation sid = 0.153339
Epoch 267

Loss = 1.6314e-02, PNorm = 222.0155, GNorm = 0.0638, lr_0 = 5.5856e-05
Validation sid = 0.153304
Epoch 268

Loss = 1.6317e-02, PNorm = 222.0818, GNorm = 0.0634, lr_0 = 5.5780e-05
Validation sid = 0.153344
Epoch 269

Loss = 1.6563e-02, PNorm = 222.1480, GNorm = 0.0635, lr_0 = 5.5705e-05
Validation sid = 0.152875
Epoch 270

Loss = 1.6200e-02, PNorm = 222.2340, GNorm = 0.0711, lr_0 = 5.5630e-05
Validation sid = 0.153057
Epoch 271

Loss = 1.6413e-02, PNorm = 222.2783, GNorm = 0.0726, lr_0 = 5.5555e-05
Validation sid = 0.152936
Epoch 272

Loss = 1.6352e-02, PNorm = 222.3590, GNorm = 0.0600, lr_0 = 5.5480e-05
Validation sid = 0.152893
Epoch 273

Loss = 1.6295e-02, PNorm = 222.4346, GNorm = 0.0587, lr_0 = 5.5405e-05
Validation sid = 0.152831
Epoch 274

Loss = 1.6450e-02, PNorm = 222.5065, GNorm = 0.0565, lr_0 = 5.5330e-05
Validation sid = 0.153145
Epoch 275

Loss = 1.6250e-02, PNorm = 222.5538, GNorm = 0.0630, lr_0 = 5.5255e-05
Validation sid = 0.153267
Epoch 276

Loss = 1.6150e-02, PNorm = 222.6326, GNorm = 0.0568, lr_0 = 5.5181e-05
Validation sid = 0.153351
Epoch 277

Loss = 1.6134e-02, PNorm = 222.6784, GNorm = 0.0591, lr_0 = 5.5106e-05
Validation sid = 0.153687
Epoch 278

Loss = 1.6171e-02, PNorm = 222.7553, GNorm = 0.0588, lr_0 = 5.5032e-05
Validation sid = 0.153514
Epoch 279

Loss = 1.6403e-02, PNorm = 222.8072, GNorm = 0.0693, lr_0 = 5.4958e-05
Validation sid = 0.153508
Epoch 280

Loss = 1.6043e-02, PNorm = 222.8458, GNorm = 0.0644, lr_0 = 5.4883e-05
Validation sid = 0.153247
Epoch 281

Loss = 1.6040e-02, PNorm = 222.9175, GNorm = 0.0514, lr_0 = 5.4809e-05
Validation sid = 0.153571
Epoch 282

Loss = 1.6042e-02, PNorm = 222.9704, GNorm = 0.0719, lr_0 = 5.4735e-05
Validation sid = 0.153659
Epoch 283

Loss = 1.6056e-02, PNorm = 223.0382, GNorm = 0.1441, lr_0 = 5.4662e-05
Validation sid = 0.153672
Epoch 284

Loss = 1.6004e-02, PNorm = 223.0980, GNorm = 0.0616, lr_0 = 5.4588e-05
Validation sid = 0.153607
Epoch 285

Loss = 1.6012e-02, PNorm = 223.1442, GNorm = 0.0812, lr_0 = 5.4514e-05
Validation sid = 0.153282
Epoch 286

Loss = 1.5981e-02, PNorm = 223.2090, GNorm = 0.0711, lr_0 = 5.4441e-05
Validation sid = 0.153978
Epoch 287

Loss = 1.6014e-02, PNorm = 223.2734, GNorm = 0.0644, lr_0 = 5.4367e-05
Validation sid = 0.153153
Epoch 288

Loss = 1.5955e-02, PNorm = 223.3574, GNorm = 0.0586, lr_0 = 5.4294e-05
Validation sid = 0.153660
Epoch 289

Loss = 1.5942e-02, PNorm = 223.4262, GNorm = 0.0570, lr_0 = 5.4220e-05
Validation sid = 0.153491
Epoch 290

Loss = 1.5981e-02, PNorm = 223.4660, GNorm = 0.0526, lr_0 = 5.4147e-05
Validation sid = 0.153140
Epoch 291

Loss = 1.6051e-02, PNorm = 223.5182, GNorm = 0.0699, lr_0 = 5.4074e-05
Validation sid = 0.153651
Epoch 292

Loss = 1.6029e-02, PNorm = 223.5990, GNorm = 0.0606, lr_0 = 5.4001e-05
Validation sid = 0.153571
Epoch 293

Loss = 1.5962e-02, PNorm = 223.6353, GNorm = 0.0574, lr_0 = 5.3928e-05
Validation sid = 0.153123
Epoch 294

Loss = 1.5886e-02, PNorm = 223.6769, GNorm = 0.0580, lr_0 = 5.3855e-05
Validation sid = 0.153450
Epoch 295

Loss = 1.5891e-02, PNorm = 223.7616, GNorm = 0.0593, lr_0 = 5.3783e-05
Validation sid = 0.153535
Epoch 296

Loss = 1.5863e-02, PNorm = 223.8215, GNorm = 0.0546, lr_0 = 5.3710e-05
Validation sid = 0.153609
Epoch 297

Loss = 1.5871e-02, PNorm = 223.8761, GNorm = 0.0549, lr_0 = 5.3638e-05
Validation sid = 0.153852
Epoch 298

Loss = 1.5938e-02, PNorm = 223.9565, GNorm = 0.0602, lr_0 = 5.3565e-05
Validation sid = 0.153525
Epoch 299

Loss = 1.5921e-02, PNorm = 224.0262, GNorm = 0.0673, lr_0 = 5.3493e-05
Validation sid = 0.153647
Epoch 300

Loss = 1.5985e-02, PNorm = 224.0707, GNorm = 0.0696, lr_0 = 5.3421e-05
Validation sid = 0.153246
Epoch 301

Loss = 1.5834e-02, PNorm = 224.1187, GNorm = 0.0544, lr_0 = 5.3349e-05
Validation sid = 0.153596
Epoch 302

Loss = 1.5813e-02, PNorm = 224.1669, GNorm = 0.0566, lr_0 = 5.3277e-05
Validation sid = 0.153677
Epoch 303

Loss = 1.5914e-02, PNorm = 224.2190, GNorm = 0.0620, lr_0 = 5.3205e-05
Validation sid = 0.153724
Epoch 304

Loss = 1.5699e-02, PNorm = 224.2796, GNorm = 0.1259, lr_0 = 5.3133e-05
Validation sid = 0.153483
Epoch 305

Loss = 1.5863e-02, PNorm = 224.3358, GNorm = 0.0546, lr_0 = 5.3061e-05
Validation sid = 0.153717
Epoch 306

Loss = 1.5753e-02, PNorm = 224.3931, GNorm = 0.0534, lr_0 = 5.2990e-05
Validation sid = 0.153561
Epoch 307

Loss = 1.5740e-02, PNorm = 224.4636, GNorm = 0.0579, lr_0 = 5.2918e-05
Validation sid = 0.153903
Epoch 308

Loss = 1.5808e-02, PNorm = 224.5066, GNorm = 0.0691, lr_0 = 5.2847e-05
Validation sid = 0.153303
Epoch 309

Loss = 1.5721e-02, PNorm = 224.5544, GNorm = 0.0502, lr_0 = 5.2775e-05
Validation sid = 0.153943
Epoch 310

Loss = 1.5651e-02, PNorm = 224.6293, GNorm = 0.0625, lr_0 = 5.2704e-05
Validation sid = 0.153429
Epoch 311

Loss = 1.5881e-02, PNorm = 224.7178, GNorm = 0.0622, lr_0 = 5.2633e-05
Validation sid = 0.153779
Epoch 312

Loss = 1.5722e-02, PNorm = 224.7495, GNorm = 0.0575, lr_0 = 5.2562e-05
Validation sid = 0.153792
Epoch 313

Loss = 1.5735e-02, PNorm = 224.8239, GNorm = 0.0544, lr_0 = 5.2491e-05
Validation sid = 0.153948
Epoch 314

Loss = 1.5738e-02, PNorm = 224.8869, GNorm = 0.0572, lr_0 = 5.2420e-05
Validation sid = 0.153748
Epoch 315

Loss = 1.5770e-02, PNorm = 224.9528, GNorm = 0.0585, lr_0 = 5.2349e-05
Validation sid = 0.153302
Epoch 316

Loss = 1.5648e-02, PNorm = 225.0178, GNorm = 0.0685, lr_0 = 5.2279e-05
Validation sid = 0.153714
Epoch 317

Loss = 1.5678e-02, PNorm = 225.0669, GNorm = 0.0644, lr_0 = 5.2208e-05
Validation sid = 0.153322
Epoch 318

Loss = 1.5622e-02, PNorm = 225.1123, GNorm = 0.0662, lr_0 = 5.2138e-05
Validation sid = 0.153567
Epoch 319

Loss = 1.5828e-02, PNorm = 225.1719, GNorm = 0.0611, lr_0 = 5.2067e-05
Validation sid = 0.153974
Epoch 320

Loss = 1.5656e-02, PNorm = 225.2027, GNorm = 0.0617, lr_0 = 5.1997e-05
Validation sid = 0.154081
Epoch 321

Loss = 1.5682e-02, PNorm = 225.2537, GNorm = 0.0527, lr_0 = 5.1927e-05
Validation sid = 0.153766
Epoch 322

Loss = 1.5636e-02, PNorm = 225.3109, GNorm = 0.0637, lr_0 = 5.1857e-05
Validation sid = 0.153882
Epoch 323

Loss = 1.5534e-02, PNorm = 225.3474, GNorm = 0.0574, lr_0 = 5.1787e-05
Validation sid = 0.154081
Epoch 324

Loss = 1.5547e-02, PNorm = 225.4046, GNorm = 0.0664, lr_0 = 5.1717e-05
Validation sid = 0.154009
Epoch 325

Loss = 1.5515e-02, PNorm = 225.4534, GNorm = 0.0545, lr_0 = 5.1647e-05
Validation sid = 0.154072
Epoch 326

Loss = 1.5644e-02, PNorm = 225.5091, GNorm = 0.0622, lr_0 = 5.1577e-05
Validation sid = 0.153868
Epoch 327

Loss = 1.5687e-02, PNorm = 225.5731, GNorm = 0.0582, lr_0 = 5.1508e-05
Validation sid = 0.154046
Epoch 328

Loss = 1.5653e-02, PNorm = 225.6578, GNorm = 0.0743, lr_0 = 5.1438e-05
Validation sid = 0.154260
Epoch 329

Loss = 1.5509e-02, PNorm = 225.7076, GNorm = 0.0496, lr_0 = 5.1369e-05
Validation sid = 0.154094
Epoch 330

Loss = 1.5536e-02, PNorm = 225.7420, GNorm = 0.0674, lr_0 = 5.1300e-05
Validation sid = 0.154372
Epoch 331

Loss = 1.5458e-02, PNorm = 225.7981, GNorm = 0.0714, lr_0 = 5.1230e-05
Validation sid = 0.154393
Epoch 332

Loss = 1.5496e-02, PNorm = 225.8395, GNorm = 0.0628, lr_0 = 5.1161e-05
Validation sid = 0.154177
Epoch 333

Loss = 1.5540e-02, PNorm = 225.8876, GNorm = 0.0524, lr_0 = 5.1092e-05
Validation sid = 0.154207
Epoch 334

Loss = 1.5468e-02, PNorm = 225.9581, GNorm = 0.0502, lr_0 = 5.1023e-05
Validation sid = 0.154070
Epoch 335

Loss = 1.5404e-02, PNorm = 226.0109, GNorm = 0.0549, lr_0 = 5.0954e-05
Validation sid = 0.154351
Epoch 336

Loss = 1.5461e-02, PNorm = 226.0290, GNorm = 0.0726, lr_0 = 5.0886e-05
Validation sid = 0.154005
Epoch 337

Loss = 1.5382e-02, PNorm = 226.1042, GNorm = 0.0670, lr_0 = 5.0817e-05
Validation sid = 0.153855
Epoch 338

Loss = 1.5416e-02, PNorm = 226.1528, GNorm = 0.0675, lr_0 = 5.0748e-05
Validation sid = 0.153972
Epoch 339

Loss = 1.5345e-02, PNorm = 226.2003, GNorm = 0.0554, lr_0 = 5.0680e-05
Validation sid = 0.153884
Epoch 340

Loss = 1.5519e-02, PNorm = 226.2743, GNorm = 0.0564, lr_0 = 5.0611e-05
Validation sid = 0.154310
Epoch 341

Loss = 1.5438e-02, PNorm = 226.3140, GNorm = 0.0678, lr_0 = 5.0543e-05
Validation sid = 0.153822
Epoch 342

Loss = 1.5341e-02, PNorm = 226.3382, GNorm = 0.0603, lr_0 = 5.0475e-05
Validation sid = 0.154391
Epoch 343

Loss = 1.5437e-02, PNorm = 226.4243, GNorm = 0.0503, lr_0 = 5.0407e-05
Validation sid = 0.154082
Epoch 344

Loss = 1.5318e-02, PNorm = 226.4633, GNorm = 0.0545, lr_0 = 5.0339e-05
Validation sid = 0.154519
Epoch 345

Loss = 1.5324e-02, PNorm = 226.5124, GNorm = 0.0595, lr_0 = 5.0271e-05
Validation sid = 0.154200
Epoch 346

Loss = 1.5306e-02, PNorm = 226.5751, GNorm = 0.0600, lr_0 = 5.0203e-05
Validation sid = 0.154005
Epoch 347

Loss = 1.5310e-02, PNorm = 226.6322, GNorm = 0.0522, lr_0 = 5.0135e-05
Validation sid = 0.154021
Epoch 348

Loss = 1.5399e-02, PNorm = 226.6539, GNorm = 0.0711, lr_0 = 5.0068e-05
Validation sid = 0.154121
Epoch 349

Loss = 1.5277e-02, PNorm = 226.7010, GNorm = 0.0553, lr_0 = 5.0000e-05
Validation sid = 0.153989
Model 0 best validation sid = 0.149647 on epoch 23
Loading pretrained parameter "ffn.1.weight".
Loading pretrained parameter "ffn.1.bias".
Loading pretrained parameter "ffn.4.weight".
Loading pretrained parameter "ffn.4.bias".
Loading pretrained parameter "ffn.7.weight".
Loading pretrained parameter "ffn.7.bias".
Moving model to cuda
Model 0 test sid = 0.144952
Ensemble test sid = 0.144952
1-fold cross validation
Seed 0 ==> test sid = 0.144952
Overall test sid = 0.144952 +/- 0.000000
time: 343m
