Fold 0
{'activation': 'ReLU',
 'atom_messages': False,
 'batch_size': 50,
 'bias': False,
 'bias_ffn': True,
 'checkpoint_dir': None,
 'checkpoint_path': None,
 'checkpoint_paths': None,
 'config_path': './recommended_config.json',
 'convergence_margin': 100000000.0,
 'crossval_index_dir': None,
 'crossval_index_file': None,
 'cuda': True,
 'data_path': './data/research_data/train_full.csv',
 'dataset_type': 'spectra',
 'depth': 3,
 'device': 'cuda:0',
 'dropout': 0.05,
 'ensemble_size': 1,
 'epochs': 350,
 'features_generator': ['morgan'],
 'features_only': True,
 'features_path': None,
 'features_scaling': False,
 'ffn_hidden_size': 300,
 'ffn_num_layers': 3,
 'final_lr': 5e-05,
 'folds_file': None,
 'frzn_mpn_checkpoint': None,
 'gpu': 0,
 'hidden_size': 300,
 'init_lr': 0.0001,
 'max_data_size': None,
 'max_lr': 8e-05,
 'metric': 'sid',
 'minimize_score': True,
 'multiclass_num_classes': 3,
 'no_cache': False,
 'normalization_end': 550,
 'normalization_start': 50,
 'num_folds': 1,
 'num_lrs': 1,
 'output_activation': 'exp',
 'qnn': True,
 'qnn_layer': 8,
 'quiet': False,
 'save_dir': './output/model/qh8_300_layer2/fold_0',
 'save_smiles_splits': False,
 'seed': 0,
 'separate_test_features_path': None,
 'separate_test_path': './data/research_data/test_full.csv',
 'separate_val_features_path': None,
 'separate_val_path': './data/research_data/val_full.csv',
 'show_individual_scores': False,
 'sm_eps': 1e-08,
 'sm_thresh': 1e-08,
 'spectral_loss_function': 'sid',
 'spectral_mask_path': None,
 'split_sizes': [0.8, 0.1, 0.1],
 'split_type': 'random_with_repeated_smiles',
 'target_scaling': True,
 'test': False,
 'test_fold_index': None,
 'torch_seed': None,
 'undirected': False,
 'use_compound_names': False,
 'use_input_features': ['morgan'],
 'val_fold_index': None,
 'warmup_epochs': 2.0}
Loading data
Number of tasks = 1801
Splitting data with seed 0
Total size = 68,404 | train size = 68,404 | val size = 8,550 | test size = 8,551
Pre-normalizing training targets
Building model 0
MoleculeModel(
  (encoder): MPN(
    (encoder): MPNEncoder()
  )
  (ffn): Sequential(
    (0): <Quantum Torch Layer: func=qnode>
    (1): Linear(in_features=2048, out_features=300, bias=True)
    (2): ReLU()
    (3): Dropout(p=0.05, inplace=False)
    (4): Linear(in_features=300, out_features=1801, bias=True)
  )
)
Number of parameters = 1,156,889
Moving model to cuda
Epoch 0

Loss = 8.1223e-01, PNorm = 66.1480, GNorm = 0.0170, lr_0 = 8.9993e-05
Validation sid = 0.515924
Epoch 1

Loss = 5.0921e-01, PNorm = 70.4755, GNorm = 0.0211, lr_0 = 8.0000e-05
Validation sid = 0.495038
Epoch 2

Loss = 4.7398e-01, PNorm = 76.1860, GNorm = 0.0683, lr_0 = 7.9892e-05
Validation sid = 0.453917
Epoch 3

Loss = 4.3812e-01, PNorm = 81.5907, GNorm = 0.0295, lr_0 = 7.9784e-05
Validation sid = 0.423800
Epoch 4

Loss = 4.0786e-01, PNorm = 87.6238, GNorm = 0.0773, lr_0 = 7.9676e-05
Validation sid = 0.393003
Epoch 5

Loss = 3.7665e-01, PNorm = 94.1938, GNorm = 0.0287, lr_0 = 7.9569e-05
Validation sid = 0.364125
Epoch 6

Loss = 3.5136e-01, PNorm = 100.5495, GNorm = 0.0482, lr_0 = 7.9462e-05
Validation sid = 0.342379
Epoch 7

Loss = 3.3194e-01, PNorm = 106.8845, GNorm = 0.1044, lr_0 = 7.9354e-05
Validation sid = 0.324790
Epoch 8

Loss = 3.1588e-01, PNorm = 112.9939, GNorm = 0.0406, lr_0 = 7.9247e-05
Validation sid = 0.310295
Epoch 9

Loss = 3.0291e-01, PNorm = 118.9412, GNorm = 0.0513, lr_0 = 7.9140e-05
Validation sid = 0.298707
Epoch 10

Loss = 2.9229e-01, PNorm = 124.5750, GNorm = 0.0763, lr_0 = 7.9033e-05
Validation sid = 0.289311
Epoch 11

Loss = 2.8346e-01, PNorm = 129.9327, GNorm = 0.0648, lr_0 = 7.8927e-05
Validation sid = 0.281211
Epoch 12

Loss = 2.7572e-01, PNorm = 135.1346, GNorm = 0.0694, lr_0 = 7.8820e-05
Validation sid = 0.274137
Epoch 13

Loss = 2.6880e-01, PNorm = 140.2822, GNorm = 0.0561, lr_0 = 7.8714e-05
Validation sid = 0.267952
Epoch 14

Loss = 2.6259e-01, PNorm = 145.2795, GNorm = 0.0631, lr_0 = 7.8608e-05
Validation sid = 0.262399
Epoch 15

Loss = 2.5696e-01, PNorm = 150.1452, GNorm = 0.1118, lr_0 = 7.8501e-05
Validation sid = 0.257415
Epoch 16

Loss = 2.5192e-01, PNorm = 154.9723, GNorm = 0.0910, lr_0 = 7.8396e-05
Validation sid = 0.252891
Epoch 17

Loss = 2.4722e-01, PNorm = 159.6547, GNorm = 0.1136, lr_0 = 7.8290e-05
Validation sid = 0.248682
Epoch 18

Loss = 2.4303e-01, PNorm = 164.2903, GNorm = 0.0759, lr_0 = 7.8184e-05
Validation sid = 0.245003
Epoch 19

Loss = 2.3913e-01, PNorm = 168.8214, GNorm = 0.0721, lr_0 = 7.8079e-05
Validation sid = 0.241546
Epoch 20

Loss = 2.3541e-01, PNorm = 173.2736, GNorm = 0.1111, lr_0 = 7.7973e-05
Validation sid = 0.238427
Epoch 21

Loss = 2.3212e-01, PNorm = 177.6546, GNorm = 0.0801, lr_0 = 7.7868e-05
Validation sid = 0.235584
Epoch 22

Loss = 2.2909e-01, PNorm = 181.8433, GNorm = 0.0813, lr_0 = 7.7763e-05
Validation sid = 0.232895
Epoch 23

Loss = 2.2622e-01, PNorm = 186.0740, GNorm = 0.0673, lr_0 = 7.7658e-05
Validation sid = 0.230416
Epoch 24

Loss = 2.2349e-01, PNorm = 190.1761, GNorm = 0.0852, lr_0 = 7.7553e-05
Validation sid = 0.228169
Epoch 25

Loss = 2.2109e-01, PNorm = 194.1498, GNorm = 0.1514, lr_0 = 7.7448e-05
Validation sid = 0.226048
Epoch 26

Loss = 2.1875e-01, PNorm = 198.0958, GNorm = 0.1013, lr_0 = 7.7344e-05
Validation sid = 0.224047
Epoch 27

Loss = 2.1644e-01, PNorm = 201.9557, GNorm = 0.0953, lr_0 = 7.7239e-05
Validation sid = 0.222273
Epoch 28

Loss = 2.1436e-01, PNorm = 205.7205, GNorm = 0.1026, lr_0 = 7.7135e-05
Validation sid = 0.220517
Epoch 29

Loss = 2.1239e-01, PNorm = 209.4377, GNorm = 0.0684, lr_0 = 7.7031e-05
Validation sid = 0.218934
Epoch 30

Loss = 2.1058e-01, PNorm = 213.0901, GNorm = 0.0603, lr_0 = 7.6927e-05
Validation sid = 0.217471
Epoch 31

Loss = 2.0879e-01, PNorm = 216.6550, GNorm = 0.0800, lr_0 = 7.6823e-05
Validation sid = 0.215953
Epoch 32

Loss = 2.0709e-01, PNorm = 220.2120, GNorm = 0.0639, lr_0 = 7.6720e-05
Validation sid = 0.214675
Epoch 33

Loss = 2.0553e-01, PNorm = 223.7371, GNorm = 0.0811, lr_0 = 7.6616e-05
Validation sid = 0.213296
Epoch 34

Loss = 2.0396e-01, PNorm = 227.1406, GNorm = 0.0843, lr_0 = 7.6513e-05
Validation sid = 0.212087
Epoch 35

Loss = 2.0237e-01, PNorm = 230.5223, GNorm = 0.0766, lr_0 = 7.6409e-05
Validation sid = 0.210946
Epoch 36

Loss = 2.0104e-01, PNorm = 233.8391, GNorm = 0.0893, lr_0 = 7.6306e-05
Validation sid = 0.209829
Epoch 37

Loss = 1.9963e-01, PNorm = 237.0895, GNorm = 0.0714, lr_0 = 7.6203e-05
Validation sid = 0.208760
Epoch 38

Loss = 1.9820e-01, PNorm = 240.3343, GNorm = 0.0927, lr_0 = 7.6100e-05
Validation sid = 0.207716
Epoch 39

Loss = 1.9702e-01, PNorm = 243.5305, GNorm = 0.0933, lr_0 = 7.5998e-05
Validation sid = 0.206675
Epoch 40

Loss = 1.9583e-01, PNorm = 246.6823, GNorm = 0.0955, lr_0 = 7.5895e-05
Validation sid = 0.205791
Epoch 41

Loss = 1.9461e-01, PNorm = 249.8020, GNorm = 0.0863, lr_0 = 7.5793e-05
Validation sid = 0.204827
Epoch 42

Loss = 1.9344e-01, PNorm = 252.8695, GNorm = 0.0783, lr_0 = 7.5690e-05
Validation sid = 0.203965
Epoch 43

Loss = 1.9224e-01, PNorm = 255.9065, GNorm = 0.0761, lr_0 = 7.5588e-05
Validation sid = 0.203163
Epoch 44

Loss = 1.9127e-01, PNorm = 258.9339, GNorm = 0.1449, lr_0 = 7.5486e-05
Validation sid = 0.202328
Epoch 45

Loss = 1.9020e-01, PNorm = 261.8704, GNorm = 0.0855, lr_0 = 7.5384e-05
Validation sid = 0.201502
Epoch 46

Loss = 1.8921e-01, PNorm = 264.7989, GNorm = 0.0924, lr_0 = 7.5283e-05
Validation sid = 0.200704
Epoch 47

Loss = 1.8822e-01, PNorm = 267.7138, GNorm = 0.0862, lr_0 = 7.5181e-05
Validation sid = 0.200023
Epoch 48

Loss = 1.8721e-01, PNorm = 270.5562, GNorm = 0.0896, lr_0 = 7.5080e-05
Validation sid = 0.199286
Epoch 49

Loss = 1.8623e-01, PNorm = 273.3849, GNorm = 0.1030, lr_0 = 7.4978e-05
Validation sid = 0.198571
Epoch 50

Loss = 1.8537e-01, PNorm = 276.1750, GNorm = 0.0850, lr_0 = 7.4877e-05
Validation sid = 0.197943
Epoch 51

Loss = 1.8445e-01, PNorm = 278.9371, GNorm = 0.0880, lr_0 = 7.4776e-05
Validation sid = 0.197258
Epoch 52

Loss = 1.8362e-01, PNorm = 281.6709, GNorm = 0.1089, lr_0 = 7.4675e-05
Validation sid = 0.196679
Epoch 53

Loss = 1.8282e-01, PNorm = 284.3848, GNorm = 0.1470, lr_0 = 7.4574e-05
Validation sid = 0.196013
Epoch 54

Loss = 1.8202e-01, PNorm = 287.0517, GNorm = 0.1092, lr_0 = 7.4474e-05
Validation sid = 0.195465
Epoch 55

Loss = 1.8114e-01, PNorm = 289.7231, GNorm = 0.0778, lr_0 = 7.4373e-05
Validation sid = 0.194924
Epoch 56

Loss = 1.8044e-01, PNorm = 292.3000, GNorm = 0.0961, lr_0 = 7.4273e-05
Validation sid = 0.194352
Epoch 57

Loss = 1.7968e-01, PNorm = 294.9303, GNorm = 0.1147, lr_0 = 7.4172e-05
Validation sid = 0.193926
Epoch 58

Loss = 1.7884e-01, PNorm = 297.4936, GNorm = 0.1114, lr_0 = 7.4072e-05
Validation sid = 0.193436
Epoch 59

Loss = 1.7822e-01, PNorm = 300.0407, GNorm = 0.0793, lr_0 = 7.3972e-05
Validation sid = 0.192930
Epoch 60

Loss = 1.7760e-01, PNorm = 302.5335, GNorm = 0.1144, lr_0 = 7.3873e-05
Validation sid = 0.192490
Epoch 61

Loss = 1.7679e-01, PNorm = 304.9883, GNorm = 0.1345, lr_0 = 7.3773e-05
Validation sid = 0.192022
Epoch 62

Loss = 1.7608e-01, PNorm = 307.4072, GNorm = 0.1323, lr_0 = 7.3673e-05
Validation sid = 0.191629
Epoch 63

Loss = 1.7549e-01, PNorm = 309.8572, GNorm = 0.1107, lr_0 = 7.3574e-05
Validation sid = 0.191178
Epoch 64

Loss = 1.7486e-01, PNorm = 312.2580, GNorm = 0.0926, lr_0 = 7.3475e-05
Validation sid = 0.190756
Epoch 65

Loss = 1.7424e-01, PNorm = 314.6137, GNorm = 0.1011, lr_0 = 7.3375e-05
Validation sid = 0.190379
Epoch 66

Loss = 1.7365e-01, PNorm = 317.0013, GNorm = 0.0896, lr_0 = 7.3276e-05
Validation sid = 0.189991
Epoch 67

Loss = 1.7303e-01, PNorm = 319.3220, GNorm = 0.0899, lr_0 = 7.3177e-05
Validation sid = 0.189602
Epoch 68

Loss = 1.7246e-01, PNorm = 321.6496, GNorm = 0.1005, lr_0 = 7.3079e-05
Validation sid = 0.189247
Epoch 69

Loss = 1.7182e-01, PNorm = 323.9436, GNorm = 0.0984, lr_0 = 7.2980e-05
Validation sid = 0.188881
Epoch 70

Loss = 1.7131e-01, PNorm = 326.2368, GNorm = 0.1079, lr_0 = 7.2882e-05
Validation sid = 0.188530
Epoch 71

Loss = 1.7068e-01, PNorm = 328.4806, GNorm = 0.1466, lr_0 = 7.2783e-05
Validation sid = 0.188192
Epoch 72

Loss = 1.7016e-01, PNorm = 330.7145, GNorm = 0.1032, lr_0 = 7.2685e-05
Validation sid = 0.187891
Epoch 73

Loss = 1.6968e-01, PNorm = 332.9793, GNorm = 0.1095, lr_0 = 7.2587e-05
Validation sid = 0.187573
Epoch 74

Loss = 1.6906e-01, PNorm = 335.1858, GNorm = 0.0885, lr_0 = 7.2489e-05
Validation sid = 0.187296
Epoch 75

Loss = 1.6858e-01, PNorm = 337.3787, GNorm = 0.1125, lr_0 = 7.2391e-05
Validation sid = 0.186954
Epoch 76

Loss = 1.6800e-01, PNorm = 339.5544, GNorm = 0.1085, lr_0 = 7.2293e-05
Validation sid = 0.186653
Epoch 77

Loss = 1.6757e-01, PNorm = 341.7015, GNorm = 0.0933, lr_0 = 7.2196e-05
Validation sid = 0.186364
Epoch 78

Loss = 1.6699e-01, PNorm = 343.8787, GNorm = 0.0876, lr_0 = 7.2098e-05
Validation sid = 0.186085
Epoch 79

Loss = 1.6648e-01, PNorm = 345.9989, GNorm = 0.1113, lr_0 = 7.2001e-05
Validation sid = 0.185812
Epoch 80

Loss = 1.6602e-01, PNorm = 348.1252, GNorm = 0.0996, lr_0 = 7.1904e-05
Validation sid = 0.185508
Epoch 81

Loss = 1.6550e-01, PNorm = 350.2405, GNorm = 0.1260, lr_0 = 7.1807e-05
Validation sid = 0.185327
Epoch 82

Loss = 1.6500e-01, PNorm = 352.3507, GNorm = 0.0836, lr_0 = 7.1710e-05
Validation sid = 0.184974
Epoch 83

Loss = 1.6460e-01, PNorm = 354.4138, GNorm = 0.1147, lr_0 = 7.1613e-05
Validation sid = 0.184712
Epoch 84

Loss = 1.6410e-01, PNorm = 356.4481, GNorm = 0.1127, lr_0 = 7.1516e-05
Validation sid = 0.184505
Epoch 85

Loss = 1.6369e-01, PNorm = 358.5411, GNorm = 0.1217, lr_0 = 7.1420e-05
Validation sid = 0.184215
Epoch 86

Loss = 1.6322e-01, PNorm = 360.6111, GNorm = 0.0927, lr_0 = 7.1324e-05
Validation sid = 0.183985
Epoch 87

Loss = 1.6274e-01, PNorm = 362.6466, GNorm = 0.1249, lr_0 = 7.1227e-05
Validation sid = 0.183744
Epoch 88

Loss = 1.6225e-01, PNorm = 364.6363, GNorm = 0.1205, lr_0 = 7.1131e-05
Validation sid = 0.183531
Epoch 89

Loss = 1.6187e-01, PNorm = 366.6699, GNorm = 0.1080, lr_0 = 7.1035e-05
Validation sid = 0.183279
Epoch 90

Loss = 1.6141e-01, PNorm = 368.6710, GNorm = 0.1391, lr_0 = 7.0939e-05
Validation sid = 0.183046
Epoch 91

Loss = 1.6097e-01, PNorm = 370.6896, GNorm = 0.0987, lr_0 = 7.0843e-05
Validation sid = 0.182862
Epoch 92

Loss = 1.6057e-01, PNorm = 372.6902, GNorm = 0.1174, lr_0 = 7.0748e-05
Validation sid = 0.182678
Epoch 93

Loss = 1.6008e-01, PNorm = 374.6579, GNorm = 0.1127, lr_0 = 7.0652e-05
Validation sid = 0.182441
Epoch 94

Loss = 1.5978e-01, PNorm = 376.5927, GNorm = 0.1299, lr_0 = 7.0557e-05
Validation sid = 0.182188
Epoch 95

Loss = 1.5933e-01, PNorm = 378.5452, GNorm = 0.1030, lr_0 = 7.0462e-05
Validation sid = 0.181994
Epoch 96

Loss = 1.5885e-01, PNorm = 380.5049, GNorm = 0.1269, lr_0 = 7.0367e-05
Validation sid = 0.181795
Epoch 97

Loss = 1.5850e-01, PNorm = 382.4441, GNorm = 0.1158, lr_0 = 7.0272e-05
Validation sid = 0.181610
Epoch 98

Loss = 1.5817e-01, PNorm = 384.3222, GNorm = 0.1077, lr_0 = 7.0177e-05
Validation sid = 0.181354
Epoch 99

Loss = 1.5777e-01, PNorm = 386.2456, GNorm = 0.1377, lr_0 = 7.0082e-05
Validation sid = 0.181197
Epoch 100

Loss = 1.5739e-01, PNorm = 388.1764, GNorm = 0.1055, lr_0 = 6.9988e-05
Validation sid = 0.180987
Epoch 101

Loss = 1.5697e-01, PNorm = 390.0667, GNorm = 0.1064, lr_0 = 6.9893e-05
Validation sid = 0.180769
Epoch 102

Loss = 1.5665e-01, PNorm = 391.9492, GNorm = 0.1625, lr_0 = 6.9799e-05
Validation sid = 0.180643
Epoch 103

Loss = 1.5626e-01, PNorm = 393.8152, GNorm = 0.0998, lr_0 = 6.9705e-05
Validation sid = 0.180409
Epoch 104

Loss = 1.5582e-01, PNorm = 395.6750, GNorm = 0.1109, lr_0 = 6.9610e-05
Validation sid = 0.180229
Epoch 105

Loss = 1.5538e-01, PNorm = 397.5188, GNorm = 0.1066, lr_0 = 6.9517e-05
Validation sid = 0.180050
Epoch 106

Loss = 1.5501e-01, PNorm = 399.3567, GNorm = 0.1454, lr_0 = 6.9423e-05
Validation sid = 0.179849
Epoch 107

Loss = 1.5472e-01, PNorm = 401.2020, GNorm = 0.1253, lr_0 = 6.9329e-05
Validation sid = 0.179748
Epoch 108

Loss = 1.5437e-01, PNorm = 403.0438, GNorm = 0.1047, lr_0 = 6.9235e-05
Validation sid = 0.179549
Epoch 109

Loss = 1.5404e-01, PNorm = 404.8461, GNorm = 0.0979, lr_0 = 6.9142e-05
Validation sid = 0.179405
Epoch 110

Loss = 1.5362e-01, PNorm = 406.6920, GNorm = 0.1173, lr_0 = 6.9049e-05
Validation sid = 0.179219
Epoch 111

Loss = 1.5330e-01, PNorm = 408.4791, GNorm = 0.1249, lr_0 = 6.8955e-05
Validation sid = 0.179029
Epoch 112

Loss = 1.5299e-01, PNorm = 410.2615, GNorm = 0.1276, lr_0 = 6.8862e-05
Validation sid = 0.178858
Epoch 113

Loss = 1.5261e-01, PNorm = 412.0450, GNorm = 0.1395, lr_0 = 6.8769e-05
Validation sid = 0.178738
Epoch 114

Loss = 1.5227e-01, PNorm = 413.8164, GNorm = 0.1070, lr_0 = 6.8677e-05
Validation sid = 0.178610
Epoch 115

Loss = 1.5194e-01, PNorm = 415.5775, GNorm = 0.1090, lr_0 = 6.8584e-05
Validation sid = 0.178382
Epoch 116

Loss = 1.5166e-01, PNorm = 417.3502, GNorm = 0.1140, lr_0 = 6.8491e-05
Validation sid = 0.178267
Epoch 117

Loss = 1.5135e-01, PNorm = 419.1186, GNorm = 0.1434, lr_0 = 6.8399e-05
Validation sid = 0.178073
Epoch 118

Loss = 1.5097e-01, PNorm = 420.8793, GNorm = 0.1045, lr_0 = 6.8307e-05
Validation sid = 0.177962
Epoch 119

Loss = 1.5063e-01, PNorm = 422.6254, GNorm = 0.1415, lr_0 = 6.8214e-05
Validation sid = 0.177850
Epoch 120

Loss = 1.5027e-01, PNorm = 424.3919, GNorm = 0.1417, lr_0 = 6.8122e-05
Validation sid = 0.177697
Epoch 121

Loss = 1.4995e-01, PNorm = 426.0796, GNorm = 0.1207, lr_0 = 6.8030e-05
Validation sid = 0.177500
Epoch 122

Loss = 1.4972e-01, PNorm = 427.8296, GNorm = 0.1081, lr_0 = 6.7939e-05
Validation sid = 0.177385
Epoch 123

Loss = 1.4926e-01, PNorm = 429.5094, GNorm = 0.1476, lr_0 = 6.7847e-05
Validation sid = 0.177254
Epoch 124

Loss = 1.4898e-01, PNorm = 431.2176, GNorm = 0.1232, lr_0 = 6.7755e-05
Validation sid = 0.177087
Epoch 125

Loss = 1.4871e-01, PNorm = 432.9402, GNorm = 0.1427, lr_0 = 6.7664e-05
Validation sid = 0.176990
Epoch 126

Loss = 1.4843e-01, PNorm = 434.6385, GNorm = 0.1055, lr_0 = 6.7573e-05
Validation sid = 0.176868
Epoch 127

Loss = 1.4805e-01, PNorm = 436.3220, GNorm = 0.1154, lr_0 = 6.7481e-05
Validation sid = 0.176696
Epoch 128

Loss = 1.4777e-01, PNorm = 437.9791, GNorm = 0.1375, lr_0 = 6.7390e-05
Validation sid = 0.176593
Epoch 129

Loss = 1.4744e-01, PNorm = 439.6734, GNorm = 0.0783, lr_0 = 6.7299e-05
Validation sid = 0.176469
Epoch 130

Loss = 1.4722e-01, PNorm = 441.3550, GNorm = 0.1325, lr_0 = 6.7209e-05
Validation sid = 0.176312
Epoch 131

Loss = 1.4692e-01, PNorm = 443.0268, GNorm = 0.1243, lr_0 = 6.7118e-05
Validation sid = 0.176194
Epoch 132

Loss = 1.4660e-01, PNorm = 444.6443, GNorm = 0.1060, lr_0 = 6.7027e-05
Validation sid = 0.176054
Epoch 133

Loss = 1.4625e-01, PNorm = 446.2962, GNorm = 0.1249, lr_0 = 6.6937e-05
Validation sid = 0.175953
Epoch 134

Loss = 1.4600e-01, PNorm = 447.9468, GNorm = 0.1462, lr_0 = 6.6846e-05
Validation sid = 0.175848
Epoch 135

Loss = 1.4572e-01, PNorm = 449.5773, GNorm = 0.1213, lr_0 = 6.6756e-05
Validation sid = 0.175740
Epoch 136

Loss = 1.4545e-01, PNorm = 451.2406, GNorm = 0.1401, lr_0 = 6.6666e-05
Validation sid = 0.175658
Epoch 137

Loss = 1.4514e-01, PNorm = 452.8468, GNorm = 0.1229, lr_0 = 6.6576e-05
Validation sid = 0.175487
Epoch 138

Loss = 1.4489e-01, PNorm = 454.4681, GNorm = 0.1292, lr_0 = 6.6486e-05
Validation sid = 0.175412
Epoch 139

Loss = 1.4459e-01, PNorm = 456.0823, GNorm = 0.1209, lr_0 = 6.6397e-05
Validation sid = 0.175290
Epoch 140

Loss = 1.4422e-01, PNorm = 457.6906, GNorm = 0.1176, lr_0 = 6.6307e-05
Validation sid = 0.175158
Epoch 141

Loss = 1.4400e-01, PNorm = 459.3134, GNorm = 0.1177, lr_0 = 6.6217e-05
Validation sid = 0.175027
Epoch 142

Loss = 1.4370e-01, PNorm = 460.9026, GNorm = 0.2102, lr_0 = 6.6128e-05
Validation sid = 0.174949
Epoch 143

Loss = 1.4346e-01, PNorm = 462.4854, GNorm = 0.1022, lr_0 = 6.6039e-05
Validation sid = 0.174818
Epoch 144

Loss = 1.4325e-01, PNorm = 464.0726, GNorm = 0.1085, lr_0 = 6.5950e-05
Validation sid = 0.174740
Epoch 145

Loss = 1.4292e-01, PNorm = 465.6667, GNorm = 0.0899, lr_0 = 6.5861e-05
Validation sid = 0.174634
Epoch 146

Loss = 1.4264e-01, PNorm = 467.2186, GNorm = 0.1345, lr_0 = 6.5772e-05
Validation sid = 0.174531
Epoch 147

Loss = 1.4238e-01, PNorm = 468.7968, GNorm = 0.1127, lr_0 = 6.5683e-05
Validation sid = 0.174426
Epoch 148

Loss = 1.4215e-01, PNorm = 470.3703, GNorm = 0.0994, lr_0 = 6.5594e-05
Validation sid = 0.174368
Epoch 149

Loss = 1.4183e-01, PNorm = 471.9144, GNorm = 0.1106, lr_0 = 6.5506e-05
Validation sid = 0.174220
Epoch 150

Loss = 1.4159e-01, PNorm = 473.4814, GNorm = 0.1053, lr_0 = 6.5417e-05
Validation sid = 0.174115
Epoch 151

Loss = 1.4128e-01, PNorm = 475.0029, GNorm = 0.1504, lr_0 = 6.5329e-05
Validation sid = 0.174038
Epoch 152

Loss = 1.4106e-01, PNorm = 476.5538, GNorm = 0.1216, lr_0 = 6.5241e-05
Validation sid = 0.173944
Epoch 153

Loss = 1.4084e-01, PNorm = 478.0804, GNorm = 0.1346, lr_0 = 6.5153e-05
Validation sid = 0.173820
Epoch 154

Loss = 1.4057e-01, PNorm = 479.5872, GNorm = 0.1512, lr_0 = 6.5065e-05
Validation sid = 0.173764
Epoch 155

Loss = 1.4027e-01, PNorm = 481.0886, GNorm = 0.1491, lr_0 = 6.4977e-05
Validation sid = 0.173658
Epoch 156

Loss = 1.4005e-01, PNorm = 482.6341, GNorm = 0.1011, lr_0 = 6.4889e-05
Validation sid = 0.173603
Epoch 157

Loss = 1.3986e-01, PNorm = 484.1468, GNorm = 0.1093, lr_0 = 6.4802e-05
Validation sid = 0.173492
Epoch 158

Loss = 1.3957e-01, PNorm = 485.6436, GNorm = 0.1179, lr_0 = 6.4714e-05
Validation sid = 0.173387
Epoch 159

Loss = 1.3933e-01, PNorm = 487.1467, GNorm = 0.1249, lr_0 = 6.4627e-05
Validation sid = 0.173264
Epoch 160

Loss = 1.3907e-01, PNorm = 488.6391, GNorm = 0.1116, lr_0 = 6.4540e-05
Validation sid = 0.173197
Epoch 161

Loss = 1.3878e-01, PNorm = 490.1279, GNorm = 0.1520, lr_0 = 6.4453e-05
Validation sid = 0.173112
Epoch 162

Loss = 1.3852e-01, PNorm = 491.5940, GNorm = 0.1641, lr_0 = 6.4366e-05
Validation sid = 0.173044
Epoch 163

Loss = 1.3834e-01, PNorm = 493.0879, GNorm = 0.1043, lr_0 = 6.4279e-05
Validation sid = 0.172934
Epoch 164

Loss = 1.3808e-01, PNorm = 494.5705, GNorm = 0.1566, lr_0 = 6.4192e-05
Validation sid = 0.172876
Epoch 165

Loss = 1.3786e-01, PNorm = 496.0643, GNorm = 0.1405, lr_0 = 6.4105e-05
Validation sid = 0.172821
Epoch 166

Loss = 1.3760e-01, PNorm = 497.4997, GNorm = 0.1259, lr_0 = 6.4019e-05
Validation sid = 0.172726
Epoch 167

Loss = 1.3739e-01, PNorm = 498.9858, GNorm = 0.1152, lr_0 = 6.3933e-05
Validation sid = 0.172634
Epoch 168

Loss = 1.3715e-01, PNorm = 500.4301, GNorm = 0.1147, lr_0 = 6.3846e-05
Validation sid = 0.172552
Epoch 169

Loss = 1.3694e-01, PNorm = 501.8561, GNorm = 0.1179, lr_0 = 6.3760e-05
Validation sid = 0.172494
Epoch 170

Loss = 1.3673e-01, PNorm = 503.3081, GNorm = 0.1209, lr_0 = 6.3674e-05
Validation sid = 0.172400
Epoch 171

Loss = 1.3646e-01, PNorm = 504.7438, GNorm = 0.1328, lr_0 = 6.3588e-05
Validation sid = 0.172330
Epoch 172

Loss = 1.3622e-01, PNorm = 506.1953, GNorm = 0.1398, lr_0 = 6.3502e-05
Validation sid = 0.172336
Epoch 173

Loss = 1.3599e-01, PNorm = 507.6049, GNorm = 0.1521, lr_0 = 6.3417e-05
Validation sid = 0.172140
Epoch 174

Loss = 1.3580e-01, PNorm = 509.0326, GNorm = 0.1249, lr_0 = 6.3331e-05
Validation sid = 0.172106
Epoch 175

Loss = 1.3559e-01, PNorm = 510.4480, GNorm = 0.1320, lr_0 = 6.3245e-05
Validation sid = 0.172039
Epoch 176

Loss = 1.3537e-01, PNorm = 511.8752, GNorm = 0.1664, lr_0 = 6.3160e-05
Validation sid = 0.171977
Epoch 177

Loss = 1.3518e-01, PNorm = 513.2866, GNorm = 0.1266, lr_0 = 6.3075e-05
Validation sid = 0.171914
Epoch 178

Loss = 1.3493e-01, PNorm = 514.6881, GNorm = 0.1472, lr_0 = 6.2990e-05
Validation sid = 0.171814
Epoch 179

Loss = 1.3476e-01, PNorm = 516.1067, GNorm = 0.1278, lr_0 = 6.2905e-05
Validation sid = 0.171788
Epoch 180

Loss = 1.3450e-01, PNorm = 517.4704, GNorm = 0.1569, lr_0 = 6.2820e-05
Validation sid = 0.171706
Epoch 181

Loss = 1.3426e-01, PNorm = 518.8580, GNorm = 0.1072, lr_0 = 6.2735e-05
Validation sid = 0.171657
Epoch 182

Loss = 1.3409e-01, PNorm = 520.2219, GNorm = 0.1189, lr_0 = 6.2650e-05
Validation sid = 0.171573
Epoch 183

Loss = 1.3387e-01, PNorm = 521.6063, GNorm = 0.1445, lr_0 = 6.2566e-05
Validation sid = 0.171505
Epoch 184

Loss = 1.3365e-01, PNorm = 522.9874, GNorm = 0.1102, lr_0 = 6.2481e-05
Validation sid = 0.171482
Epoch 185

Loss = 1.3350e-01, PNorm = 524.3511, GNorm = 0.1151, lr_0 = 6.2397e-05
Validation sid = 0.171387
Epoch 186

Loss = 1.3332e-01, PNorm = 525.7115, GNorm = 0.1526, lr_0 = 6.2313e-05
Validation sid = 0.171338
Epoch 187

Loss = 1.3304e-01, PNorm = 527.0792, GNorm = 0.1321, lr_0 = 6.2229e-05
Validation sid = 0.171321
Epoch 188

Loss = 1.3290e-01, PNorm = 528.4186, GNorm = 0.1190, lr_0 = 6.2145e-05
Validation sid = 0.171215
Epoch 189

Loss = 1.3266e-01, PNorm = 529.7714, GNorm = 0.1189, lr_0 = 6.2061e-05
Validation sid = 0.171163
Epoch 190

Loss = 1.3243e-01, PNorm = 531.1076, GNorm = 0.1127, lr_0 = 6.1977e-05
Validation sid = 0.171100
Epoch 191

Loss = 1.3216e-01, PNorm = 532.4453, GNorm = 0.1545, lr_0 = 6.1893e-05
Validation sid = 0.171047
Epoch 192

Loss = 1.3206e-01, PNorm = 533.7726, GNorm = 0.1217, lr_0 = 6.1810e-05
Validation sid = 0.171000
Epoch 193

Loss = 1.3188e-01, PNorm = 535.0826, GNorm = 0.1094, lr_0 = 6.1726e-05
Validation sid = 0.170922
Epoch 194

Loss = 1.3160e-01, PNorm = 536.4072, GNorm = 0.1381, lr_0 = 6.1643e-05
Validation sid = 0.170925
Epoch 195

Loss = 1.3148e-01, PNorm = 537.7274, GNorm = 0.1188, lr_0 = 6.1560e-05
Validation sid = 0.170823
Epoch 196

Loss = 1.3130e-01, PNorm = 539.0644, GNorm = 0.1313, lr_0 = 6.1477e-05
Validation sid = 0.170769
Epoch 197

Loss = 1.3116e-01, PNorm = 540.3548, GNorm = 0.1747, lr_0 = 6.1394e-05
Validation sid = 0.170752
Epoch 198

Loss = 1.3102e-01, PNorm = 541.6709, GNorm = 0.1473, lr_0 = 6.1311e-05
Validation sid = 0.170709
Epoch 199

Loss = 1.3069e-01, PNorm = 542.9580, GNorm = 0.1660, lr_0 = 6.1228e-05
Validation sid = 0.170604
Epoch 200

Loss = 1.3045e-01, PNorm = 544.2498, GNorm = 0.1259, lr_0 = 6.1146e-05
Validation sid = 0.170577
Epoch 201

Loss = 1.3028e-01, PNorm = 545.5266, GNorm = 0.1238, lr_0 = 6.1063e-05
Validation sid = 0.170548
Epoch 202

Loss = 1.3009e-01, PNorm = 546.8333, GNorm = 0.1092, lr_0 = 6.0981e-05
Validation sid = 0.170508
Epoch 203

Loss = 1.2996e-01, PNorm = 548.1152, GNorm = 0.1751, lr_0 = 6.0898e-05
Validation sid = 0.170469
Epoch 204

Loss = 1.2980e-01, PNorm = 549.4034, GNorm = 0.1379, lr_0 = 6.0816e-05
Validation sid = 0.170410
Epoch 205

Loss = 1.2955e-01, PNorm = 550.6719, GNorm = 0.1593, lr_0 = 6.0734e-05
Validation sid = 0.170388
Epoch 206

Loss = 1.2943e-01, PNorm = 551.9687, GNorm = 0.1323, lr_0 = 6.0652e-05
Validation sid = 0.170328
Epoch 207

Loss = 1.2919e-01, PNorm = 553.2235, GNorm = 0.1803, lr_0 = 6.0570e-05
Validation sid = 0.170289
Epoch 208

Loss = 1.2909e-01, PNorm = 554.5021, GNorm = 0.1640, lr_0 = 6.0489e-05
Validation sid = 0.170264
Epoch 209

Loss = 1.2886e-01, PNorm = 555.7695, GNorm = 0.1262, lr_0 = 6.0407e-05
Validation sid = 0.170211
Epoch 210

Loss = 1.2863e-01, PNorm = 556.9917, GNorm = 0.1696, lr_0 = 6.0325e-05
Validation sid = 0.170117
Epoch 211

Loss = 1.2849e-01, PNorm = 558.2551, GNorm = 0.1269, lr_0 = 6.0244e-05
Validation sid = 0.170140
Epoch 212

Loss = 1.2828e-01, PNorm = 559.5099, GNorm = 0.1451, lr_0 = 6.0163e-05
Validation sid = 0.170071
Epoch 213

Loss = 1.2814e-01, PNorm = 560.7576, GNorm = 0.1264, lr_0 = 6.0081e-05
Validation sid = 0.170057
Epoch 214

Loss = 1.2801e-01, PNorm = 561.9741, GNorm = 0.1115, lr_0 = 6.0000e-05
Validation sid = 0.170021
Epoch 215

Loss = 1.2781e-01, PNorm = 563.2127, GNorm = 0.1396, lr_0 = 5.9919e-05
Validation sid = 0.169995
Epoch 216

Loss = 1.2760e-01, PNorm = 564.4435, GNorm = 0.1294, lr_0 = 5.9839e-05
Validation sid = 0.169922
Epoch 217

Loss = 1.2749e-01, PNorm = 565.6720, GNorm = 0.1472, lr_0 = 5.9758e-05
Validation sid = 0.169918
Epoch 218

Loss = 1.2731e-01, PNorm = 566.8889, GNorm = 0.1151, lr_0 = 5.9677e-05
Validation sid = 0.169854
Epoch 219

Loss = 1.2714e-01, PNorm = 568.0804, GNorm = 0.1195, lr_0 = 5.9597e-05
Validation sid = 0.169805
Epoch 220

Loss = 1.2696e-01, PNorm = 569.2843, GNorm = 0.1345, lr_0 = 5.9516e-05
Validation sid = 0.169757
Epoch 221

Loss = 1.2684e-01, PNorm = 570.4758, GNorm = 0.1444, lr_0 = 5.9436e-05
Validation sid = 0.169730
Epoch 222

Loss = 1.2659e-01, PNorm = 571.6844, GNorm = 0.1338, lr_0 = 5.9356e-05
Validation sid = 0.169702
Epoch 223

Loss = 1.2647e-01, PNorm = 572.8958, GNorm = 0.1287, lr_0 = 5.9275e-05
Validation sid = 0.169654
Epoch 224

Loss = 1.2630e-01, PNorm = 574.0958, GNorm = 0.1565, lr_0 = 5.9195e-05
Validation sid = 0.169680
Epoch 225

Loss = 1.2613e-01, PNorm = 575.2618, GNorm = 0.1408, lr_0 = 5.9116e-05
Validation sid = 0.169609
Epoch 226

Loss = 1.2595e-01, PNorm = 576.4508, GNorm = 0.1260, lr_0 = 5.9036e-05
Validation sid = 0.169578
Epoch 227

Loss = 1.2585e-01, PNorm = 577.6207, GNorm = 0.1410, lr_0 = 5.8956e-05
Validation sid = 0.169542
Epoch 228

Loss = 1.2577e-01, PNorm = 578.7882, GNorm = 0.1303, lr_0 = 5.8877e-05
Validation sid = 0.169522
Epoch 229

Loss = 1.2549e-01, PNorm = 579.9481, GNorm = 0.1317, lr_0 = 5.8797e-05
Validation sid = 0.169479
Epoch 230

Loss = 1.2531e-01, PNorm = 581.1320, GNorm = 0.1202, lr_0 = 5.8718e-05
Validation sid = 0.169468
Epoch 231

Loss = 1.2523e-01, PNorm = 582.2886, GNorm = 0.1228, lr_0 = 5.8638e-05
Validation sid = 0.169435
Epoch 232

Loss = 1.2500e-01, PNorm = 583.4396, GNorm = 0.1458, lr_0 = 5.8559e-05
Validation sid = 0.169393
Epoch 233

Loss = 1.2494e-01, PNorm = 584.6022, GNorm = 0.1732, lr_0 = 5.8480e-05
Validation sid = 0.169380
Epoch 234

Loss = 1.2473e-01, PNorm = 585.7374, GNorm = 0.1608, lr_0 = 5.8401e-05
Validation sid = 0.169329
Epoch 235

Loss = 1.2464e-01, PNorm = 586.8869, GNorm = 0.1281, lr_0 = 5.8323e-05
Validation sid = 0.169303
Epoch 236

Loss = 1.2443e-01, PNorm = 588.0436, GNorm = 0.1152, lr_0 = 5.8244e-05
Validation sid = 0.169256
Epoch 237

Loss = 1.2428e-01, PNorm = 589.1664, GNorm = 0.1274, lr_0 = 5.8165e-05
Validation sid = 0.169225
Epoch 238

Loss = 1.2415e-01, PNorm = 590.3084, GNorm = 0.1393, lr_0 = 5.8087e-05
Validation sid = 0.169204
Epoch 239

Loss = 1.2396e-01, PNorm = 591.4433, GNorm = 0.1661, lr_0 = 5.8008e-05
Validation sid = 0.169230
Epoch 240

Loss = 1.2385e-01, PNorm = 592.5644, GNorm = 0.1231, lr_0 = 5.7930e-05
Validation sid = 0.169138
Epoch 241

Loss = 1.2372e-01, PNorm = 593.7065, GNorm = 0.1454, lr_0 = 5.7852e-05
Validation sid = 0.169100
Epoch 242

Loss = 1.2361e-01, PNorm = 594.8241, GNorm = 0.1597, lr_0 = 5.7774e-05
Validation sid = 0.169082
Epoch 243

Loss = 1.2329e-01, PNorm = 595.9377, GNorm = 0.1517, lr_0 = 5.7696e-05
Validation sid = 0.169066
Epoch 244

Loss = 1.2320e-01, PNorm = 597.0544, GNorm = 0.1597, lr_0 = 5.7618e-05
Validation sid = 0.169058
Epoch 245

Loss = 1.2310e-01, PNorm = 598.1574, GNorm = 0.1206, lr_0 = 5.7540e-05
Validation sid = 0.169012
Epoch 246

Loss = 1.2292e-01, PNorm = 599.2541, GNorm = 0.1309, lr_0 = 5.7462e-05
Validation sid = 0.168975
Epoch 247

Loss = 1.2290e-01, PNorm = 600.3663, GNorm = 0.1156, lr_0 = 5.7385e-05
Validation sid = 0.168974
Epoch 248

Loss = 1.2258e-01, PNorm = 601.4492, GNorm = 0.1279, lr_0 = 5.7307e-05
Validation sid = 0.169017
Epoch 249

Loss = 1.2247e-01, PNorm = 602.5223, GNorm = 0.1315, lr_0 = 5.7230e-05
Validation sid = 0.168956
Epoch 250

Loss = 1.2238e-01, PNorm = 603.6063, GNorm = 0.1517, lr_0 = 5.7153e-05
Validation sid = 0.168950
Epoch 251

Loss = 1.2220e-01, PNorm = 604.6852, GNorm = 0.1501, lr_0 = 5.7076e-05
Validation sid = 0.168884
Epoch 252

Loss = 1.2211e-01, PNorm = 605.7914, GNorm = 0.1521, lr_0 = 5.6999e-05
Validation sid = 0.168893
Epoch 253

Loss = 1.2196e-01, PNorm = 606.8637, GNorm = 0.1342, lr_0 = 5.6922e-05
Validation sid = 0.168871
Epoch 254

Loss = 1.2180e-01, PNorm = 607.9407, GNorm = 0.1344, lr_0 = 5.6845e-05
Validation sid = 0.168858
Epoch 255

Loss = 1.2166e-01, PNorm = 608.9964, GNorm = 0.1563, lr_0 = 5.6768e-05
Validation sid = 0.168797
Epoch 256

Loss = 1.2152e-01, PNorm = 610.0664, GNorm = 0.1319, lr_0 = 5.6692e-05
Validation sid = 0.168785
Epoch 257

Loss = 1.2141e-01, PNorm = 611.1250, GNorm = 0.1382, lr_0 = 5.6615e-05
Validation sid = 0.168770
Epoch 258

Loss = 1.2120e-01, PNorm = 612.1792, GNorm = 0.1144, lr_0 = 5.6539e-05
Validation sid = 0.168790
Epoch 259

Loss = 1.2119e-01, PNorm = 613.2310, GNorm = 0.1434, lr_0 = 5.6462e-05
Validation sid = 0.168771
Epoch 260

Loss = 1.2108e-01, PNorm = 614.2802, GNorm = 0.1393, lr_0 = 5.6386e-05
Validation sid = 0.168749
Epoch 261

Loss = 1.2091e-01, PNorm = 615.3193, GNorm = 0.1327, lr_0 = 5.6310e-05
Validation sid = 0.168752
Epoch 262

Loss = 1.2080e-01, PNorm = 616.3782, GNorm = 0.1768, lr_0 = 5.6234e-05
Validation sid = 0.168742
Epoch 263

Loss = 1.2058e-01, PNorm = 617.4341, GNorm = 0.1337, lr_0 = 5.6158e-05
Validation sid = 0.168688
Epoch 264

Loss = 1.2040e-01, PNorm = 618.4551, GNorm = 0.1400, lr_0 = 5.6082e-05
Validation sid = 0.168640
Epoch 265

Loss = 1.2040e-01, PNorm = 619.4894, GNorm = 0.1863, lr_0 = 5.6007e-05
Validation sid = 0.168643
Epoch 266

Loss = 1.2021e-01, PNorm = 620.5271, GNorm = 0.1408, lr_0 = 5.5931e-05
Validation sid = 0.168595
Epoch 267

Loss = 1.2017e-01, PNorm = 621.5654, GNorm = 0.1304, lr_0 = 5.5856e-05
Validation sid = 0.168640
Epoch 268

Loss = 1.1992e-01, PNorm = 622.5617, GNorm = 0.1326, lr_0 = 5.5780e-05
Validation sid = 0.168593
Epoch 269

Loss = 1.1988e-01, PNorm = 623.5808, GNorm = 0.1229, lr_0 = 5.5705e-05
Validation sid = 0.168587
Epoch 270

Loss = 1.1980e-01, PNorm = 624.5948, GNorm = 0.1559, lr_0 = 5.5630e-05
Validation sid = 0.168555
Epoch 271

Loss = 1.1962e-01, PNorm = 625.6063, GNorm = 0.1454, lr_0 = 5.5555e-05
Validation sid = 0.168556
Epoch 272

Loss = 1.1938e-01, PNorm = 626.6074, GNorm = 0.1527, lr_0 = 5.5480e-05
Validation sid = 0.168501
Epoch 273

Loss = 1.1926e-01, PNorm = 627.6037, GNorm = 0.1646, lr_0 = 5.5405e-05
Validation sid = 0.168546
Epoch 274

Loss = 1.1923e-01, PNorm = 628.6097, GNorm = 0.1651, lr_0 = 5.5330e-05
Validation sid = 0.168515
Epoch 275

Loss = 1.1909e-01, PNorm = 629.5925, GNorm = 0.1240, lr_0 = 5.5255e-05
Validation sid = 0.168498
Epoch 276

Loss = 1.1897e-01, PNorm = 630.5668, GNorm = 0.1282, lr_0 = 5.5181e-05
Validation sid = 0.168472
Epoch 277

Loss = 1.1890e-01, PNorm = 631.5573, GNorm = 0.1490, lr_0 = 5.5106e-05
Validation sid = 0.168487
Epoch 278

Loss = 1.1870e-01, PNorm = 632.5298, GNorm = 0.1300, lr_0 = 5.5032e-05
Validation sid = 0.168498
Epoch 279

Loss = 1.1862e-01, PNorm = 633.5223, GNorm = 0.1348, lr_0 = 5.4958e-05
Validation sid = 0.168444
Epoch 280

Loss = 1.1851e-01, PNorm = 634.5092, GNorm = 0.1437, lr_0 = 5.4883e-05
Validation sid = 0.168465
Epoch 281

Loss = 1.1842e-01, PNorm = 635.4790, GNorm = 0.1179, lr_0 = 5.4809e-05
Validation sid = 0.168452
Epoch 282

Loss = 1.1822e-01, PNorm = 636.4479, GNorm = 0.1669, lr_0 = 5.4735e-05
Validation sid = 0.168432
Epoch 283

Loss = 1.1809e-01, PNorm = 637.4182, GNorm = 0.1579, lr_0 = 5.4662e-05
Validation sid = 0.168412
Epoch 284

Loss = 1.1808e-01, PNorm = 638.3759, GNorm = 0.1257, lr_0 = 5.4588e-05
Validation sid = 0.168392
Epoch 285

Loss = 1.1791e-01, PNorm = 639.3487, GNorm = 0.1515, lr_0 = 5.4514e-05
Validation sid = 0.168425
Epoch 286

Loss = 1.1777e-01, PNorm = 640.3037, GNorm = 0.1544, lr_0 = 5.4441e-05
Validation sid = 0.168378
Epoch 287

Loss = 1.1774e-01, PNorm = 641.2622, GNorm = 0.1650, lr_0 = 5.4367e-05
Validation sid = 0.168376
Epoch 288

Loss = 1.1753e-01, PNorm = 642.2136, GNorm = 0.1246, lr_0 = 5.4294e-05
Validation sid = 0.168371
Epoch 289

Loss = 1.1738e-01, PNorm = 643.1609, GNorm = 0.1817, lr_0 = 5.4220e-05
Validation sid = 0.168355
Epoch 290

Loss = 1.1731e-01, PNorm = 644.1164, GNorm = 0.1525, lr_0 = 5.4147e-05
Validation sid = 0.168358
Epoch 291

Loss = 1.1724e-01, PNorm = 645.0412, GNorm = 0.1992, lr_0 = 5.4074e-05
Validation sid = 0.168337
Epoch 292

Loss = 1.1710e-01, PNorm = 645.9915, GNorm = 0.1255, lr_0 = 5.4001e-05
Validation sid = 0.168313
Epoch 293

Loss = 1.1691e-01, PNorm = 646.9338, GNorm = 0.1395, lr_0 = 5.3928e-05
Validation sid = 0.168300
Epoch 294

Loss = 1.1688e-01, PNorm = 647.8718, GNorm = 0.1705, lr_0 = 5.3855e-05
Validation sid = 0.168281
Epoch 295

Loss = 1.1673e-01, PNorm = 648.7866, GNorm = 0.1303, lr_0 = 5.3783e-05
Validation sid = 0.168281
Epoch 296

Loss = 1.1675e-01, PNorm = 649.7137, GNorm = 0.1266, lr_0 = 5.3710e-05
Validation sid = 0.168307
Epoch 297

Loss = 1.1657e-01, PNorm = 650.6451, GNorm = 0.1368, lr_0 = 5.3638e-05
Validation sid = 0.168281
Epoch 298

Loss = 1.1651e-01, PNorm = 651.5575, GNorm = 0.1412, lr_0 = 5.3565e-05
Validation sid = 0.168256
Epoch 299

Loss = 1.1631e-01, PNorm = 652.4698, GNorm = 0.1560, lr_0 = 5.3493e-05
Validation sid = 0.168227
Epoch 300

Loss = 1.1627e-01, PNorm = 653.3850, GNorm = 0.1243, lr_0 = 5.3421e-05
Validation sid = 0.168267
Epoch 301

Loss = 1.1616e-01, PNorm = 654.2980, GNorm = 0.1183, lr_0 = 5.3349e-05
Validation sid = 0.168199
Epoch 302

Loss = 1.1604e-01, PNorm = 655.2095, GNorm = 0.1340, lr_0 = 5.3277e-05
Validation sid = 0.168223
Epoch 303

Loss = 1.1589e-01, PNorm = 656.1178, GNorm = 0.1321, lr_0 = 5.3205e-05
Validation sid = 0.168226
Epoch 304

Loss = 1.1578e-01, PNorm = 657.0196, GNorm = 0.1385, lr_0 = 5.3133e-05
Validation sid = 0.168207
Epoch 305

Loss = 1.1574e-01, PNorm = 657.9199, GNorm = 0.1354, lr_0 = 5.3061e-05
Validation sid = 0.168177
Epoch 306

Loss = 1.1560e-01, PNorm = 658.8163, GNorm = 0.1818, lr_0 = 5.2990e-05
Validation sid = 0.168171
Epoch 307

Loss = 1.1552e-01, PNorm = 659.7025, GNorm = 0.1446, lr_0 = 5.2918e-05
Validation sid = 0.168169
Epoch 308

Loss = 1.1542e-01, PNorm = 660.5957, GNorm = 0.1549, lr_0 = 5.2847e-05
Validation sid = 0.168208
Epoch 309

Loss = 1.1538e-01, PNorm = 661.4696, GNorm = 0.1813, lr_0 = 5.2775e-05
Validation sid = 0.168186
Epoch 310

Loss = 1.1520e-01, PNorm = 662.3400, GNorm = 0.1484, lr_0 = 5.2704e-05
Validation sid = 0.168175
Epoch 311

Loss = 1.1514e-01, PNorm = 663.2354, GNorm = 0.1272, lr_0 = 5.2633e-05
Validation sid = 0.168200
Epoch 312

Loss = 1.1504e-01, PNorm = 664.1068, GNorm = 0.1357, lr_0 = 5.2562e-05
Validation sid = 0.168149
Epoch 313

Loss = 1.1498e-01, PNorm = 665.0024, GNorm = 0.1349, lr_0 = 5.2491e-05
Validation sid = 0.168182
Epoch 314

Loss = 1.1484e-01, PNorm = 665.8588, GNorm = 0.1836, lr_0 = 5.2420e-05
Validation sid = 0.168165
Epoch 315

Loss = 1.1471e-01, PNorm = 666.7384, GNorm = 0.1439, lr_0 = 5.2349e-05
Validation sid = 0.168172
Epoch 316

Loss = 1.1463e-01, PNorm = 667.6006, GNorm = 0.1911, lr_0 = 5.2279e-05
Validation sid = 0.168219
Epoch 317

Loss = 1.1444e-01, PNorm = 668.4617, GNorm = 0.1247, lr_0 = 5.2208e-05
Validation sid = 0.168185
Epoch 318

Loss = 1.1445e-01, PNorm = 669.3219, GNorm = 0.1584, lr_0 = 5.2138e-05
Validation sid = 0.168192
Epoch 319

Loss = 1.1424e-01, PNorm = 670.1790, GNorm = 0.1176, lr_0 = 5.2067e-05
Validation sid = 0.168181
Epoch 320

Loss = 1.1421e-01, PNorm = 671.0411, GNorm = 0.1512, lr_0 = 5.1997e-05
Validation sid = 0.168197
Epoch 321

Loss = 1.1411e-01, PNorm = 671.8800, GNorm = 0.1389, lr_0 = 5.1927e-05
Validation sid = 0.168161
Epoch 322

Loss = 1.1404e-01, PNorm = 672.7375, GNorm = 0.1510, lr_0 = 5.1857e-05
Validation sid = 0.168156
Epoch 323

Loss = 1.1396e-01, PNorm = 673.5766, GNorm = 0.1580, lr_0 = 5.1787e-05
Validation sid = 0.168174
Epoch 324

Loss = 1.1388e-01, PNorm = 674.4282, GNorm = 0.1281, lr_0 = 5.1717e-05
Validation sid = 0.168168
Epoch 325

Loss = 1.1371e-01, PNorm = 675.2603, GNorm = 0.1415, lr_0 = 5.1647e-05
Validation sid = 0.168126
Epoch 326

Loss = 1.1355e-01, PNorm = 676.0895, GNorm = 0.1720, lr_0 = 5.1577e-05
Validation sid = 0.168121
Epoch 327

Loss = 1.1353e-01, PNorm = 676.9295, GNorm = 0.1383, lr_0 = 5.1508e-05
Validation sid = 0.168154
Epoch 328

Loss = 1.1348e-01, PNorm = 677.7599, GNorm = 0.1258, lr_0 = 5.1438e-05
Validation sid = 0.168118
Epoch 329

Loss = 1.1336e-01, PNorm = 678.5829, GNorm = 0.1424, lr_0 = 5.1369e-05
Validation sid = 0.168181
Epoch 330

Loss = 1.1325e-01, PNorm = 679.4193, GNorm = 0.1564, lr_0 = 5.1300e-05
Validation sid = 0.168158
Epoch 331

Loss = 1.1321e-01, PNorm = 680.2277, GNorm = 0.1834, lr_0 = 5.1230e-05
Validation sid = 0.168185
Epoch 332

Loss = 1.1309e-01, PNorm = 681.0677, GNorm = 0.1679, lr_0 = 5.1161e-05
Validation sid = 0.168196
Epoch 333

Loss = 1.1302e-01, PNorm = 681.8730, GNorm = 0.1325, lr_0 = 5.1092e-05
Validation sid = 0.168142
Epoch 334

Loss = 1.1293e-01, PNorm = 682.6884, GNorm = 0.1498, lr_0 = 5.1023e-05
Validation sid = 0.168167
Epoch 335

Loss = 1.1281e-01, PNorm = 683.5026, GNorm = 0.1711, lr_0 = 5.0954e-05
Validation sid = 0.168205
Epoch 336

Loss = 1.1278e-01, PNorm = 684.3237, GNorm = 0.1313, lr_0 = 5.0886e-05
Validation sid = 0.168186
Epoch 337

Loss = 1.1266e-01, PNorm = 685.1339, GNorm = 0.1639, lr_0 = 5.0817e-05
Validation sid = 0.168205
Epoch 338

Loss = 1.1262e-01, PNorm = 685.9426, GNorm = 0.1497, lr_0 = 5.0748e-05
Validation sid = 0.168195
Epoch 339

Loss = 1.1252e-01, PNorm = 686.7381, GNorm = 0.1649, lr_0 = 5.0680e-05
Validation sid = 0.168184
Epoch 340

Loss = 1.1242e-01, PNorm = 687.5486, GNorm = 0.1606, lr_0 = 5.0611e-05
Validation sid = 0.168204
Epoch 341

Loss = 1.1228e-01, PNorm = 688.3374, GNorm = 0.1632, lr_0 = 5.0543e-05
Validation sid = 0.168202
Epoch 342

Loss = 1.1229e-01, PNorm = 689.1102, GNorm = 0.1399, lr_0 = 5.0475e-05
Validation sid = 0.168152
Epoch 343

Loss = 1.1206e-01, PNorm = 689.9263, GNorm = 0.1214, lr_0 = 5.0407e-05
Validation sid = 0.168220
Epoch 344

Loss = 1.1203e-01, PNorm = 690.6985, GNorm = 0.1470, lr_0 = 5.0339e-05
Validation sid = 0.168191
Epoch 345

Loss = 1.1194e-01, PNorm = 691.4816, GNorm = 0.1457, lr_0 = 5.0271e-05
Validation sid = 0.168169
Epoch 346

Loss = 1.1189e-01, PNorm = 692.2750, GNorm = 0.1436, lr_0 = 5.0203e-05
Validation sid = 0.168207
Epoch 347

Loss = 1.1185e-01, PNorm = 693.0528, GNorm = 0.1757, lr_0 = 5.0135e-05
Validation sid = 0.168185
Epoch 348

Loss = 1.1174e-01, PNorm = 693.8460, GNorm = 0.1389, lr_0 = 5.0068e-05
Validation sid = 0.168213
Epoch 349

Loss = 1.1169e-01, PNorm = 694.6262, GNorm = 0.1301, lr_0 = 5.0000e-05
Validation sid = 0.168209
Model 0 best validation sid = 0.168118 on epoch 328
Loading pretrained parameter "ffn.0.weights".
Loading pretrained parameter "ffn.1.weight".
Loading pretrained parameter "ffn.1.bias".
Loading pretrained parameter "ffn.4.weight".
Loading pretrained parameter "ffn.4.bias".
Moving model to cuda
Model 0 test sid = 0.161953
Ensemble test sid = 0.161953
1-fold cross validation
Seed 0 ==> test sid = 0.161953
Overall test sid = 0.161953 +/- 0.000000
time: 953m
