Fold 0
{'activation': 'ReLU',
 'atom_messages': False,
 'batch_size': 50,
 'bias': False,
 'bias_ffn': True,
 'checkpoint_dir': None,
 'checkpoint_path': None,
 'checkpoint_paths': None,
 'config_path': './recommended_config.json',
 'convergence_margin': 100000000.0,
 'crossval_index_dir': None,
 'crossval_index_file': None,
 'cuda': True,
 'data_path': './data/research_data/train_full.csv',
 'dataset_type': 'spectra',
 'depth': 3,
 'device': 'cuda:0',
 'dropout': 0.05,
 'ensemble_size': 1,
 'epochs': 150,
 'features_generator': ['morgan'],
 'features_only': True,
 'features_path': None,
 'features_scaling': False,
 'ffn_hidden_size': 1200,
 'ffn_num_layers': 4,
 'final_lr': 5e-05,
 'folds_file': None,
 'frzn_mpn_checkpoint': None,
 'gpu': 0,
 'hidden_size': 300,
 'init_lr': 0.0001,
 'max_data_size': None,
 'max_lr': 8e-05,
 'metric': 'sid',
 'minimize_score': True,
 'multiclass_num_classes': 3,
 'no_cache': False,
 'normalization_end': 550,
 'normalization_start': 50,
 'num_folds': 1,
 'num_lrs': 1,
 'output_activation': 'exp',
 'qnn': True,
 'qnn_layer': 2,
 'quiet': False,
 'save_dir': './output/model/morgan_hydbrid_qnnlayer2_1200_layer3/fold_0',
 'save_smiles_splits': False,
 'seed': 0,
 'separate_test_features_path': None,
 'separate_test_path': './data/research_data/test_full.csv',
 'separate_val_features_path': None,
 'separate_val_path': './data/research_data/val_full.csv',
 'show_individual_scores': False,
 'sm_eps': 1e-08,
 'sm_thresh': 1e-08,
 'spectral_loss_function': 'sid',
 'spectral_mask_path': None,
 'split_sizes': [0.8, 0.1, 0.1],
 'split_type': 'random_with_repeated_smiles',
 'target_scaling': True,
 'test': False,
 'test_fold_index': None,
 'torch_seed': None,
 'undirected': False,
 'use_compound_names': False,
 'use_input_features': ['morgan'],
 'val_fold_index': None,
 'warmup_epochs': 2.0}
Loading data
Number of tasks = 1801
Splitting data with seed 0
Total size = 68,404 | train size = 68,404 | val size = 8,550 | test size = 8,551
Pre-normalizing training targets
Building model 0
MoleculeModel(
  (encoder): MPN(
    (encoder): MPNEncoder()
  )
  (ffn): Sequential(
    (0): <Quantum Torch Layer: func=qnode>
    (1): Linear(in_features=2048, out_features=1200, bias=True)
    (2): ReLU()
    (3): Dropout(p=0.05, inplace=False)
    (4): Linear(in_features=1200, out_features=1200, bias=True)
    (5): ReLU()
    (6): Dropout(p=0.05, inplace=False)
    (7): Linear(in_features=1200, out_features=1801, bias=True)
  )
)
Number of parameters = 6,063,023
Moving model to cuda
Epoch 0

Loss = 5.4455e-01, PNorm = 72.5366, GNorm = 0.0909, lr_0 = 8.9993e-05
Validation sid = 0.424457
Epoch 1

Loss = 3.7289e-01, PNorm = 78.9502, GNorm = 0.2373, lr_0 = 8.0000e-05
Validation sid = 0.339589
Epoch 2

Loss = 3.0979e-01, PNorm = 84.8634, GNorm = 0.1869, lr_0 = 7.9746e-05
Validation sid = 0.289154
Epoch 3

Loss = 2.7594e-01, PNorm = 89.0839, GNorm = 0.2588, lr_0 = 7.9493e-05
Validation sid = 0.267081
Epoch 4

Loss = 2.5531e-01, PNorm = 93.2298, GNorm = 0.2701, lr_0 = 7.9241e-05
Validation sid = 0.250020
Epoch 5

Loss = 2.3975e-01, PNorm = 97.1213, GNorm = 0.3066, lr_0 = 7.8990e-05
Validation sid = 0.238174
Epoch 6

Loss = 2.2777e-01, PNorm = 100.9540, GNorm = 0.3028, lr_0 = 7.8740e-05
Validation sid = 0.228369
Epoch 7

Loss = 2.1767e-01, PNorm = 104.5558, GNorm = 0.2898, lr_0 = 7.8490e-05
Validation sid = 0.220722
Epoch 8

Loss = 2.0944e-01, PNorm = 107.9374, GNorm = 0.3312, lr_0 = 7.8241e-05
Validation sid = 0.214866
Epoch 9

Loss = 2.0260e-01, PNorm = 111.2340, GNorm = 0.3452, lr_0 = 7.7993e-05
Validation sid = 0.209873
Epoch 10

Loss = 1.9667e-01, PNorm = 114.5397, GNorm = 0.2548, lr_0 = 7.7746e-05
Validation sid = 0.205572
Epoch 11

Loss = 1.9125e-01, PNorm = 117.8098, GNorm = 0.2850, lr_0 = 7.7499e-05
Validation sid = 0.201426
Epoch 12

Loss = 1.8623e-01, PNorm = 121.0854, GNorm = 0.4447, lr_0 = 7.7253e-05
Validation sid = 0.198144
Epoch 13

Loss = 1.8154e-01, PNorm = 124.3463, GNorm = 0.2133, lr_0 = 7.7009e-05
Validation sid = 0.195078
Epoch 14

Loss = 1.7720e-01, PNorm = 127.6127, GNorm = 0.3041, lr_0 = 7.6764e-05
Validation sid = 0.191696
Epoch 15

Loss = 1.7297e-01, PNorm = 130.9171, GNorm = 0.4735, lr_0 = 7.6521e-05
Validation sid = 0.189261
Epoch 16

Loss = 1.6908e-01, PNorm = 134.2492, GNorm = 0.3361, lr_0 = 7.6278e-05
Validation sid = 0.186257
Epoch 17

Loss = 1.6516e-01, PNorm = 137.5399, GNorm = 0.2935, lr_0 = 7.6036e-05
Validation sid = 0.183798
Epoch 18

Loss = 1.6145e-01, PNorm = 140.8228, GNorm = 0.3365, lr_0 = 7.5795e-05
Validation sid = 0.181446
Epoch 19

Loss = 1.5779e-01, PNorm = 144.1324, GNorm = 0.4596, lr_0 = 7.5555e-05
Validation sid = 0.180261
Epoch 20

Loss = 1.5430e-01, PNorm = 147.4788, GNorm = 0.4293, lr_0 = 7.5316e-05
Validation sid = 0.177524
Epoch 21

Loss = 1.5075e-01, PNorm = 150.8621, GNorm = 0.3226, lr_0 = 7.5077e-05
Validation sid = 0.175604
Epoch 22

Loss = 1.4737e-01, PNorm = 154.2407, GNorm = 0.3623, lr_0 = 7.4839e-05
Validation sid = 0.173779
Epoch 23

Loss = 1.4409e-01, PNorm = 157.6071, GNorm = 0.5444, lr_0 = 7.4601e-05
Validation sid = 0.172180
Epoch 24

Loss = 1.4083e-01, PNorm = 161.0201, GNorm = 0.4188, lr_0 = 7.4365e-05
Validation sid = 0.170429
Epoch 25

Loss = 1.3755e-01, PNorm = 164.3682, GNorm = 0.3699, lr_0 = 7.4129e-05
Validation sid = 0.168830
Epoch 26

Loss = 1.3457e-01, PNorm = 167.7227, GNorm = 0.4766, lr_0 = 7.3894e-05
Validation sid = 0.167801
Epoch 27

Loss = 1.3157e-01, PNorm = 171.0742, GNorm = 0.4792, lr_0 = 7.3660e-05
Validation sid = 0.166426
Epoch 28

Loss = 1.2876e-01, PNorm = 174.4421, GNorm = 0.4029, lr_0 = 7.3426e-05
Validation sid = 0.164661
Epoch 29

Loss = 1.2589e-01, PNorm = 177.7590, GNorm = 0.5680, lr_0 = 7.3193e-05
Validation sid = 0.163836
Epoch 30

Loss = 1.2322e-01, PNorm = 181.0843, GNorm = 0.3950, lr_0 = 7.2961e-05
Validation sid = 0.162616
Epoch 31

Loss = 1.2058e-01, PNorm = 184.3722, GNorm = 0.4636, lr_0 = 7.2730e-05
Validation sid = 0.161714
Epoch 32

Loss = 1.1809e-01, PNorm = 187.6723, GNorm = 0.3936, lr_0 = 7.2499e-05
Validation sid = 0.160900
Epoch 33

Loss = 1.1556e-01, PNorm = 190.8957, GNorm = 0.4689, lr_0 = 7.2269e-05
Validation sid = 0.159859
Epoch 34

Loss = 1.1319e-01, PNorm = 194.1615, GNorm = 0.5347, lr_0 = 7.2040e-05
Validation sid = 0.158733
Epoch 35

Loss = 1.1093e-01, PNorm = 197.3663, GNorm = 0.5291, lr_0 = 7.1812e-05
Validation sid = 0.157849
Epoch 36

Loss = 1.0863e-01, PNorm = 200.5382, GNorm = 0.7280, lr_0 = 7.1584e-05
Validation sid = 0.157436
Epoch 37

Loss = 1.0646e-01, PNorm = 203.6622, GNorm = 0.4987, lr_0 = 7.1357e-05
Validation sid = 0.156727
Epoch 38

Loss = 1.0448e-01, PNorm = 206.8156, GNorm = 0.4963, lr_0 = 7.1131e-05
Validation sid = 0.155915
Epoch 39

Loss = 1.0238e-01, PNorm = 209.9331, GNorm = 0.6873, lr_0 = 7.0905e-05
Validation sid = 0.155657
Epoch 40

Loss = 1.0044e-01, PNorm = 213.0162, GNorm = 0.5012, lr_0 = 7.0681e-05
Validation sid = 0.154813
Epoch 41

Loss = 9.8546e-02, PNorm = 216.0849, GNorm = 0.4655, lr_0 = 7.0457e-05
Validation sid = 0.154281
Epoch 42

Loss = 9.6708e-02, PNorm = 219.0924, GNorm = 0.4459, lr_0 = 7.0233e-05
Validation sid = 0.153810
Epoch 43

Loss = 9.4914e-02, PNorm = 222.0784, GNorm = 0.6353, lr_0 = 7.0010e-05
Validation sid = 0.153553
Epoch 44

Loss = 9.3205e-02, PNorm = 225.0993, GNorm = 0.5061, lr_0 = 6.9788e-05
Validation sid = 0.153110
Epoch 45

Loss = 9.1546e-02, PNorm = 228.0337, GNorm = 0.4656, lr_0 = 6.9567e-05
Validation sid = 0.152748
Epoch 46

Loss = 8.9971e-02, PNorm = 230.9563, GNorm = 0.4787, lr_0 = 6.9347e-05
Validation sid = 0.152461
Epoch 47

Loss = 8.8353e-02, PNorm = 233.8351, GNorm = 0.4888, lr_0 = 6.9127e-05
Validation sid = 0.152087
Epoch 48

Loss = 8.6926e-02, PNorm = 236.6969, GNorm = 0.5161, lr_0 = 6.8908e-05
Validation sid = 0.152080
Epoch 49

Loss = 8.5492e-02, PNorm = 239.5123, GNorm = 0.7198, lr_0 = 6.8689e-05
Validation sid = 0.151704
Epoch 50

Loss = 8.4033e-02, PNorm = 242.3252, GNorm = 0.4876, lr_0 = 6.8471e-05
Validation sid = 0.151332
Epoch 51

Loss = 8.2703e-02, PNorm = 245.0924, GNorm = 0.5099, lr_0 = 6.8254e-05
Validation sid = 0.151001
Epoch 52

Loss = 8.1363e-02, PNorm = 247.8366, GNorm = 0.5408, lr_0 = 6.8038e-05
Validation sid = 0.151063
Epoch 53

Loss = 8.0072e-02, PNorm = 250.5658, GNorm = 0.4955, lr_0 = 6.7822e-05
Validation sid = 0.150718
Epoch 54

Loss = 7.8844e-02, PNorm = 253.2640, GNorm = 0.6740, lr_0 = 6.7607e-05
Validation sid = 0.150801
Epoch 55

Loss = 7.7679e-02, PNorm = 255.9320, GNorm = 0.5371, lr_0 = 6.7393e-05
Validation sid = 0.150573
Epoch 56

Loss = 7.6533e-02, PNorm = 258.5168, GNorm = 0.5540, lr_0 = 6.7179e-05
Validation sid = 0.150294
Epoch 57

Loss = 7.5344e-02, PNorm = 261.1294, GNorm = 0.5953, lr_0 = 6.6966e-05
Validation sid = 0.150142
Epoch 58

Loss = 7.4301e-02, PNorm = 263.7259, GNorm = 0.5343, lr_0 = 6.6754e-05
Validation sid = 0.150241
Epoch 59

Loss = 7.3251e-02, PNorm = 266.2727, GNorm = 0.6057, lr_0 = 6.6542e-05
Validation sid = 0.150106
Epoch 60

Loss = 7.2273e-02, PNorm = 268.8024, GNorm = 0.4710, lr_0 = 6.6331e-05
Validation sid = 0.149970
Epoch 61

Loss = 7.1262e-02, PNorm = 271.2822, GNorm = 0.5162, lr_0 = 6.6121e-05
Validation sid = 0.149865
Epoch 62

Loss = 7.0306e-02, PNorm = 273.7523, GNorm = 0.4920, lr_0 = 6.5911e-05
Validation sid = 0.149908
Epoch 63

Loss = 6.9363e-02, PNorm = 276.1694, GNorm = 0.5041, lr_0 = 6.5702e-05
Validation sid = 0.149693
Epoch 64

Loss = 6.8488e-02, PNorm = 278.6127, GNorm = 0.4635, lr_0 = 6.5494e-05
Validation sid = 0.149728
Epoch 65

Loss = 6.7557e-02, PNorm = 280.9964, GNorm = 0.4409, lr_0 = 6.5286e-05
Validation sid = 0.149805
Epoch 66

Loss = 6.6749e-02, PNorm = 283.3545, GNorm = 0.4844, lr_0 = 6.5079e-05
Validation sid = 0.149769
Epoch 67

Loss = 6.5977e-02, PNorm = 285.6998, GNorm = 0.6216, lr_0 = 6.4873e-05
Validation sid = 0.149732
Epoch 68

Loss = 6.5169e-02, PNorm = 288.0520, GNorm = 0.5796, lr_0 = 6.4667e-05
Validation sid = 0.149754
Epoch 69

Loss = 6.4354e-02, PNorm = 290.3469, GNorm = 0.5602, lr_0 = 6.4462e-05
Validation sid = 0.149669
Epoch 70

Loss = 6.3592e-02, PNorm = 292.6101, GNorm = 0.5280, lr_0 = 6.4258e-05
Validation sid = 0.149741
Epoch 71

Loss = 6.2947e-02, PNorm = 294.8575, GNorm = 0.5582, lr_0 = 6.4054e-05
Validation sid = 0.149755
Epoch 72

Loss = 6.2198e-02, PNorm = 297.0970, GNorm = 0.6524, lr_0 = 6.3851e-05
Validation sid = 0.149977
Epoch 73

Loss = 6.1542e-02, PNorm = 299.2866, GNorm = 0.5196, lr_0 = 6.3648e-05
Validation sid = 0.150065
Epoch 74

Loss = 6.0860e-02, PNorm = 301.4373, GNorm = 0.6745, lr_0 = 6.3447e-05
Validation sid = 0.149882
Epoch 75

Loss = 6.0158e-02, PNorm = 303.6331, GNorm = 0.4317, lr_0 = 6.3245e-05
Validation sid = 0.149955
Epoch 76

Loss = 5.9548e-02, PNorm = 305.7591, GNorm = 0.5315, lr_0 = 6.3045e-05
Validation sid = 0.150005
Epoch 77

Loss = 5.8981e-02, PNorm = 307.8841, GNorm = 0.4963, lr_0 = 6.2845e-05
Validation sid = 0.150052
Epoch 78

Loss = 5.8388e-02, PNorm = 310.0029, GNorm = 0.5682, lr_0 = 6.2646e-05
Validation sid = 0.150169
Epoch 79

Loss = 5.7748e-02, PNorm = 312.0659, GNorm = 0.4817, lr_0 = 6.2447e-05
Validation sid = 0.150247
Epoch 80

Loss = 5.7327e-02, PNorm = 314.1214, GNorm = 0.5175, lr_0 = 6.2249e-05
Validation sid = 0.150668
Epoch 81

Loss = 5.6725e-02, PNorm = 316.1560, GNorm = 0.6016, lr_0 = 6.2052e-05
Validation sid = 0.150345
Epoch 82

Loss = 5.6157e-02, PNorm = 318.1949, GNorm = 0.5020, lr_0 = 6.1855e-05
Validation sid = 0.150534
Epoch 83

Loss = 5.5650e-02, PNorm = 320.1871, GNorm = 0.5795, lr_0 = 6.1659e-05
Validation sid = 0.150594
Epoch 84

Loss = 5.5138e-02, PNorm = 322.1550, GNorm = 0.5151, lr_0 = 6.1463e-05
Validation sid = 0.150660
Epoch 85

Loss = 5.4663e-02, PNorm = 324.1436, GNorm = 0.5337, lr_0 = 6.1268e-05
Validation sid = 0.150845
Epoch 86

Loss = 5.4208e-02, PNorm = 326.0725, GNorm = 0.4934, lr_0 = 6.1074e-05
Validation sid = 0.150733
Epoch 87

Loss = 5.3677e-02, PNorm = 328.0035, GNorm = 0.5014, lr_0 = 6.0881e-05
Validation sid = 0.150924
Epoch 88

Loss = 5.3195e-02, PNorm = 329.9137, GNorm = 0.5001, lr_0 = 6.0688e-05
Validation sid = 0.150860
Epoch 89

Loss = 5.2790e-02, PNorm = 331.8165, GNorm = 0.5194, lr_0 = 6.0495e-05
Validation sid = 0.150852
Epoch 90

Loss = 5.2342e-02, PNorm = 333.7149, GNorm = 0.4615, lr_0 = 6.0303e-05
Validation sid = 0.150872
Epoch 91

Loss = 5.1901e-02, PNorm = 335.5672, GNorm = 0.5276, lr_0 = 6.0112e-05
Validation sid = 0.151188
Epoch 92

Loss = 5.1473e-02, PNorm = 337.3852, GNorm = 0.5046, lr_0 = 5.9922e-05
Validation sid = 0.150935
Epoch 93

Loss = 5.1105e-02, PNorm = 339.2225, GNorm = 0.6262, lr_0 = 5.9732e-05
Validation sid = 0.151058
Epoch 94

Loss = 5.0683e-02, PNorm = 341.0256, GNorm = 0.4885, lr_0 = 5.9542e-05
Validation sid = 0.151149
Epoch 95

Loss = 5.0339e-02, PNorm = 342.8008, GNorm = 0.4852, lr_0 = 5.9353e-05
Validation sid = 0.151440
Epoch 96

Loss = 4.9943e-02, PNorm = 344.5760, GNorm = 0.5232, lr_0 = 5.9165e-05
Validation sid = 0.151851
Epoch 97

Loss = 4.9570e-02, PNorm = 346.3504, GNorm = 0.4769, lr_0 = 5.8978e-05
Validation sid = 0.151635
Epoch 98

Loss = 4.9188e-02, PNorm = 348.1154, GNorm = 0.5209, lr_0 = 5.8791e-05
Validation sid = 0.151647
Epoch 99

Loss = 4.8904e-02, PNorm = 349.8361, GNorm = 0.4847, lr_0 = 5.8604e-05
Validation sid = 0.151588
Epoch 100

Loss = 4.8480e-02, PNorm = 351.5750, GNorm = 0.5124, lr_0 = 5.8418e-05
Validation sid = 0.151864
Epoch 101

Loss = 4.8141e-02, PNorm = 353.2566, GNorm = 0.5483, lr_0 = 5.8233e-05
Validation sid = 0.151646
Epoch 102

Loss = 4.7818e-02, PNorm = 354.9253, GNorm = 0.5241, lr_0 = 5.8048e-05
Validation sid = 0.151868
Epoch 103

Loss = 4.7490e-02, PNorm = 356.6101, GNorm = 0.5821, lr_0 = 5.7864e-05
Validation sid = 0.151997
Epoch 104

Loss = 4.7143e-02, PNorm = 358.2561, GNorm = 0.5556, lr_0 = 5.7681e-05
Validation sid = 0.151841
Epoch 105

Loss = 4.6816e-02, PNorm = 359.9234, GNorm = 0.4828, lr_0 = 5.7498e-05
Validation sid = 0.152334
Epoch 106

Loss = 4.6502e-02, PNorm = 361.5699, GNorm = 0.4776, lr_0 = 5.7316e-05
Validation sid = 0.152382
Epoch 107

Loss = 4.6219e-02, PNorm = 363.1909, GNorm = 0.4925, lr_0 = 5.7134e-05
Validation sid = 0.152422
Epoch 108

Loss = 4.5903e-02, PNorm = 364.8101, GNorm = 0.5300, lr_0 = 5.6953e-05
Validation sid = 0.152371
Epoch 109

Loss = 4.5622e-02, PNorm = 366.3929, GNorm = 0.4436, lr_0 = 5.6772e-05
Validation sid = 0.152490
Epoch 110

Loss = 4.5378e-02, PNorm = 367.9917, GNorm = 0.4633, lr_0 = 5.6592e-05
Validation sid = 0.152751
Epoch 111

Loss = 4.5111e-02, PNorm = 369.5693, GNorm = 0.5332, lr_0 = 5.6413e-05
Validation sid = 0.152459
Epoch 112

Loss = 4.4808e-02, PNorm = 371.1355, GNorm = 0.4506, lr_0 = 5.6234e-05
Validation sid = 0.152528
Epoch 113

Loss = 4.4552e-02, PNorm = 372.6651, GNorm = 0.4808, lr_0 = 5.6056e-05
Validation sid = 0.152639
Epoch 114

Loss = 4.4295e-02, PNorm = 374.1965, GNorm = 0.5139, lr_0 = 5.5878e-05
Validation sid = 0.152886
Epoch 115

Loss = 4.4009e-02, PNorm = 375.7155, GNorm = 0.4428, lr_0 = 5.5701e-05
Validation sid = 0.152746
Epoch 116

Loss = 4.3820e-02, PNorm = 377.2041, GNorm = 0.4229, lr_0 = 5.5524e-05
Validation sid = 0.152672
Epoch 117

Loss = 4.3497e-02, PNorm = 378.7276, GNorm = 0.4810, lr_0 = 5.5348e-05
Validation sid = 0.152836
Epoch 118

Loss = 4.3299e-02, PNorm = 380.2332, GNorm = 0.3816, lr_0 = 5.5173e-05
Validation sid = 0.152935
Epoch 119

Loss = 4.3023e-02, PNorm = 381.6929, GNorm = 0.4474, lr_0 = 5.4998e-05
Validation sid = 0.152945
Epoch 120

Loss = 4.2740e-02, PNorm = 383.1536, GNorm = 0.5113, lr_0 = 5.4823e-05
Validation sid = 0.153186
Epoch 121

Loss = 4.2599e-02, PNorm = 384.5922, GNorm = 0.4311, lr_0 = 5.4650e-05
Validation sid = 0.153009
Epoch 122

Loss = 4.2324e-02, PNorm = 386.0330, GNorm = 0.5640, lr_0 = 5.4476e-05
Validation sid = 0.153150
Epoch 123

Loss = 4.2152e-02, PNorm = 387.4589, GNorm = 0.4282, lr_0 = 5.4304e-05
Validation sid = 0.153234
Epoch 124

Loss = 4.1921e-02, PNorm = 388.8733, GNorm = 0.4164, lr_0 = 5.4131e-05
Validation sid = 0.153472
Epoch 125

Loss = 4.1699e-02, PNorm = 390.2704, GNorm = 0.4409, lr_0 = 5.3960e-05
Validation sid = 0.153532
Epoch 126

Loss = 4.1501e-02, PNorm = 391.6619, GNorm = 0.5311, lr_0 = 5.3789e-05
Validation sid = 0.153554
Epoch 127

Loss = 4.1305e-02, PNorm = 393.0407, GNorm = 0.4691, lr_0 = 5.3618e-05
Validation sid = 0.153531
Epoch 128

Loss = 4.1055e-02, PNorm = 394.3944, GNorm = 0.4564, lr_0 = 5.3448e-05
Validation sid = 0.153831
Epoch 129

Loss = 4.0893e-02, PNorm = 395.7777, GNorm = 0.4947, lr_0 = 5.3279e-05
Validation sid = 0.153796
Epoch 130

Loss = 4.0684e-02, PNorm = 397.1068, GNorm = 0.4793, lr_0 = 5.3110e-05
Validation sid = 0.153802
Epoch 131

Loss = 4.0474e-02, PNorm = 398.4160, GNorm = 0.5728, lr_0 = 5.2941e-05
Validation sid = 0.153678
Epoch 132

Loss = 4.0285e-02, PNorm = 399.7229, GNorm = 0.4533, lr_0 = 5.2773e-05
Validation sid = 0.154051
Epoch 133

Loss = 4.0072e-02, PNorm = 401.0244, GNorm = 0.4674, lr_0 = 5.2606e-05
Validation sid = 0.153985
Epoch 134

Loss = 3.9916e-02, PNorm = 402.3546, GNorm = 0.5486, lr_0 = 5.2439e-05
Validation sid = 0.154145
Epoch 135

Loss = 3.9745e-02, PNorm = 403.6520, GNorm = 0.4382, lr_0 = 5.2273e-05
Validation sid = 0.154184
Epoch 136

Loss = 3.9557e-02, PNorm = 404.8979, GNorm = 0.4945, lr_0 = 5.2107e-05
Validation sid = 0.154369
Epoch 137

Loss = 3.9445e-02, PNorm = 406.1943, GNorm = 0.4164, lr_0 = 5.1942e-05
Validation sid = 0.154204
Epoch 138

Loss = 3.9234e-02, PNorm = 407.4333, GNorm = 0.4281, lr_0 = 5.1777e-05
Validation sid = 0.154321
Epoch 139

Loss = 3.9108e-02, PNorm = 408.6914, GNorm = 0.4382, lr_0 = 5.1613e-05
Validation sid = 0.154279
Epoch 140

Loss = 3.8869e-02, PNorm = 409.9164, GNorm = 0.3977, lr_0 = 5.1450e-05
Validation sid = 0.154557
Epoch 141

Loss = 3.8707e-02, PNorm = 411.1349, GNorm = 0.3718, lr_0 = 5.1286e-05
Validation sid = 0.154396
Epoch 142

Loss = 3.8571e-02, PNorm = 412.3739, GNorm = 0.4921, lr_0 = 5.1124e-05
Validation sid = 0.154462
Epoch 143

Loss = 3.8376e-02, PNorm = 413.5916, GNorm = 0.5210, lr_0 = 5.0962e-05
Validation sid = 0.154715
Epoch 144

Loss = 3.8249e-02, PNorm = 414.7787, GNorm = 0.4141, lr_0 = 5.0800e-05
Validation sid = 0.154793
Epoch 145

Loss = 3.8151e-02, PNorm = 415.9851, GNorm = 0.4631, lr_0 = 5.0639e-05
Validation sid = 0.154840
Epoch 146

Loss = 3.7988e-02, PNorm = 417.1801, GNorm = 0.4100, lr_0 = 5.0479e-05
Validation sid = 0.154932
Epoch 147

Loss = 3.7789e-02, PNorm = 418.3460, GNorm = 0.4285, lr_0 = 5.0318e-05
Validation sid = 0.154862
Epoch 148

Loss = 3.7665e-02, PNorm = 419.5638, GNorm = 0.5361, lr_0 = 5.0159e-05
Validation sid = 0.155045
Epoch 149

Loss = 3.7504e-02, PNorm = 420.7061, GNorm = 0.4328, lr_0 = 5.0000e-05
Validation sid = 0.155078
Model 0 best validation sid = 0.149669 on epoch 69
Loading pretrained parameter "ffn.0.weights".
Loading pretrained parameter "ffn.1.weight".
Loading pretrained parameter "ffn.1.bias".
Loading pretrained parameter "ffn.4.weight".
Loading pretrained parameter "ffn.4.bias".
Loading pretrained parameter "ffn.7.weight".
Loading pretrained parameter "ffn.7.bias".
Moving model to cuda
Model 0 test sid = 0.144128
Ensemble test sid = 0.144128
1-fold cross validation
Seed 0 ==> test sid = 0.144128
Overall test sid = 0.144128 +/- 0.000000
time: 273m
