Fold 0
{'activation': 'ReLU',
 'atom_messages': False,
 'batch_size': 50,
 'bias': False,
 'bias_ffn': True,
 'checkpoint_dir': None,
 'checkpoint_path': None,
 'checkpoint_paths': None,
 'config_path': './recommended_config.json',
 'convergence_margin': 100000000.0,
 'crossval_index_dir': None,
 'crossval_index_file': None,
 'cuda': True,
 'data_path': 'output/morgan_hybrid/fold_0/train_full.csv',
 'dataset_type': 'spectra',
 'depth': 6,
 'device': 'cuda:0',
 'dropout': 0.05,
 'ensemble_size': 1,
 'epochs': 250,
 'features_generator': ['morgan'],
 'features_only': True,
 'features_path': None,
 'features_scaling': False,
 'ffn_hidden_size': 1024,
 'ffn_num_layers': 2,
 'final_lr': 7e-05,
 'folds_file': None,
 'frzn_mpn_checkpoint': None,
 'gpu': 0,
 'hidden_size': 2200,
 'init_lr': 0.0001,
 'max_data_size': None,
 'max_lr': 7e-05,
 'metric': 'sid',
 'minimize_score': True,
 'multiclass_num_classes': 3,
 'no_cache': False,
 'normalization_end': 550,
 'normalization_start': 50,
 'num_folds': 1,
 'num_lrs': 1,
 'output_activation': 'exp',
 'qnn': False,
 'quiet': False,
 'save_dir': './output/morgan_classical/fold_0',
 'save_smiles_splits': True,
 'seed': 0,
 'separate_test_features_path': None,
 'separate_test_path': 'output/morgan_hybrid/fold_0/test_full.csv',
 'separate_val_features_path': None,
 'separate_val_path': 'output/morgan_hybrid/fold_0/val_full.csv',
 'show_individual_scores': False,
 'sm_eps': 1e-08,
 'sm_thresh': 1e-08,
 'spectral_loss_function': 'sid',
 'spectral_mask_path': None,
 'split_sizes': [0.8, 0.1, 0.1],
 'split_type': 'random_with_repeated_smiles',
 'target_scaling': True,
 'test': False,
 'test_fold_index': None,
 'torch_seed': None,
 'undirected': False,
 'use_compound_names': False,
 'use_input_features': ['morgan'],
 'val_fold_index': None,
 'warmup_epochs': 2.0}
Loading data
Number of tasks = 1801
Splitting data with seed 0
Total size = 68,404 | train size = 68,404 | val size = 8,550 | test size = 8,551
Pre-normalizing training targets
Building model 0
MoleculeModel(
  (encoder): MPN(
    (encoder): MPNEncoder()
  )
  (ffn): Sequential(
    (0): Dropout(p=0.05, inplace=False)
    (1): Linear(in_features=2048, out_features=1024, bias=True)
    (2): ReLU()
    (3): Dropout(p=0.05, inplace=False)
    (4): Linear(in_features=1024, out_features=1801, bias=True)
  )
)
Number of parameters = 3,944,201
Moving model to cuda
Epoch 0

Loss = 4.4186e-01, PNorm = 54.2139, GNorm = 0.1065, lr_0 = 8.4989e-05
Validation sid = 0.282332
Epoch 1

Loss = 2.6220e-01, PNorm = 56.6469, GNorm = 0.1142, lr_0 = 7.0000e-05
Validation sid = 0.238033
Epoch 2

Loss = 2.3053e-01, PNorm = 59.1768, GNorm = 0.1074, lr_0 = 7.0000e-05
Validation sid = 0.218979
Epoch 3

Loss = 2.1175e-01, PNorm = 62.1089, GNorm = 0.1078, lr_0 = 7.0000e-05
Validation sid = 0.205639
Epoch 4

Loss = 1.9717e-01, PNorm = 65.3797, GNorm = 0.1118, lr_0 = 7.0000e-05
Validation sid = 0.195947
Epoch 5

Loss = 1.8529e-01, PNorm = 68.7923, GNorm = 0.1133, lr_0 = 7.0000e-05
Validation sid = 0.188516
Epoch 6

Loss = 1.7525e-01, PNorm = 72.2387, GNorm = 0.1199, lr_0 = 7.0000e-05
Validation sid = 0.182406
Epoch 7

Loss = 1.6695e-01, PNorm = 75.5327, GNorm = 0.1128, lr_0 = 7.0000e-05
Validation sid = 0.177572
Epoch 8

Loss = 1.5954e-01, PNorm = 78.8072, GNorm = 0.1132, lr_0 = 7.0000e-05
Validation sid = 0.173654
Epoch 9

Loss = 1.5332e-01, PNorm = 81.9691, GNorm = 0.1348, lr_0 = 7.0000e-05
Validation sid = 0.170614
Epoch 10

Loss = 1.4731e-01, PNorm = 85.0375, GNorm = 0.1177, lr_0 = 7.0000e-05
Validation sid = 0.167973
Epoch 11

Loss = 1.4209e-01, PNorm = 88.0647, GNorm = 0.1207, lr_0 = 7.0000e-05
Validation sid = 0.166074
Epoch 12

Loss = 1.3705e-01, PNorm = 91.0439, GNorm = 0.1286, lr_0 = 7.0000e-05
Validation sid = 0.163924
Epoch 13

Loss = 1.3236e-01, PNorm = 93.9682, GNorm = 0.1235, lr_0 = 7.0000e-05
Validation sid = 0.162350
Epoch 14

Loss = 1.2816e-01, PNorm = 96.8463, GNorm = 0.1213, lr_0 = 7.0000e-05
Validation sid = 0.160856
Epoch 15

Loss = 1.2404e-01, PNorm = 99.6405, GNorm = 0.1153, lr_0 = 7.0000e-05
Validation sid = 0.159757
Epoch 16

Loss = 1.2066e-01, PNorm = 102.3578, GNorm = 0.1229, lr_0 = 7.0000e-05
Validation sid = 0.158755
Epoch 17

Loss = 1.1701e-01, PNorm = 105.0710, GNorm = 0.1483, lr_0 = 7.0000e-05
Validation sid = 0.158111
Epoch 18

Loss = 1.1414e-01, PNorm = 107.7032, GNorm = 0.1212, lr_0 = 7.0000e-05
Validation sid = 0.157194
Epoch 19

Loss = 1.1127e-01, PNorm = 110.2929, GNorm = 0.1308, lr_0 = 7.0000e-05
Validation sid = 0.156732
Epoch 20

Loss = 1.0835e-01, PNorm = 112.8205, GNorm = 0.1295, lr_0 = 7.0000e-05
Validation sid = 0.156543
Epoch 21

Loss = 1.0592e-01, PNorm = 115.2706, GNorm = 0.1290, lr_0 = 7.0000e-05
Validation sid = 0.156140
Epoch 22

Loss = 1.0359e-01, PNorm = 117.6879, GNorm = 0.1539, lr_0 = 7.0000e-05
Validation sid = 0.155852
Epoch 23

Loss = 1.0148e-01, PNorm = 119.9973, GNorm = 0.1451, lr_0 = 7.0000e-05
Validation sid = 0.155779
Epoch 24

Loss = 9.9267e-02, PNorm = 122.3493, GNorm = 0.1774, lr_0 = 7.0000e-05
Validation sid = 0.155303
Epoch 25

Loss = 9.7437e-02, PNorm = 124.5820, GNorm = 0.1442, lr_0 = 7.0000e-05
Validation sid = 0.155495
Epoch 26

Loss = 9.5652e-02, PNorm = 126.7418, GNorm = 0.1356, lr_0 = 7.0000e-05
Validation sid = 0.155845
Epoch 27

Loss = 9.3795e-02, PNorm = 128.8779, GNorm = 0.1445, lr_0 = 7.0000e-05
Validation sid = 0.155378
Epoch 28

Loss = 9.2276e-02, PNorm = 130.9875, GNorm = 0.1367, lr_0 = 7.0000e-05
Validation sid = 0.155711
Epoch 29

Loss = 9.1137e-02, PNorm = 132.9779, GNorm = 0.1321, lr_0 = 7.0000e-05
Validation sid = 0.155711
Epoch 30

Loss = 8.9515e-02, PNorm = 134.9707, GNorm = 0.1269, lr_0 = 7.0000e-05
Validation sid = 0.155968
Epoch 31

Loss = 8.8121e-02, PNorm = 136.9405, GNorm = 0.1327, lr_0 = 7.0000e-05
Validation sid = 0.156096
Epoch 32

Loss = 8.6837e-02, PNorm = 138.8556, GNorm = 0.1329, lr_0 = 7.0000e-05
Validation sid = 0.156165
Epoch 33

Loss = 8.5822e-02, PNorm = 140.7688, GNorm = 0.1406, lr_0 = 7.0000e-05
Validation sid = 0.156653
Epoch 34

Loss = 8.4666e-02, PNorm = 142.5759, GNorm = 0.1210, lr_0 = 7.0000e-05
Validation sid = 0.156493
Epoch 35

Loss = 8.3719e-02, PNorm = 144.3558, GNorm = 0.1345, lr_0 = 7.0000e-05
Validation sid = 0.156912
Epoch 36

Loss = 8.2555e-02, PNorm = 146.1007, GNorm = 0.1253, lr_0 = 7.0000e-05
Validation sid = 0.156697
Epoch 37

Loss = 8.1563e-02, PNorm = 147.8388, GNorm = 0.1374, lr_0 = 7.0000e-05
Validation sid = 0.157150
Epoch 38

Loss = 8.0696e-02, PNorm = 149.5406, GNorm = 0.1344, lr_0 = 7.0000e-05
Validation sid = 0.157378
Epoch 39

Loss = 7.9960e-02, PNorm = 151.1883, GNorm = 0.1536, lr_0 = 7.0000e-05
Validation sid = 0.157608
Epoch 40

Loss = 7.9153e-02, PNorm = 152.7605, GNorm = 0.1283, lr_0 = 7.0000e-05
Validation sid = 0.158070
Epoch 41

Loss = 7.8337e-02, PNorm = 154.3644, GNorm = 0.1241, lr_0 = 7.0000e-05
Validation sid = 0.157994
Epoch 42

Loss = 7.7480e-02, PNorm = 155.9146, GNorm = 0.1604, lr_0 = 7.0000e-05
Validation sid = 0.158270
Epoch 43

Loss = 7.6514e-02, PNorm = 157.4244, GNorm = 0.1843, lr_0 = 7.0000e-05
Validation sid = 0.158708
Epoch 44

Loss = 7.5934e-02, PNorm = 158.9261, GNorm = 0.1334, lr_0 = 7.0000e-05
Validation sid = 0.158791
Epoch 45

Loss = 7.5444e-02, PNorm = 160.3666, GNorm = 0.1316, lr_0 = 7.0000e-05
Validation sid = 0.159097
Epoch 46

Loss = 7.4798e-02, PNorm = 161.8539, GNorm = 0.1324, lr_0 = 7.0000e-05
Validation sid = 0.159344
Epoch 47

Loss = 7.4082e-02, PNorm = 163.2742, GNorm = 0.1325, lr_0 = 7.0000e-05
Validation sid = 0.159570
Epoch 48

Loss = 7.3368e-02, PNorm = 164.6611, GNorm = 0.1313, lr_0 = 7.0000e-05
Validation sid = 0.159955
Epoch 49

Loss = 7.2859e-02, PNorm = 166.0418, GNorm = 0.1187, lr_0 = 7.0000e-05
Validation sid = 0.160052
Epoch 50

Loss = 7.2459e-02, PNorm = 167.3711, GNorm = 0.1188, lr_0 = 7.0000e-05
Validation sid = 0.160281
Epoch 51

Loss = 7.1857e-02, PNorm = 168.6639, GNorm = 0.1333, lr_0 = 7.0000e-05
Validation sid = 0.160743
Epoch 52

Loss = 7.1353e-02, PNorm = 169.9696, GNorm = 0.1270, lr_0 = 7.0000e-05
Validation sid = 0.161017
Epoch 53

Loss = 7.0753e-02, PNorm = 171.2074, GNorm = 0.1355, lr_0 = 7.0000e-05
Validation sid = 0.160967
Epoch 54

Loss = 7.0307e-02, PNorm = 172.4604, GNorm = 0.1386, lr_0 = 7.0000e-05
Validation sid = 0.161276
Epoch 55

Loss = 6.9999e-02, PNorm = 173.7015, GNorm = 0.1503, lr_0 = 7.0000e-05
Validation sid = 0.161557
Epoch 56

Loss = 6.9397e-02, PNorm = 174.8775, GNorm = 0.1301, lr_0 = 7.0000e-05
Validation sid = 0.161895
Epoch 57

Loss = 6.9041e-02, PNorm = 176.0457, GNorm = 0.1268, lr_0 = 7.0000e-05
Validation sid = 0.161975
Epoch 58

Loss = 6.8705e-02, PNorm = 177.2208, GNorm = 0.1270, lr_0 = 7.0000e-05
Validation sid = 0.161993
Epoch 59

Loss = 6.8386e-02, PNorm = 178.3383, GNorm = 0.1273, lr_0 = 7.0000e-05
Validation sid = 0.162600
Epoch 60

Loss = 6.7745e-02, PNorm = 179.4464, GNorm = 0.1475, lr_0 = 7.0000e-05
Validation sid = 0.162873
Epoch 61

Loss = 6.7690e-02, PNorm = 180.5880, GNorm = 0.1687, lr_0 = 7.0000e-05
Validation sid = 0.162919
Epoch 62

Loss = 6.7040e-02, PNorm = 181.6603, GNorm = 0.1361, lr_0 = 7.0000e-05
Validation sid = 0.163283
Epoch 63

Loss = 6.6808e-02, PNorm = 182.7212, GNorm = 0.1284, lr_0 = 7.0000e-05
Validation sid = 0.163587
Epoch 64

Loss = 6.6294e-02, PNorm = 183.7828, GNorm = 0.2372, lr_0 = 7.0000e-05
Validation sid = 0.163462
Epoch 65

Loss = 6.6157e-02, PNorm = 184.7901, GNorm = 0.1353, lr_0 = 7.0000e-05
Validation sid = 0.163729
Epoch 66

Loss = 6.5669e-02, PNorm = 185.8154, GNorm = 0.1224, lr_0 = 7.0000e-05
Validation sid = 0.164182
Epoch 67

Loss = 6.5346e-02, PNorm = 186.8130, GNorm = 0.1263, lr_0 = 7.0000e-05
Validation sid = 0.164141
Epoch 68

Loss = 6.5128e-02, PNorm = 187.8057, GNorm = 0.1227, lr_0 = 7.0000e-05
Validation sid = 0.164637
Epoch 69

Loss = 6.4733e-02, PNorm = 188.7919, GNorm = 0.1339, lr_0 = 7.0000e-05
Validation sid = 0.164842
Epoch 70

Loss = 6.4680e-02, PNorm = 189.7440, GNorm = 0.1657, lr_0 = 7.0000e-05
Validation sid = 0.164905
Epoch 71

Loss = 6.4152e-02, PNorm = 190.6461, GNorm = 0.1268, lr_0 = 7.0000e-05
Validation sid = 0.165019
Epoch 72

Loss = 6.4048e-02, PNorm = 191.5723, GNorm = 0.1278, lr_0 = 7.0000e-05
Validation sid = 0.165044
Epoch 73

Loss = 6.3737e-02, PNorm = 192.5171, GNorm = 0.1372, lr_0 = 7.0000e-05
Validation sid = 0.165171
Epoch 74

Loss = 6.3382e-02, PNorm = 193.4114, GNorm = 0.1506, lr_0 = 7.0000e-05
Validation sid = 0.165492
Epoch 75

Loss = 6.3013e-02, PNorm = 194.3214, GNorm = 0.1400, lr_0 = 7.0000e-05
Validation sid = 0.165953
Epoch 76

Loss = 6.2793e-02, PNorm = 195.2019, GNorm = 0.1575, lr_0 = 7.0000e-05
Validation sid = 0.165928
Epoch 77

Loss = 6.2579e-02, PNorm = 196.0690, GNorm = 0.1375, lr_0 = 7.0000e-05
Validation sid = 0.166066
Epoch 78

Loss = 6.2274e-02, PNorm = 196.9632, GNorm = 0.1306, lr_0 = 7.0000e-05
Validation sid = 0.166204
Epoch 79

Loss = 6.2082e-02, PNorm = 197.7892, GNorm = 0.1477, lr_0 = 7.0000e-05
Validation sid = 0.166552
Epoch 80

Loss = 6.1848e-02, PNorm = 198.6701, GNorm = 0.1183, lr_0 = 7.0000e-05
Validation sid = 0.166470
Epoch 81

Loss = 6.1816e-02, PNorm = 199.4843, GNorm = 0.1312, lr_0 = 7.0000e-05
Validation sid = 0.166872
Epoch 82

Loss = 6.1340e-02, PNorm = 200.2980, GNorm = 0.1312, lr_0 = 7.0000e-05
Validation sid = 0.166782
Epoch 83

Loss = 6.1305e-02, PNorm = 201.0832, GNorm = 0.1294, lr_0 = 7.0000e-05
Validation sid = 0.167288
Epoch 84

Loss = 6.1135e-02, PNorm = 201.8756, GNorm = 0.1373, lr_0 = 7.0000e-05
Validation sid = 0.167296
Epoch 85

Loss = 6.0763e-02, PNorm = 202.6962, GNorm = 0.1726, lr_0 = 7.0000e-05
Validation sid = 0.167461
Epoch 86

Loss = 6.0745e-02, PNorm = 203.4480, GNorm = 0.1166, lr_0 = 7.0000e-05
Validation sid = 0.167775
Epoch 87

Loss = 6.0237e-02, PNorm = 204.2295, GNorm = 0.1636, lr_0 = 7.0000e-05
Validation sid = 0.167771
Epoch 88

Loss = 6.0059e-02, PNorm = 204.9852, GNorm = 0.1435, lr_0 = 7.0000e-05
Validation sid = 0.167765
Epoch 89

Loss = 6.0044e-02, PNorm = 205.7119, GNorm = 0.1457, lr_0 = 7.0000e-05
Validation sid = 0.168220
Epoch 90

Loss = 5.9933e-02, PNorm = 206.4447, GNorm = 0.1153, lr_0 = 7.0000e-05
Validation sid = 0.168226
Epoch 91

Loss = 5.9680e-02, PNorm = 207.1460, GNorm = 0.1176, lr_0 = 7.0000e-05
Validation sid = 0.168231
Epoch 92

Loss = 5.9557e-02, PNorm = 207.8754, GNorm = 0.1156, lr_0 = 7.0000e-05
Validation sid = 0.168569
Epoch 93

Loss = 5.9321e-02, PNorm = 208.5606, GNorm = 0.1204, lr_0 = 7.0000e-05
Validation sid = 0.168615
Epoch 94

Loss = 5.9046e-02, PNorm = 209.2749, GNorm = 0.1325, lr_0 = 7.0000e-05
Validation sid = 0.168797
Epoch 95

Loss = 5.9134e-02, PNorm = 209.9535, GNorm = 0.1261, lr_0 = 7.0000e-05
Validation sid = 0.169245
Epoch 96

Loss = 5.9144e-02, PNorm = 210.6462, GNorm = 0.1119, lr_0 = 7.0000e-05
Validation sid = 0.169063
Epoch 97

Loss = 5.8607e-02, PNorm = 211.2972, GNorm = 0.1196, lr_0 = 7.0000e-05
Validation sid = 0.169452
Epoch 98

Loss = 5.8539e-02, PNorm = 211.9819, GNorm = 0.1130, lr_0 = 7.0000e-05
Validation sid = 0.169392
Epoch 99

Loss = 5.8391e-02, PNorm = 212.6469, GNorm = 0.1436, lr_0 = 7.0000e-05
Validation sid = 0.169674
Epoch 100

Loss = 5.8009e-02, PNorm = 213.2754, GNorm = 0.1219, lr_0 = 7.0000e-05
Validation sid = 0.169991
Epoch 101

Loss = 5.8097e-02, PNorm = 213.8837, GNorm = 0.1376, lr_0 = 7.0000e-05
Validation sid = 0.169818
Epoch 102

Loss = 5.8136e-02, PNorm = 214.5482, GNorm = 0.1383, lr_0 = 7.0000e-05
Validation sid = 0.169974
Epoch 103

Loss = 5.7727e-02, PNorm = 215.1769, GNorm = 0.1206, lr_0 = 7.0000e-05
Validation sid = 0.170297
Epoch 104

Loss = 5.7606e-02, PNorm = 215.7550, GNorm = 0.1330, lr_0 = 7.0000e-05
Validation sid = 0.170375
Epoch 105

Loss = 5.7271e-02, PNorm = 216.3816, GNorm = 0.1227, lr_0 = 7.0000e-05
Validation sid = 0.170736
Epoch 106

Loss = 5.7281e-02, PNorm = 216.9651, GNorm = 0.1080, lr_0 = 7.0000e-05
Validation sid = 0.170599
Epoch 107

Loss = 5.7119e-02, PNorm = 217.5494, GNorm = 0.1146, lr_0 = 7.0000e-05
Validation sid = 0.170823
Epoch 108

Loss = 5.7275e-02, PNorm = 218.1435, GNorm = 0.1353, lr_0 = 7.0000e-05
Validation sid = 0.170909
Epoch 109

Loss = 5.6985e-02, PNorm = 218.7433, GNorm = 0.1138, lr_0 = 7.0000e-05
Validation sid = 0.171009
Epoch 110

Loss = 5.6922e-02, PNorm = 219.3104, GNorm = 0.1185, lr_0 = 7.0000e-05
Validation sid = 0.170958
Epoch 111

Loss = 5.6597e-02, PNorm = 219.9236, GNorm = 0.1260, lr_0 = 7.0000e-05
Validation sid = 0.171272
Epoch 112

Loss = 5.6642e-02, PNorm = 220.5053, GNorm = 0.1223, lr_0 = 7.0000e-05
Validation sid = 0.171601
Epoch 113

Loss = 5.6604e-02, PNorm = 221.0715, GNorm = 0.1270, lr_0 = 7.0000e-05
Validation sid = 0.171594
Epoch 114

Loss = 5.6238e-02, PNorm = 221.6063, GNorm = 0.1294, lr_0 = 7.0000e-05
Validation sid = 0.171830
Epoch 115

Loss = 5.6107e-02, PNorm = 222.1229, GNorm = 0.2028, lr_0 = 7.0000e-05
Validation sid = 0.171719
Epoch 116

Loss = 5.6201e-02, PNorm = 222.7018, GNorm = 0.1284, lr_0 = 7.0000e-05
Validation sid = 0.171889
Epoch 117

Loss = 5.5890e-02, PNorm = 223.2165, GNorm = 0.1360, lr_0 = 7.0000e-05
Validation sid = 0.172051
Epoch 118

Loss = 5.5853e-02, PNorm = 223.7544, GNorm = 0.1519, lr_0 = 7.0000e-05
Validation sid = 0.172240
Epoch 119

Loss = 5.5522e-02, PNorm = 224.3003, GNorm = 0.1081, lr_0 = 7.0000e-05
Validation sid = 0.172376
Epoch 120

Loss = 5.5604e-02, PNorm = 224.8055, GNorm = 0.1400, lr_0 = 7.0000e-05
Validation sid = 0.172321
Epoch 121

Loss = 5.5470e-02, PNorm = 225.2929, GNorm = 0.1225, lr_0 = 7.0000e-05
Validation sid = 0.172738
Epoch 122

Loss = 5.5337e-02, PNorm = 225.7975, GNorm = 0.1306, lr_0 = 7.0000e-05
Validation sid = 0.172875
Epoch 123

Loss = 5.5216e-02, PNorm = 226.3133, GNorm = 0.1232, lr_0 = 7.0000e-05
Validation sid = 0.172817
Epoch 124

Loss = 5.5070e-02, PNorm = 226.8240, GNorm = 0.1338, lr_0 = 7.0000e-05
Validation sid = 0.172991
Epoch 125

Loss = 5.5136e-02, PNorm = 227.3212, GNorm = 0.1482, lr_0 = 7.0000e-05
Validation sid = 0.172866
Epoch 126

Loss = 5.5031e-02, PNorm = 227.7946, GNorm = 0.1161, lr_0 = 7.0000e-05
Validation sid = 0.173079
Epoch 127

Loss = 5.5071e-02, PNorm = 228.2826, GNorm = 0.1256, lr_0 = 7.0000e-05
Validation sid = 0.173174
Epoch 128

Loss = 5.4923e-02, PNorm = 228.7874, GNorm = 0.1221, lr_0 = 7.0000e-05
Validation sid = 0.172943
Epoch 129

Loss = 5.4928e-02, PNorm = 229.2637, GNorm = 0.1217, lr_0 = 7.0000e-05
Validation sid = 0.173064
Epoch 130

Loss = 5.4534e-02, PNorm = 229.7307, GNorm = 0.1329, lr_0 = 7.0000e-05
Validation sid = 0.173555
Epoch 131

Loss = 5.4456e-02, PNorm = 230.1666, GNorm = 0.1293, lr_0 = 7.0000e-05
Validation sid = 0.173559
Epoch 132

Loss = 5.4306e-02, PNorm = 230.6443, GNorm = 0.1205, lr_0 = 7.0000e-05
Validation sid = 0.173552
Epoch 133

Loss = 5.4398e-02, PNorm = 231.1387, GNorm = 0.1189, lr_0 = 7.0000e-05
Validation sid = 0.173720
Epoch 134

Loss = 5.4160e-02, PNorm = 231.5623, GNorm = 0.1169, lr_0 = 7.0000e-05
Validation sid = 0.173696
Epoch 135

Loss = 5.4304e-02, PNorm = 231.9533, GNorm = 0.1380, lr_0 = 7.0000e-05
Validation sid = 0.173828
Epoch 136

Loss = 5.4287e-02, PNorm = 232.4302, GNorm = 0.1552, lr_0 = 7.0000e-05
Validation sid = 0.173874
Epoch 137

Loss = 5.4121e-02, PNorm = 232.8641, GNorm = 0.1223, lr_0 = 7.0000e-05
Validation sid = 0.174172
Epoch 138

Loss = 5.3888e-02, PNorm = 233.2700, GNorm = 0.1297, lr_0 = 7.0000e-05
Validation sid = 0.174181
Epoch 139

Loss = 5.3930e-02, PNorm = 233.6792, GNorm = 0.1264, lr_0 = 7.0000e-05
Validation sid = 0.174504
Epoch 140

Loss = 5.3597e-02, PNorm = 234.1421, GNorm = 0.1382, lr_0 = 7.0000e-05
Validation sid = 0.174428
Epoch 141

Loss = 5.3480e-02, PNorm = 234.5945, GNorm = 0.1324, lr_0 = 7.0000e-05
Validation sid = 0.174572
Epoch 142

Loss = 5.3553e-02, PNorm = 234.9992, GNorm = 0.1245, lr_0 = 7.0000e-05
Validation sid = 0.174376
Epoch 143

Loss = 5.3431e-02, PNorm = 235.4382, GNorm = 0.1500, lr_0 = 7.0000e-05
Validation sid = 0.174554
Epoch 144

Loss = 5.3501e-02, PNorm = 235.7912, GNorm = 0.1342, lr_0 = 7.0000e-05
Validation sid = 0.174662
Epoch 145

Loss = 5.3338e-02, PNorm = 236.2218, GNorm = 0.1380, lr_0 = 7.0000e-05
Validation sid = 0.174675
Epoch 146

Loss = 5.3203e-02, PNorm = 236.6016, GNorm = 0.1170, lr_0 = 7.0000e-05
Validation sid = 0.174800
Epoch 147

Loss = 5.3123e-02, PNorm = 237.0255, GNorm = 0.1127, lr_0 = 7.0000e-05
Validation sid = 0.174883
Epoch 148

Loss = 5.2983e-02, PNorm = 237.3922, GNorm = 0.1186, lr_0 = 7.0000e-05
Validation sid = 0.175250
Epoch 149

Loss = 5.3008e-02, PNorm = 237.7769, GNorm = 0.1227, lr_0 = 7.0000e-05
Validation sid = 0.175125
Epoch 150

Loss = 5.3013e-02, PNorm = 238.1408, GNorm = 0.1153, lr_0 = 7.0000e-05
Validation sid = 0.175212
Epoch 151

Loss = 5.2885e-02, PNorm = 238.5358, GNorm = 0.1182, lr_0 = 7.0000e-05
Validation sid = 0.175481
Epoch 152

Loss = 5.2578e-02, PNorm = 238.9249, GNorm = 0.1120, lr_0 = 7.0000e-05
Validation sid = 0.175379
Epoch 153

Loss = 5.2878e-02, PNorm = 239.2770, GNorm = 0.1528, lr_0 = 7.0000e-05
Validation sid = 0.175581
Epoch 154

Loss = 5.2647e-02, PNorm = 239.6374, GNorm = 0.1221, lr_0 = 7.0000e-05
Validation sid = 0.175420
Epoch 155

Loss = 5.2725e-02, PNorm = 239.9684, GNorm = 0.1076, lr_0 = 7.0000e-05
Validation sid = 0.175476
Epoch 156

Loss = 5.2393e-02, PNorm = 240.3243, GNorm = 0.1195, lr_0 = 7.0000e-05
Validation sid = 0.175594
Epoch 157

Loss = 5.2400e-02, PNorm = 240.6881, GNorm = 0.1431, lr_0 = 7.0000e-05
Validation sid = 0.175798
Epoch 158

Loss = 5.2335e-02, PNorm = 241.0974, GNorm = 0.1203, lr_0 = 7.0000e-05
Validation sid = 0.176005
Epoch 159

Loss = 5.2247e-02, PNorm = 241.4745, GNorm = 0.1147, lr_0 = 7.0000e-05
Validation sid = 0.176112
Epoch 160

Loss = 5.2339e-02, PNorm = 241.8155, GNorm = 0.1208, lr_0 = 7.0000e-05
Validation sid = 0.176080
Epoch 161

Loss = 5.2218e-02, PNorm = 242.1361, GNorm = 0.1144, lr_0 = 7.0000e-05
Validation sid = 0.176328
Epoch 162

Loss = 5.2005e-02, PNorm = 242.4919, GNorm = 0.1249, lr_0 = 7.0000e-05
Validation sid = 0.176198
Epoch 163

Loss = 5.2039e-02, PNorm = 242.8184, GNorm = 0.1284, lr_0 = 7.0000e-05
Validation sid = 0.176158
Epoch 164

Loss = 5.1780e-02, PNorm = 243.1815, GNorm = 0.1214, lr_0 = 7.0000e-05
Validation sid = 0.176294
Epoch 165

Loss = 5.1796e-02, PNorm = 243.5027, GNorm = 0.1293, lr_0 = 7.0000e-05
Validation sid = 0.176379
Epoch 166

Loss = 5.1844e-02, PNorm = 243.8800, GNorm = 0.1149, lr_0 = 7.0000e-05
Validation sid = 0.176650
Epoch 167

Loss = 5.1594e-02, PNorm = 244.1802, GNorm = 0.1214, lr_0 = 7.0000e-05
Validation sid = 0.176710
Epoch 168

Loss = 5.1762e-02, PNorm = 244.5124, GNorm = 0.1142, lr_0 = 7.0000e-05
Validation sid = 0.176527
Epoch 169

Loss = 5.1735e-02, PNorm = 244.7930, GNorm = 0.1280, lr_0 = 7.0000e-05
Validation sid = 0.176617
Epoch 170

Loss = 5.1799e-02, PNorm = 245.1170, GNorm = 0.1087, lr_0 = 7.0000e-05
Validation sid = 0.176465
Epoch 171

Loss = 5.1758e-02, PNorm = 245.4336, GNorm = 0.1045, lr_0 = 7.0000e-05
Validation sid = 0.176647
Epoch 172

Loss = 5.1473e-02, PNorm = 245.7431, GNorm = 0.1125, lr_0 = 7.0000e-05
Validation sid = 0.176783
Epoch 173

Loss = 5.1221e-02, PNorm = 246.0572, GNorm = 0.1343, lr_0 = 7.0000e-05
Validation sid = 0.176895
Epoch 174

Loss = 5.1169e-02, PNorm = 246.3605, GNorm = 0.1259, lr_0 = 7.0000e-05
Validation sid = 0.177110
Epoch 175

Loss = 5.1455e-02, PNorm = 246.6847, GNorm = 0.1222, lr_0 = 7.0000e-05
Validation sid = 0.176906
Epoch 176

Loss = 5.0978e-02, PNorm = 247.0094, GNorm = 0.1099, lr_0 = 7.0000e-05
Validation sid = 0.177234
Epoch 177

Loss = 5.1017e-02, PNorm = 247.3033, GNorm = 0.1259, lr_0 = 7.0000e-05
Validation sid = 0.177031
Epoch 178

Loss = 5.1106e-02, PNorm = 247.6042, GNorm = 0.1364, lr_0 = 7.0000e-05
Validation sid = 0.177047
Epoch 179

Loss = 5.1168e-02, PNorm = 247.9069, GNorm = 0.1114, lr_0 = 7.0000e-05
Validation sid = 0.177036
Epoch 180

Loss = 5.0999e-02, PNorm = 248.1906, GNorm = 0.1172, lr_0 = 7.0000e-05
Validation sid = 0.177015
Epoch 181

Loss = 5.0979e-02, PNorm = 248.4620, GNorm = 0.1176, lr_0 = 7.0000e-05
Validation sid = 0.177213
Epoch 182

Loss = 5.0855e-02, PNorm = 248.7420, GNorm = 0.1656, lr_0 = 7.0000e-05
Validation sid = 0.177044
Epoch 183

Loss = 5.0895e-02, PNorm = 248.9956, GNorm = 0.1144, lr_0 = 7.0000e-05
Validation sid = 0.177002
Epoch 184

Loss = 5.0823e-02, PNorm = 249.2596, GNorm = 0.1305, lr_0 = 7.0000e-05
Validation sid = 0.177402
Epoch 185

Loss = 5.0680e-02, PNorm = 249.5690, GNorm = 0.1164, lr_0 = 7.0000e-05
Validation sid = 0.177352
Epoch 186

Loss = 5.0820e-02, PNorm = 249.8394, GNorm = 0.2398, lr_0 = 7.0000e-05
Validation sid = 0.177590
Epoch 187

Loss = 5.0621e-02, PNorm = 250.1327, GNorm = 0.1227, lr_0 = 7.0000e-05
Validation sid = 0.177565
Epoch 188

Loss = 5.0445e-02, PNorm = 250.4035, GNorm = 0.1184, lr_0 = 7.0000e-05
Validation sid = 0.177677
Epoch 189

Loss = 5.0635e-02, PNorm = 250.6999, GNorm = 0.1172, lr_0 = 7.0000e-05
Validation sid = 0.177743
Epoch 190

Loss = 5.0410e-02, PNorm = 250.9775, GNorm = 0.1499, lr_0 = 7.0000e-05
Validation sid = 0.177597
Epoch 191

Loss = 5.0405e-02, PNorm = 251.2558, GNorm = 0.1107, lr_0 = 7.0000e-05
Validation sid = 0.177903
Epoch 192

Loss = 5.0438e-02, PNorm = 251.4862, GNorm = 0.1578, lr_0 = 7.0000e-05
Validation sid = 0.178300
Epoch 193

Loss = 5.0467e-02, PNorm = 251.7974, GNorm = 0.1094, lr_0 = 7.0000e-05
Validation sid = 0.178047
Epoch 194

Loss = 5.0165e-02, PNorm = 252.0483, GNorm = 0.1321, lr_0 = 7.0000e-05
Validation sid = 0.177979
Epoch 195

Loss = 5.0212e-02, PNorm = 252.3418, GNorm = 0.1168, lr_0 = 7.0000e-05
Validation sid = 0.178317
Epoch 196

Loss = 5.0190e-02, PNorm = 252.6011, GNorm = 0.1974, lr_0 = 7.0000e-05
Validation sid = 0.178314
Epoch 197

Loss = 5.0009e-02, PNorm = 252.8147, GNorm = 0.1161, lr_0 = 7.0000e-05
Validation sid = 0.178226
Epoch 198

Loss = 5.0311e-02, PNorm = 253.0539, GNorm = 0.1069, lr_0 = 7.0000e-05
Validation sid = 0.178291
Epoch 199

Loss = 5.0111e-02, PNorm = 253.3098, GNorm = 0.1137, lr_0 = 7.0000e-05
Validation sid = 0.178460
Epoch 200

Loss = 5.0074e-02, PNorm = 253.5793, GNorm = 0.1163, lr_0 = 7.0000e-05
Validation sid = 0.178359
Epoch 201

Loss = 4.9938e-02, PNorm = 253.8047, GNorm = 0.1108, lr_0 = 7.0000e-05
Validation sid = 0.178499
Epoch 202

Loss = 5.0001e-02, PNorm = 254.0666, GNorm = 0.1425, lr_0 = 7.0000e-05
Validation sid = 0.178409
Epoch 203

Loss = 4.9914e-02, PNorm = 254.3058, GNorm = 0.2053, lr_0 = 7.0000e-05
Validation sid = 0.178562
Epoch 204

Loss = 4.9829e-02, PNorm = 254.5923, GNorm = 0.1343, lr_0 = 7.0000e-05
Validation sid = 0.178579
Epoch 205

Loss = 4.9991e-02, PNorm = 254.7890, GNorm = 0.1250, lr_0 = 7.0000e-05
Validation sid = 0.178563
Epoch 206

Loss = 4.9827e-02, PNorm = 255.0278, GNorm = 0.1186, lr_0 = 7.0000e-05
Validation sid = 0.178769
Epoch 207

Loss = 4.9557e-02, PNorm = 255.2480, GNorm = 0.1056, lr_0 = 7.0000e-05
Validation sid = 0.178418
Epoch 208

Loss = 4.9671e-02, PNorm = 255.4417, GNorm = 0.1163, lr_0 = 7.0000e-05
Validation sid = 0.178891
Epoch 209

Loss = 4.9704e-02, PNorm = 255.6576, GNorm = 0.1138, lr_0 = 7.0000e-05
Validation sid = 0.178815
Epoch 210

Loss = 4.9678e-02, PNorm = 255.9264, GNorm = 0.1212, lr_0 = 7.0000e-05
Validation sid = 0.178692
Epoch 211

Loss = 4.9721e-02, PNorm = 256.1456, GNorm = 0.1197, lr_0 = 7.0000e-05
Validation sid = 0.178827
Epoch 212

Loss = 4.9482e-02, PNorm = 256.3663, GNorm = 0.1189, lr_0 = 7.0000e-05
Validation sid = 0.178783
Epoch 213

Loss = 4.9351e-02, PNorm = 256.5931, GNorm = 0.1040, lr_0 = 7.0000e-05
Validation sid = 0.178945
Epoch 214

Loss = 4.9504e-02, PNorm = 256.8191, GNorm = 0.1205, lr_0 = 7.0000e-05
Validation sid = 0.179020
Epoch 215

Loss = 4.9372e-02, PNorm = 257.0488, GNorm = 0.1036, lr_0 = 7.0000e-05
Validation sid = 0.179063
Epoch 216

Loss = 4.9379e-02, PNorm = 257.2811, GNorm = 0.1106, lr_0 = 7.0000e-05
Validation sid = 0.179093
Epoch 217

Loss = 4.9392e-02, PNorm = 257.4747, GNorm = 0.1042, lr_0 = 7.0000e-05
Validation sid = 0.179141
Epoch 218

Loss = 4.9156e-02, PNorm = 257.7068, GNorm = 0.1107, lr_0 = 7.0000e-05
Validation sid = 0.179283
Epoch 219

Loss = 4.9335e-02, PNorm = 257.8816, GNorm = 0.1041, lr_0 = 7.0000e-05
Validation sid = 0.179363
Epoch 220

Loss = 4.9412e-02, PNorm = 258.1081, GNorm = 0.1170, lr_0 = 7.0000e-05
Validation sid = 0.178989
Epoch 221

Loss = 4.9243e-02, PNorm = 258.3269, GNorm = 0.1354, lr_0 = 7.0000e-05
Validation sid = 0.179365
Epoch 222

Loss = 4.8949e-02, PNorm = 258.5439, GNorm = 0.1591, lr_0 = 7.0000e-05
Validation sid = 0.179375
Epoch 223

Loss = 4.9142e-02, PNorm = 258.7486, GNorm = 0.1389, lr_0 = 7.0000e-05
Validation sid = 0.179476
Epoch 224

Loss = 4.9058e-02, PNorm = 258.9376, GNorm = 0.1204, lr_0 = 7.0000e-05
Validation sid = 0.179453
Epoch 225

Loss = 4.9194e-02, PNorm = 259.1774, GNorm = 0.1120, lr_0 = 7.0000e-05
Validation sid = 0.179189
Epoch 226

Loss = 4.8887e-02, PNorm = 259.3727, GNorm = 0.1210, lr_0 = 7.0000e-05
Validation sid = 0.179531
Epoch 227

Loss = 4.9014e-02, PNorm = 259.5863, GNorm = 0.1110, lr_0 = 7.0000e-05
Validation sid = 0.179404
Epoch 228

Loss = 4.8856e-02, PNorm = 259.8263, GNorm = 0.1144, lr_0 = 7.0000e-05
Validation sid = 0.179727
Epoch 229

Loss = 4.8871e-02, PNorm = 260.0358, GNorm = 0.1424, lr_0 = 7.0000e-05
Validation sid = 0.179693
Epoch 230

Loss = 4.9015e-02, PNorm = 260.1961, GNorm = 0.1564, lr_0 = 7.0000e-05
Validation sid = 0.179823
Epoch 231

Loss = 4.8922e-02, PNorm = 260.3899, GNorm = 0.1152, lr_0 = 7.0000e-05
Validation sid = 0.179535
Epoch 232

Loss = 4.8622e-02, PNorm = 260.6145, GNorm = 0.1121, lr_0 = 7.0000e-05
Validation sid = 0.179700
Epoch 233

Loss = 4.8834e-02, PNorm = 260.8179, GNorm = 0.1167, lr_0 = 7.0000e-05
Validation sid = 0.179863
Epoch 234

Loss = 4.8854e-02, PNorm = 261.0244, GNorm = 0.1144, lr_0 = 7.0000e-05
Validation sid = 0.179801
Epoch 235

Loss = 4.8819e-02, PNorm = 261.2215, GNorm = 0.1021, lr_0 = 7.0000e-05
Validation sid = 0.179844
Epoch 236

Loss = 4.8647e-02, PNorm = 261.4142, GNorm = 0.1166, lr_0 = 7.0000e-05
Validation sid = 0.179814
Epoch 237

Loss = 4.9138e-02, PNorm = 261.5954, GNorm = 0.1068, lr_0 = 7.0000e-05
Validation sid = 0.179810
Epoch 238

Loss = 4.8618e-02, PNorm = 261.7949, GNorm = 0.0999, lr_0 = 7.0000e-05
Validation sid = 0.179820
Epoch 239

Loss = 4.8739e-02, PNorm = 261.9790, GNorm = 0.1523, lr_0 = 7.0000e-05
Validation sid = 0.179832
Epoch 240

Loss = 4.8470e-02, PNorm = 262.1450, GNorm = 0.1131, lr_0 = 7.0000e-05
Validation sid = 0.179814
Epoch 241

Loss = 4.8514e-02, PNorm = 262.3509, GNorm = 0.1107, lr_0 = 7.0000e-05
Validation sid = 0.179726
Epoch 242

Loss = 4.8426e-02, PNorm = 262.5504, GNorm = 0.1083, lr_0 = 7.0000e-05
Validation sid = 0.179661
Epoch 243

Loss = 4.8406e-02, PNorm = 262.7141, GNorm = 0.1212, lr_0 = 7.0000e-05
Validation sid = 0.179960
Epoch 244

Loss = 4.8297e-02, PNorm = 262.9085, GNorm = 0.1127, lr_0 = 7.0000e-05
Validation sid = 0.180016
Epoch 245

Loss = 4.8293e-02, PNorm = 263.0877, GNorm = 0.1085, lr_0 = 7.0000e-05
Validation sid = 0.180159
Epoch 246

Loss = 4.8202e-02, PNorm = 263.2951, GNorm = 0.1147, lr_0 = 7.0000e-05
Validation sid = 0.180352
Epoch 247

Loss = 4.8292e-02, PNorm = 263.4780, GNorm = 0.1047, lr_0 = 7.0000e-05
Validation sid = 0.180264
Epoch 248

Loss = 4.8231e-02, PNorm = 263.6518, GNorm = 0.1007, lr_0 = 7.0000e-05
Validation sid = 0.180323
Epoch 249

Loss = 4.8118e-02, PNorm = 263.8379, GNorm = 0.0997, lr_0 = 7.0000e-05
Validation sid = 0.180173
Model 0 best validation sid = 0.155303 on epoch 24
Loading pretrained parameter "ffn.1.weight".
Loading pretrained parameter "ffn.1.bias".
Loading pretrained parameter "ffn.4.weight".
Loading pretrained parameter "ffn.4.bias".
Moving model to cuda
Model 0 test sid = 0.151077
Ensemble test sid = 0.151077
1-fold cross validation
Seed 0 ==> test sid = 0.151077
Overall test sid = 0.151077 +/- 0.000000
