Fold 0
{'activation': 'ReLU',
 'atom_messages': False,
 'batch_size': 50,
 'bias': False,
 'bias_ffn': True,
 'checkpoint_dir': None,
 'checkpoint_path': None,
 'checkpoint_paths': None,
 'config_path': './recommended_config.json',
 'convergence_margin': 100000000.0,
 'crossval_index_dir': None,
 'crossval_index_file': None,
 'cuda': True,
 'data_path': './data/research_fingerprint_data/train_full.csv',
 'dataset_type': 'spectra',
 'depth': 3,
 'device': 'cuda:0',
 'dropout': 0.05,
 'ensemble_size': 1,
 'epochs': 250,
 'features_generator': ['morgan'],
 'features_only': True,
 'features_path': None,
 'features_scaling': False,
 'ffn_hidden_size': 500,
 'ffn_num_layers': 3,
 'final_lr': 7e-05,
 'folds_file': None,
 'frzn_mpn_checkpoint': None,
 'gpu': 0,
 'hidden_size': 300,
 'init_lr': 0.0001,
 'max_data_size': None,
 'max_lr': 7e-05,
 'metric': 'sid',
 'minimize_score': True,
 'multiclass_num_classes': 3,
 'no_cache': False,
 'normalization_end': None,
 'normalization_start': 0,
 'num_folds': 1,
 'num_lrs': 1,
 'output_activation': 'exp',
 'qnn': True,
 'quiet': False,
 'save_dir': './output/model/morgan_hybrid_fingerprint/fold_0',
 'save_smiles_splits': True,
 'seed': 0,
 'separate_test_features_path': None,
 'separate_test_path': './data/research_fingerprint_data/test_full.csv',
 'separate_val_features_path': None,
 'separate_val_path': './data/research_fingerprint_data/val_full.csv',
 'show_individual_scores': False,
 'sm_eps': 1e-08,
 'sm_thresh': 1e-08,
 'spectral_loss_function': 'sid',
 'spectral_mask_path': None,
 'split_sizes': [0.8, 0.1, 0.1],
 'split_type': 'random_with_repeated_smiles',
 'target_scaling': True,
 'test': False,
 'test_fold_index': None,
 'torch_seed': None,
 'undirected': False,
 'use_compound_names': False,
 'use_input_features': ['morgan'],
 'val_fold_index': None,
 'warmup_epochs': 2.0}
Loading data
Number of tasks = 501
Splitting data with seed 0
Total size = 68,404 | train size = 68,404 | val size = 8,550 | test size = 8,551
Pre-normalizing training targets
Building model 0
MoleculeModel(
  (encoder): MPN(
    (encoder): MPNEncoder()
  )
  (ffn): Sequential(
    (0): <Quantum Torch Layer: func=qnode>
    (1): Linear(in_features=2048, out_features=500, bias=True)
    (2): ReLU()
    (3): Dropout(p=0.05, inplace=False)
    (4): Linear(in_features=500, out_features=501, bias=True)
  )
)
Number of parameters = 1,275,589
Moving model to cuda
Epoch 0
Fold 0
{'activation': 'ReLU',
 'atom_messages': False,
 'batch_size': 50,
 'bias': False,
 'bias_ffn': True,
 'checkpoint_dir': None,
 'checkpoint_path': None,
 'checkpoint_paths': None,
 'config_path': './recommended_config.json',
 'convergence_margin': 100000000.0,
 'crossval_index_dir': None,
 'crossval_index_file': None,
 'cuda': True,
 'data_path': './data/research_fingerprint_data/train_full.csv',
 'dataset_type': 'spectra',
 'depth': 3,
 'device': 'cuda:0',
 'dropout': 0.05,
 'ensemble_size': 1,
 'epochs': 250,
 'features_generator': ['morgan'],
 'features_only': True,
 'features_path': None,
 'features_scaling': False,
 'ffn_hidden_size': 500,
 'ffn_num_layers': 3,
 'final_lr': 7e-05,
 'folds_file': None,
 'frzn_mpn_checkpoint': None,
 'gpu': 0,
 'hidden_size': 300,
 'init_lr': 0.0001,
 'max_data_size': None,
 'max_lr': 7e-05,
 'metric': 'sid',
 'minimize_score': True,
 'multiclass_num_classes': 3,
 'no_cache': False,
 'normalization_end': None,
 'normalization_start': 0,
 'num_folds': 1,
 'num_lrs': 1,
 'output_activation': 'exp',
 'qnn': True,
 'quiet': False,
 'save_dir': './output/model/morgan_hybrid_fingerprint/fold_0',
 'save_smiles_splits': True,
 'seed': 0,
 'separate_test_features_path': None,
 'separate_test_path': './data/research_fingerprint_data/test_full.csv',
 'separate_val_features_path': None,
 'separate_val_path': './data/research_fingerprint_data/val_full.csv',
 'show_individual_scores': False,
 'sm_eps': 1e-08,
 'sm_thresh': 1e-08,
 'spectral_loss_function': 'sid',
 'spectral_mask_path': None,
 'split_sizes': [0.8, 0.1, 0.1],
 'split_type': 'random_with_repeated_smiles',
 'target_scaling': True,
 'test': False,
 'test_fold_index': None,
 'torch_seed': None,
 'undirected': False,
 'use_compound_names': False,
 'use_input_features': ['morgan'],
 'val_fold_index': None,
 'warmup_epochs': 2.0}
Loading data
Number of tasks = 501
Splitting data with seed 0
Total size = 68,404 | train size = 68,404 | val size = 8,550 | test size = 8,551
Pre-normalizing training targets
Building model 0
MoleculeModel(
  (encoder): MPN(
    (encoder): MPNEncoder()
  )
  (ffn): Sequential(
    (0): <Quantum Torch Layer: func=qnode>
    (1): Linear(in_features=2048, out_features=500, bias=True)
    (2): ReLU()
    (3): Dropout(p=0.05, inplace=False)
    (4): Linear(in_features=500, out_features=501, bias=True)
  )
)
Number of parameters = 1,275,589
Moving model to cuda
Epoch 0

Loss = 2.6583e-01, PNorm = 44.6524, GNorm = 0.0228, lr_0 = 8.4989e-05
Validation sid = 0.249673
Epoch 1

Loss = 2.2892e-01, PNorm = 56.5532, GNorm = 0.0344, lr_0 = 7.0000e-05
Validation sid = 0.212663
Epoch 2

Loss = 1.9936e-01, PNorm = 63.5049, GNorm = 0.0653, lr_0 = 7.0000e-05
Validation sid = 0.192174
Epoch 3

Loss = 1.8235e-01, PNorm = 68.3324, GNorm = 0.0477, lr_0 = 7.0000e-05
Validation sid = 0.178051
Epoch 4

Loss = 1.7091e-01, PNorm = 72.0957, GNorm = 0.0853, lr_0 = 7.0000e-05
Validation sid = 0.169156
Epoch 5

Loss = 1.6333e-01, PNorm = 75.2576, GNorm = 0.1128, lr_0 = 7.0000e-05
Validation sid = 0.162985
Epoch 6

Loss = 1.5734e-01, PNorm = 78.2771, GNorm = 0.0604, lr_0 = 7.0000e-05
Validation sid = 0.157926
Epoch 7

Loss = 1.5231e-01, PNorm = 81.2451, GNorm = 0.0519, lr_0 = 7.0000e-05
Validation sid = 0.153647
Epoch 8

Loss = 1.4802e-01, PNorm = 84.0555, GNorm = 0.1503, lr_0 = 7.0000e-05
Validation sid = 0.150135
Epoch 9

Loss = 1.4445e-01, PNorm = 86.7500, GNorm = 0.0642, lr_0 = 7.0000e-05
Validation sid = 0.147226
Epoch 10

Loss = 1.4140e-01, PNorm = 89.3693, GNorm = 0.0607, lr_0 = 7.0000e-05
Validation sid = 0.144837
Epoch 11

Loss = 1.3887e-01, PNorm = 91.7856, GNorm = 0.0603, lr_0 = 7.0000e-05
Validation sid = 0.142812
Epoch 12

Loss = 1.3664e-01, PNorm = 94.1706, GNorm = 0.0963, lr_0 = 7.0000e-05
Validation sid = 0.141084
Epoch 13

Loss = 1.3470e-01, PNorm = 96.4151, GNorm = 0.0555, lr_0 = 7.0000e-05
Validation sid = 0.139564
Epoch 14

Loss = 1.3299e-01, PNorm = 98.5688, GNorm = 0.0544, lr_0 = 7.0000e-05
Validation sid = 0.138293
Epoch 15

Loss = 1.3141e-01, PNorm = 100.6581, GNorm = 0.0960, lr_0 = 7.0000e-05
Validation sid = 0.137115
Epoch 16

Loss = 1.2999e-01, PNorm = 102.6275, GNorm = 0.0763, lr_0 = 7.0000e-05
Validation sid = 0.136012
Epoch 17

Loss = 1.2870e-01, PNorm = 104.5442, GNorm = 0.0935, lr_0 = 7.0000e-05
Validation sid = 0.135092
Epoch 18

Loss = 1.2760e-01, PNorm = 106.3792, GNorm = 0.0687, lr_0 = 7.0000e-05
Validation sid = 0.134272
Epoch 19

Loss = 1.2647e-01, PNorm = 108.1532, GNorm = 0.0659, lr_0 = 7.0000e-05
Validation sid = 0.133498
Epoch 20

Loss = 1.2551e-01, PNorm = 109.8779, GNorm = 0.0597, lr_0 = 7.0000e-05
Validation sid = 0.132821
Epoch 21

Loss = 1.2458e-01, PNorm = 111.5441, GNorm = 0.0777, lr_0 = 7.0000e-05
Validation sid = 0.132152
Epoch 22

Loss = 1.2366e-01, PNorm = 113.1907, GNorm = 0.0687, lr_0 = 7.0000e-05
Validation sid = 0.131601
Epoch 23

Loss = 1.2284e-01, PNorm = 114.7427, GNorm = 0.0769, lr_0 = 7.0000e-05
Validation sid = 0.131030
Epoch 24

Loss = 1.2207e-01, PNorm = 116.2994, GNorm = 0.1368, lr_0 = 7.0000e-05
Validation sid = 0.130580
Epoch 25

Loss = 1.2130e-01, PNorm = 117.8474, GNorm = 0.0678, lr_0 = 7.0000e-05
Validation sid = 0.130129
Epoch 26

Loss = 1.2062e-01, PNorm = 119.3263, GNorm = 0.1184, lr_0 = 7.0000e-05
Validation sid = 0.129664
Epoch 27

Loss = 1.1991e-01, PNorm = 120.7877, GNorm = 0.0855, lr_0 = 7.0000e-05
Validation sid = 0.129297
Epoch 28

Loss = 1.1929e-01, PNorm = 122.2369, GNorm = 0.0987, lr_0 = 7.0000e-05
Validation sid = 0.128852
Epoch 29

Loss = 1.1857e-01, PNorm = 123.6727, GNorm = 0.1182, lr_0 = 7.0000e-05
Validation sid = 0.128492
Epoch 30

Loss = 1.1797e-01, PNorm = 125.0772, GNorm = 0.1063, lr_0 = 7.0000e-05
Validation sid = 0.128140
Epoch 31

Loss = 1.1736e-01, PNorm = 126.4980, GNorm = 0.0929, lr_0 = 7.0000e-05
Validation sid = 0.127830
Epoch 32

Loss = 1.1673e-01, PNorm = 127.8841, GNorm = 0.0662, lr_0 = 7.0000e-05
Validation sid = 0.127459
Epoch 33

Loss = 1.1621e-01, PNorm = 129.2869, GNorm = 0.0802, lr_0 = 7.0000e-05
Validation sid = 0.127161
Epoch 34

Loss = 1.1564e-01, PNorm = 130.6819, GNorm = 0.0885, lr_0 = 7.0000e-05
Validation sid = 0.126896
Epoch 35

Loss = 1.1507e-01, PNorm = 132.0411, GNorm = 0.0912, lr_0 = 7.0000e-05
Validation sid = 0.126569
Epoch 36

Loss = 1.1448e-01, PNorm = 133.4092, GNorm = 0.0806, lr_0 = 7.0000e-05
Validation sid = 0.126294
Epoch 37

Loss = 1.1401e-01, PNorm = 134.7771, GNorm = 0.0852, lr_0 = 7.0000e-05
Validation sid = 0.126038
Epoch 38

Loss = 1.1346e-01, PNorm = 136.1451, GNorm = 0.0945, lr_0 = 7.0000e-05
Validation sid = 0.125790
Epoch 39

Loss = 1.1295e-01, PNorm = 137.5040, GNorm = 0.1281, lr_0 = 7.0000e-05
Validation sid = 0.125477
Epoch 40

Loss = 1.1244e-01, PNorm = 138.8728, GNorm = 0.1065, lr_0 = 7.0000e-05
Validation sid = 0.125217
Epoch 41

Loss = 1.1193e-01, PNorm = 140.2479, GNorm = 0.1109, lr_0 = 7.0000e-05
Validation sid = 0.125004
Epoch 42

Loss = 1.1140e-01, PNorm = 141.6000, GNorm = 0.0901, lr_0 = 7.0000e-05
Validation sid = 0.124695
Epoch 43

Loss = 1.1095e-01, PNorm = 142.9754, GNorm = 0.1125, lr_0 = 7.0000e-05
Validation sid = 0.124500
Epoch 44

Loss = 1.1041e-01, PNorm = 144.3530, GNorm = 0.1002, lr_0 = 7.0000e-05
Validation sid = 0.124263
Epoch 45

Loss = 1.0989e-01, PNorm = 145.7337, GNorm = 0.1248, lr_0 = 7.0000e-05
Validation sid = 0.123979
Epoch 46

Loss = 1.0941e-01, PNorm = 147.1102, GNorm = 0.0882, lr_0 = 7.0000e-05
Validation sid = 0.123731
Epoch 47

Loss = 1.0896e-01, PNorm = 148.5037, GNorm = 0.0715, lr_0 = 7.0000e-05
Validation sid = 0.123473
Epoch 48

Loss = 1.0848e-01, PNorm = 149.8853, GNorm = 0.0868, lr_0 = 7.0000e-05
Validation sid = 0.123258
Epoch 49

Loss = 1.0798e-01, PNorm = 151.3054, GNorm = 0.1120, lr_0 = 7.0000e-05
Validation sid = 0.123057
Epoch 50

Loss = 1.0755e-01, PNorm = 152.7100, GNorm = 0.0921, lr_0 = 7.0000e-05
Validation sid = 0.122832
Epoch 51

Loss = 1.0704e-01, PNorm = 154.1074, GNorm = 0.1450, lr_0 = 7.0000e-05
Validation sid = 0.122584
Epoch 52

Loss = 1.0652e-01, PNorm = 155.5052, GNorm = 0.1271, lr_0 = 7.0000e-05
Validation sid = 0.122376
Epoch 53

Loss = 1.0611e-01, PNorm = 156.9333, GNorm = 0.1064, lr_0 = 7.0000e-05
Validation sid = 0.122151
Epoch 54

Loss = 1.0565e-01, PNorm = 158.3363, GNorm = 0.1262, lr_0 = 7.0000e-05
Validation sid = 0.121943
Epoch 55

Loss = 1.0518e-01, PNorm = 159.7723, GNorm = 0.1135, lr_0 = 7.0000e-05
Validation sid = 0.121706
Epoch 56

Loss = 1.0471e-01, PNorm = 161.2130, GNorm = 0.1091, lr_0 = 7.0000e-05
Validation sid = 0.121544
Epoch 57

Loss = 1.0426e-01, PNorm = 162.6406, GNorm = 0.0973, lr_0 = 7.0000e-05
Validation sid = 0.121300
Epoch 58

Loss = 1.0383e-01, PNorm = 164.0893, GNorm = 0.0950, lr_0 = 7.0000e-05
Validation sid = 0.121091
Epoch 59

Loss = 1.0333e-01, PNorm = 165.5372, GNorm = 0.1161, lr_0 = 7.0000e-05
Validation sid = 0.120931
Epoch 60

Loss = 1.0286e-01, PNorm = 166.9738, GNorm = 0.0983, lr_0 = 7.0000e-05
Validation sid = 0.120658
Epoch 61

Loss = 1.0241e-01, PNorm = 168.4407, GNorm = 0.1005, lr_0 = 7.0000e-05
Validation sid = 0.120473
Epoch 62

Loss = 1.0197e-01, PNorm = 169.9173, GNorm = 0.1185, lr_0 = 7.0000e-05
Validation sid = 0.120271
Epoch 63

Loss = 1.0151e-01, PNorm = 171.3867, GNorm = 0.1010, lr_0 = 7.0000e-05
Validation sid = 0.120042
Epoch 64

Loss = 1.0107e-01, PNorm = 172.8777, GNorm = 0.1050, lr_0 = 7.0000e-05
Validation sid = 0.119854
Epoch 65

Loss = 1.0061e-01, PNorm = 174.3654, GNorm = 0.1408, lr_0 = 7.0000e-05
Validation sid = 0.119612
Epoch 66

Loss = 1.0009e-01, PNorm = 175.8791, GNorm = 0.1238, lr_0 = 7.0000e-05
Validation sid = 0.119474
Epoch 67

Loss = 9.9706e-02, PNorm = 177.3662, GNorm = 0.1041, lr_0 = 7.0000e-05
Validation sid = 0.119246
Epoch 68

Loss = 9.9251e-02, PNorm = 178.8789, GNorm = 0.1002, lr_0 = 7.0000e-05
Validation sid = 0.119087
Epoch 69

Loss = 9.8785e-02, PNorm = 180.3954, GNorm = 0.1229, lr_0 = 7.0000e-05
Validation sid = 0.118895
Epoch 70

Loss = 9.8381e-02, PNorm = 181.9222, GNorm = 0.1565, lr_0 = 7.0000e-05
Validation sid = 0.118689
Epoch 71

Loss = 9.7981e-02, PNorm = 183.4668, GNorm = 0.1158, lr_0 = 7.0000e-05
Validation sid = 0.118522
Epoch 72

Loss = 9.7478e-02, PNorm = 184.9929, GNorm = 0.0906, lr_0 = 7.0000e-05
Validation sid = 0.118314
Epoch 73

Loss = 9.7071e-02, PNorm = 186.5374, GNorm = 0.1076, lr_0 = 7.0000e-05
Validation sid = 0.118109
Epoch 74

Loss = 9.6612e-02, PNorm = 188.0903, GNorm = 0.1116, lr_0 = 7.0000e-05
Validation sid = 0.117980
Epoch 75

Loss = 9.6178e-02, PNorm = 189.6584, GNorm = 0.1195, lr_0 = 7.0000e-05
Validation sid = 0.117730
Epoch 76

Loss = 9.5733e-02, PNorm = 191.2308, GNorm = 0.1002, lr_0 = 7.0000e-05
Validation sid = 0.117579
Epoch 77

Loss = 9.5318e-02, PNorm = 192.8186, GNorm = 0.1100, lr_0 = 7.0000e-05
Validation sid = 0.117390
Epoch 78

Loss = 9.4882e-02, PNorm = 194.3935, GNorm = 0.1859, lr_0 = 7.0000e-05
Validation sid = 0.117222
Epoch 79

Loss = 9.4391e-02, PNorm = 195.9908, GNorm = 0.0953, lr_0 = 7.0000e-05
Validation sid = 0.117082
Epoch 80

Loss = 9.3976e-02, PNorm = 197.5647, GNorm = 0.1489, lr_0 = 7.0000e-05
Validation sid = 0.116871
Epoch 81

Loss = 9.3536e-02, PNorm = 199.1899, GNorm = 0.1039, lr_0 = 7.0000e-05
Validation sid = 0.116704
Epoch 82

Loss = 9.3131e-02, PNorm = 200.7877, GNorm = 0.1111, lr_0 = 7.0000e-05
Validation sid = 0.116522
Epoch 83

Loss = 9.2716e-02, PNorm = 202.3926, GNorm = 0.1301, lr_0 = 7.0000e-05
Validation sid = 0.116423
Epoch 84

Loss = 9.2272e-02, PNorm = 204.0042, GNorm = 0.1226, lr_0 = 7.0000e-05
Validation sid = 0.116190
Epoch 85

Loss = 9.1785e-02, PNorm = 205.6192, GNorm = 0.0966, lr_0 = 7.0000e-05
Validation sid = 0.116005
Epoch 86

Loss = 9.1413e-02, PNorm = 207.2390, GNorm = 0.1294, lr_0 = 7.0000e-05
Validation sid = 0.115828
Epoch 87

Loss = 9.0981e-02, PNorm = 208.8637, GNorm = 0.1076, lr_0 = 7.0000e-05
Validation sid = 0.115686
Epoch 88

Loss = 9.0572e-02, PNorm = 210.5033, GNorm = 0.1229, lr_0 = 7.0000e-05
Validation sid = 0.115520
Epoch 89

Loss = 9.0176e-02, PNorm = 212.1310, GNorm = 0.1209, lr_0 = 7.0000e-05
Validation sid = 0.115402
Epoch 90

Loss = 8.9726e-02, PNorm = 213.7632, GNorm = 0.1601, lr_0 = 7.0000e-05
Validation sid = 0.115227
Epoch 91

Loss = 8.9330e-02, PNorm = 215.4195, GNorm = 0.1356, lr_0 = 7.0000e-05
Validation sid = 0.115064
Epoch 92

Loss = 8.8902e-02, PNorm = 217.0735, GNorm = 0.1590, lr_0 = 7.0000e-05
Validation sid = 0.114876
Epoch 93

Loss = 8.8526e-02, PNorm = 218.7136, GNorm = 0.1147, lr_0 = 7.0000e-05
Validation sid = 0.114715
Epoch 94

Loss = 8.8049e-02, PNorm = 220.3629, GNorm = 0.1303, lr_0 = 7.0000e-05
Validation sid = 0.114577
Epoch 95

Loss = 8.7635e-02, PNorm = 222.0193, GNorm = 0.1350, lr_0 = 7.0000e-05
Validation sid = 0.114457
Epoch 96

Loss = 8.7244e-02, PNorm = 223.6753, GNorm = 0.1612, lr_0 = 7.0000e-05
Validation sid = 0.114373
Epoch 97

Loss = 8.6883e-02, PNorm = 225.3395, GNorm = 0.1348, lr_0 = 7.0000e-05
Validation sid = 0.114161
Epoch 98

Loss = 8.6455e-02, PNorm = 227.0009, GNorm = 0.1337, lr_0 = 7.0000e-05
Validation sid = 0.114044
Epoch 99

Loss = 8.6027e-02, PNorm = 228.6600, GNorm = 0.1252, lr_0 = 7.0000e-05
Validation sid = 0.113877
Epoch 100

Loss = 8.5694e-02, PNorm = 230.3159, GNorm = 0.1292, lr_0 = 7.0000e-05
Validation sid = 0.113724
Epoch 101

Loss = 8.5215e-02, PNorm = 231.9838, GNorm = 0.1444, lr_0 = 7.0000e-05
Validation sid = 0.113594
Epoch 102

Loss = 8.4850e-02, PNorm = 233.6560, GNorm = 0.1363, lr_0 = 7.0000e-05
Validation sid = 0.113457
Epoch 103

Loss = 8.4492e-02, PNorm = 235.3154, GNorm = 0.1347, lr_0 = 7.0000e-05
Validation sid = 0.113352
Epoch 104

Loss = 8.4067e-02, PNorm = 236.9994, GNorm = 0.1261, lr_0 = 7.0000e-05
Validation sid = 0.113245
Epoch 105

Loss = 8.3710e-02, PNorm = 238.6631, GNorm = 0.1504, lr_0 = 7.0000e-05
Validation sid = 0.113109
Epoch 106

Loss = 8.3270e-02, PNorm = 240.3332, GNorm = 0.1272, lr_0 = 7.0000e-05
Validation sid = 0.112959
Epoch 107

Loss = 8.2884e-02, PNorm = 242.0118, GNorm = 0.1118, lr_0 = 7.0000e-05
Validation sid = 0.112874
Epoch 108

Loss = 8.2540e-02, PNorm = 243.6786, GNorm = 0.1517, lr_0 = 7.0000e-05
Validation sid = 0.112715
Epoch 109

Loss = 8.2070e-02, PNorm = 245.3357, GNorm = 0.1408, lr_0 = 7.0000e-05
Validation sid = 0.112555
Epoch 110

Loss = 8.1740e-02, PNorm = 247.0224, GNorm = 0.1323, lr_0 = 7.0000e-05
Validation sid = 0.112550
Epoch 111

Loss = 8.1324e-02, PNorm = 248.6945, GNorm = 0.1545, lr_0 = 7.0000e-05
Validation sid = 0.112344
Epoch 112

Loss = 8.0963e-02, PNorm = 250.3734, GNorm = 0.1477, lr_0 = 7.0000e-05
Validation sid = 0.112232
Epoch 113

Loss = 8.0638e-02, PNorm = 252.0266, GNorm = 0.1609, lr_0 = 7.0000e-05
Validation sid = 0.112149
Epoch 114

Loss = 8.0229e-02, PNorm = 253.7077, GNorm = 0.1681, lr_0 = 7.0000e-05
Validation sid = 0.111994
Epoch 115

Loss = 7.9873e-02, PNorm = 255.3719, GNorm = 0.1346, lr_0 = 7.0000e-05
Validation sid = 0.111901
Epoch 116

Loss = 7.9485e-02, PNorm = 257.0499, GNorm = 0.1369, lr_0 = 7.0000e-05
Validation sid = 0.111804
Epoch 117

Loss = 7.9116e-02, PNorm = 258.7100, GNorm = 0.1737, lr_0 = 7.0000e-05
Validation sid = 0.111697
Epoch 118

Loss = 7.8792e-02, PNorm = 260.3699, GNorm = 0.1699, lr_0 = 7.0000e-05
Validation sid = 0.111581
Epoch 119

Loss = 7.8420e-02, PNorm = 262.0339, GNorm = 0.1436, lr_0 = 7.0000e-05
Validation sid = 0.111518
Epoch 120

Loss = 7.8062e-02, PNorm = 263.7033, GNorm = 0.1306, lr_0 = 7.0000e-05
Validation sid = 0.111442
Epoch 121

Loss = 7.7669e-02, PNorm = 265.3598, GNorm = 0.1187, lr_0 = 7.0000e-05
Validation sid = 0.111325
Epoch 122

Loss = 7.7289e-02, PNorm = 267.0197, GNorm = 0.1216, lr_0 = 7.0000e-05
Validation sid = 0.111221
Epoch 123

Loss = 7.6957e-02, PNorm = 268.6783, GNorm = 0.1139, lr_0 = 7.0000e-05
Validation sid = 0.111169
Epoch 124

Loss = 7.6636e-02, PNorm = 270.3382, GNorm = 0.1214, lr_0 = 7.0000e-05
Validation sid = 0.111059
Epoch 125

Loss = 7.6263e-02, PNorm = 271.9759, GNorm = 0.1200, lr_0 = 7.0000e-05
Validation sid = 0.110969
Epoch 126

Loss = 7.5865e-02, PNorm = 273.6280, GNorm = 0.1942, lr_0 = 7.0000e-05
Validation sid = 0.110894
Epoch 127

Loss = 7.5589e-02, PNorm = 275.2751, GNorm = 0.1590, lr_0 = 7.0000e-05
Validation sid = 0.110817
Epoch 128

Loss = 7.5188e-02, PNorm = 276.9185, GNorm = 0.1387, lr_0 = 7.0000e-05
Validation sid = 0.110671
Epoch 129

Loss = 7.4879e-02, PNorm = 278.5627, GNorm = 0.1311, lr_0 = 7.0000e-05
Validation sid = 0.110569
Epoch 130

Loss = 7.4528e-02, PNorm = 280.2131, GNorm = 0.2214, lr_0 = 7.0000e-05
Validation sid = 0.110568
Epoch 131

Loss = 7.4173e-02, PNorm = 281.8438, GNorm = 0.1618, lr_0 = 7.0000e-05
Validation sid = 0.110529
Epoch 132

Loss = 7.3873e-02, PNorm = 283.4846, GNorm = 0.1442, lr_0 = 7.0000e-05
Validation sid = 0.110404
Epoch 133

Loss = 7.3525e-02, PNorm = 285.1060, GNorm = 0.1463, lr_0 = 7.0000e-05
Validation sid = 0.110330
Epoch 134

Loss = 7.3196e-02, PNorm = 286.7290, GNorm = 0.1344, lr_0 = 7.0000e-05
Validation sid = 0.110274
Epoch 135

Loss = 7.2934e-02, PNorm = 288.3571, GNorm = 0.1262, lr_0 = 7.0000e-05
Validation sid = 0.110158
Epoch 136

Loss = 7.2517e-02, PNorm = 289.9724, GNorm = 0.1920, lr_0 = 7.0000e-05
Validation sid = 0.110138
Epoch 137

Loss = 7.2253e-02, PNorm = 291.5882, GNorm = 0.1637, lr_0 = 7.0000e-05
Validation sid = 0.110042
Epoch 138

Loss = 7.1846e-02, PNorm = 293.2027, GNorm = 0.1156, lr_0 = 7.0000e-05
Validation sid = 0.110022
Epoch 139

Loss = 7.1630e-02, PNorm = 294.8014, GNorm = 0.1350, lr_0 = 7.0000e-05
Validation sid = 0.109920
Epoch 140

Loss = 7.1288e-02, PNorm = 296.3926, GNorm = 0.2290, lr_0 = 7.0000e-05
Validation sid = 0.109848
Epoch 141

Loss = 7.0963e-02, PNorm = 297.9821, GNorm = 0.1630, lr_0 = 7.0000e-05
Validation sid = 0.109855
Epoch 142

Loss = 7.0586e-02, PNorm = 299.5747, GNorm = 0.1264, lr_0 = 7.0000e-05
Validation sid = 0.109730
Epoch 143

Loss = 7.0338e-02, PNorm = 301.1712, GNorm = 0.1424, lr_0 = 7.0000e-05
Validation sid = 0.109692
Epoch 144

Loss = 7.0040e-02, PNorm = 302.7631, GNorm = 0.1322, lr_0 = 7.0000e-05
Validation sid = 0.109659
Epoch 145

Loss = 6.9689e-02, PNorm = 304.3313, GNorm = 0.1755, lr_0 = 7.0000e-05
Validation sid = 0.109584
Epoch 146

Loss = 6.9429e-02, PNorm = 305.9061, GNorm = 0.1396, lr_0 = 7.0000e-05
Validation sid = 0.109572
Epoch 147

Loss = 6.9080e-02, PNorm = 307.4837, GNorm = 0.1699, lr_0 = 7.0000e-05
Validation sid = 0.109485
Epoch 148

Loss = 6.8794e-02, PNorm = 309.0444, GNorm = 0.1234, lr_0 = 7.0000e-05
Validation sid = 0.109412
Epoch 149

Loss = 6.8535e-02, PNorm = 310.6149, GNorm = 0.1523, lr_0 = 7.0000e-05
Validation sid = 0.109386
Epoch 150

Loss = 6.8224e-02, PNorm = 312.1605, GNorm = 0.1475, lr_0 = 7.0000e-05
Validation sid = 0.109356
Epoch 151

Loss = 6.7899e-02, PNorm = 313.7097, GNorm = 0.2056, lr_0 = 7.0000e-05
Validation sid = 0.109347
Epoch 152

Loss = 6.7671e-02, PNorm = 315.2605, GNorm = 0.1815, lr_0 = 7.0000e-05
Validation sid = 0.109215
Epoch 153

Loss = 6.7341e-02, PNorm = 316.7922, GNorm = 0.1654, lr_0 = 7.0000e-05
Validation sid = 0.109238
Epoch 154

Loss = 6.7068e-02, PNorm = 318.3221, GNorm = 0.1744, lr_0 = 7.0000e-05
Validation sid = 0.109134
Epoch 155

Loss = 6.6763e-02, PNorm = 319.8617, GNorm = 0.1598, lr_0 = 7.0000e-05
Validation sid = 0.109098
Epoch 156

Loss = 6.6516e-02, PNorm = 321.3761, GNorm = 0.1837, lr_0 = 7.0000e-05
Validation sid = 0.109063
Epoch 157

Loss = 6.6155e-02, PNorm = 322.8835, GNorm = 0.1618, lr_0 = 7.0000e-05
Validation sid = 0.109035
Epoch 158

Loss = 6.5912e-02, PNorm = 324.3956, GNorm = 0.1404, lr_0 = 7.0000e-05
Validation sid = 0.108976
Epoch 159

Loss = 6.5615e-02, PNorm = 325.9128, GNorm = 0.1328, lr_0 = 7.0000e-05
Validation sid = 0.108984
Epoch 160

Loss = 6.5399e-02, PNorm = 327.4159, GNorm = 0.1444, lr_0 = 7.0000e-05
Validation sid = 0.108978
Epoch 161

Loss = 6.5121e-02, PNorm = 328.9188, GNorm = 0.1843, lr_0 = 7.0000e-05
Validation sid = 0.108867
Epoch 162

Loss = 6.4927e-02, PNorm = 330.3996, GNorm = 0.1783, lr_0 = 7.0000e-05
Validation sid = 0.108853
Epoch 163

Loss = 6.4537e-02, PNorm = 331.8901, GNorm = 0.1465, lr_0 = 7.0000e-05
Validation sid = 0.108836
Epoch 164

Loss = 6.4351e-02, PNorm = 333.3649, GNorm = 0.1782, lr_0 = 7.0000e-05
Validation sid = 0.108805
Epoch 165

Loss = 6.4054e-02, PNorm = 334.8335, GNorm = 0.1349, lr_0 = 7.0000e-05
Validation sid = 0.108787
Epoch 166

Loss = 6.3791e-02, PNorm = 336.3138, GNorm = 0.1554, lr_0 = 7.0000e-05
Validation sid = 0.108807
Epoch 167

Loss = 6.3554e-02, PNorm = 337.7605, GNorm = 0.1502, lr_0 = 7.0000e-05
Validation sid = 0.108740
Epoch 168

Loss = 6.3218e-02, PNorm = 339.2299, GNorm = 0.1483, lr_0 = 7.0000e-05
Validation sid = 0.108720
Epoch 169

Loss = 6.3076e-02, PNorm = 340.6741, GNorm = 0.1548, lr_0 = 7.0000e-05
Validation sid = 0.108656
Epoch 170

Loss = 6.2781e-02, PNorm = 342.1168, GNorm = 0.1591, lr_0 = 7.0000e-05
Validation sid = 0.108683
Epoch 171

Loss = 6.2512e-02, PNorm = 343.5484, GNorm = 0.1261, lr_0 = 7.0000e-05
Validation sid = 0.108670
Epoch 172

Loss = 6.2283e-02, PNorm = 344.9781, GNorm = 0.1587, lr_0 = 7.0000e-05
Validation sid = 0.108715
Epoch 173

Loss = 6.2057e-02, PNorm = 346.3983, GNorm = 0.1481, lr_0 = 7.0000e-05
Validation sid = 0.108661
Epoch 174

Loss = 6.1798e-02, PNorm = 347.8178, GNorm = 0.1590, lr_0 = 7.0000e-05
Validation sid = 0.108544
Epoch 175

Loss = 6.1569e-02, PNorm = 349.2262, GNorm = 0.1674, lr_0 = 7.0000e-05
Validation sid = 0.108571
Epoch 176

Loss = 6.1280e-02, PNorm = 350.6292, GNorm = 0.1429, lr_0 = 7.0000e-05
Validation sid = 0.108510
Epoch 177

Loss = 6.1082e-02, PNorm = 352.0263, GNorm = 0.1463, lr_0 = 7.0000e-05
Validation sid = 0.108507
Epoch 178

Loss = 6.0818e-02, PNorm = 353.4296, GNorm = 0.1629, lr_0 = 7.0000e-05
Validation sid = 0.108524
Epoch 179

Loss = 6.0646e-02, PNorm = 354.8188, GNorm = 0.1790, lr_0 = 7.0000e-05
Validation sid = 0.108518
Epoch 180

Loss = 6.0356e-02, PNorm = 356.2033, GNorm = 0.1738, lr_0 = 7.0000e-05
Validation sid = 0.108568
Epoch 181

Loss = 6.0072e-02, PNorm = 357.5770, GNorm = 0.1852, lr_0 = 7.0000e-05
Validation sid = 0.108555
Epoch 182

Loss = 5.9899e-02, PNorm = 358.9507, GNorm = 0.1688, lr_0 = 7.0000e-05
Validation sid = 0.108541
Epoch 183

Loss = 5.9698e-02, PNorm = 360.2983, GNorm = 0.1634, lr_0 = 7.0000e-05
Validation sid = 0.108501
Epoch 184

Loss = 5.9478e-02, PNorm = 361.6508, GNorm = 0.1611, lr_0 = 7.0000e-05
Validation sid = 0.108520
Epoch 185

Loss = 5.9240e-02, PNorm = 363.0102, GNorm = 0.1430, lr_0 = 7.0000e-05
Validation sid = 0.108505
Epoch 186

Loss = 5.9048e-02, PNorm = 364.3480, GNorm = 0.1680, lr_0 = 7.0000e-05
Validation sid = 0.108500
Epoch 187

Loss = 5.8796e-02, PNorm = 365.6990, GNorm = 0.1723, lr_0 = 7.0000e-05
Validation sid = 0.108509
Epoch 188

Loss = 5.8579e-02, PNorm = 367.0215, GNorm = 0.1527, lr_0 = 7.0000e-05
Validation sid = 0.108511
Epoch 189

Loss = 5.8379e-02, PNorm = 368.3405, GNorm = 0.1370, lr_0 = 7.0000e-05
Validation sid = 0.108489
Epoch 190

Loss = 5.8105e-02, PNorm = 369.6576, GNorm = 0.2170, lr_0 = 7.0000e-05
Validation sid = 0.108535
Epoch 191

Loss = 5.7862e-02, PNorm = 370.9650, GNorm = 0.1527, lr_0 = 7.0000e-05
Validation sid = 0.108490
Epoch 192

Loss = 5.7757e-02, PNorm = 372.2833, GNorm = 0.1574, lr_0 = 7.0000e-05
Validation sid = 0.108512
Epoch 193

Loss = 5.7523e-02, PNorm = 373.5818, GNorm = 0.1703, lr_0 = 7.0000e-05
Validation sid = 0.108499
Epoch 194

Loss = 5.7353e-02, PNorm = 374.8777, GNorm = 0.1656, lr_0 = 7.0000e-05
Validation sid = 0.108590
Epoch 195

Loss = 5.7116e-02, PNorm = 376.1691, GNorm = 0.1508, lr_0 = 7.0000e-05
Validation sid = 0.108544
Epoch 196

Loss = 5.6874e-02, PNorm = 377.4494, GNorm = 0.1488, lr_0 = 7.0000e-05
Validation sid = 0.108574
Epoch 197

Loss = 5.6743e-02, PNorm = 378.7333, GNorm = 0.1607, lr_0 = 7.0000e-05
Validation sid = 0.108598
Epoch 198

Loss = 5.6464e-02, PNorm = 379.9972, GNorm = 0.1614, lr_0 = 7.0000e-05
Validation sid = 0.108609
Epoch 199

Loss = 5.6310e-02, PNorm = 381.2657, GNorm = 0.1529, lr_0 = 7.0000e-05
Validation sid = 0.108548
Epoch 200

Loss = 5.6146e-02, PNorm = 382.5243, GNorm = 0.1765, lr_0 = 7.0000e-05
Validation sid = 0.108629
Epoch 201

Loss = 5.5918e-02, PNorm = 383.7703, GNorm = 0.1708, lr_0 = 7.0000e-05
Validation sid = 0.108643
Epoch 202

Loss = 5.5788e-02, PNorm = 385.0135, GNorm = 0.1690, lr_0 = 7.0000e-05
Validation sid = 0.108658
Epoch 203

Loss = 5.5548e-02, PNorm = 386.2486, GNorm = 0.1516, lr_0 = 7.0000e-05
Validation sid = 0.108634
Epoch 204

Loss = 5.5320e-02, PNorm = 387.4735, GNorm = 0.1687, lr_0 = 7.0000e-05
Validation sid = 0.108663
Epoch 205

Loss = 5.5179e-02, PNorm = 388.6946, GNorm = 0.1654, lr_0 = 7.0000e-05
Validation sid = 0.108662
Epoch 206

Loss = 5.4969e-02, PNorm = 389.9165, GNorm = 0.1790, lr_0 = 7.0000e-05
Validation sid = 0.108673
Epoch 207

Loss = 5.4790e-02, PNorm = 391.1407, GNorm = 0.1781, lr_0 = 7.0000e-05
Validation sid = 0.108710
Epoch 208

Loss = 5.4582e-02, PNorm = 392.3455, GNorm = 0.2069, lr_0 = 7.0000e-05
Validation sid = 0.108690
Epoch 209

Loss = 5.4450e-02, PNorm = 393.5509, GNorm = 0.1636, lr_0 = 7.0000e-05
Validation sid = 0.108763
Epoch 210

Loss = 5.4252e-02, PNorm = 394.7342, GNorm = 0.1528, lr_0 = 7.0000e-05
Validation sid = 0.108775
Epoch 211

Loss = 5.4081e-02, PNorm = 395.9248, GNorm = 0.1694, lr_0 = 7.0000e-05
Validation sid = 0.108784
Epoch 212

Loss = 5.3901e-02, PNorm = 397.1061, GNorm = 0.1440, lr_0 = 7.0000e-05
Validation sid = 0.108815
Epoch 213

Loss = 5.3731e-02, PNorm = 398.2677, GNorm = 0.1658, lr_0 = 7.0000e-05
Validation sid = 0.108791
Epoch 214

Loss = 5.3592e-02, PNorm = 399.4317, GNorm = 0.1798, lr_0 = 7.0000e-05
Validation sid = 0.108838
Epoch 215

Loss = 5.3375e-02, PNorm = 400.6029, GNorm = 0.1554, lr_0 = 7.0000e-05
Validation sid = 0.108853
Epoch 216

Loss = 5.3238e-02, PNorm = 401.7548, GNorm = 0.1651, lr_0 = 7.0000e-05
Validation sid = 0.108920
Epoch 217

Loss = 5.3037e-02, PNorm = 402.9086, GNorm = 0.1563, lr_0 = 7.0000e-05
Validation sid = 0.108831
Epoch 218

Loss = 5.2868e-02, PNorm = 404.0505, GNorm = 0.1520, lr_0 = 7.0000e-05
Validation sid = 0.108934
Epoch 219

Loss = 5.2686e-02, PNorm = 405.1903, GNorm = 0.1320, lr_0 = 7.0000e-05
Validation sid = 0.108916
Epoch 220

Loss = 5.2505e-02, PNorm = 406.3332, GNorm = 0.1826, lr_0 = 7.0000e-05
Validation sid = 0.109064
Epoch 221

Loss = 5.2361e-02, PNorm = 407.4630, GNorm = 0.1860, lr_0 = 7.0000e-05
Validation sid = 0.108995
Epoch 222

Loss = 5.2267e-02, PNorm = 408.5849, GNorm = 0.1799, lr_0 = 7.0000e-05
Validation sid = 0.109012
Epoch 223

Loss = 5.2111e-02, PNorm = 409.6846, GNorm = 0.1933, lr_0 = 7.0000e-05
Validation sid = 0.108999
Epoch 224

Loss = 5.1892e-02, PNorm = 410.7887, GNorm = 0.1458, lr_0 = 7.0000e-05
Validation sid = 0.109090
Epoch 225

Loss = 5.1740e-02, PNorm = 411.8942, GNorm = 0.1399, lr_0 = 7.0000e-05
Validation sid = 0.109127
Epoch 226

Loss = 5.1544e-02, PNorm = 412.9918, GNorm = 0.2008, lr_0 = 7.0000e-05
Validation sid = 0.109171
Epoch 227

Loss = 5.1464e-02, PNorm = 414.0893, GNorm = 0.1550, lr_0 = 7.0000e-05
Validation sid = 0.109198
Epoch 228

Loss = 5.1299e-02, PNorm = 415.1779, GNorm = 0.1372, lr_0 = 7.0000e-05
Validation sid = 0.109154
Epoch 229

Loss = 5.1181e-02, PNorm = 416.2459, GNorm = 0.1565, lr_0 = 7.0000e-05
Validation sid = 0.109210
Epoch 230

Loss = 5.1006e-02, PNorm = 417.3232, GNorm = 0.2119, lr_0 = 7.0000e-05
Validation sid = 0.109251
Epoch 231

Loss = 5.0789e-02, PNorm = 418.4014, GNorm = 0.1631, lr_0 = 7.0000e-05
Validation sid = 0.109270
Epoch 232

Loss = 5.0723e-02, PNorm = 419.4521, GNorm = 0.1756, lr_0 = 7.0000e-05
Validation sid = 0.109294
Epoch 233

Loss = 5.0532e-02, PNorm = 420.5046, GNorm = 0.1720, lr_0 = 7.0000e-05
Validation sid = 0.109314
Epoch 234

Loss = 5.0384e-02, PNorm = 421.5500, GNorm = 0.1815, lr_0 = 7.0000e-05
Validation sid = 0.109350
Epoch 235

Loss = 5.0216e-02, PNorm = 422.5994, GNorm = 0.1458, lr_0 = 7.0000e-05
Validation sid = 0.109365
Epoch 236

Loss = 5.0096e-02, PNorm = 423.6330, GNorm = 0.1864, lr_0 = 7.0000e-05
Validation sid = 0.109413
Epoch 237

Loss = 4.9941e-02, PNorm = 424.6670, GNorm = 0.1601, lr_0 = 7.0000e-05
Validation sid = 0.109413
Epoch 238

Loss = 4.9824e-02, PNorm = 425.7044, GNorm = 0.1636, lr_0 = 7.0000e-05
Validation sid = 0.109409
Epoch 239

Loss = 4.9687e-02, PNorm = 426.7248, GNorm = 0.1839, lr_0 = 7.0000e-05
Validation sid = 0.109454
Epoch 240
