Fold 0
{'activation': 'ReLU',
 'atom_messages': False,
 'batch_size': 50,
 'bias': False,
 'bias_ffn': True,
 'checkpoint_dir': None,
 'checkpoint_path': None,
 'checkpoint_paths': None,
 'config_path': './recommended_config.json',
 'convergence_margin': 100000000.0,
 'crossval_index_dir': None,
 'crossval_index_file': None,
 'cuda': True,
 'data_path': 'morgan_data/fold_0/train_full.csv',
 'dataset_type': 'spectra',
 'depth': 6,
 'device': 'cuda:0',
 'dropout': 0.05,
 'ensemble_size': 1,
 'epochs': 250,
 'features_generator': ['morgan'],
 'features_only': True,
 'features_path': None,
 'features_scaling': False,
 'ffn_hidden_size': 2048,
 'ffn_num_layers': 2,
 'final_lr': 7e-05,
 'folds_file': None,
 'frzn_mpn_checkpoint': None,
 'gpu': 0,
 'hidden_size': 2200,
 'init_lr': 0.0001,
 'max_data_size': None,
 'max_lr': 7e-05,
 'metric': 'sid',
 'minimize_score': True,
 'multiclass_num_classes': 3,
 'no_cache': False,
 'normalization_end': 550,
 'normalization_start': 50,
 'num_folds': 1,
 'num_lrs': 1,
 'output_activation': 'exp',
 'qnn': True,
 'quiet': False,
 'save_dir': './output/morgan_hybrid_probs/fold_0',
 'save_smiles_splits': True,
 'seed': 0,
 'separate_test_features_path': None,
 'separate_test_path': 'morgan_data/fold_0/test_full.csv',
 'separate_val_features_path': None,
 'separate_val_path': 'morgan_data/fold_0/val_full.csv',
 'show_individual_scores': False,
 'sm_eps': 1e-08,
 'sm_thresh': 1e-08,
 'spectral_loss_function': 'sid',
 'spectral_mask_path': None,
 'split_sizes': [0.8, 0.1, 0.1],
 'split_type': 'random_with_repeated_smiles',
 'target_scaling': True,
 'test': False,
 'test_fold_index': None,
 'torch_seed': None,
 'undirected': False,
 'use_compound_names': False,
 'use_input_features': ['morgan'],
 'val_fold_index': None,
 'warmup_epochs': 2.0}
Loading data
Number of tasks = 1801
Splitting data with seed 0
Total size = 68,404 | train size = 68,404 | val size = 8,550 | test size = 8,551
Pre-normalizing training targets
Building model 0
MoleculeModel(
  (encoder): MPN(
    (encoder): MPNEncoder()
  )
  (ffn): Sequential(
    (0): <Quantum Torch Layer: func=qnode>
    (1): ReLU()
    (2): Dropout(p=0.05, inplace=False)
    (3): Linear(in_features=2048, out_features=1801, bias=True)
  )
)
Number of parameters = 3,690,359
Moving model to cuda
Epoch 0

Loss = 2.0127e+00, PNorm = 216.3881, GNorm = 0.0593, lr_0 = 8.4989e-05
Validation sid = 1.761730
Epoch 1

Loss = 1.5829e+00, PNorm = 369.7082, GNorm = 0.0494, lr_0 = 7.0000e-05
Validation sid = 1.429847
Epoch 2

Loss = 1.3107e+00, PNorm = 494.6319, GNorm = 0.0430, lr_0 = 7.0000e-05
Validation sid = 1.200587
Epoch 3

Loss = 1.1074e+00, PNorm = 607.1904, GNorm = 0.0352, lr_0 = 7.0000e-05
Validation sid = 1.021286
Epoch 4

Loss = 9.4802e-01, PNorm = 710.1993, GNorm = 0.0336, lr_0 = 7.0000e-05
Validation sid = 0.880311
Epoch 5

Loss = 8.2232e-01, PNorm = 805.0511, GNorm = 0.0246, lr_0 = 7.0000e-05
Validation sid = 0.768556
Epoch 6
Fold 0
{'activation': 'ReLU',
 'atom_messages': False,
 'batch_size': 50,
 'bias': False,
 'bias_ffn': True,
 'checkpoint_dir': None,
 'checkpoint_path': None,
 'checkpoint_paths': None,
 'config_path': './recommended_config.json',
 'convergence_margin': 100000000.0,
 'crossval_index_dir': None,
 'crossval_index_file': None,
 'cuda': True,
 'data_path': 'morgan_data/fold_0/train_full.csv',
 'dataset_type': 'spectra',
 'depth': 6,
 'device': 'cuda:0',
 'dropout': 0.05,
 'ensemble_size': 1,
 'epochs': 250,
 'features_generator': ['morgan'],
 'features_only': True,
 'features_path': None,
 'features_scaling': False,
 'ffn_hidden_size': 1024,
 'ffn_num_layers': 2,
 'final_lr': 7e-05,
 'folds_file': None,
 'frzn_mpn_checkpoint': None,
 'gpu': 0,
 'hidden_size': 2200,
 'init_lr': 0.0001,
 'max_data_size': None,
 'max_lr': 7e-05,
 'metric': 'sid',
 'minimize_score': True,
 'multiclass_num_classes': 3,
 'no_cache': False,
 'normalization_end': 550,
 'normalization_start': 50,
 'num_folds': 1,
 'num_lrs': 1,
 'output_activation': 'exp',
 'qnn': True,
 'quiet': False,
 'save_dir': './output/morgan_hybrid_probs/fold_0',
 'save_smiles_splits': True,
 'seed': 0,
 'separate_test_features_path': None,
 'separate_test_path': 'morgan_data/fold_0/test_full.csv',
 'separate_val_features_path': None,
 'separate_val_path': 'morgan_data/fold_0/val_full.csv',
 'show_individual_scores': False,
 'sm_eps': 1e-08,
 'sm_thresh': 1e-08,
 'spectral_loss_function': 'sid',
 'spectral_mask_path': None,
 'split_sizes': [0.8, 0.1, 0.1],
 'split_type': 'random_with_repeated_smiles',
 'target_scaling': True,
 'test': False,
 'test_fold_index': None,
 'torch_seed': None,
 'undirected': False,
 'use_compound_names': False,
 'use_input_features': ['morgan'],
 'val_fold_index': None,
 'warmup_epochs': 2.0}
Loading data
Fold 0
{'activation': 'ReLU',
 'atom_messages': False,
 'batch_size': 50,
 'bias': False,
 'bias_ffn': True,
 'checkpoint_dir': None,
 'checkpoint_path': None,
 'checkpoint_paths': None,
 'config_path': './recommended_config.json',
 'convergence_margin': 100000000.0,
 'crossval_index_dir': None,
 'crossval_index_file': None,
 'cuda': True,
 'data_path': 'morgan_data/fold_0/train_full.csv',
 'dataset_type': 'spectra',
 'depth': 6,
 'device': 'cuda:0',
 'dropout': 0.05,
 'ensemble_size': 1,
 'epochs': 250,
 'features_generator': ['morgan'],
 'features_only': True,
 'features_path': None,
 'features_scaling': False,
 'ffn_hidden_size': 1024,
 'ffn_num_layers': 2,
 'final_lr': 7e-05,
 'folds_file': None,
 'frzn_mpn_checkpoint': None,
 'gpu': 0,
 'hidden_size': 2200,
 'init_lr': 0.0001,
 'max_data_size': None,
 'max_lr': 7e-05,
 'metric': 'sid',
 'minimize_score': True,
 'multiclass_num_classes': 3,
 'no_cache': False,
 'normalization_end': 550,
 'normalization_start': 50,
 'num_folds': 1,
 'num_lrs': 1,
 'output_activation': 'exp',
 'qnn': True,
 'quiet': False,
 'save_dir': './output/morgan_hybrid_probs/fold_0',
 'save_smiles_splits': True,
 'seed': 0,
 'separate_test_features_path': None,
 'separate_test_path': 'morgan_data/fold_0/test_full.csv',
 'separate_val_features_path': None,
 'separate_val_path': 'morgan_data/fold_0/val_full.csv',
 'show_individual_scores': False,
 'sm_eps': 1e-08,
 'sm_thresh': 1e-08,
 'spectral_loss_function': 'sid',
 'spectral_mask_path': None,
 'split_sizes': [0.8, 0.1, 0.1],
 'split_type': 'random_with_repeated_smiles',
 'target_scaling': True,
 'test': False,
 'test_fold_index': None,
 'torch_seed': None,
 'undirected': False,
 'use_compound_names': False,
 'use_input_features': ['morgan'],
 'val_fold_index': None,
 'warmup_epochs': 2.0}
Loading data
Number of tasks = 1801
Splitting data with seed 0
Fold 0
{'activation': 'ReLU',
 'atom_messages': False,
 'batch_size': 50,
 'bias': False,
 'bias_ffn': True,
 'checkpoint_dir': None,
 'checkpoint_path': None,
 'checkpoint_paths': None,
 'config_path': './recommended_config.json',
 'convergence_margin': 100000000.0,
 'crossval_index_dir': None,
 'crossval_index_file': None,
 'cuda': True,
 'data_path': 'morgan_data/fold_0/train_full.csv',
 'dataset_type': 'spectra',
 'depth': 6,
 'device': 'cuda:0',
 'dropout': 0.05,
 'ensemble_size': 1,
 'epochs': 250,
 'features_generator': ['morgan'],
 'features_only': True,
 'features_path': None,
 'features_scaling': False,
 'ffn_hidden_size': 1024,
 'ffn_num_layers': 2,
 'final_lr': 7e-05,
 'folds_file': None,
 'frzn_mpn_checkpoint': None,
 'gpu': 0,
 'hidden_size': 2200,
 'init_lr': 0.0001,
 'max_data_size': None,
 'max_lr': 7e-05,
 'metric': 'sid',
 'minimize_score': True,
 'multiclass_num_classes': 3,
 'no_cache': False,
 'normalization_end': 550,
 'normalization_start': 50,
 'num_folds': 1,
 'num_lrs': 1,
 'output_activation': 'exp',
 'qnn': True,
 'quiet': False,
 'save_dir': './output/morgan_hybrid_probs/fold_0',
 'save_smiles_splits': True,
 'seed': 0,
 'separate_test_features_path': None,
 'separate_test_path': 'morgan_data/fold_0/test_full.csv',
 'separate_val_features_path': None,
 'separate_val_path': 'morgan_data/fold_0/val_full.csv',
 'show_individual_scores': False,
 'sm_eps': 1e-08,
 'sm_thresh': 1e-08,
 'spectral_loss_function': 'sid',
 'spectral_mask_path': None,
 'split_sizes': [0.8, 0.1, 0.1],
 'split_type': 'random_with_repeated_smiles',
 'target_scaling': True,
 'test': False,
 'test_fold_index': None,
 'torch_seed': None,
 'undirected': False,
 'use_compound_names': False,
 'use_input_features': ['morgan'],
 'val_fold_index': None,
 'warmup_epochs': 2.0}
Loading data
Number of tasks = 1801
Splitting data with seed 0
Total size = 68,404 | train size = 68,404 | val size = 8,550 | test size = 8,551
Pre-normalizing training targets
Building model 0
MoleculeModel(
  (encoder): MPN(
    (encoder): MPNEncoder()
  )
  (ffn): Sequential(
    (0): Dropout(p=0.05, inplace=False)
    (1): Linear(in_features=2048, out_features=1024, bias=True)
    (2): ReLU()
    (3): <Quantum Torch Layer: func=qnode>
    (4): ReLU()
    (5): Dropout(p=0.05, inplace=False)
    (6): Linear(in_features=1024, out_features=1801, bias=True)
  )
)
Number of parameters = 3,944,301
Moving model to cuda
Epoch 0

Loss = 1.9551e+00, PNorm = 103.2676, GNorm = 0.0728, lr_0 = 8.4989e-05
Validation sid = 1.624174
Epoch 1
Fold 0
{'activation': 'ReLU',
 'atom_messages': False,
 'batch_size': 50,
 'bias': False,
 'bias_ffn': True,
 'checkpoint_dir': None,
 'checkpoint_path': None,
 'checkpoint_paths': None,
 'config_path': './recommended_config.json',
 'convergence_margin': 100000000.0,
 'crossval_index_dir': None,
 'crossval_index_file': None,
 'cuda': True,
 'data_path': 'morgan_data/fold_0/train_full.csv',
 'dataset_type': 'spectra',
 'depth': 6,
 'device': 'cuda:0',
 'dropout': 0.05,
 'ensemble_size': 1,
 'epochs': 250,
 'features_generator': ['morgan'],
 'features_only': True,
 'features_path': None,
 'features_scaling': False,
 'ffn_hidden_size': 1024,
 'ffn_num_layers': 2,
 'final_lr': 7e-05,
 'folds_file': None,
 'frzn_mpn_checkpoint': None,
 'gpu': 0,
 'hidden_size': 2200,
 'init_lr': 0.0001,
 'max_data_size': None,
 'max_lr': 7e-05,
 'metric': 'sid',
 'minimize_score': True,
 'multiclass_num_classes': 3,
 'no_cache': False,
 'normalization_end': 550,
 'normalization_start': 50,
 'num_folds': 1,
 'num_lrs': 1,
 'output_activation': 'exp',
 'qnn': True,
 'quiet': False,
 'save_dir': './output/morgan_hybrid_probs/fold_0',
 'save_smiles_splits': True,
 'seed': 0,
 'separate_test_features_path': None,
 'separate_test_path': 'morgan_data/fold_0/test_full.csv',
 'separate_val_features_path': None,
 'separate_val_path': 'morgan_data/fold_0/val_full.csv',
 'show_individual_scores': False,
 'sm_eps': 1e-08,
 'sm_thresh': 1e-08,
 'spectral_loss_function': 'sid',
 'spectral_mask_path': None,
 'split_sizes': [0.8, 0.1, 0.1],
 'split_type': 'random_with_repeated_smiles',
 'target_scaling': True,
 'test': False,
 'test_fold_index': None,
 'torch_seed': None,
 'undirected': False,
 'use_compound_names': False,
 'use_input_features': ['morgan'],
 'val_fold_index': None,
 'warmup_epochs': 2.0}
Loading data
Number of tasks = 1801
Splitting data with seed 0
Total size = 68,404 | train size = 68,404 | val size = 8,550 | test size = 8,551
Pre-normalizing training targets
Building model 0
MoleculeModel(
  (encoder): MPN(
    (encoder): MPNEncoder()
  )
  (ffn): Sequential(
    (0): Dropout(p=0.05, inplace=False)
    (1): Linear(in_features=2048, out_features=1024, bias=True)
    (2): ReLU()
    (3): <Quantum Torch Layer: func=qnode>
    (4): ReLU()
    (5): Dropout(p=0.05, inplace=False)
    (6): Linear(in_features=1024, out_features=1801, bias=True)
  )
)
Number of parameters = 3,944,221
Moving model to cuda
Epoch 0

Loss = 1.9183e+00, PNorm = 74.6092, GNorm = 0.0776, lr_0 = 8.4989e-05
Validation sid = 1.587536
Epoch 1
Fold 0
{'activation': 'ReLU',
 'atom_messages': False,
 'batch_size': 50,
 'bias': False,
 'bias_ffn': True,
 'checkpoint_dir': None,
 'checkpoint_path': None,
 'checkpoint_paths': None,
 'config_path': './recommended_config.json',
 'convergence_margin': 100000000.0,
 'crossval_index_dir': None,
 'crossval_index_file': None,
 'cuda': True,
 'data_path': 'morgan_data/fold_0/train_full.csv',
 'dataset_type': 'spectra',
 'depth': 6,
 'device': 'cuda:0',
 'dropout': 0.05,
 'ensemble_size': 1,
 'epochs': 250,
 'features_generator': ['morgan'],
 'features_only': True,
 'features_path': None,
 'features_scaling': False,
 'ffn_hidden_size': 1024,
 'ffn_num_layers': 2,
 'final_lr': 7e-05,
 'folds_file': None,
 'frzn_mpn_checkpoint': None,
 'gpu': 0,
 'hidden_size': 2200,
 'init_lr': 0.0001,
 'max_data_size': None,
 'max_lr': 7e-05,
 'metric': 'sid',
 'minimize_score': True,
 'multiclass_num_classes': 3,
 'no_cache': False,
 'normalization_end': 550,
 'normalization_start': 50,
 'num_folds': 1,
 'num_lrs': 1,
 'output_activation': 'exp',
 'qnn': True,
 'quiet': False,
 'save_dir': './output/morgan_hybrid_probs/fold_0',
 'save_smiles_splits': True,
 'seed': 0,
 'separate_test_features_path': None,
 'separate_test_path': 'morgan_data/fold_0/test_full.csv',
 'separate_val_features_path': None,
 'separate_val_path': 'morgan_data/fold_0/val_full.csv',
 'show_individual_scores': False,
 'sm_eps': 1e-08,
 'sm_thresh': 1e-08,
 'spectral_loss_function': 'sid',
 'spectral_mask_path': None,
 'split_sizes': [0.8, 0.1, 0.1],
 'split_type': 'random_with_repeated_smiles',
 'target_scaling': True,
 'test': False,
 'test_fold_index': None,
 'torch_seed': None,
 'undirected': False,
 'use_compound_names': False,
 'use_input_features': ['morgan'],
 'val_fold_index': None,
 'warmup_epochs': 2.0}
Loading data
Number of tasks = 1801
Splitting data with seed 0
Total size = 68,404 | train size = 68,404 | val size = 8,550 | test size = 8,551
Pre-normalizing training targets
Building model 0
MoleculeModel(
  (encoder): MPN(
    (encoder): MPNEncoder()
  )
  (ffn): Sequential(
    (0): Dropout(p=0.05, inplace=False)
    (1): Linear(in_features=2048, out_features=1024, bias=True)
    (2): ReLU()
    (3): <Quantum Torch Layer: func=qnode>
    (4): ReLU()
    (5): Linear(in_features=10, out_features=1024, bias=True)
    (6): ReLU()
    (7): Dropout(p=0.05, inplace=False)
    (8): Linear(in_features=1024, out_features=1801, bias=True)
  )
)
Number of parameters = 3,955,485
Moving model to cuda
Epoch 0

Loss = 5.7951e-01, PNorm = 57.4883, GNorm = 0.0974, lr_0 = 8.4989e-05
Validation sid = 0.400211
Epoch 1

Loss = 3.4963e-01, PNorm = 60.7715, GNorm = 0.1597, lr_0 = 7.0000e-05
Validation sid = 0.327108
Epoch 2
Fold 0
{'activation': 'ReLU',
 'atom_messages': False,
 'batch_size': 50,
 'bias': False,
 'bias_ffn': True,
 'checkpoint_dir': None,
 'checkpoint_path': None,
 'checkpoint_paths': None,
 'config_path': './recommended_config.json',
 'convergence_margin': 100000000.0,
 'crossval_index_dir': None,
 'crossval_index_file': None,
 'cuda': True,
 'data_path': 'morgan_data/fold_0/train_full.csv',
 'dataset_type': 'spectra',
 'depth': 6,
 'device': 'cuda:0',
 'dropout': 0.05,
 'ensemble_size': 1,
 'epochs': 250,
 'features_generator': ['morgan'],
 'features_only': True,
 'features_path': None,
 'features_scaling': False,
 'ffn_hidden_size': 1024,
 'ffn_num_layers': 2,
 'final_lr': 7e-05,
 'folds_file': None,
 'frzn_mpn_checkpoint': None,
 'gpu': 0,
 'hidden_size': 2200,
 'init_lr': 0.0001,
 'max_data_size': None,
 'max_lr': 7e-05,
 'metric': 'sid',
 'minimize_score': True,
 'multiclass_num_classes': 3,
 'no_cache': False,
 'normalization_end': 550,
 'normalization_start': 50,
 'num_folds': 1,
 'num_lrs': 1,
 'output_activation': 'exp',
 'qnn': True,
 'quiet': False,
 'save_dir': './output/morgan_hybrid_probs/fold_0',
 'save_smiles_splits': True,
 'seed': 0,
 'separate_test_features_path': None,
 'separate_test_path': 'morgan_data/fold_0/test_full.csv',
 'separate_val_features_path': None,
 'separate_val_path': 'morgan_data/fold_0/val_full.csv',
 'show_individual_scores': False,
 'sm_eps': 1e-08,
 'sm_thresh': 1e-08,
 'spectral_loss_function': 'sid',
 'spectral_mask_path': None,
 'split_sizes': [0.8, 0.1, 0.1],
 'split_type': 'random_with_repeated_smiles',
 'target_scaling': True,
 'test': False,
 'test_fold_index': None,
 'torch_seed': None,
 'undirected': False,
 'use_compound_names': False,
 'use_input_features': ['morgan'],
 'val_fold_index': None,
 'warmup_epochs': 2.0}
Loading data
Number of tasks = 1801
Splitting data with seed 0
Total size = 68,404 | train size = 68,404 | val size = 8,550 | test size = 8,551
Pre-normalizing training targets
Building model 0
MoleculeModel(
  (encoder): MPN(
    (encoder): MPNEncoder()
  )
  (ffn): Sequential(
    (0): Dropout(p=0.05, inplace=False)
    (1): Linear(in_features=2048, out_features=1024, bias=True)
    (2): ReLU()
    (3): <Quantum Torch Layer: func=qnode>
    (4): ReLU()
    (5): Linear(in_features=1024, out_features=1024, bias=True)
    (6): ReLU()
    (7): Dropout(p=0.05, inplace=False)
    (8): Linear(in_features=1024, out_features=1801, bias=True)
  )
)
Number of parameters = 4,993,821
Moving model to cuda
Epoch 0

Loss = 6.5814e-01, PNorm = 75.0430, GNorm = 0.0478, lr_0 = 8.4989e-05
Validation sid = 0.437628
Epoch 1

Loss = 4.1548e-01, PNorm = 78.6769, GNorm = 0.0811, lr_0 = 7.0000e-05
Validation sid = 0.394736
Epoch 2

Loss = 3.4828e-01, PNorm = 85.2170, GNorm = 0.1618, lr_0 = 7.0000e-05
Validation sid = 0.321207
Epoch 3

Loss = 3.0424e-01, PNorm = 90.7975, GNorm = 0.1376, lr_0 = 7.0000e-05
Validation sid = 0.292804
Epoch 4

Loss = 2.8065e-01, PNorm = 96.4006, GNorm = 0.1823, lr_0 = 7.0000e-05
Validation sid = 0.275412
Epoch 5

Loss = 2.5997e-01, PNorm = 102.4786, GNorm = 0.1769, lr_0 = 7.0000e-05
Validation sid = 0.257312
Epoch 6

Loss = 2.3950e-01, PNorm = 108.7207, GNorm = 0.1855, lr_0 = 7.0000e-05
Validation sid = 0.241633
Epoch 7

Loss = 2.2289e-01, PNorm = 114.6191, GNorm = 0.2195, lr_0 = 7.0000e-05
Validation sid = 0.230892
Epoch 8

Loss = 2.0988e-01, PNorm = 120.2566, GNorm = 0.2029, lr_0 = 7.0000e-05
Validation sid = 0.222428
Epoch 9

Loss = 1.9880e-01, PNorm = 125.6576, GNorm = 0.2118, lr_0 = 7.0000e-05
Validation sid = 0.215813
Epoch 10

Loss = 1.8868e-01, PNorm = 130.9349, GNorm = 0.2402, lr_0 = 7.0000e-05
Validation sid = 0.209910
Epoch 11

Loss = 1.7960e-01, PNorm = 135.9351, GNorm = 0.2208, lr_0 = 7.0000e-05
Validation sid = 0.204916
Epoch 12

Loss = 1.7167e-01, PNorm = 140.7887, GNorm = 0.2785, lr_0 = 7.0000e-05
Validation sid = 0.200696
Epoch 13

Loss = 1.6434e-01, PNorm = 145.3603, GNorm = 0.2428, lr_0 = 7.0000e-05
Validation sid = 0.197335
Epoch 14

Loss = 1.5776e-01, PNorm = 149.7561, GNorm = 0.2066, lr_0 = 7.0000e-05
Validation sid = 0.194604
Epoch 15

Loss = 1.5192e-01, PNorm = 153.9094, GNorm = 0.2193, lr_0 = 7.0000e-05
Validation sid = 0.191805
Epoch 16

Loss = 1.4622e-01, PNorm = 157.9941, GNorm = 0.2130, lr_0 = 7.0000e-05
Validation sid = 0.189735
Epoch 17

Loss = 1.4106e-01, PNorm = 162.0493, GNorm = 0.1986, lr_0 = 7.0000e-05
Validation sid = 0.187672
Epoch 18

Loss = 1.3624e-01, PNorm = 165.9963, GNorm = 0.1938, lr_0 = 7.0000e-05
Validation sid = 0.186013
Epoch 19

Loss = 1.3202e-01, PNorm = 169.8660, GNorm = 0.2473, lr_0 = 7.0000e-05
Validation sid = 0.184277
Epoch 20

Loss = 1.2771e-01, PNorm = 173.6668, GNorm = 0.2476, lr_0 = 7.0000e-05
Validation sid = 0.183217
Epoch 21

Loss = 1.2417e-01, PNorm = 177.2905, GNorm = 0.2166, lr_0 = 7.0000e-05
Validation sid = 0.181882
Epoch 22

Loss = 1.2045e-01, PNorm = 180.9743, GNorm = 0.2197, lr_0 = 7.0000e-05
Validation sid = 0.181185
Epoch 23

Loss = 1.1709e-01, PNorm = 184.4553, GNorm = 0.1875, lr_0 = 7.0000e-05
Validation sid = 0.180063
Epoch 24

Loss = 1.1390e-01, PNorm = 187.9850, GNorm = 0.1821, lr_0 = 7.0000e-05
Validation sid = 0.179680
Epoch 25

Loss = 1.1074e-01, PNorm = 191.4432, GNorm = 0.1783, lr_0 = 7.0000e-05
Validation sid = 0.178686
Epoch 26

Loss = 1.0797e-01, PNorm = 194.8273, GNorm = 0.1663, lr_0 = 7.0000e-05
Validation sid = 0.177828
Epoch 27

Loss = 1.0518e-01, PNorm = 198.1523, GNorm = 0.3252, lr_0 = 7.0000e-05
Validation sid = 0.177856
Epoch 28

Loss = 1.0260e-01, PNorm = 201.4157, GNorm = 0.1715, lr_0 = 7.0000e-05
Validation sid = 0.177536
Epoch 29

Loss = 1.0013e-01, PNorm = 204.6317, GNorm = 0.1555, lr_0 = 7.0000e-05
Validation sid = 0.176657
Epoch 30

Loss = 9.7921e-02, PNorm = 207.8269, GNorm = 0.1983, lr_0 = 7.0000e-05
Validation sid = 0.176326
Epoch 31

Loss = 9.5709e-02, PNorm = 210.9190, GNorm = 0.2081, lr_0 = 7.0000e-05
Validation sid = 0.176041
Epoch 32

Loss = 9.3505e-02, PNorm = 214.0946, GNorm = 0.2415, lr_0 = 7.0000e-05
Validation sid = 0.175673
Epoch 33

Loss = 9.1744e-02, PNorm = 217.1565, GNorm = 0.1573, lr_0 = 7.0000e-05
Validation sid = 0.175389
Epoch 34

Loss = 8.9947e-02, PNorm = 220.0974, GNorm = 0.1623, lr_0 = 7.0000e-05
Validation sid = 0.175666
Epoch 35

Loss = 8.8018e-02, PNorm = 223.1081, GNorm = 0.2006, lr_0 = 7.0000e-05
Validation sid = 0.174813
Epoch 36

Loss = 8.6142e-02, PNorm = 226.0471, GNorm = 0.1556, lr_0 = 7.0000e-05
Validation sid = 0.174845
Epoch 37

Loss = 8.4610e-02, PNorm = 228.9288, GNorm = 0.1639, lr_0 = 7.0000e-05
Validation sid = 0.174763
Epoch 38

Loss = 8.3223e-02, PNorm = 231.8198, GNorm = 0.1691, lr_0 = 7.0000e-05
Validation sid = 0.174994
Epoch 39

Loss = 8.1479e-02, PNorm = 234.6698, GNorm = 0.1662, lr_0 = 7.0000e-05
Validation sid = 0.174554
Epoch 40

Loss = 7.9863e-02, PNorm = 237.5131, GNorm = 0.2300, lr_0 = 7.0000e-05
Validation sid = 0.174263
Epoch 41

Loss = 7.8656e-02, PNorm = 240.2576, GNorm = 0.1785, lr_0 = 7.0000e-05
Validation sid = 0.174124
Epoch 42

Loss = 7.7473e-02, PNorm = 242.9942, GNorm = 0.1673, lr_0 = 7.0000e-05
Validation sid = 0.173876
Epoch 43

Loss = 7.6046e-02, PNorm = 245.6844, GNorm = 0.1625, lr_0 = 7.0000e-05
Validation sid = 0.174202
Epoch 44

Loss = 7.4745e-02, PNorm = 248.3975, GNorm = 0.1685, lr_0 = 7.0000e-05
Validation sid = 0.174580
Epoch 45

Loss = 7.3717e-02, PNorm = 251.0337, GNorm = 0.2357, lr_0 = 7.0000e-05
Validation sid = 0.174666
Epoch 46

Loss = 7.2648e-02, PNorm = 253.6876, GNorm = 0.1746, lr_0 = 7.0000e-05
Validation sid = 0.174465
Epoch 47

Loss = 7.1504e-02, PNorm = 256.2722, GNorm = 0.1874, lr_0 = 7.0000e-05
Validation sid = 0.174568
Epoch 48

Loss = 7.0512e-02, PNorm = 258.9130, GNorm = 0.1819, lr_0 = 7.0000e-05
Validation sid = 0.174707
Epoch 49

Loss = 6.9521e-02, PNorm = 261.4644, GNorm = 0.1451, lr_0 = 7.0000e-05
Validation sid = 0.174908
Epoch 50

Loss = 6.8379e-02, PNorm = 264.0592, GNorm = 0.1652, lr_0 = 7.0000e-05
Validation sid = 0.174542
Epoch 51

Loss = 6.7495e-02, PNorm = 266.5482, GNorm = 0.1726, lr_0 = 7.0000e-05
Validation sid = 0.174344
Epoch 52

Loss = 6.6799e-02, PNorm = 269.0615, GNorm = 0.1653, lr_0 = 7.0000e-05
Validation sid = 0.174761
Epoch 53

Loss = 6.5789e-02, PNorm = 271.5353, GNorm = 0.1360, lr_0 = 7.0000e-05
Validation sid = 0.175357
Epoch 54

Loss = 6.5124e-02, PNorm = 273.9564, GNorm = 0.1410, lr_0 = 7.0000e-05
Validation sid = 0.174763
Epoch 55

Loss = 6.4288e-02, PNorm = 276.3863, GNorm = 0.1890, lr_0 = 7.0000e-05
Validation sid = 0.175025
Epoch 56

Loss = 6.3376e-02, PNorm = 278.7590, GNorm = 0.1969, lr_0 = 7.0000e-05
Validation sid = 0.175026
Epoch 57

Loss = 6.2970e-02, PNorm = 281.0924, GNorm = 0.1616, lr_0 = 7.0000e-05
Validation sid = 0.175525
Epoch 58

Loss = 6.2312e-02, PNorm = 283.3789, GNorm = 0.1721, lr_0 = 7.0000e-05
Validation sid = 0.175768
Epoch 59

Loss = 6.1311e-02, PNorm = 285.6919, GNorm = 0.1445, lr_0 = 7.0000e-05
Validation sid = 0.175929
Epoch 60

Loss = 6.0621e-02, PNorm = 287.9510, GNorm = 0.1608, lr_0 = 7.0000e-05
Validation sid = 0.176441
Epoch 61

Loss = 6.0348e-02, PNorm = 290.2235, GNorm = 0.1966, lr_0 = 7.0000e-05
Validation sid = 0.175929
Epoch 62

Loss = 5.9561e-02, PNorm = 292.4699, GNorm = 0.1457, lr_0 = 7.0000e-05
Validation sid = 0.176261
Epoch 63

Loss = 5.9056e-02, PNorm = 294.6167, GNorm = 0.1472, lr_0 = 7.0000e-05
Validation sid = 0.176646
Epoch 64

Loss = 5.8080e-02, PNorm = 296.8662, GNorm = 0.2254, lr_0 = 7.0000e-05
Validation sid = 0.176722
Epoch 65

Loss = 5.7681e-02, PNorm = 299.0616, GNorm = 0.1680, lr_0 = 7.0000e-05
Validation sid = 0.176830
Epoch 66

Loss = 5.7069e-02, PNorm = 301.2883, GNorm = 0.1813, lr_0 = 7.0000e-05
Validation sid = 0.176861
Epoch 67

Loss = 5.6475e-02, PNorm = 303.4276, GNorm = 0.1918, lr_0 = 7.0000e-05
Validation sid = 0.176874
Epoch 68

Loss = 5.6129e-02, PNorm = 305.5431, GNorm = 0.1433, lr_0 = 7.0000e-05
Validation sid = 0.177076
Epoch 69

Loss = 5.5632e-02, PNorm = 307.6667, GNorm = 0.1245, lr_0 = 7.0000e-05
Validation sid = 0.176960
Epoch 70

Loss = 5.5020e-02, PNorm = 309.7585, GNorm = 0.1342, lr_0 = 7.0000e-05
Validation sid = 0.177416
Epoch 71

Loss = 5.4465e-02, PNorm = 311.8094, GNorm = 0.2030, lr_0 = 7.0000e-05
Validation sid = 0.177288
Epoch 72

Loss = 5.4032e-02, PNorm = 313.9383, GNorm = 0.1826, lr_0 = 7.0000e-05
Validation sid = 0.177762
Epoch 73

Loss = 5.3569e-02, PNorm = 316.0018, GNorm = 0.1406, lr_0 = 7.0000e-05
Validation sid = 0.177564
Epoch 74

Loss = 5.3125e-02, PNorm = 318.0545, GNorm = 0.1835, lr_0 = 7.0000e-05
Validation sid = 0.177745
Epoch 75

Loss = 5.2948e-02, PNorm = 320.0397, GNorm = 0.1678, lr_0 = 7.0000e-05
Validation sid = 0.177960
Epoch 76

Loss = 5.2471e-02, PNorm = 322.0834, GNorm = 0.2072, lr_0 = 7.0000e-05
Validation sid = 0.177966
Epoch 77

Loss = 5.1931e-02, PNorm = 324.1018, GNorm = 0.1999, lr_0 = 7.0000e-05
Validation sid = 0.178370
Epoch 78

Loss = 5.1996e-02, PNorm = 326.0435, GNorm = 0.1465, lr_0 = 7.0000e-05
Validation sid = 0.178332
Epoch 79

Loss = 5.1060e-02, PNorm = 327.9698, GNorm = 0.1584, lr_0 = 7.0000e-05
Validation sid = 0.178498
Epoch 80

Loss = 5.0758e-02, PNorm = 329.9178, GNorm = 0.1511, lr_0 = 7.0000e-05
Validation sid = 0.178585
Epoch 81

Loss = 5.0325e-02, PNorm = 331.8529, GNorm = 0.1563, lr_0 = 7.0000e-05
Validation sid = 0.178240
Epoch 82

Loss = 5.0181e-02, PNorm = 333.7653, GNorm = 0.1782, lr_0 = 7.0000e-05
Validation sid = 0.178889
Epoch 83

Loss = 4.9813e-02, PNorm = 335.7071, GNorm = 0.1437, lr_0 = 7.0000e-05
Validation sid = 0.179197
Epoch 84

Loss = 4.9358e-02, PNorm = 337.5792, GNorm = 0.1508, lr_0 = 7.0000e-05
Validation sid = 0.178906
Epoch 85

Loss = 4.9210e-02, PNorm = 339.4599, GNorm = 0.1715, lr_0 = 7.0000e-05
Validation sid = 0.179784
Epoch 86

Loss = 4.8852e-02, PNorm = 341.2990, GNorm = 0.2727, lr_0 = 7.0000e-05
Validation sid = 0.179932
Epoch 87

Loss = 4.8653e-02, PNorm = 343.0801, GNorm = 0.1488, lr_0 = 7.0000e-05
Validation sid = 0.179459
Epoch 88

Loss = 4.8048e-02, PNorm = 344.9327, GNorm = 0.1265, lr_0 = 7.0000e-05
Validation sid = 0.179512
Epoch 89

Loss = 4.7932e-02, PNorm = 346.7256, GNorm = 0.1772, lr_0 = 7.0000e-05
Validation sid = 0.179802
Epoch 90

Loss = 4.7618e-02, PNorm = 348.5530, GNorm = 0.1576, lr_0 = 7.0000e-05
Validation sid = 0.180181
Epoch 91

Loss = 4.7826e-02, PNorm = 350.2292, GNorm = 0.1366, lr_0 = 7.0000e-05
Validation sid = 0.180111
Epoch 92

Loss = 4.6921e-02, PNorm = 351.9304, GNorm = 0.1629, lr_0 = 7.0000e-05
Validation sid = 0.180199
Epoch 93

Loss = 4.6864e-02, PNorm = 353.6697, GNorm = 0.1489, lr_0 = 7.0000e-05
Validation sid = 0.180243
Epoch 94

Loss = 4.6512e-02, PNorm = 355.4179, GNorm = 0.2172, lr_0 = 7.0000e-05
Validation sid = 0.180095
Epoch 95

Loss = 4.6251e-02, PNorm = 357.1700, GNorm = 0.1464, lr_0 = 7.0000e-05
Validation sid = 0.180285
Epoch 96

Loss = 4.6082e-02, PNorm = 358.8915, GNorm = 0.1643, lr_0 = 7.0000e-05
Validation sid = 0.180171
Epoch 97

Loss = 4.5827e-02, PNorm = 360.5360, GNorm = 0.2265, lr_0 = 7.0000e-05
Validation sid = 0.180658
Epoch 98

Loss = 4.5493e-02, PNorm = 362.2500, GNorm = 0.1436, lr_0 = 7.0000e-05
Validation sid = 0.180565
Epoch 99

Loss = 4.5187e-02, PNorm = 363.9236, GNorm = 0.1712, lr_0 = 7.0000e-05
Validation sid = 0.180788
Epoch 100

Loss = 4.5082e-02, PNorm = 365.5676, GNorm = 0.1656, lr_0 = 7.0000e-05
Validation sid = 0.180702
Epoch 101

Loss = 4.4921e-02, PNorm = 367.2443, GNorm = 0.1181, lr_0 = 7.0000e-05
Validation sid = 0.181237
Epoch 102

Loss = 4.4860e-02, PNorm = 368.9328, GNorm = 0.1436, lr_0 = 7.0000e-05
Validation sid = 0.181077
Epoch 103

Loss = 4.4505e-02, PNorm = 370.4809, GNorm = 0.1639, lr_0 = 7.0000e-05
Validation sid = 0.181101
Epoch 104

Loss = 4.4096e-02, PNorm = 372.0350, GNorm = 0.1562, lr_0 = 7.0000e-05
Validation sid = 0.181613
Epoch 105

Loss = 4.4107e-02, PNorm = 373.6317, GNorm = 0.1848, lr_0 = 7.0000e-05
Validation sid = 0.181405
Epoch 106

Loss = 4.3797e-02, PNorm = 375.2195, GNorm = 0.1433, lr_0 = 7.0000e-05
Validation sid = 0.181727
Epoch 107

Loss = 4.3664e-02, PNorm = 376.7706, GNorm = 0.2153, lr_0 = 7.0000e-05
Validation sid = 0.181670
Epoch 108

Loss = 4.3393e-02, PNorm = 378.3144, GNorm = 0.1460, lr_0 = 7.0000e-05
Validation sid = 0.181883
Epoch 109

Loss = 4.3062e-02, PNorm = 379.8819, GNorm = 0.6788, lr_0 = 7.0000e-05
Validation sid = 0.181747
Epoch 110

Loss = 4.3006e-02, PNorm = 381.3952, GNorm = 0.1321, lr_0 = 7.0000e-05
Validation sid = 0.182507
Epoch 111

Loss = 4.2733e-02, PNorm = 382.9524, GNorm = 0.1451, lr_0 = 7.0000e-05
Validation sid = 0.182604
Epoch 112

Loss = 4.2564e-02, PNorm = 384.4842, GNorm = 0.1885, lr_0 = 7.0000e-05
Validation sid = 0.182472
Epoch 113

Loss = 4.2391e-02, PNorm = 386.0384, GNorm = 0.1476, lr_0 = 7.0000e-05
Validation sid = 0.182239
Epoch 114

Loss = 4.2250e-02, PNorm = 387.5407, GNorm = 0.1288, lr_0 = 7.0000e-05
Validation sid = 0.182628
Epoch 115

Loss = 4.2055e-02, PNorm = 389.0486, GNorm = 0.1269, lr_0 = 7.0000e-05
Validation sid = 0.182478
Epoch 116

Loss = 4.1871e-02, PNorm = 390.5317, GNorm = 0.1722, lr_0 = 7.0000e-05
Validation sid = 0.182404
Epoch 117

Loss = 4.1684e-02, PNorm = 392.0457, GNorm = 0.1352, lr_0 = 7.0000e-05
Validation sid = 0.182351
Epoch 118

Loss = 4.1828e-02, PNorm = 393.5236, GNorm = 0.1856, lr_0 = 7.0000e-05
Validation sid = 0.182747
Epoch 119

Loss = 4.1373e-02, PNorm = 394.9486, GNorm = 0.1412, lr_0 = 7.0000e-05
Validation sid = 0.182778
Epoch 120

Loss = 4.1214e-02, PNorm = 396.4425, GNorm = 0.1884, lr_0 = 7.0000e-05
Validation sid = 0.182947
Epoch 121

Loss = 4.1101e-02, PNorm = 397.8745, GNorm = 0.2053, lr_0 = 7.0000e-05
Validation sid = 0.183177
Epoch 122

Loss = 4.0907e-02, PNorm = 399.3310, GNorm = 0.1208, lr_0 = 7.0000e-05
Validation sid = 0.183035
Epoch 123

Loss = 4.1128e-02, PNorm = 400.7397, GNorm = 0.1392, lr_0 = 7.0000e-05
Validation sid = 0.183096
Epoch 124

Loss = 4.0600e-02, PNorm = 402.1215, GNorm = 0.1431, lr_0 = 7.0000e-05
Validation sid = 0.183090
Epoch 125

Loss = 4.0642e-02, PNorm = 403.5228, GNorm = 0.1381, lr_0 = 7.0000e-05
Validation sid = 0.183444
Epoch 126

Loss = 4.0391e-02, PNorm = 404.9476, GNorm = 0.7130, lr_0 = 7.0000e-05
Validation sid = 0.183747
Epoch 127

Loss = 4.0054e-02, PNorm = 406.2870, GNorm = 0.2730, lr_0 = 7.0000e-05
Validation sid = 0.183609
Epoch 128

Loss = 4.0089e-02, PNorm = 407.7537, GNorm = 0.1664, lr_0 = 7.0000e-05
Validation sid = 0.183834
Epoch 129

Loss = 4.0018e-02, PNorm = 409.1377, GNorm = 0.1131, lr_0 = 7.0000e-05
Validation sid = 0.183795
Epoch 130

Loss = 4.0088e-02, PNorm = 410.4436, GNorm = 0.1380, lr_0 = 7.0000e-05
Validation sid = 0.183807
Epoch 131

Loss = 3.9684e-02, PNorm = 411.8513, GNorm = 0.1212, lr_0 = 7.0000e-05
Validation sid = 0.184103
Epoch 132

Loss = 3.9651e-02, PNorm = 413.1803, GNorm = 0.1237, lr_0 = 7.0000e-05
Validation sid = 0.183984
Epoch 133

Loss = 3.9750e-02, PNorm = 414.4463, GNorm = 0.1205, lr_0 = 7.0000e-05
Validation sid = 0.184024
Epoch 134

Loss = 3.9232e-02, PNorm = 415.8113, GNorm = 0.1702, lr_0 = 7.0000e-05
Validation sid = 0.184762
Epoch 135

Loss = 3.9280e-02, PNorm = 417.1354, GNorm = 0.1188, lr_0 = 7.0000e-05
Validation sid = 0.184051
Epoch 136

Loss = 3.9314e-02, PNorm = 418.4269, GNorm = 0.3479, lr_0 = 7.0000e-05
Validation sid = 0.184390
Epoch 137

Loss = 3.9002e-02, PNorm = 419.7869, GNorm = 0.1107, lr_0 = 7.0000e-05
Validation sid = 0.185015
Epoch 138

Loss = 3.8863e-02, PNorm = 421.0836, GNorm = 0.1314, lr_0 = 7.0000e-05
Validation sid = 0.184622
Epoch 139

Loss = 3.8680e-02, PNorm = 422.4233, GNorm = 0.1447, lr_0 = 7.0000e-05
Validation sid = 0.184497
Epoch 140

Loss = 3.8608e-02, PNorm = 423.7226, GNorm = 0.1150, lr_0 = 7.0000e-05
Validation sid = 0.184461
Epoch 141

Loss = 3.8741e-02, PNorm = 425.0287, GNorm = 0.1435, lr_0 = 7.0000e-05
Validation sid = 0.184430
Epoch 142

Loss = 3.8289e-02, PNorm = 426.2906, GNorm = 0.1686, lr_0 = 7.0000e-05
Validation sid = 0.184946
Epoch 143

Loss = 3.8162e-02, PNorm = 427.6011, GNorm = 0.1144, lr_0 = 7.0000e-05
Validation sid = 0.184449
Epoch 144

Loss = 3.8290e-02, PNorm = 428.8608, GNorm = 0.1232, lr_0 = 7.0000e-05
Validation sid = 0.184883
Epoch 145

Loss = 3.8132e-02, PNorm = 430.1906, GNorm = 0.1420, lr_0 = 7.0000e-05
Validation sid = 0.184905
Epoch 146

Loss = 3.7998e-02, PNorm = 431.3755, GNorm = 0.1458, lr_0 = 7.0000e-05
Validation sid = 0.184775
Epoch 147

Loss = 3.8123e-02, PNorm = 432.6195, GNorm = 0.1346, lr_0 = 7.0000e-05
Validation sid = 0.184696
Epoch 148

Loss = 3.7981e-02, PNorm = 433.8629, GNorm = 0.1939, lr_0 = 7.0000e-05
Validation sid = 0.184737
Epoch 149

Loss = 3.7829e-02, PNorm = 435.1325, GNorm = 0.1612, lr_0 = 7.0000e-05
Validation sid = 0.184560
Epoch 150

Loss = 3.7704e-02, PNorm = 436.3467, GNorm = 0.1822, lr_0 = 7.0000e-05
Validation sid = 0.184911
Epoch 151

Loss = 3.7340e-02, PNorm = 437.5744, GNorm = 0.1323, lr_0 = 7.0000e-05
Validation sid = 0.185061
Epoch 152

Loss = 3.7656e-02, PNorm = 438.7496, GNorm = 0.4596, lr_0 = 7.0000e-05
Validation sid = 0.185245
Epoch 153

Loss = 3.7196e-02, PNorm = 439.9318, GNorm = 0.1333, lr_0 = 7.0000e-05
Validation sid = 0.185077
Epoch 154

Loss = 3.7116e-02, PNorm = 441.1402, GNorm = 0.1114, lr_0 = 7.0000e-05
Validation sid = 0.185127
Epoch 155

Loss = 3.6880e-02, PNorm = 442.3599, GNorm = 0.1287, lr_0 = 7.0000e-05
Validation sid = 0.184981
Epoch 156

Loss = 3.6891e-02, PNorm = 443.6021, GNorm = 0.1362, lr_0 = 7.0000e-05
Validation sid = 0.185376
Epoch 157

Loss = 3.6854e-02, PNorm = 444.7825, GNorm = 0.1211, lr_0 = 7.0000e-05
Validation sid = 0.185225
Epoch 158

Loss = 3.6876e-02, PNorm = 445.9652, GNorm = 0.1014, lr_0 = 7.0000e-05
Validation sid = 0.185097
Epoch 159

Loss = 3.6665e-02, PNorm = 447.1493, GNorm = 0.1356, lr_0 = 7.0000e-05
Validation sid = 0.185658
Epoch 160

Loss = 3.6542e-02, PNorm = 448.3551, GNorm = 0.1866, lr_0 = 7.0000e-05
Validation sid = 0.185360
Epoch 161

Loss = 3.6444e-02, PNorm = 449.5368, GNorm = 0.1406, lr_0 = 7.0000e-05
Validation sid = 0.185155
Epoch 162

Loss = 3.6334e-02, PNorm = 450.7092, GNorm = 0.1585, lr_0 = 7.0000e-05
Validation sid = 0.185289
Epoch 163

Loss = 3.6369e-02, PNorm = 451.8607, GNorm = 0.1401, lr_0 = 7.0000e-05
Validation sid = 0.185121
Epoch 164

Loss = 3.6180e-02, PNorm = 453.0659, GNorm = 2.6515, lr_0 = 7.0000e-05
Validation sid = 0.185175
Epoch 165

Loss = 3.6056e-02, PNorm = 454.1886, GNorm = 0.1123, lr_0 = 7.0000e-05
Validation sid = 0.184896
Epoch 166

Loss = 3.6105e-02, PNorm = 455.4275, GNorm = 0.1092, lr_0 = 7.0000e-05
Validation sid = 0.185428
Epoch 167

Loss = 3.5906e-02, PNorm = 456.5682, GNorm = 0.1530, lr_0 = 7.0000e-05
Validation sid = 0.185213
Epoch 168

Loss = 3.5804e-02, PNorm = 457.6884, GNorm = 0.1578, lr_0 = 7.0000e-05
Validation sid = 0.185805
Epoch 169

Loss = 3.5700e-02, PNorm = 458.8568, GNorm = 0.1682, lr_0 = 7.0000e-05
Validation sid = 0.185426
Epoch 170

Loss = 3.5719e-02, PNorm = 460.0288, GNorm = 0.1192, lr_0 = 7.0000e-05
Validation sid = 0.186079
Epoch 171

Loss = 3.5791e-02, PNorm = 461.0596, GNorm = 0.1219, lr_0 = 7.0000e-05
Validation sid = 0.185798
Epoch 172

Loss = 3.5915e-02, PNorm = 462.1933, GNorm = 0.1429, lr_0 = 7.0000e-05
Validation sid = 0.185541
Epoch 173

Loss = 3.5444e-02, PNorm = 463.2995, GNorm = 0.1394, lr_0 = 7.0000e-05
Validation sid = 0.185687
Epoch 174

Loss = 3.5605e-02, PNorm = 464.4168, GNorm = 0.1155, lr_0 = 7.0000e-05
Validation sid = 0.185324
Epoch 175

Loss = 3.5483e-02, PNorm = 465.5272, GNorm = 0.1165, lr_0 = 7.0000e-05
Validation sid = 0.185718
Epoch 176

Loss = 3.5236e-02, PNorm = 466.6360, GNorm = 0.1275, lr_0 = 7.0000e-05
Validation sid = 0.185742
Epoch 177

Loss = 3.5258e-02, PNorm = 467.6987, GNorm = 0.1962, lr_0 = 7.0000e-05
Validation sid = 0.185547
Epoch 178

Loss = 3.5089e-02, PNorm = 468.7869, GNorm = 0.1045, lr_0 = 7.0000e-05
Validation sid = 0.186027
Epoch 179

Loss = 3.4988e-02, PNorm = 469.9129, GNorm = 0.1383, lr_0 = 7.0000e-05
Validation sid = 0.185861
Epoch 180

Loss = 3.5054e-02, PNorm = 471.0000, GNorm = 0.1158, lr_0 = 7.0000e-05
Validation sid = 0.185949
Epoch 181

Loss = 3.4908e-02, PNorm = 472.0584, GNorm = 0.1715, lr_0 = 7.0000e-05
Validation sid = 0.186118
Epoch 182

Loss = 3.4753e-02, PNorm = 473.1872, GNorm = 0.1035, lr_0 = 7.0000e-05
Validation sid = 0.185899
Epoch 183

Loss = 3.4730e-02, PNorm = 474.3109, GNorm = 0.1228, lr_0 = 7.0000e-05
Validation sid = 0.186151
Epoch 184

Loss = 3.4830e-02, PNorm = 475.3450, GNorm = 0.1160, lr_0 = 7.0000e-05
Validation sid = 0.186326
Epoch 185

Loss = 3.4753e-02, PNorm = 476.3507, GNorm = 0.1317, lr_0 = 7.0000e-05
Validation sid = 0.185960
Epoch 186

Loss = 3.4839e-02, PNorm = 477.3650, GNorm = 0.1565, lr_0 = 7.0000e-05
Validation sid = 0.185982
Epoch 187

Loss = 3.4359e-02, PNorm = 478.4346, GNorm = 0.1191, lr_0 = 7.0000e-05
Validation sid = 0.186140
Epoch 188

Loss = 3.4460e-02, PNorm = 479.4945, GNorm = 0.1279, lr_0 = 7.0000e-05
Validation sid = 0.186184
Epoch 189

Loss = 3.4620e-02, PNorm = 480.4821, GNorm = 0.1650, lr_0 = 7.0000e-05
Validation sid = 0.186082
Epoch 190

Loss = 3.4442e-02, PNorm = 481.5030, GNorm = 0.1080, lr_0 = 7.0000e-05
Validation sid = 0.186376
Epoch 191

Loss = 3.4220e-02, PNorm = 482.4881, GNorm = 0.1307, lr_0 = 7.0000e-05
Validation sid = 0.185997
Epoch 192

Loss = 3.4255e-02, PNorm = 483.5938, GNorm = 0.1019, lr_0 = 7.0000e-05
Validation sid = 0.186322
Epoch 193

Loss = 3.4115e-02, PNorm = 484.5897, GNorm = 0.1187, lr_0 = 7.0000e-05
Validation sid = 0.185800
Epoch 194

Loss = 3.3991e-02, PNorm = 485.6102, GNorm = 0.1160, lr_0 = 7.0000e-05
Validation sid = 0.186285
Epoch 195

Loss = 3.4071e-02, PNorm = 486.6502, GNorm = 0.1156, lr_0 = 7.0000e-05
Validation sid = 0.186628
Epoch 196

Loss = 3.3859e-02, PNorm = 487.7042, GNorm = 0.1144, lr_0 = 7.0000e-05
Validation sid = 0.186504
Epoch 197

Loss = 3.3779e-02, PNorm = 488.7584, GNorm = 0.2226, lr_0 = 7.0000e-05
Validation sid = 0.186871
Epoch 198

Loss = 3.4151e-02, PNorm = 489.7614, GNorm = 0.1343, lr_0 = 7.0000e-05
Validation sid = 0.186397
Epoch 199

Loss = 3.3752e-02, PNorm = 490.7625, GNorm = 0.1472, lr_0 = 7.0000e-05
Validation sid = 0.186992
Epoch 200

Loss = 3.3654e-02, PNorm = 491.7194, GNorm = 0.1288, lr_0 = 7.0000e-05
Validation sid = 0.186692
Epoch 201

Loss = 3.3480e-02, PNorm = 492.7704, GNorm = 0.1591, lr_0 = 7.0000e-05
Validation sid = 0.186547
Epoch 202

Loss = 3.3638e-02, PNorm = 493.7755, GNorm = 0.1450, lr_0 = 7.0000e-05
Validation sid = 0.186764
Epoch 203

Loss = 3.3548e-02, PNorm = 494.7504, GNorm = 0.1268, lr_0 = 7.0000e-05
Validation sid = 0.186606
Epoch 204

Loss = 3.3458e-02, PNorm = 495.7450, GNorm = 0.1370, lr_0 = 7.0000e-05
Validation sid = 0.186763
Epoch 205

Loss = 3.3339e-02, PNorm = 496.7837, GNorm = 0.1018, lr_0 = 7.0000e-05
Validation sid = 0.186847
Epoch 206

Loss = 3.3269e-02, PNorm = 497.7645, GNorm = 0.1063, lr_0 = 7.0000e-05
Validation sid = 0.186737
Epoch 207

Loss = 3.3388e-02, PNorm = 498.7473, GNorm = 0.1050, lr_0 = 7.0000e-05
Validation sid = 0.186594
Epoch 208

Loss = 3.3137e-02, PNorm = 499.7324, GNorm = 0.1590, lr_0 = 7.0000e-05
Validation sid = 0.186030
Epoch 209

Loss = 3.3158e-02, PNorm = 500.7184, GNorm = 0.1568, lr_0 = 7.0000e-05
Validation sid = 0.186934
Epoch 210

Loss = 3.3039e-02, PNorm = 501.7120, GNorm = 0.1022, lr_0 = 7.0000e-05
Validation sid = 0.186227
Epoch 211

Loss = 3.3201e-02, PNorm = 502.7355, GNorm = 0.1867, lr_0 = 7.0000e-05
Validation sid = 0.186506
Epoch 212

Loss = 3.2862e-02, PNorm = 503.7120, GNorm = 0.1114, lr_0 = 7.0000e-05
Validation sid = 0.186546
Epoch 213

Loss = 3.2874e-02, PNorm = 504.7055, GNorm = 0.1045, lr_0 = 7.0000e-05
Validation sid = 0.186929
Epoch 214

Loss = 3.2877e-02, PNorm = 505.6837, GNorm = 0.1233, lr_0 = 7.0000e-05
Validation sid = 0.186651
Epoch 215

Loss = 3.2789e-02, PNorm = 506.6751, GNorm = 0.1018, lr_0 = 7.0000e-05
Validation sid = 0.186987
Epoch 216

Loss = 3.2828e-02, PNorm = 507.6042, GNorm = 0.1114, lr_0 = 7.0000e-05
Validation sid = 0.186641
Epoch 217

Loss = 3.2719e-02, PNorm = 508.5611, GNorm = 0.1450, lr_0 = 7.0000e-05
Validation sid = 0.186654
Epoch 218

Loss = 3.2515e-02, PNorm = 509.5154, GNorm = 0.1179, lr_0 = 7.0000e-05
Validation sid = 0.186738
Epoch 219

Loss = 3.2654e-02, PNorm = 510.5366, GNorm = 0.2043, lr_0 = 7.0000e-05
Validation sid = 0.186979
Epoch 220

Loss = 3.2538e-02, PNorm = 511.4620, GNorm = 0.1009, lr_0 = 7.0000e-05
Validation sid = 0.186638
Epoch 221

Loss = 3.2489e-02, PNorm = 512.4525, GNorm = 0.1492, lr_0 = 7.0000e-05
Validation sid = 0.186510
Epoch 222

Loss = 3.2375e-02, PNorm = 513.4129, GNorm = 0.1201, lr_0 = 7.0000e-05
Validation sid = 0.186414
Epoch 223

Loss = 3.2391e-02, PNorm = 514.3782, GNorm = 0.0983, lr_0 = 7.0000e-05
Validation sid = 0.186591
Epoch 224

Loss = 3.2346e-02, PNorm = 515.3607, GNorm = 0.0993, lr_0 = 7.0000e-05
Validation sid = 0.186461
Epoch 225

Loss = 3.2296e-02, PNorm = 516.2820, GNorm = 0.0807, lr_0 = 7.0000e-05
Validation sid = 0.186510
Epoch 226

Loss = 3.2297e-02, PNorm = 517.1844, GNorm = 0.1376, lr_0 = 7.0000e-05
Validation sid = 0.187007
Epoch 227

Loss = 3.2378e-02, PNorm = 518.1221, GNorm = 0.1318, lr_0 = 7.0000e-05
Validation sid = 0.187047
Epoch 228

Loss = 3.2044e-02, PNorm = 519.0778, GNorm = 0.1264, lr_0 = 7.0000e-05
Validation sid = 0.186974
Epoch 229

Loss = 3.2147e-02, PNorm = 520.0319, GNorm = 0.1205, lr_0 = 7.0000e-05
Validation sid = 0.187096
Epoch 230

Loss = 3.2010e-02, PNorm = 520.9116, GNorm = 0.1095, lr_0 = 7.0000e-05
Validation sid = 0.187230
Epoch 231

Loss = 3.2135e-02, PNorm = 521.8483, GNorm = 0.1137, lr_0 = 7.0000e-05
Validation sid = 0.186840
Epoch 232

Loss = 3.1841e-02, PNorm = 522.7309, GNorm = 0.1131, lr_0 = 7.0000e-05
Validation sid = 0.187020
Epoch 233

Loss = 3.2139e-02, PNorm = 523.6901, GNorm = 0.1018, lr_0 = 7.0000e-05
Validation sid = 0.186890
Epoch 234

Loss = 3.1779e-02, PNorm = 524.6010, GNorm = 0.1211, lr_0 = 7.0000e-05
Validation sid = 0.187127
Epoch 235

Loss = 3.1938e-02, PNorm = 525.5279, GNorm = 0.0880, lr_0 = 7.0000e-05
Validation sid = 0.186645
Epoch 236

Loss = 3.1939e-02, PNorm = 526.3542, GNorm = 0.1162, lr_0 = 7.0000e-05
Validation sid = 0.186767
Epoch 237

Loss = 3.1643e-02, PNorm = 527.2497, GNorm = 0.1020, lr_0 = 7.0000e-05
Validation sid = 0.187180
Epoch 238

Loss = 3.1696e-02, PNorm = 528.1379, GNorm = 0.1017, lr_0 = 7.0000e-05
Validation sid = 0.186990
Epoch 239

Loss = 3.1644e-02, PNorm = 528.9957, GNorm = 0.0972, lr_0 = 7.0000e-05
Validation sid = 0.187116
Epoch 240

Loss = 3.1616e-02, PNorm = 529.9748, GNorm = 0.0998, lr_0 = 7.0000e-05
Validation sid = 0.186872
Epoch 241

Loss = 3.1517e-02, PNorm = 530.8712, GNorm = 0.1111, lr_0 = 7.0000e-05
Validation sid = 0.186901
Epoch 242

Loss = 3.1649e-02, PNorm = 531.7189, GNorm = 0.1604, lr_0 = 7.0000e-05
Validation sid = 0.187111
Epoch 243

Loss = 3.1484e-02, PNorm = 532.6322, GNorm = 0.1026, lr_0 = 7.0000e-05
Validation sid = 0.186721
Epoch 244

Loss = 3.1558e-02, PNorm = 533.5059, GNorm = 0.0928, lr_0 = 7.0000e-05
Validation sid = 0.186884
Epoch 245

Loss = 3.1348e-02, PNorm = 534.3876, GNorm = 0.1302, lr_0 = 7.0000e-05
Validation sid = 0.186857
Epoch 246

Loss = 3.1225e-02, PNorm = 535.3015, GNorm = 0.1092, lr_0 = 7.0000e-05
Validation sid = 0.187155
Epoch 247

Loss = 3.1280e-02, PNorm = 536.2071, GNorm = 0.1361, lr_0 = 7.0000e-05
Validation sid = 0.187396
Epoch 248

Loss = 3.1368e-02, PNorm = 537.1303, GNorm = 0.0959, lr_0 = 7.0000e-05
Validation sid = 0.187191
Epoch 249

Loss = 3.1088e-02, PNorm = 537.9750, GNorm = 0.0958, lr_0 = 7.0000e-05
Validation sid = 0.186981
Model 0 best validation sid = 0.173876 on epoch 42
Loading pretrained parameter "ffn.1.weight".
Loading pretrained parameter "ffn.1.bias".
Loading pretrained parameter "ffn.3.weights".
Loading pretrained parameter "ffn.5.weight".
Loading pretrained parameter "ffn.5.bias".
Loading pretrained parameter "ffn.8.weight".
Loading pretrained parameter "ffn.8.bias".
Moving model to cuda
Model 0 test sid = 0.168488
Ensemble test sid = 0.168488
1-fold cross validation
Seed 0 ==> test sid = 0.168488
Overall test sid = 0.168488 +/- 0.000000
Fold 0
{'activation': 'ReLU',
 'atom_messages': False,
 'batch_size': 50,
 'bias': False,
 'bias_ffn': True,
 'checkpoint_dir': None,
 'checkpoint_path': None,
 'checkpoint_paths': None,
 'config_path': './recommended_config.json',
 'convergence_margin': 100000000.0,
 'crossval_index_dir': None,
 'crossval_index_file': None,
 'cuda': True,
 'data_path': 'morgan_data/fold_0/train_full.csv',
 'dataset_type': 'spectra',
 'depth': 6,
 'device': 'cuda:0',
 'dropout': 0.05,
 'ensemble_size': 1,
 'epochs': 250,
 'features_generator': ['morgan'],
 'features_only': True,
 'features_path': None,
 'features_scaling': False,
 'ffn_hidden_size': 1024,
 'ffn_num_layers': 2,
 'final_lr': 7e-05,
 'folds_file': None,
 'frzn_mpn_checkpoint': None,
 'gpu': 0,
 'hidden_size': 2200,
 'init_lr': 0.0001,
 'max_data_size': None,
 'max_lr': 7e-05,
 'metric': 'sid',
 'minimize_score': True,
 'multiclass_num_classes': 3,
 'no_cache': False,
 'normalization_end': 550,
 'normalization_start': 50,
 'num_folds': 1,
 'num_lrs': 1,
 'output_activation': 'exp',
 'qnn': True,
 'quiet': False,
 'save_dir': './output/morgan_hybrid_probs/fold_0',
 'save_smiles_splits': True,
 'seed': 0,
 'separate_test_features_path': None,
 'separate_test_path': 'morgan_data/fold_0/test_full.csv',
 'separate_val_features_path': None,
 'separate_val_path': 'morgan_data/fold_0/val_full.csv',
 'show_individual_scores': False,
 'sm_eps': 1e-08,
 'sm_thresh': 1e-08,
 'spectral_loss_function': 'sid',
 'spectral_mask_path': None,
 'split_sizes': [0.8, 0.1, 0.1],
 'split_type': 'random_with_repeated_smiles',
 'target_scaling': True,
 'test': False,
 'test_fold_index': None,
 'torch_seed': None,
 'undirected': False,
 'use_compound_names': False,
 'use_input_features': ['morgan'],
 'val_fold_index': None,
 'warmup_epochs': 2.0}
Loading data
Number of tasks = 1801
Splitting data with seed 0
Total size = 68,404 | train size = 68,404 | val size = 8,550 | test size = 8,551
Pre-normalizing training targets
Building model 0
MoleculeModel(
  (encoder): MPN(
    (encoder): MPNEncoder()
  )
  (ffn): Sequential(
    (0): <Quantum Torch Layer: func=qnode>
    (1): Linear(in_features=1024, out_features=1024, bias=True)
    (2): ReLU()
    (3): Dropout(p=0.05, inplace=False)
    (4): Linear(in_features=1024, out_features=1801, bias=True)
  )
)
Number of parameters = 2,895,647
Moving model to cuda
Epoch 0
Fold 0
{'activation': 'ReLU',
 'atom_messages': False,
 'batch_size': 50,
 'bias': False,
 'bias_ffn': True,
 'checkpoint_dir': None,
 'checkpoint_path': None,
 'checkpoint_paths': None,
 'config_path': './recommended_config.json',
 'convergence_margin': 100000000.0,
 'crossval_index_dir': None,
 'crossval_index_file': None,
 'cuda': True,
 'data_path': 'morgan_data/fold_0/train_full.csv',
 'dataset_type': 'spectra',
 'depth': 6,
 'device': 'cuda:0',
 'dropout': 0.05,
 'ensemble_size': 1,
 'epochs': 250,
 'features_generator': ['morgan'],
 'features_only': True,
 'features_path': None,
 'features_scaling': False,
 'ffn_hidden_size': 1024,
 'ffn_num_layers': 2,
 'final_lr': 7e-05,
 'folds_file': None,
 'frzn_mpn_checkpoint': None,
 'gpu': 0,
 'hidden_size': 2200,
 'init_lr': 0.0001,
 'max_data_size': None,
 'max_lr': 7e-05,
 'metric': 'sid',
 'minimize_score': True,
 'multiclass_num_classes': 3,
 'no_cache': False,
 'normalization_end': 550,
 'normalization_start': 50,
 'num_folds': 1,
 'num_lrs': 1,
 'output_activation': 'exp',
 'qnn': True,
 'quiet': False,
 'save_dir': './output/morgan_hybrid_probs/fold_0',
 'save_smiles_splits': True,
 'seed': 0,
 'separate_test_features_path': None,
 'separate_test_path': 'morgan_data/fold_0/test_full.csv',
 'separate_val_features_path': None,
 'separate_val_path': 'morgan_data/fold_0/val_full.csv',
 'show_individual_scores': False,
 'sm_eps': 1e-08,
 'sm_thresh': 1e-08,
 'spectral_loss_function': 'sid',
 'spectral_mask_path': None,
 'split_sizes': [0.8, 0.1, 0.1],
 'split_type': 'random_with_repeated_smiles',
 'target_scaling': True,
 'test': False,
 'test_fold_index': None,
 'torch_seed': None,
 'undirected': False,
 'use_compound_names': False,
 'use_input_features': ['morgan'],
 'val_fold_index': None,
 'warmup_epochs': 2.0}
Loading data
Number of tasks = 1801
Splitting data with seed 0
Total size = 68,404 | train size = 68,404 | val size = 8,550 | test size = 8,551
Pre-normalizing training targets
Building model 0
MoleculeModel(
  (encoder): MPN(
    (encoder): MPNEncoder()
  )
  (ffn): Sequential(
    (0): <Quantum Torch Layer: func=qnode>
    (1): Linear(in_features=2048, out_features=1024, bias=True)
    (2): ReLU()
    (3): Dropout(p=0.05, inplace=False)
    (4): Linear(in_features=1024, out_features=1801, bias=True)
  )
)
Number of parameters = 3,944,223
Moving model to cuda
Epoch 0

Loss = 6.7857e-01, PNorm = 76.4453, GNorm = 0.0336, lr_0 = 8.4989e-05
Validation sid = 0.507817
Epoch 1

Loss = 4.8323e-01, PNorm = 84.0009, GNorm = 0.0350, lr_0 = 7.0000e-05
Validation sid = 0.444332
Epoch 2

Loss = 4.1303e-01, PNorm = 94.1334, GNorm = 0.0340, lr_0 = 7.0000e-05
Validation sid = 0.387391
Epoch 3

Loss = 3.6289e-01, PNorm = 104.1781, GNorm = 0.0703, lr_0 = 7.0000e-05
Validation sid = 0.345871
Epoch 4

Loss = 3.2928e-01, PNorm = 113.5521, GNorm = 0.0474, lr_0 = 7.0000e-05
Validation sid = 0.318288
Epoch 5

Loss = 3.0577e-01, PNorm = 122.2441, GNorm = 0.0602, lr_0 = 7.0000e-05
Validation sid = 0.299020
Epoch 6

Loss = 2.8899e-01, PNorm = 130.1974, GNorm = 0.0567, lr_0 = 7.0000e-05
Validation sid = 0.284851
Epoch 7

Loss = 2.7609e-01, PNorm = 137.7366, GNorm = 0.1032, lr_0 = 7.0000e-05
Validation sid = 0.273717
Epoch 8

Loss = 2.6538e-01, PNorm = 145.1145, GNorm = 0.0600, lr_0 = 7.0000e-05
Validation sid = 0.264436
Epoch 9

Loss = 2.5616e-01, PNorm = 152.4007, GNorm = 0.0538, lr_0 = 7.0000e-05
Validation sid = 0.256328
Epoch 10

Loss = 2.4799e-01, PNorm = 159.5672, GNorm = 0.0692, lr_0 = 7.0000e-05
Validation sid = 0.249215
Epoch 11

Loss = 2.4086e-01, PNorm = 166.5090, GNorm = 0.0887, lr_0 = 7.0000e-05
Validation sid = 0.243214
Epoch 12

Loss = 2.3461e-01, PNorm = 173.3870, GNorm = 0.0469, lr_0 = 7.0000e-05
Validation sid = 0.238018
Epoch 13

Loss = 2.2906e-01, PNorm = 180.0170, GNorm = 0.0860, lr_0 = 7.0000e-05
Validation sid = 0.233337
Epoch 14

Loss = 2.2422e-01, PNorm = 186.4611, GNorm = 0.0515, lr_0 = 7.0000e-05
Validation sid = 0.229393
Epoch 15

Loss = 2.1998e-01, PNorm = 192.7638, GNorm = 0.0647, lr_0 = 7.0000e-05
Validation sid = 0.225764
Epoch 16

Loss = 2.1595e-01, PNorm = 198.9476, GNorm = 0.0713, lr_0 = 7.0000e-05
Validation sid = 0.222561
Epoch 17

Loss = 2.1242e-01, PNorm = 204.9647, GNorm = 0.0909, lr_0 = 7.0000e-05
Validation sid = 0.219754
Epoch 18

Loss = 2.0915e-01, PNorm = 210.8817, GNorm = 0.0700, lr_0 = 7.0000e-05
Validation sid = 0.217079
Epoch 19

Loss = 2.0606e-01, PNorm = 216.6272, GNorm = 0.0688, lr_0 = 7.0000e-05
Validation sid = 0.214709
Epoch 20

Loss = 2.0319e-01, PNorm = 222.3099, GNorm = 0.0811, lr_0 = 7.0000e-05
Validation sid = 0.212332
Epoch 21

Loss = 2.0053e-01, PNorm = 227.8998, GNorm = 0.0927, lr_0 = 7.0000e-05
Validation sid = 0.210194
Epoch 22

Loss = 1.9800e-01, PNorm = 233.3485, GNorm = 0.0951, lr_0 = 7.0000e-05
Validation sid = 0.208202
Epoch 23

Loss = 1.9564e-01, PNorm = 238.7773, GNorm = 0.0862, lr_0 = 7.0000e-05
Validation sid = 0.206355
Epoch 24

Loss = 1.9335e-01, PNorm = 244.1213, GNorm = 0.1024, lr_0 = 7.0000e-05
Validation sid = 0.204653
Epoch 25

Loss = 1.9118e-01, PNorm = 249.3293, GNorm = 0.0808, lr_0 = 7.0000e-05
Validation sid = 0.203063
Epoch 26

Loss = 1.8916e-01, PNorm = 254.3981, GNorm = 0.0825, lr_0 = 7.0000e-05
Validation sid = 0.201399
Epoch 27

Loss = 1.8717e-01, PNorm = 259.4663, GNorm = 0.0867, lr_0 = 7.0000e-05
Validation sid = 0.199947
Epoch 28

Loss = 1.8535e-01, PNorm = 264.4056, GNorm = 0.0801, lr_0 = 7.0000e-05
Validation sid = 0.198466
Epoch 29

Loss = 1.8359e-01, PNorm = 269.2933, GNorm = 0.0936, lr_0 = 7.0000e-05
Validation sid = 0.197247
Epoch 30

Loss = 1.8192e-01, PNorm = 274.0803, GNorm = 0.0778, lr_0 = 7.0000e-05
Validation sid = 0.195946
Epoch 31

Loss = 1.8028e-01, PNorm = 278.8068, GNorm = 0.0811, lr_0 = 7.0000e-05
Validation sid = 0.194911
Epoch 32

Loss = 1.7878e-01, PNorm = 283.4385, GNorm = 0.1044, lr_0 = 7.0000e-05
Validation sid = 0.193724
Epoch 33

Loss = 1.7731e-01, PNorm = 287.9526, GNorm = 0.0889, lr_0 = 7.0000e-05
Validation sid = 0.192678
Epoch 34

Loss = 1.7589e-01, PNorm = 292.4612, GNorm = 0.1040, lr_0 = 7.0000e-05
Validation sid = 0.191716
Epoch 35

Loss = 1.7456e-01, PNorm = 296.8543, GNorm = 0.1196, lr_0 = 7.0000e-05
Validation sid = 0.190768
Epoch 36

Loss = 1.7323e-01, PNorm = 301.1895, GNorm = 0.1025, lr_0 = 7.0000e-05
Validation sid = 0.189975
Epoch 37

Loss = 1.7198e-01, PNorm = 305.4150, GNorm = 0.1096, lr_0 = 7.0000e-05
Validation sid = 0.189105
Epoch 38

Loss = 1.7081e-01, PNorm = 309.6231, GNorm = 0.0999, lr_0 = 7.0000e-05
Validation sid = 0.188318
Epoch 39

Loss = 1.6954e-01, PNorm = 313.7891, GNorm = 0.1072, lr_0 = 7.0000e-05
Validation sid = 0.187583
Epoch 40

Loss = 1.6837e-01, PNorm = 317.8199, GNorm = 0.0806, lr_0 = 7.0000e-05
Validation sid = 0.186925
Epoch 41

Loss = 1.6722e-01, PNorm = 321.9051, GNorm = 0.0885, lr_0 = 7.0000e-05
Validation sid = 0.186252
Epoch 42

Loss = 1.6613e-01, PNorm = 325.8669, GNorm = 0.0921, lr_0 = 7.0000e-05
Validation sid = 0.185543
Epoch 43

Loss = 1.6509e-01, PNorm = 329.8007, GNorm = 0.1161, lr_0 = 7.0000e-05
Validation sid = 0.184908
Epoch 44

Loss = 1.6400e-01, PNorm = 333.7271, GNorm = 0.1208, lr_0 = 7.0000e-05
Validation sid = 0.184261
Epoch 45

Loss = 1.6300e-01, PNorm = 337.6283, GNorm = 0.1169, lr_0 = 7.0000e-05
Validation sid = 0.183668
Epoch 46

Loss = 1.6200e-01, PNorm = 341.4717, GNorm = 0.1056, lr_0 = 7.0000e-05
Validation sid = 0.183058
Epoch 47

Loss = 1.6101e-01, PNorm = 345.3402, GNorm = 0.0927, lr_0 = 7.0000e-05
Validation sid = 0.182434
Epoch 48

Loss = 1.6004e-01, PNorm = 349.1978, GNorm = 0.1056, lr_0 = 7.0000e-05
Validation sid = 0.181924
Epoch 49

Loss = 1.5910e-01, PNorm = 352.9930, GNorm = 0.1155, lr_0 = 7.0000e-05
Validation sid = 0.181440
Epoch 50

Loss = 1.5806e-01, PNorm = 356.7224, GNorm = 0.1412, lr_0 = 7.0000e-05
Validation sid = 0.180842
Epoch 51

Loss = 1.5718e-01, PNorm = 360.4210, GNorm = 0.1432, lr_0 = 7.0000e-05
Validation sid = 0.180392
Epoch 52

Loss = 1.5628e-01, PNorm = 364.1304, GNorm = 0.1120, lr_0 = 7.0000e-05
Validation sid = 0.179883
Epoch 53

Loss = 1.5541e-01, PNorm = 367.7814, GNorm = 0.1058, lr_0 = 7.0000e-05
Validation sid = 0.179328
Epoch 54

Loss = 1.5449e-01, PNorm = 371.4869, GNorm = 0.1129, lr_0 = 7.0000e-05
Validation sid = 0.178898
Epoch 55

Loss = 1.5360e-01, PNorm = 375.1304, GNorm = 0.1069, lr_0 = 7.0000e-05
Validation sid = 0.178438
Epoch 56

Loss = 1.5272e-01, PNorm = 378.7160, GNorm = 0.1073, lr_0 = 7.0000e-05
Validation sid = 0.177928
Epoch 57

Loss = 1.5193e-01, PNorm = 382.3340, GNorm = 0.1023, lr_0 = 7.0000e-05
Validation sid = 0.177562
Epoch 58

Loss = 1.5109e-01, PNorm = 385.9538, GNorm = 0.1204, lr_0 = 7.0000e-05
Validation sid = 0.177044
Epoch 59

Loss = 1.5026e-01, PNorm = 389.4927, GNorm = 0.1263, lr_0 = 7.0000e-05
Validation sid = 0.176645
Epoch 60

Loss = 1.4943e-01, PNorm = 393.0273, GNorm = 0.1108, lr_0 = 7.0000e-05
Validation sid = 0.176269
Epoch 61

Loss = 1.4862e-01, PNorm = 396.5759, GNorm = 0.1362, lr_0 = 7.0000e-05
Validation sid = 0.175855
Epoch 62

Loss = 1.4784e-01, PNorm = 400.1307, GNorm = 0.1574, lr_0 = 7.0000e-05
Validation sid = 0.175575
Epoch 63

Loss = 1.4701e-01, PNorm = 403.6394, GNorm = 0.1396, lr_0 = 7.0000e-05
Validation sid = 0.175132
Epoch 64

Loss = 1.4629e-01, PNorm = 407.1107, GNorm = 0.1328, lr_0 = 7.0000e-05
Validation sid = 0.174677
Epoch 65

Loss = 1.4552e-01, PNorm = 410.5700, GNorm = 0.1203, lr_0 = 7.0000e-05
Validation sid = 0.174304
Epoch 66

Loss = 1.4473e-01, PNorm = 414.0509, GNorm = 0.1076, lr_0 = 7.0000e-05
Validation sid = 0.173941
Epoch 67

Loss = 1.4398e-01, PNorm = 417.4943, GNorm = 0.1119, lr_0 = 7.0000e-05
Validation sid = 0.173502
Epoch 68

Loss = 1.4321e-01, PNorm = 420.9718, GNorm = 0.1084, lr_0 = 7.0000e-05
Validation sid = 0.173253
Epoch 69

Loss = 1.4243e-01, PNorm = 424.4046, GNorm = 0.1176, lr_0 = 7.0000e-05
Validation sid = 0.172895
Epoch 70

Loss = 1.4171e-01, PNorm = 427.8321, GNorm = 0.1171, lr_0 = 7.0000e-05
Validation sid = 0.172550
Epoch 71

Loss = 1.4096e-01, PNorm = 431.2419, GNorm = 0.1289, lr_0 = 7.0000e-05
Validation sid = 0.172217
Epoch 72

Loss = 1.4026e-01, PNorm = 434.6363, GNorm = 0.1093, lr_0 = 7.0000e-05
Validation sid = 0.171912
Epoch 73

Loss = 1.3954e-01, PNorm = 438.0629, GNorm = 0.0965, lr_0 = 7.0000e-05
Validation sid = 0.171540
Epoch 74

Loss = 1.3885e-01, PNorm = 441.4482, GNorm = 0.1217, lr_0 = 7.0000e-05
Validation sid = 0.171218
Epoch 75

Loss = 1.3811e-01, PNorm = 444.8206, GNorm = 0.1028, lr_0 = 7.0000e-05
Validation sid = 0.170942
Epoch 76

Loss = 1.3743e-01, PNorm = 448.1887, GNorm = 0.1143, lr_0 = 7.0000e-05
Validation sid = 0.170547
Epoch 77

Loss = 1.3673e-01, PNorm = 451.4937, GNorm = 0.1138, lr_0 = 7.0000e-05
Validation sid = 0.170267
Epoch 78

Loss = 1.3605e-01, PNorm = 454.8712, GNorm = 0.1242, lr_0 = 7.0000e-05
Validation sid = 0.169987
Epoch 79

Loss = 1.3535e-01, PNorm = 458.2188, GNorm = 0.1265, lr_0 = 7.0000e-05
Validation sid = 0.169713
Epoch 80

Loss = 1.3468e-01, PNorm = 461.5335, GNorm = 0.1350, lr_0 = 7.0000e-05
Validation sid = 0.169326
Epoch 81

Loss = 1.3403e-01, PNorm = 464.8751, GNorm = 0.1199, lr_0 = 7.0000e-05
Validation sid = 0.169144
Epoch 82

Loss = 1.3336e-01, PNorm = 468.1925, GNorm = 0.0987, lr_0 = 7.0000e-05
Validation sid = 0.168777
Epoch 83

Loss = 1.3265e-01, PNorm = 471.5173, GNorm = 0.1147, lr_0 = 7.0000e-05
Validation sid = 0.168576
Epoch 84

Loss = 1.3200e-01, PNorm = 474.8404, GNorm = 0.1393, lr_0 = 7.0000e-05
Validation sid = 0.168223
Epoch 85

Loss = 1.3135e-01, PNorm = 478.0874, GNorm = 0.1142, lr_0 = 7.0000e-05
Validation sid = 0.167979
Epoch 86

Loss = 1.3072e-01, PNorm = 481.3949, GNorm = 0.1127, lr_0 = 7.0000e-05
Validation sid = 0.167678
Epoch 87

Loss = 1.3009e-01, PNorm = 484.6733, GNorm = 0.1083, lr_0 = 7.0000e-05
Validation sid = 0.167560
Epoch 88

Loss = 1.2942e-01, PNorm = 487.9381, GNorm = 0.1341, lr_0 = 7.0000e-05
Validation sid = 0.167184
Epoch 89

Loss = 1.2885e-01, PNorm = 491.1939, GNorm = 0.1083, lr_0 = 7.0000e-05
Validation sid = 0.166913
Epoch 90

Loss = 1.2820e-01, PNorm = 494.4224, GNorm = 0.1192, lr_0 = 7.0000e-05
Validation sid = 0.166659
Epoch 91

Loss = 1.2759e-01, PNorm = 497.6945, GNorm = 0.1325, lr_0 = 7.0000e-05
Validation sid = 0.166428
Epoch 92

Loss = 1.2698e-01, PNorm = 500.9156, GNorm = 0.1240, lr_0 = 7.0000e-05
Validation sid = 0.166177
Epoch 93

Loss = 1.2636e-01, PNorm = 504.1651, GNorm = 0.1676, lr_0 = 7.0000e-05
Validation sid = 0.165974
Epoch 94

Loss = 1.2580e-01, PNorm = 507.3737, GNorm = 0.1031, lr_0 = 7.0000e-05
Validation sid = 0.165698
Epoch 95

Loss = 1.2512e-01, PNorm = 510.5936, GNorm = 0.1306, lr_0 = 7.0000e-05
Validation sid = 0.165494
Epoch 96

Loss = 1.2456e-01, PNorm = 513.8176, GNorm = 0.1288, lr_0 = 7.0000e-05
Validation sid = 0.165242
Epoch 97

Loss = 1.2396e-01, PNorm = 517.0052, GNorm = 0.1193, lr_0 = 7.0000e-05
Validation sid = 0.164984
Epoch 98

Loss = 1.2336e-01, PNorm = 520.1448, GNorm = 0.1170, lr_0 = 7.0000e-05
Validation sid = 0.164806
Epoch 99

Loss = 1.2278e-01, PNorm = 523.3546, GNorm = 0.1251, lr_0 = 7.0000e-05
Validation sid = 0.164656
Epoch 100

Loss = 1.2219e-01, PNorm = 526.5140, GNorm = 0.1255, lr_0 = 7.0000e-05
Validation sid = 0.164362
Epoch 101

Loss = 1.2163e-01, PNorm = 529.6961, GNorm = 0.1389, lr_0 = 7.0000e-05
Validation sid = 0.164133
Epoch 102

Loss = 1.2107e-01, PNorm = 532.8676, GNorm = 0.1299, lr_0 = 7.0000e-05
Validation sid = 0.163943
Epoch 103

Loss = 1.2048e-01, PNorm = 535.9951, GNorm = 0.1567, lr_0 = 7.0000e-05
Validation sid = 0.163770
Epoch 104

Loss = 1.1998e-01, PNorm = 539.1811, GNorm = 0.1232, lr_0 = 7.0000e-05
Validation sid = 0.163518
Epoch 105

Loss = 1.1934e-01, PNorm = 542.3133, GNorm = 0.1346, lr_0 = 7.0000e-05
Validation sid = 0.163373
Epoch 106

Loss = 1.1880e-01, PNorm = 545.4210, GNorm = 0.1291, lr_0 = 7.0000e-05
Validation sid = 0.163149
Epoch 107

Loss = 1.1828e-01, PNorm = 548.5573, GNorm = 0.1326, lr_0 = 7.0000e-05
Validation sid = 0.162959
Epoch 108

Loss = 1.1765e-01, PNorm = 551.6895, GNorm = 0.1389, lr_0 = 7.0000e-05
Validation sid = 0.162763
Epoch 109

Loss = 1.1715e-01, PNorm = 554.7853, GNorm = 0.1368, lr_0 = 7.0000e-05
Validation sid = 0.162608
Epoch 110

Loss = 1.1663e-01, PNorm = 557.8478, GNorm = 0.1179, lr_0 = 7.0000e-05
Validation sid = 0.162390
Epoch 111

Loss = 1.1606e-01, PNorm = 560.9608, GNorm = 0.1298, lr_0 = 7.0000e-05
Validation sid = 0.162261
Epoch 112

Loss = 1.1557e-01, PNorm = 564.0377, GNorm = 0.1555, lr_0 = 7.0000e-05
Validation sid = 0.162074
Epoch 113

Loss = 1.1505e-01, PNorm = 567.1002, GNorm = 0.1258, lr_0 = 7.0000e-05
Validation sid = 0.161925
Epoch 114

Loss = 1.1448e-01, PNorm = 570.1773, GNorm = 0.1487, lr_0 = 7.0000e-05
Validation sid = 0.161737
Epoch 115

Loss = 1.1396e-01, PNorm = 573.2277, GNorm = 0.1071, lr_0 = 7.0000e-05
Validation sid = 0.161544
Epoch 116

Loss = 1.1343e-01, PNorm = 576.2607, GNorm = 0.1319, lr_0 = 7.0000e-05
Validation sid = 0.161360
Epoch 117

Loss = 1.1298e-01, PNorm = 579.3605, GNorm = 0.1506, lr_0 = 7.0000e-05
Validation sid = 0.161316
Epoch 118

Loss = 1.1246e-01, PNorm = 582.3591, GNorm = 0.1370, lr_0 = 7.0000e-05
Validation sid = 0.161113
Epoch 119

Loss = 1.1192e-01, PNorm = 585.3811, GNorm = 0.1377, lr_0 = 7.0000e-05
Validation sid = 0.160914
Epoch 120

Loss = 1.1148e-01, PNorm = 588.4177, GNorm = 0.1179, lr_0 = 7.0000e-05
Validation sid = 0.160772
Epoch 121

Loss = 1.1095e-01, PNorm = 591.3923, GNorm = 0.1355, lr_0 = 7.0000e-05
Validation sid = 0.160569
Epoch 122

Loss = 1.1044e-01, PNorm = 594.4283, GNorm = 0.1189, lr_0 = 7.0000e-05
Validation sid = 0.160456
Epoch 123

Loss = 1.0998e-01, PNorm = 597.4050, GNorm = 0.1812, lr_0 = 7.0000e-05
Validation sid = 0.160323
Epoch 124

Loss = 1.0948e-01, PNorm = 600.4088, GNorm = 0.1665, lr_0 = 7.0000e-05
Validation sid = 0.160274
Epoch 125

Loss = 1.0899e-01, PNorm = 603.3708, GNorm = 0.1247, lr_0 = 7.0000e-05
Validation sid = 0.160020
Epoch 126

Loss = 1.0855e-01, PNorm = 606.3487, GNorm = 0.1110, lr_0 = 7.0000e-05
Validation sid = 0.159919
Epoch 127

Loss = 1.0810e-01, PNorm = 609.3210, GNorm = 0.1353, lr_0 = 7.0000e-05
Validation sid = 0.159777
Epoch 128

Loss = 1.0757e-01, PNorm = 612.2709, GNorm = 0.1132, lr_0 = 7.0000e-05
Validation sid = 0.159650
Epoch 129

Loss = 1.0707e-01, PNorm = 615.2315, GNorm = 0.1419, lr_0 = 7.0000e-05
Validation sid = 0.159501
Epoch 130

Loss = 1.0667e-01, PNorm = 618.1657, GNorm = 0.1747, lr_0 = 7.0000e-05
Validation sid = 0.159425
Epoch 131

Loss = 1.0618e-01, PNorm = 621.0824, GNorm = 0.1431, lr_0 = 7.0000e-05
Validation sid = 0.159325
Epoch 132

Loss = 1.0579e-01, PNorm = 623.9919, GNorm = 0.1567, lr_0 = 7.0000e-05
Validation sid = 0.159201
Epoch 133

Loss = 1.0527e-01, PNorm = 626.9495, GNorm = 0.1283, lr_0 = 7.0000e-05
Validation sid = 0.159060
Epoch 134

Loss = 1.0482e-01, PNorm = 629.8627, GNorm = 0.1354, lr_0 = 7.0000e-05
Validation sid = 0.158986
Epoch 135

Loss = 1.0443e-01, PNorm = 632.7193, GNorm = 0.1272, lr_0 = 7.0000e-05
Validation sid = 0.158790
Epoch 136

Loss = 1.0393e-01, PNorm = 635.6421, GNorm = 0.1255, lr_0 = 7.0000e-05
Validation sid = 0.158779
Epoch 137

Loss = 1.0359e-01, PNorm = 638.4913, GNorm = 0.1378, lr_0 = 7.0000e-05
Validation sid = 0.158611
Epoch 138

Loss = 1.0314e-01, PNorm = 641.3940, GNorm = 0.1340, lr_0 = 7.0000e-05
Validation sid = 0.158545
Epoch 139

Loss = 1.0263e-01, PNorm = 644.2527, GNorm = 0.2229, lr_0 = 7.0000e-05
Validation sid = 0.158387
Epoch 140

Loss = 1.0222e-01, PNorm = 647.1048, GNorm = 0.1723, lr_0 = 7.0000e-05
Validation sid = 0.158274
Epoch 141

Loss = 1.0185e-01, PNorm = 649.9875, GNorm = 0.1568, lr_0 = 7.0000e-05
Validation sid = 0.158193
Epoch 142

Loss = 1.0144e-01, PNorm = 652.8238, GNorm = 0.1545, lr_0 = 7.0000e-05
Validation sid = 0.158100
Epoch 143

Loss = 1.0100e-01, PNorm = 655.6494, GNorm = 0.1565, lr_0 = 7.0000e-05
Validation sid = 0.158050
Epoch 144

Loss = 1.0062e-01, PNorm = 658.4575, GNorm = 0.1485, lr_0 = 7.0000e-05
Validation sid = 0.157924
Epoch 145

Loss = 1.0019e-01, PNorm = 661.2839, GNorm = 0.1357, lr_0 = 7.0000e-05
Validation sid = 0.157872
Epoch 146

Loss = 9.9805e-02, PNorm = 664.0992, GNorm = 0.1690, lr_0 = 7.0000e-05
Validation sid = 0.157704
Epoch 147

Loss = 9.9362e-02, PNorm = 666.9227, GNorm = 0.1147, lr_0 = 7.0000e-05
Validation sid = 0.157691
Epoch 148

Loss = 9.8942e-02, PNorm = 669.6905, GNorm = 0.1451, lr_0 = 7.0000e-05
Validation sid = 0.157557
Epoch 149

Loss = 9.8539e-02, PNorm = 672.4827, GNorm = 0.1433, lr_0 = 7.0000e-05
Validation sid = 0.157494
Epoch 150

Loss = 9.8180e-02, PNorm = 675.2428, GNorm = 0.1484, lr_0 = 7.0000e-05
Validation sid = 0.157415
Epoch 151

Loss = 9.7753e-02, PNorm = 677.9922, GNorm = 0.1407, lr_0 = 7.0000e-05
Validation sid = 0.157402
Epoch 152

Loss = 9.7398e-02, PNorm = 680.7626, GNorm = 0.1385, lr_0 = 7.0000e-05
Validation sid = 0.157242
Epoch 153

Loss = 9.7017e-02, PNorm = 683.5204, GNorm = 0.1524, lr_0 = 7.0000e-05
Validation sid = 0.157126
Epoch 154

Loss = 9.6575e-02, PNorm = 686.2624, GNorm = 0.1760, lr_0 = 7.0000e-05
Validation sid = 0.157101
Epoch 155

Loss = 9.6228e-02, PNorm = 689.0019, GNorm = 0.1333, lr_0 = 7.0000e-05
Validation sid = 0.157077
Epoch 156

Loss = 9.5846e-02, PNorm = 691.7106, GNorm = 0.1470, lr_0 = 7.0000e-05
Validation sid = 0.157020
Epoch 157

Loss = 9.5480e-02, PNorm = 694.4228, GNorm = 0.1538, lr_0 = 7.0000e-05
Validation sid = 0.156878
Epoch 158

Loss = 9.5107e-02, PNorm = 697.1332, GNorm = 0.1454, lr_0 = 7.0000e-05
Validation sid = 0.156879
Epoch 159

Loss = 9.4696e-02, PNorm = 699.8616, GNorm = 0.1858, lr_0 = 7.0000e-05
Validation sid = 0.156762
Epoch 160

Loss = 9.4357e-02, PNorm = 702.5273, GNorm = 0.1521, lr_0 = 7.0000e-05
Validation sid = 0.156736
Epoch 161

Loss = 9.4003e-02, PNorm = 705.2385, GNorm = 0.2181, lr_0 = 7.0000e-05
Validation sid = 0.156731
Epoch 162

Loss = 9.3623e-02, PNorm = 707.9054, GNorm = 0.1395, lr_0 = 7.0000e-05
Validation sid = 0.156640
Epoch 163

Loss = 9.3314e-02, PNorm = 710.5697, GNorm = 0.1417, lr_0 = 7.0000e-05
Validation sid = 0.156608
Epoch 164

Loss = 9.2946e-02, PNorm = 713.2298, GNorm = 0.1757, lr_0 = 7.0000e-05
Validation sid = 0.156515
Epoch 165

Loss = 9.2600e-02, PNorm = 715.8721, GNorm = 0.1499, lr_0 = 7.0000e-05
Validation sid = 0.156473
Epoch 166

Loss = 9.2266e-02, PNorm = 718.5393, GNorm = 0.1465, lr_0 = 7.0000e-05
Validation sid = 0.156437
Epoch 167

Loss = 9.1928e-02, PNorm = 721.1947, GNorm = 0.1484, lr_0 = 7.0000e-05
Validation sid = 0.156350
Epoch 168

Loss = 9.1548e-02, PNorm = 723.7921, GNorm = 0.1566, lr_0 = 7.0000e-05
Validation sid = 0.156265
Epoch 169

Loss = 9.1235e-02, PNorm = 726.3921, GNorm = 0.1236, lr_0 = 7.0000e-05
Validation sid = 0.156261
Epoch 170

Loss = 9.0934e-02, PNorm = 729.0223, GNorm = 0.1532, lr_0 = 7.0000e-05
Validation sid = 0.156242
Epoch 171

Loss = 9.0586e-02, PNorm = 731.6238, GNorm = 0.1599, lr_0 = 7.0000e-05
Validation sid = 0.156211
Epoch 172

Loss = 9.0242e-02, PNorm = 734.2267, GNorm = 0.1476, lr_0 = 7.0000e-05
Validation sid = 0.156189
Epoch 173

Loss = 8.9926e-02, PNorm = 736.8172, GNorm = 0.1836, lr_0 = 7.0000e-05
Validation sid = 0.156058
Epoch 174

Loss = 8.9597e-02, PNorm = 739.3877, GNorm = 0.1617, lr_0 = 7.0000e-05
Validation sid = 0.156051
Epoch 175

Loss = 8.9221e-02, PNorm = 741.9777, GNorm = 0.1422, lr_0 = 7.0000e-05
Validation sid = 0.156012
Epoch 176

Loss = 8.8938e-02, PNorm = 744.5257, GNorm = 0.1554, lr_0 = 7.0000e-05
Validation sid = 0.155973
Epoch 177

Loss = 8.8642e-02, PNorm = 747.0921, GNorm = 0.1479, lr_0 = 7.0000e-05
Validation sid = 0.156005
Epoch 178

Loss = 8.8250e-02, PNorm = 749.6250, GNorm = 0.1259, lr_0 = 7.0000e-05
Validation sid = 0.155930
Epoch 179

Loss = 8.8032e-02, PNorm = 752.1961, GNorm = 0.1451, lr_0 = 7.0000e-05
Validation sid = 0.155876
Epoch 180

Loss = 8.7680e-02, PNorm = 754.7399, GNorm = 0.1483, lr_0 = 7.0000e-05
Validation sid = 0.155818
Epoch 181

Loss = 8.7411e-02, PNorm = 757.2532, GNorm = 0.1637, lr_0 = 7.0000e-05
Validation sid = 0.155825
Epoch 182

Loss = 8.7084e-02, PNorm = 759.7551, GNorm = 0.1598, lr_0 = 7.0000e-05
Validation sid = 0.155742
Epoch 183

Loss = 8.6769e-02, PNorm = 762.2664, GNorm = 0.1561, lr_0 = 7.0000e-05
Validation sid = 0.155787
Epoch 184

Loss = 8.6501e-02, PNorm = 764.7558, GNorm = 0.1656, lr_0 = 7.0000e-05
Validation sid = 0.155735
Epoch 185

Loss = 8.6124e-02, PNorm = 767.2458, GNorm = 0.1346, lr_0 = 7.0000e-05
Validation sid = 0.155787
Epoch 186

Loss = 8.5815e-02, PNorm = 769.7359, GNorm = 0.1535, lr_0 = 7.0000e-05
Validation sid = 0.155687
Epoch 187

Loss = 8.5558e-02, PNorm = 772.2081, GNorm = 0.1803, lr_0 = 7.0000e-05
Validation sid = 0.155696
Epoch 188

Loss = 8.5283e-02, PNorm = 774.7154, GNorm = 0.1504, lr_0 = 7.0000e-05
Validation sid = 0.155659
Epoch 189

Loss = 8.4995e-02, PNorm = 777.1442, GNorm = 0.1612, lr_0 = 7.0000e-05
Validation sid = 0.155573
Epoch 190

Loss = 8.4719e-02, PNorm = 779.5989, GNorm = 0.1534, lr_0 = 7.0000e-05
Validation sid = 0.155601
Epoch 191

Loss = 8.4432e-02, PNorm = 782.0354, GNorm = 0.1616, lr_0 = 7.0000e-05
Validation sid = 0.155615
Epoch 192

Loss = 8.4134e-02, PNorm = 784.4702, GNorm = 0.1485, lr_0 = 7.0000e-05
Validation sid = 0.155593
Epoch 193

Loss = 8.3831e-02, PNorm = 786.8937, GNorm = 0.1321, lr_0 = 7.0000e-05
Validation sid = 0.155629
Epoch 194

Loss = 8.3596e-02, PNorm = 789.3213, GNorm = 0.1448, lr_0 = 7.0000e-05
Validation sid = 0.155629
Epoch 195

Loss = 8.3320e-02, PNorm = 791.7292, GNorm = 0.1247, lr_0 = 7.0000e-05
Validation sid = 0.155592
Epoch 196

Loss = 8.3039e-02, PNorm = 794.1245, GNorm = 0.1534, lr_0 = 7.0000e-05
Validation sid = 0.155584
Epoch 197

Loss = 8.2717e-02, PNorm = 796.5308, GNorm = 0.1397, lr_0 = 7.0000e-05
Validation sid = 0.155554
Epoch 198

Loss = 8.2476e-02, PNorm = 798.9179, GNorm = 0.1836, lr_0 = 7.0000e-05
Validation sid = 0.155624
Epoch 199

Loss = 8.2249e-02, PNorm = 801.2901, GNorm = 0.1506, lr_0 = 7.0000e-05
Validation sid = 0.155606
Epoch 200

Loss = 8.1942e-02, PNorm = 803.6666, GNorm = 0.1372, lr_0 = 7.0000e-05
Validation sid = 0.155516
Epoch 201

Loss = 8.1671e-02, PNorm = 806.0292, GNorm = 0.1291, lr_0 = 7.0000e-05
Validation sid = 0.155473
Epoch 202

Loss = 8.1470e-02, PNorm = 808.3785, GNorm = 0.1268, lr_0 = 7.0000e-05
Validation sid = 0.155510
Epoch 203

Loss = 8.1161e-02, PNorm = 810.7437, GNorm = 0.1481, lr_0 = 7.0000e-05
Validation sid = 0.155515
Epoch 204

Loss = 8.0921e-02, PNorm = 813.0700, GNorm = 0.1383, lr_0 = 7.0000e-05
Validation sid = 0.155569
Epoch 205

Loss = 8.0677e-02, PNorm = 815.3739, GNorm = 0.1414, lr_0 = 7.0000e-05
Validation sid = 0.155540
Epoch 206

Loss = 8.0380e-02, PNorm = 817.7225, GNorm = 0.1610, lr_0 = 7.0000e-05
Validation sid = 0.155505
Epoch 207

Loss = 8.0140e-02, PNorm = 820.0559, GNorm = 0.1393, lr_0 = 7.0000e-05
Validation sid = 0.155577
Epoch 208

Loss = 7.9888e-02, PNorm = 822.3565, GNorm = 0.1432, lr_0 = 7.0000e-05
Validation sid = 0.155522
Epoch 209

Loss = 7.9649e-02, PNorm = 824.6637, GNorm = 0.1507, lr_0 = 7.0000e-05
Validation sid = 0.155540
Epoch 210

Loss = 7.9341e-02, PNorm = 826.9734, GNorm = 0.1196, lr_0 = 7.0000e-05
Validation sid = 0.155536
Epoch 211

Loss = 7.9183e-02, PNorm = 829.2322, GNorm = 0.1312, lr_0 = 7.0000e-05
Validation sid = 0.155563
Epoch 212

Loss = 7.8917e-02, PNorm = 831.5357, GNorm = 0.1685, lr_0 = 7.0000e-05
Validation sid = 0.155579
Epoch 213

Loss = 7.8708e-02, PNorm = 833.8082, GNorm = 0.1590, lr_0 = 7.0000e-05
Validation sid = 0.155527
Epoch 214

Loss = 7.8400e-02, PNorm = 836.0727, GNorm = 0.1283, lr_0 = 7.0000e-05
Validation sid = 0.155609
Epoch 215

Loss = 7.8199e-02, PNorm = 838.3108, GNorm = 0.1370, lr_0 = 7.0000e-05
Validation sid = 0.155677
Epoch 216

Loss = 7.8002e-02, PNorm = 840.5754, GNorm = 0.1683, lr_0 = 7.0000e-05
Validation sid = 0.155614
Epoch 217

Loss = 7.7757e-02, PNorm = 842.8063, GNorm = 0.1290, lr_0 = 7.0000e-05
Validation sid = 0.155672
Epoch 218

Loss = 7.7488e-02, PNorm = 845.0470, GNorm = 0.1542, lr_0 = 7.0000e-05
Validation sid = 0.155571
Epoch 219

Loss = 7.7304e-02, PNorm = 847.2386, GNorm = 0.1438, lr_0 = 7.0000e-05
Validation sid = 0.155563
Epoch 220

Loss = 7.7049e-02, PNorm = 849.4487, GNorm = 0.1448, lr_0 = 7.0000e-05
Validation sid = 0.155588
Epoch 221

Loss = 7.6815e-02, PNorm = 851.6770, GNorm = 0.1524, lr_0 = 7.0000e-05
Validation sid = 0.155667
Epoch 222

Loss = 7.6610e-02, PNorm = 853.8870, GNorm = 0.1319, lr_0 = 7.0000e-05
Validation sid = 0.155638
Epoch 223

Loss = 7.6364e-02, PNorm = 856.0738, GNorm = 0.1546, lr_0 = 7.0000e-05
Validation sid = 0.155611
Epoch 224

Loss = 7.6187e-02, PNorm = 858.2348, GNorm = 0.1239, lr_0 = 7.0000e-05
Validation sid = 0.155650
Epoch 225

Loss = 7.5979e-02, PNorm = 860.4061, GNorm = 0.1787, lr_0 = 7.0000e-05
Validation sid = 0.155671
Epoch 226

Loss = 7.5748e-02, PNorm = 862.5917, GNorm = 0.1387, lr_0 = 7.0000e-05
Validation sid = 0.155722
Epoch 227

Loss = 7.5492e-02, PNorm = 864.7582, GNorm = 0.1291, lr_0 = 7.0000e-05
Validation sid = 0.155711
Epoch 228

Loss = 7.5290e-02, PNorm = 866.9122, GNorm = 0.1289, lr_0 = 7.0000e-05
Validation sid = 0.155725
Epoch 229

Loss = 7.5049e-02, PNorm = 869.0589, GNorm = 0.1642, lr_0 = 7.0000e-05
Validation sid = 0.155708
Epoch 230

Loss = 7.4799e-02, PNorm = 871.2119, GNorm = 0.1566, lr_0 = 7.0000e-05
Validation sid = 0.155774
Epoch 231

Loss = 7.4668e-02, PNorm = 873.3491, GNorm = 0.1337, lr_0 = 7.0000e-05
Validation sid = 0.155802
Epoch 232

Loss = 7.4397e-02, PNorm = 875.4733, GNorm = 0.1348, lr_0 = 7.0000e-05
Validation sid = 0.155838
Epoch 233

Loss = 7.4262e-02, PNorm = 877.5910, GNorm = 0.1419, lr_0 = 7.0000e-05
Validation sid = 0.155772
Epoch 234

Loss = 7.4034e-02, PNorm = 879.6964, GNorm = 0.1532, lr_0 = 7.0000e-05
Validation sid = 0.155963
Epoch 235

Loss = 7.3876e-02, PNorm = 881.8068, GNorm = 0.1551, lr_0 = 7.0000e-05
Validation sid = 0.155924
Epoch 236

Loss = 7.3610e-02, PNorm = 883.8906, GNorm = 0.1601, lr_0 = 7.0000e-05
Validation sid = 0.155923
Epoch 237

Loss = 7.3408e-02, PNorm = 885.9670, GNorm = 0.1556, lr_0 = 7.0000e-05
Validation sid = 0.155959
Epoch 238

Loss = 7.3175e-02, PNorm = 888.0620, GNorm = 0.1492, lr_0 = 7.0000e-05
Validation sid = 0.156067
Epoch 239

Loss = 7.3040e-02, PNorm = 890.1334, GNorm = 0.1318, lr_0 = 7.0000e-05
Validation sid = 0.155991
Epoch 240

Loss = 7.2855e-02, PNorm = 892.2433, GNorm = 0.1459, lr_0 = 7.0000e-05
Validation sid = 0.156089
Epoch 241

Loss = 7.2604e-02, PNorm = 894.2637, GNorm = 0.1349, lr_0 = 7.0000e-05
Validation sid = 0.156121
Epoch 242

Loss = 7.2434e-02, PNorm = 896.3132, GNorm = 0.1561, lr_0 = 7.0000e-05
Validation sid = 0.156126
Epoch 243

Loss = 7.2282e-02, PNorm = 898.3860, GNorm = 0.1565, lr_0 = 7.0000e-05
Validation sid = 0.156207
Epoch 244

Loss = 7.2099e-02, PNorm = 900.3878, GNorm = 0.1328, lr_0 = 7.0000e-05
Validation sid = 0.156183
Epoch 245

Loss = 7.1827e-02, PNorm = 902.4224, GNorm = 0.1558, lr_0 = 7.0000e-05
Validation sid = 0.156201
Epoch 246

Loss = 7.1700e-02, PNorm = 904.4581, GNorm = 0.1559, lr_0 = 7.0000e-05
Validation sid = 0.156245
Epoch 247

Loss = 7.1476e-02, PNorm = 906.4479, GNorm = 0.1555, lr_0 = 7.0000e-05
Validation sid = 0.156298
Epoch 248

Loss = 7.1334e-02, PNorm = 908.4720, GNorm = 0.1414, lr_0 = 7.0000e-05
Validation sid = 0.156252
Epoch 249

Loss = 7.1154e-02, PNorm = 910.4664, GNorm = 0.1308, lr_0 = 7.0000e-05
Validation sid = 0.156302
Model 0 best validation sid = 0.155473 on epoch 201
Loading pretrained parameter "ffn.0.weights".
Loading pretrained parameter "ffn.1.weight".
Loading pretrained parameter "ffn.1.bias".
Loading pretrained parameter "ffn.4.weight".
Loading pretrained parameter "ffn.4.bias".
Moving model to cuda
Model 0 test sid = 0.149830
Ensemble test sid = 0.149830
1-fold cross validation
Seed 0 ==> test sid = 0.149830
Overall test sid = 0.149830 +/- 0.000000
