Fold 0
{'activation': 'ReLU',
 'atom_messages': False,
 'batch_size': 50,
 'bias': False,
 'bias_ffn': True,
 'checkpoint_dir': None,
 'checkpoint_path': None,
 'checkpoint_paths': None,
 'config_path': './recommended_config.json',
 'convergence_margin': 100000000.0,
 'crossval_index_dir': None,
 'crossval_index_file': None,
 'cuda': True,
 'data_path': './data/research_data/train_full.csv',
 'dataset_type': 'spectra',
 'depth': 3,
 'device': 'cuda:0',
 'dropout': 0.05,
 'ensemble_size': 1,
 'epochs': 250,
 'features_generator': ['morgan'],
 'features_only': True,
 'features_path': None,
 'features_scaling': False,
 'ffn_hidden_size': 2100,
 'ffn_num_layers': 3,
 'final_lr': 5e-05,
 'folds_file': None,
 'frzn_mpn_checkpoint': None,
 'gpu': 0,
 'hidden_size': 300,
 'init_lr': 0.0001,
 'max_data_size': None,
 'max_lr': 8e-05,
 'metric': 'sid',
 'minimize_score': True,
 'multiclass_num_classes': 3,
 'no_cache': False,
 'normalization_end': 550,
 'normalization_start': 50,
 'num_folds': 1,
 'num_lrs': 1,
 'output_activation': 'exp',
 'qnn': True,
 'qnn_layer': 8,
 'quiet': False,
 'save_dir': './output/model/qh2_2100_layer2/fold_0',
 'save_smiles_splits': False,
 'seed': 0,
 'separate_test_features_path': None,
 'separate_test_path': './data/research_data/test_full.csv',
 'separate_val_features_path': None,
 'separate_val_path': './data/research_data/val_full.csv',
 'show_individual_scores': False,
 'sm_eps': 1e-08,
 'sm_thresh': 1e-08,
 'spectral_loss_function': 'sid',
 'spectral_mask_path': None,
 'split_sizes': [0.8, 0.1, 0.1],
 'split_type': 'random_with_repeated_smiles',
 'target_scaling': True,
 'test': False,
 'test_fold_index': None,
 'torch_seed': None,
 'undirected': False,
 'use_compound_names': False,
 'use_input_features': ['morgan'],
 'val_fold_index': None,
 'warmup_epochs': 2.0}
Loading data
Number of tasks = 1801
Splitting data with seed 0
Total size = 68,404 | train size = 68,404 | val size = 8,550 | test size = 8,551
Pre-normalizing training targets
Building model 0
MoleculeModel(
  (encoder): MPN(
    (encoder): MPNEncoder()
  )
  (ffn): Sequential(
    (0): <Quantum Torch Layer: func=qnode>
    (1): Linear(in_features=2048, out_features=2100, bias=True)
    (2): ReLU()
    (3): Dropout(p=0.05, inplace=False)
    (4): Linear(in_features=2100, out_features=1801, bias=True)
  )
)
Number of parameters = 8,086,889
Moving model to cuda
Epoch 0

Loss = 6.4285e-01, PNorm = 94.8789, GNorm = 0.0646, lr_0 = 8.9993e-05
Validation sid = 0.474006
Epoch 1

Loss = 4.0966e-01, PNorm = 116.4453, GNorm = 0.0720, lr_0 = 8.0000e-05
Validation sid = 0.367368
Epoch 2

Loss = 3.4012e-01, PNorm = 129.6624, GNorm = 0.0509, lr_0 = 7.9848e-05
Validation sid = 0.319463
Epoch 3

Loss = 3.0119e-01, PNorm = 141.9383, GNorm = 0.0948, lr_0 = 7.9697e-05
Validation sid = 0.288210
Epoch 4

Loss = 2.7493e-01, PNorm = 153.3349, GNorm = 0.0584, lr_0 = 7.9546e-05
Validation sid = 0.267376
Epoch 5

Loss = 2.5629e-01, PNorm = 164.2127, GNorm = 0.1131, lr_0 = 7.9396e-05
Validation sid = 0.252443
Epoch 6

Loss = 2.4228e-01, PNorm = 174.6845, GNorm = 0.1234, lr_0 = 7.9245e-05
Validation sid = 0.241595
Epoch 7

Loss = 2.3150e-01, PNorm = 184.8458, GNorm = 0.0661, lr_0 = 7.9095e-05
Validation sid = 0.232991
Epoch 8

Loss = 2.2292e-01, PNorm = 194.3624, GNorm = 0.0576, lr_0 = 7.8946e-05
Validation sid = 0.226434
Epoch 9

Loss = 2.1600e-01, PNorm = 203.5868, GNorm = 0.0851, lr_0 = 7.8796e-05
Validation sid = 0.221065
Epoch 10

Loss = 2.1019e-01, PNorm = 212.2290, GNorm = 0.0772, lr_0 = 7.8647e-05
Validation sid = 0.216575
Epoch 11

Loss = 2.0512e-01, PNorm = 220.6116, GNorm = 0.0950, lr_0 = 7.8498e-05
Validation sid = 0.212761
Epoch 12

Loss = 2.0071e-01, PNorm = 228.6383, GNorm = 0.0917, lr_0 = 7.8349e-05
Validation sid = 0.209382
Epoch 13

Loss = 1.9675e-01, PNorm = 236.3225, GNorm = 0.0964, lr_0 = 7.8201e-05
Validation sid = 0.206535
Epoch 14

Loss = 1.9319e-01, PNorm = 243.7334, GNorm = 0.0812, lr_0 = 7.8053e-05
Validation sid = 0.203730
Epoch 15

Loss = 1.8995e-01, PNorm = 250.9596, GNorm = 0.1236, lr_0 = 7.7905e-05
Validation sid = 0.201506
Epoch 16

Loss = 1.8700e-01, PNorm = 257.8865, GNorm = 0.0887, lr_0 = 7.7758e-05
Validation sid = 0.199171
Epoch 17

Loss = 1.8426e-01, PNorm = 264.6822, GNorm = 0.0980, lr_0 = 7.7610e-05
Validation sid = 0.197378
Epoch 18

Loss = 1.8177e-01, PNorm = 271.2452, GNorm = 0.0921, lr_0 = 7.7464e-05
Validation sid = 0.195532
Epoch 19

Loss = 1.7942e-01, PNorm = 277.5964, GNorm = 0.0672, lr_0 = 7.7317e-05
Validation sid = 0.193970
Epoch 20

Loss = 1.7730e-01, PNorm = 283.7355, GNorm = 0.1154, lr_0 = 7.7170e-05
Validation sid = 0.192582
Epoch 21

Loss = 1.7531e-01, PNorm = 289.7485, GNorm = 0.1125, lr_0 = 7.7024e-05
Validation sid = 0.191221
Epoch 22

Loss = 1.7336e-01, PNorm = 295.5625, GNorm = 0.1065, lr_0 = 7.6879e-05
Validation sid = 0.190062
Epoch 23

Loss = 1.7160e-01, PNorm = 301.3412, GNorm = 0.0952, lr_0 = 7.6733e-05
Validation sid = 0.189056
Epoch 24

Loss = 1.6987e-01, PNorm = 306.9440, GNorm = 0.1058, lr_0 = 7.6588e-05
Validation sid = 0.187964
Epoch 25

Loss = 1.6822e-01, PNorm = 312.4614, GNorm = 0.1075, lr_0 = 7.6443e-05
Validation sid = 0.186862
Epoch 26

Loss = 1.6663e-01, PNorm = 317.9349, GNorm = 0.1262, lr_0 = 7.6298e-05
Validation sid = 0.185923
Epoch 27

Loss = 1.6507e-01, PNorm = 323.3024, GNorm = 0.0919, lr_0 = 7.6153e-05
Validation sid = 0.185195
Epoch 28

Loss = 1.6362e-01, PNorm = 328.6198, GNorm = 0.1343, lr_0 = 7.6009e-05
Validation sid = 0.184236
Epoch 29

Loss = 1.6219e-01, PNorm = 333.8911, GNorm = 0.0849, lr_0 = 7.5865e-05
Validation sid = 0.183405
Epoch 30

Loss = 1.6081e-01, PNorm = 339.1716, GNorm = 0.0915, lr_0 = 7.5722e-05
Validation sid = 0.182683
Epoch 31

Loss = 1.5941e-01, PNorm = 344.3501, GNorm = 0.1413, lr_0 = 7.5578e-05
Validation sid = 0.181975
Epoch 32

Loss = 1.5810e-01, PNorm = 349.4211, GNorm = 0.1397, lr_0 = 7.5435e-05
Validation sid = 0.181063
Epoch 33

Loss = 1.5678e-01, PNorm = 354.5381, GNorm = 0.1330, lr_0 = 7.5292e-05
Validation sid = 0.180615
Epoch 34

Loss = 1.5550e-01, PNorm = 359.5525, GNorm = 0.1040, lr_0 = 7.5150e-05
Validation sid = 0.179789
Epoch 35

Loss = 1.5430e-01, PNorm = 364.5398, GNorm = 0.1099, lr_0 = 7.5008e-05
Validation sid = 0.179087
Epoch 36

Loss = 1.5304e-01, PNorm = 369.5280, GNorm = 0.1010, lr_0 = 7.4866e-05
Validation sid = 0.178616
Epoch 37

Loss = 1.5181e-01, PNorm = 374.5128, GNorm = 0.1215, lr_0 = 7.4724e-05
Validation sid = 0.177905
Epoch 38

Loss = 1.5062e-01, PNorm = 379.4096, GNorm = 0.1144, lr_0 = 7.4582e-05
Validation sid = 0.177303
Epoch 39

Loss = 1.4949e-01, PNorm = 384.3657, GNorm = 0.1102, lr_0 = 7.4441e-05
Validation sid = 0.176627
Epoch 40

Loss = 1.4830e-01, PNorm = 389.2345, GNorm = 0.1013, lr_0 = 7.4300e-05
Validation sid = 0.176185
Epoch 41

Loss = 1.4717e-01, PNorm = 394.1333, GNorm = 0.1307, lr_0 = 7.4160e-05
Validation sid = 0.175585
Epoch 42

Loss = 1.4608e-01, PNorm = 399.0177, GNorm = 0.1215, lr_0 = 7.4019e-05
Validation sid = 0.175017
Epoch 43

Loss = 1.4494e-01, PNorm = 403.8169, GNorm = 0.0980, lr_0 = 7.3879e-05
Validation sid = 0.174374
Epoch 44

Loss = 1.4385e-01, PNorm = 408.6502, GNorm = 0.1087, lr_0 = 7.3739e-05
Validation sid = 0.174067
Epoch 45

Loss = 1.4278e-01, PNorm = 413.4270, GNorm = 0.1081, lr_0 = 7.3599e-05
Validation sid = 0.173364
Epoch 46

Loss = 1.4163e-01, PNorm = 418.1983, GNorm = 0.1078, lr_0 = 7.3460e-05
Validation sid = 0.172820
Epoch 47

Loss = 1.4060e-01, PNorm = 422.9695, GNorm = 0.1060, lr_0 = 7.3321e-05
Validation sid = 0.172422
Epoch 48

Loss = 1.3957e-01, PNorm = 427.6943, GNorm = 0.1119, lr_0 = 7.3182e-05
Validation sid = 0.171863
Epoch 49

Loss = 1.3852e-01, PNorm = 432.4581, GNorm = 0.1054, lr_0 = 7.3044e-05
Validation sid = 0.171399
Epoch 50

Loss = 1.3750e-01, PNorm = 437.1598, GNorm = 0.1165, lr_0 = 7.2905e-05
Validation sid = 0.170935
Epoch 51

Loss = 1.3645e-01, PNorm = 441.8691, GNorm = 0.1467, lr_0 = 7.2767e-05
Validation sid = 0.170411
Epoch 52

Loss = 1.3544e-01, PNorm = 446.5470, GNorm = 0.0969, lr_0 = 7.2630e-05
Validation sid = 0.169991
Epoch 53

Loss = 1.3445e-01, PNorm = 451.2383, GNorm = 0.1640, lr_0 = 7.2492e-05
Validation sid = 0.169495
Epoch 54

Loss = 1.3351e-01, PNorm = 455.9013, GNorm = 0.1080, lr_0 = 7.2355e-05
Validation sid = 0.169044
Epoch 55

Loss = 1.3248e-01, PNorm = 460.5716, GNorm = 0.1389, lr_0 = 7.2218e-05
Validation sid = 0.168597
Epoch 56

Loss = 1.3144e-01, PNorm = 465.1555, GNorm = 0.1266, lr_0 = 7.2081e-05
Validation sid = 0.168173
Epoch 57

Loss = 1.3048e-01, PNorm = 469.8108, GNorm = 0.1142, lr_0 = 7.1945e-05
Validation sid = 0.167821
Epoch 58

Loss = 1.2957e-01, PNorm = 474.3920, GNorm = 0.1094, lr_0 = 7.1808e-05
Validation sid = 0.167338
Epoch 59

Loss = 1.2859e-01, PNorm = 478.9723, GNorm = 0.1207, lr_0 = 7.1672e-05
Validation sid = 0.167082
Epoch 60

Loss = 1.2767e-01, PNorm = 483.5128, GNorm = 0.1144, lr_0 = 7.1537e-05
Validation sid = 0.166535
Epoch 61

Loss = 1.2672e-01, PNorm = 488.1078, GNorm = 0.1682, lr_0 = 7.1401e-05
Validation sid = 0.166147
Epoch 62

Loss = 1.2582e-01, PNorm = 492.6386, GNorm = 0.1343, lr_0 = 7.1266e-05
Validation sid = 0.165737
Epoch 63

Loss = 1.2486e-01, PNorm = 497.2038, GNorm = 0.1212, lr_0 = 7.1131e-05
Validation sid = 0.165477
Epoch 64

Loss = 1.2395e-01, PNorm = 501.7154, GNorm = 0.1436, lr_0 = 7.0996e-05
Validation sid = 0.164967
Epoch 65

Loss = 1.2303e-01, PNorm = 506.2354, GNorm = 0.1251, lr_0 = 7.0862e-05
Validation sid = 0.164661
Epoch 66

Loss = 1.2215e-01, PNorm = 510.7601, GNorm = 0.1666, lr_0 = 7.0728e-05
Validation sid = 0.164335
Epoch 67

Loss = 1.2126e-01, PNorm = 515.2229, GNorm = 0.1411, lr_0 = 7.0594e-05
Validation sid = 0.163841
Epoch 68

Loss = 1.2039e-01, PNorm = 519.7120, GNorm = 0.1360, lr_0 = 7.0460e-05
Validation sid = 0.163629
Epoch 69

Loss = 1.1952e-01, PNorm = 524.1232, GNorm = 0.1303, lr_0 = 7.0327e-05
Validation sid = 0.163243
Epoch 70

Loss = 1.1864e-01, PNorm = 528.5629, GNorm = 0.1655, lr_0 = 7.0194e-05
Validation sid = 0.162866
Epoch 71

Loss = 1.1780e-01, PNorm = 532.9733, GNorm = 0.1391, lr_0 = 7.0061e-05
Validation sid = 0.162451
Epoch 72

Loss = 1.1694e-01, PNorm = 537.3597, GNorm = 0.1349, lr_0 = 6.9928e-05
Validation sid = 0.162205
Epoch 73

Loss = 1.1610e-01, PNorm = 541.7598, GNorm = 0.1044, lr_0 = 6.9796e-05
Validation sid = 0.161921
Epoch 74

Loss = 1.1525e-01, PNorm = 546.1097, GNorm = 0.1806, lr_0 = 6.9664e-05
Validation sid = 0.161594
Epoch 75

Loss = 1.1446e-01, PNorm = 550.4565, GNorm = 0.1470, lr_0 = 6.9532e-05
Validation sid = 0.161226
Epoch 76

Loss = 1.1364e-01, PNorm = 554.7942, GNorm = 0.1266, lr_0 = 6.9400e-05
Validation sid = 0.161013
Epoch 77

Loss = 1.1286e-01, PNorm = 559.1114, GNorm = 0.1453, lr_0 = 6.9269e-05
Validation sid = 0.160665
Epoch 78

Loss = 1.1199e-01, PNorm = 563.4135, GNorm = 0.1598, lr_0 = 6.9137e-05
Validation sid = 0.160361
Epoch 79

Loss = 1.1123e-01, PNorm = 567.6959, GNorm = 0.1228, lr_0 = 6.9007e-05
Validation sid = 0.160118
Epoch 80

Loss = 1.1041e-01, PNorm = 571.9947, GNorm = 0.1835, lr_0 = 6.8876e-05
Validation sid = 0.159814
Epoch 81

Loss = 1.0965e-01, PNorm = 576.2312, GNorm = 0.1321, lr_0 = 6.8745e-05
Validation sid = 0.159479
Epoch 82

Loss = 1.0890e-01, PNorm = 580.4852, GNorm = 0.1253, lr_0 = 6.8615e-05
Validation sid = 0.159285
Epoch 83

Loss = 1.0807e-01, PNorm = 584.7172, GNorm = 0.1539, lr_0 = 6.8485e-05
Validation sid = 0.159159
Epoch 84

Loss = 1.0733e-01, PNorm = 588.9145, GNorm = 0.1242, lr_0 = 6.8356e-05
Validation sid = 0.158731
Epoch 85

Loss = 1.0661e-01, PNorm = 593.1224, GNorm = 0.1269, lr_0 = 6.8226e-05
Validation sid = 0.158523
Epoch 86

Loss = 1.0588e-01, PNorm = 597.2651, GNorm = 0.2168, lr_0 = 6.8097e-05
Validation sid = 0.158124
Epoch 87

Loss = 1.0515e-01, PNorm = 601.4021, GNorm = 0.1214, lr_0 = 6.7968e-05
Validation sid = 0.157903
Epoch 88

Loss = 1.0440e-01, PNorm = 605.5612, GNorm = 0.1399, lr_0 = 6.7840e-05
Validation sid = 0.157701
Epoch 89

Loss = 1.0362e-01, PNorm = 609.6882, GNorm = 0.1383, lr_0 = 6.7711e-05
Validation sid = 0.157370
Epoch 90

Loss = 1.0298e-01, PNorm = 613.7678, GNorm = 0.1280, lr_0 = 6.7583e-05
Validation sid = 0.157204
Epoch 91

Loss = 1.0225e-01, PNorm = 617.8903, GNorm = 0.1234, lr_0 = 6.7455e-05
Validation sid = 0.157094
Epoch 92

Loss = 1.0158e-01, PNorm = 621.9407, GNorm = 0.1519, lr_0 = 6.7327e-05
Validation sid = 0.156762
Epoch 93

Loss = 1.0085e-01, PNorm = 626.0154, GNorm = 0.2044, lr_0 = 6.7200e-05
Validation sid = 0.156566
Epoch 94

Loss = 1.0015e-01, PNorm = 630.0330, GNorm = 0.1317, lr_0 = 6.7072e-05
Validation sid = 0.156343
Epoch 95

Loss = 9.9509e-02, PNorm = 634.1172, GNorm = 0.1124, lr_0 = 6.6945e-05
Validation sid = 0.156146
Epoch 96

Loss = 9.8836e-02, PNorm = 638.0950, GNorm = 0.1523, lr_0 = 6.6819e-05
Validation sid = 0.155994
Epoch 97

Loss = 9.8169e-02, PNorm = 642.0628, GNorm = 0.1312, lr_0 = 6.6692e-05
Validation sid = 0.155800
Epoch 98

Loss = 9.7533e-02, PNorm = 646.0510, GNorm = 0.1546, lr_0 = 6.6566e-05
Validation sid = 0.155622
Epoch 99

Loss = 9.6884e-02, PNorm = 650.0178, GNorm = 0.1285, lr_0 = 6.6440e-05
Validation sid = 0.155345
Epoch 100

Loss = 9.6225e-02, PNorm = 653.9455, GNorm = 0.1617, lr_0 = 6.6314e-05
Validation sid = 0.155212
Epoch 101

Loss = 9.5565e-02, PNorm = 657.8558, GNorm = 0.1433, lr_0 = 6.6189e-05
Validation sid = 0.155046
Epoch 102

Loss = 9.4940e-02, PNorm = 661.7805, GNorm = 0.1595, lr_0 = 6.6063e-05
Validation sid = 0.154906
Epoch 103

Loss = 9.4338e-02, PNorm = 665.6575, GNorm = 0.1476, lr_0 = 6.5938e-05
Validation sid = 0.154746
Epoch 104

Loss = 9.3745e-02, PNorm = 669.5445, GNorm = 0.1480, lr_0 = 6.5813e-05
Validation sid = 0.154461
Epoch 105

Loss = 9.3092e-02, PNorm = 673.3831, GNorm = 0.1649, lr_0 = 6.5689e-05
Validation sid = 0.154322
Epoch 106

Loss = 9.2539e-02, PNorm = 677.1990, GNorm = 0.1616, lr_0 = 6.5564e-05
Validation sid = 0.154161
Epoch 107

Loss = 9.1910e-02, PNorm = 681.0269, GNorm = 0.1297, lr_0 = 6.5440e-05
Validation sid = 0.154068
Epoch 108

Loss = 9.1279e-02, PNorm = 684.8434, GNorm = 0.1396, lr_0 = 6.5316e-05
Validation sid = 0.153863
Epoch 109

Loss = 9.0702e-02, PNorm = 688.6003, GNorm = 0.1479, lr_0 = 6.5193e-05
Validation sid = 0.153750
Epoch 110

Loss = 9.0135e-02, PNorm = 692.3983, GNorm = 0.1285, lr_0 = 6.5069e-05
Validation sid = 0.153554
Epoch 111

Loss = 8.9610e-02, PNorm = 696.1625, GNorm = 0.1433, lr_0 = 6.4946e-05
Validation sid = 0.153465
Epoch 112

Loss = 8.9012e-02, PNorm = 699.8544, GNorm = 0.1551, lr_0 = 6.4823e-05
Validation sid = 0.153422
Epoch 113

Loss = 8.8439e-02, PNorm = 703.5741, GNorm = 0.1381, lr_0 = 6.4700e-05
Validation sid = 0.153334
Epoch 114

Loss = 8.7905e-02, PNorm = 707.2600, GNorm = 0.1505, lr_0 = 6.4578e-05
Validation sid = 0.153104
Epoch 115

Loss = 8.7358e-02, PNorm = 710.9164, GNorm = 0.1535, lr_0 = 6.4456e-05
Validation sid = 0.152880
Epoch 116

Loss = 8.6812e-02, PNorm = 714.5806, GNorm = 0.1380, lr_0 = 6.4333e-05
Validation sid = 0.152824
Epoch 117

Loss = 8.6264e-02, PNorm = 718.2308, GNorm = 0.1624, lr_0 = 6.4212e-05
Validation sid = 0.152774
Epoch 118

Loss = 8.5734e-02, PNorm = 721.8597, GNorm = 0.1676, lr_0 = 6.4090e-05
Validation sid = 0.152591
Epoch 119

Loss = 8.5246e-02, PNorm = 725.4503, GNorm = 0.1252, lr_0 = 6.3969e-05
Validation sid = 0.152526
Epoch 120

Loss = 8.4735e-02, PNorm = 729.0503, GNorm = 0.1631, lr_0 = 6.3848e-05
Validation sid = 0.152404
Epoch 121

Loss = 8.4235e-02, PNorm = 732.6110, GNorm = 0.1239, lr_0 = 6.3727e-05
Validation sid = 0.152254
Epoch 122

Loss = 8.3678e-02, PNorm = 736.1428, GNorm = 0.1720, lr_0 = 6.3606e-05
Validation sid = 0.152182
Epoch 123

Loss = 8.3210e-02, PNorm = 739.6723, GNorm = 0.1384, lr_0 = 6.3486e-05
Validation sid = 0.152073
Epoch 124

Loss = 8.2727e-02, PNorm = 743.1743, GNorm = 0.1309, lr_0 = 6.3365e-05
Validation sid = 0.152040
Epoch 125

Loss = 8.2200e-02, PNorm = 746.6908, GNorm = 0.1661, lr_0 = 6.3245e-05
Validation sid = 0.151966
Epoch 126

Loss = 8.1700e-02, PNorm = 750.1498, GNorm = 0.1415, lr_0 = 6.3126e-05
Validation sid = 0.151806
Epoch 127

Loss = 8.1251e-02, PNorm = 753.6159, GNorm = 0.1460, lr_0 = 6.3006e-05
Validation sid = 0.151756
Epoch 128

Loss = 8.0774e-02, PNorm = 757.0604, GNorm = 0.1465, lr_0 = 6.2887e-05
Validation sid = 0.151632
Epoch 129

Loss = 8.0285e-02, PNorm = 760.4919, GNorm = 0.1412, lr_0 = 6.2768e-05
Validation sid = 0.151590
Epoch 130

Loss = 7.9822e-02, PNorm = 763.8606, GNorm = 0.1448, lr_0 = 6.2649e-05
Validation sid = 0.151418
Epoch 131

Loss = 7.9379e-02, PNorm = 767.2929, GNorm = 0.1410, lr_0 = 6.2530e-05
Validation sid = 0.151373
Epoch 132

Loss = 7.8940e-02, PNorm = 770.6133, GNorm = 0.1533, lr_0 = 6.2412e-05
Validation sid = 0.151248
Epoch 133

Loss = 7.8490e-02, PNorm = 774.0010, GNorm = 0.1494, lr_0 = 6.2294e-05
Validation sid = 0.151266
Epoch 134

Loss = 7.8066e-02, PNorm = 777.3344, GNorm = 0.1520, lr_0 = 6.2176e-05
Validation sid = 0.151119
Epoch 135

Loss = 7.7616e-02, PNorm = 780.6426, GNorm = 0.1491, lr_0 = 6.2058e-05
Validation sid = 0.151126
Epoch 136

Loss = 7.7231e-02, PNorm = 783.9564, GNorm = 0.1617, lr_0 = 6.1941e-05
Validation sid = 0.151105
Epoch 137

Loss = 7.6791e-02, PNorm = 787.2309, GNorm = 0.1423, lr_0 = 6.1823e-05
Validation sid = 0.150993
Epoch 138

Loss = 7.6298e-02, PNorm = 790.5161, GNorm = 0.1621, lr_0 = 6.1706e-05
Validation sid = 0.150931
Epoch 139

Loss = 7.5880e-02, PNorm = 793.7516, GNorm = 0.1330, lr_0 = 6.1589e-05
Validation sid = 0.150770
Epoch 140

Loss = 7.5513e-02, PNorm = 796.9773, GNorm = 0.1502, lr_0 = 6.1473e-05
Validation sid = 0.150813
Epoch 141

Loss = 7.5108e-02, PNorm = 800.2000, GNorm = 0.1911, lr_0 = 6.1356e-05
Validation sid = 0.150785
Epoch 142

Loss = 7.4667e-02, PNorm = 803.4085, GNorm = 0.1733, lr_0 = 6.1240e-05
Validation sid = 0.150715
Epoch 143

Loss = 7.4245e-02, PNorm = 806.5890, GNorm = 0.1691, lr_0 = 6.1124e-05
Validation sid = 0.150697
Epoch 144

Loss = 7.3872e-02, PNorm = 809.7531, GNorm = 0.1423, lr_0 = 6.1009e-05
Validation sid = 0.150604
Epoch 145

Loss = 7.3503e-02, PNorm = 812.8872, GNorm = 0.1388, lr_0 = 6.0893e-05
Validation sid = 0.150527
Epoch 146

Loss = 7.3119e-02, PNorm = 816.0079, GNorm = 0.1610, lr_0 = 6.0778e-05
Validation sid = 0.150525
Epoch 147

Loss = 7.2718e-02, PNorm = 819.1284, GNorm = 0.1160, lr_0 = 6.0663e-05
Validation sid = 0.150499
Epoch 148

Loss = 7.2367e-02, PNorm = 822.2057, GNorm = 0.1706, lr_0 = 6.0548e-05
Validation sid = 0.150510
Epoch 149

Loss = 7.1940e-02, PNorm = 825.3066, GNorm = 0.1596, lr_0 = 6.0433e-05
Validation sid = 0.150437
Epoch 150

Loss = 7.1581e-02, PNorm = 828.3515, GNorm = 0.1444, lr_0 = 6.0319e-05
Validation sid = 0.150370
Epoch 151

Loss = 7.1210e-02, PNorm = 831.4330, GNorm = 0.1314, lr_0 = 6.0205e-05
Validation sid = 0.150395
Epoch 152

Loss = 7.0889e-02, PNorm = 834.4641, GNorm = 0.1516, lr_0 = 6.0091e-05
Validation sid = 0.150259
Epoch 153

Loss = 7.0502e-02, PNorm = 837.4709, GNorm = 0.1376, lr_0 = 5.9977e-05
Validation sid = 0.150328
Epoch 154

Loss = 7.0129e-02, PNorm = 840.4545, GNorm = 0.1719, lr_0 = 5.9863e-05
Validation sid = 0.150323
Epoch 155

Loss = 6.9840e-02, PNorm = 843.3742, GNorm = 0.1236, lr_0 = 5.9750e-05
Validation sid = 0.150157
Epoch 156

Loss = 6.9442e-02, PNorm = 846.3560, GNorm = 0.1620, lr_0 = 5.9637e-05
Validation sid = 0.150176
Epoch 157

Loss = 6.9147e-02, PNorm = 849.2931, GNorm = 0.1612, lr_0 = 5.9524e-05
Validation sid = 0.150239
Epoch 158

Loss = 6.8801e-02, PNorm = 852.1886, GNorm = 0.1438, lr_0 = 5.9411e-05
Validation sid = 0.150133
Epoch 159

Loss = 6.8441e-02, PNorm = 855.1097, GNorm = 0.1468, lr_0 = 5.9299e-05
Validation sid = 0.150127
Epoch 160

Loss = 6.8104e-02, PNorm = 858.0249, GNorm = 0.1518, lr_0 = 5.9186e-05
Validation sid = 0.150102
Epoch 161

Loss = 6.7772e-02, PNorm = 860.9083, GNorm = 0.1357, lr_0 = 5.9074e-05
Validation sid = 0.150096
Epoch 162

Loss = 6.7495e-02, PNorm = 863.7714, GNorm = 0.1375, lr_0 = 5.8963e-05
Validation sid = 0.150055
Epoch 163

Loss = 6.7161e-02, PNorm = 866.6214, GNorm = 0.1457, lr_0 = 5.8851e-05
Validation sid = 0.150091
Epoch 164

Loss = 6.6833e-02, PNorm = 869.4412, GNorm = 0.1331, lr_0 = 5.8739e-05
Validation sid = 0.150057
Epoch 165

Loss = 6.6465e-02, PNorm = 872.2743, GNorm = 0.1377, lr_0 = 5.8628e-05
Validation sid = 0.150080
Epoch 166

Loss = 6.6240e-02, PNorm = 875.0489, GNorm = 0.1506, lr_0 = 5.8517e-05
Validation sid = 0.150057
Epoch 167

Loss = 6.5869e-02, PNorm = 877.8455, GNorm = 0.1643, lr_0 = 5.8406e-05
Validation sid = 0.150047
Epoch 168

Loss = 6.5542e-02, PNorm = 880.6033, GNorm = 0.1579, lr_0 = 5.8296e-05
Validation sid = 0.150022
Epoch 169

Loss = 6.5299e-02, PNorm = 883.3438, GNorm = 0.1514, lr_0 = 5.8185e-05
Validation sid = 0.150028
Epoch 170

Loss = 6.4978e-02, PNorm = 886.0967, GNorm = 0.1795, lr_0 = 5.8075e-05
Validation sid = 0.149938
Epoch 171

Loss = 6.4684e-02, PNorm = 888.8120, GNorm = 0.1376, lr_0 = 5.7965e-05
Validation sid = 0.149869
Epoch 172

Loss = 6.4393e-02, PNorm = 891.5213, GNorm = 0.1568, lr_0 = 5.7856e-05
Validation sid = 0.149974
Epoch 173

Loss = 6.4124e-02, PNorm = 894.2109, GNorm = 0.1432, lr_0 = 5.7746e-05
Validation sid = 0.150051
Epoch 174

Loss = 6.3861e-02, PNorm = 896.9095, GNorm = 0.1348, lr_0 = 5.7637e-05
Validation sid = 0.149926
Epoch 175

Loss = 6.3511e-02, PNorm = 899.5507, GNorm = 0.1299, lr_0 = 5.7528e-05
Validation sid = 0.150014
Epoch 176

Loss = 6.3282e-02, PNorm = 902.2056, GNorm = 0.1643, lr_0 = 5.7419e-05
Validation sid = 0.150048
Epoch 177

Loss = 6.2993e-02, PNorm = 904.8177, GNorm = 0.1492, lr_0 = 5.7310e-05
Validation sid = 0.149906
Epoch 178

Loss = 6.2717e-02, PNorm = 907.4490, GNorm = 0.1545, lr_0 = 5.7201e-05
Validation sid = 0.150009
Epoch 179

Loss = 6.2437e-02, PNorm = 910.0515, GNorm = 0.1451, lr_0 = 5.7093e-05
Validation sid = 0.150013
Epoch 180

Loss = 6.2216e-02, PNorm = 912.6589, GNorm = 0.1593, lr_0 = 5.6985e-05
Validation sid = 0.150013
Epoch 181

Loss = 6.1938e-02, PNorm = 915.2182, GNorm = 0.1433, lr_0 = 5.6877e-05
Validation sid = 0.150030
Epoch 182

Loss = 6.1667e-02, PNorm = 917.7892, GNorm = 0.1364, lr_0 = 5.6769e-05
Validation sid = 0.149946
Epoch 183

Loss = 6.1414e-02, PNorm = 920.3307, GNorm = 0.1409, lr_0 = 5.6662e-05
Validation sid = 0.149976
Epoch 184

Loss = 6.1148e-02, PNorm = 922.8650, GNorm = 0.1519, lr_0 = 5.6555e-05
Validation sid = 0.149981
Epoch 185

Loss = 6.0905e-02, PNorm = 925.3716, GNorm = 0.1362, lr_0 = 5.6448e-05
Validation sid = 0.150077
Epoch 186

Loss = 6.0633e-02, PNorm = 927.8837, GNorm = 0.1460, lr_0 = 5.6341e-05
Validation sid = 0.150036
Epoch 187

Loss = 6.0378e-02, PNorm = 930.3844, GNorm = 0.1307, lr_0 = 5.6234e-05
Validation sid = 0.150092
Epoch 188

Loss = 6.0161e-02, PNorm = 932.8379, GNorm = 0.1612, lr_0 = 5.6128e-05
Validation sid = 0.150089
Epoch 189

Loss = 5.9901e-02, PNorm = 935.2806, GNorm = 0.1566, lr_0 = 5.6021e-05
Validation sid = 0.150086
Epoch 190

Loss = 5.9701e-02, PNorm = 937.7374, GNorm = 0.1359, lr_0 = 5.5915e-05
Validation sid = 0.150059
Epoch 191

Loss = 5.9404e-02, PNorm = 940.1437, GNorm = 0.1667, lr_0 = 5.5809e-05
Validation sid = 0.150164
Epoch 192

Loss = 5.9161e-02, PNorm = 942.5789, GNorm = 0.1544, lr_0 = 5.5704e-05
Validation sid = 0.150143
Epoch 193

Loss = 5.8946e-02, PNorm = 944.9877, GNorm = 0.1206, lr_0 = 5.5598e-05
Validation sid = 0.150208
Epoch 194

Loss = 5.8738e-02, PNorm = 947.3870, GNorm = 0.1509, lr_0 = 5.5493e-05
Validation sid = 0.150130
Epoch 195

Loss = 5.8494e-02, PNorm = 949.7688, GNorm = 0.1489, lr_0 = 5.5388e-05
Validation sid = 0.150184
Epoch 196

Loss = 5.8270e-02, PNorm = 952.1344, GNorm = 0.1590, lr_0 = 5.5283e-05
Validation sid = 0.150200
Epoch 197

Loss = 5.8018e-02, PNorm = 954.5116, GNorm = 0.1374, lr_0 = 5.5178e-05
Validation sid = 0.150267
Epoch 198

Loss = 5.7821e-02, PNorm = 956.8499, GNorm = 0.1364, lr_0 = 5.5074e-05
Validation sid = 0.150292
Epoch 199

Loss = 5.7606e-02, PNorm = 959.1708, GNorm = 0.1280, lr_0 = 5.4970e-05
Validation sid = 0.150251
Epoch 200

Loss = 5.7386e-02, PNorm = 961.4817, GNorm = 0.1351, lr_0 = 5.4866e-05
Validation sid = 0.150274
Epoch 201

Loss = 5.7187e-02, PNorm = 963.8023, GNorm = 0.1311, lr_0 = 5.4762e-05
Validation sid = 0.150361
Epoch 202

Loss = 5.6952e-02, PNorm = 966.1081, GNorm = 0.1562, lr_0 = 5.4658e-05
Validation sid = 0.150333
Epoch 203

Loss = 5.6766e-02, PNorm = 968.3825, GNorm = 0.1487, lr_0 = 5.4554e-05
Validation sid = 0.150420
Epoch 204

Loss = 5.6536e-02, PNorm = 970.6533, GNorm = 0.1638, lr_0 = 5.4451e-05
Validation sid = 0.150435
Epoch 205

Loss = 5.6375e-02, PNorm = 972.9218, GNorm = 0.1382, lr_0 = 5.4348e-05
Validation sid = 0.150440
Epoch 206

Loss = 5.6124e-02, PNorm = 975.1529, GNorm = 0.1356, lr_0 = 5.4245e-05
Validation sid = 0.150432
Epoch 207

Loss = 5.5956e-02, PNorm = 977.4076, GNorm = 0.1585, lr_0 = 5.4142e-05
Validation sid = 0.150455
Epoch 208

Loss = 5.5735e-02, PNorm = 979.6218, GNorm = 0.1281, lr_0 = 5.4040e-05
Validation sid = 0.150475
Epoch 209

Loss = 5.5526e-02, PNorm = 981.8298, GNorm = 0.1630, lr_0 = 5.3938e-05
Validation sid = 0.150493
Epoch 210

Loss = 5.5342e-02, PNorm = 984.0097, GNorm = 0.1403, lr_0 = 5.3836e-05
Validation sid = 0.150521
Epoch 211

Loss = 5.5134e-02, PNorm = 986.1861, GNorm = 0.1269, lr_0 = 5.3734e-05
Validation sid = 0.150490
Epoch 212

Loss = 5.4968e-02, PNorm = 988.3785, GNorm = 0.1318, lr_0 = 5.3632e-05
Validation sid = 0.150471
Epoch 213

Loss = 5.4766e-02, PNorm = 990.5570, GNorm = 0.1725, lr_0 = 5.3530e-05
Validation sid = 0.150595
Epoch 214

Loss = 5.4552e-02, PNorm = 992.7174, GNorm = 0.1397, lr_0 = 5.3429e-05
Validation sid = 0.150549
Epoch 215

Loss = 5.4402e-02, PNorm = 994.8364, GNorm = 0.1438, lr_0 = 5.3328e-05
Validation sid = 0.150544
Epoch 216

Loss = 5.4217e-02, PNorm = 996.9719, GNorm = 0.1578, lr_0 = 5.3227e-05
Validation sid = 0.150640
Epoch 217

Loss = 5.4035e-02, PNorm = 999.0834, GNorm = 0.1356, lr_0 = 5.3126e-05
Validation sid = 0.150706
Epoch 218

Loss = 5.3842e-02, PNorm = 1001.1860, GNorm = 0.1486, lr_0 = 5.3025e-05
Validation sid = 0.150722
Epoch 219

Loss = 5.3667e-02, PNorm = 1003.2866, GNorm = 0.1399, lr_0 = 5.2925e-05
Validation sid = 0.150778
Epoch 220

Loss = 5.3473e-02, PNorm = 1005.3732, GNorm = 0.1217, lr_0 = 5.2825e-05
Validation sid = 0.150734
Epoch 221

Loss = 5.3283e-02, PNorm = 1007.4485, GNorm = 0.1820, lr_0 = 5.2725e-05
Validation sid = 0.150752
Epoch 222

Loss = 5.3084e-02, PNorm = 1009.5020, GNorm = 0.1178, lr_0 = 5.2625e-05
Validation sid = 0.150840
Epoch 223

Loss = 5.2913e-02, PNorm = 1011.5585, GNorm = 0.1380, lr_0 = 5.2525e-05
Validation sid = 0.150908
Epoch 224

Loss = 5.2750e-02, PNorm = 1013.6166, GNorm = 0.1477, lr_0 = 5.2426e-05
Validation sid = 0.150881
Epoch 225

Loss = 5.2621e-02, PNorm = 1015.6344, GNorm = 0.1650, lr_0 = 5.2327e-05
Validation sid = 0.150928
Epoch 226

Loss = 5.2407e-02, PNorm = 1017.6362, GNorm = 0.1501, lr_0 = 5.2228e-05
Validation sid = 0.150934
Epoch 227

Loss = 5.2299e-02, PNorm = 1019.6680, GNorm = 0.1454, lr_0 = 5.2129e-05
Validation sid = 0.150938
Epoch 228

Loss = 5.2149e-02, PNorm = 1021.6633, GNorm = 0.1263, lr_0 = 5.2030e-05
Validation sid = 0.151022
Epoch 229

Loss = 5.1934e-02, PNorm = 1023.6373, GNorm = 0.1510, lr_0 = 5.1931e-05
Validation sid = 0.150984
Epoch 230

Loss = 5.1791e-02, PNorm = 1025.6145, GNorm = 0.1444, lr_0 = 5.1833e-05
Validation sid = 0.151039
Epoch 231

Loss = 5.1637e-02, PNorm = 1027.6099, GNorm = 0.1421, lr_0 = 5.1735e-05
Validation sid = 0.151101
Epoch 232

Loss = 5.1435e-02, PNorm = 1029.5815, GNorm = 0.1367, lr_0 = 5.1637e-05
Validation sid = 0.151136
Epoch 233

Loss = 5.1347e-02, PNorm = 1031.5210, GNorm = 0.1613, lr_0 = 5.1539e-05
Validation sid = 0.151122
Epoch 234

Loss = 5.1104e-02, PNorm = 1033.4659, GNorm = 0.1341, lr_0 = 5.1442e-05
Validation sid = 0.151178
Epoch 235

Loss = 5.1002e-02, PNorm = 1035.4159, GNorm = 0.1308, lr_0 = 5.1344e-05
Validation sid = 0.151197
Epoch 236

Loss = 5.0838e-02, PNorm = 1037.3232, GNorm = 0.1492, lr_0 = 5.1247e-05
Validation sid = 0.151305
Epoch 237

Loss = 5.0656e-02, PNorm = 1039.2422, GNorm = 0.1594, lr_0 = 5.1150e-05
Validation sid = 0.151262
Epoch 238

Loss = 5.0484e-02, PNorm = 1041.1600, GNorm = 0.1731, lr_0 = 5.1053e-05
Validation sid = 0.151329
Epoch 239

Loss = 5.0354e-02, PNorm = 1043.0615, GNorm = 0.1239, lr_0 = 5.0957e-05
Validation sid = 0.151431
Epoch 240

Loss = 5.0253e-02, PNorm = 1044.9283, GNorm = 0.1473, lr_0 = 5.0860e-05
Validation sid = 0.151352
Epoch 241

Loss = 5.0097e-02, PNorm = 1046.8122, GNorm = 0.1215, lr_0 = 5.0764e-05
Validation sid = 0.151455
Epoch 242

Loss = 4.9918e-02, PNorm = 1048.6540, GNorm = 0.1352, lr_0 = 5.0668e-05
Validation sid = 0.151433
Epoch 243

Loss = 4.9790e-02, PNorm = 1050.5105, GNorm = 0.1392, lr_0 = 5.0572e-05
Validation sid = 0.151510
Epoch 244

Loss = 4.9622e-02, PNorm = 1052.3459, GNorm = 0.1310, lr_0 = 5.0476e-05
Validation sid = 0.151520
Epoch 245

Loss = 4.9425e-02, PNorm = 1054.1897, GNorm = 0.1353, lr_0 = 5.0380e-05
Validation sid = 0.151564
Epoch 246

Loss = 4.9338e-02, PNorm = 1056.0173, GNorm = 0.1429, lr_0 = 5.0285e-05
Validation sid = 0.151607
Epoch 247

Loss = 4.9228e-02, PNorm = 1057.8265, GNorm = 0.1257, lr_0 = 5.0190e-05
Validation sid = 0.151608
Epoch 248

Loss = 4.9088e-02, PNorm = 1059.6453, GNorm = 0.1412, lr_0 = 5.0095e-05
Validation sid = 0.151599
Epoch 249

Loss = 4.8950e-02, PNorm = 1061.4354, GNorm = 0.1341, lr_0 = 5.0000e-05
Validation sid = 0.151640
Model 0 best validation sid = 0.149869 on epoch 171
Loading pretrained parameter "ffn.0.weights".
Loading pretrained parameter "ffn.1.weight".
Loading pretrained parameter "ffn.1.bias".
Loading pretrained parameter "ffn.4.weight".
Loading pretrained parameter "ffn.4.bias".
Moving model to cuda
Model 0 test sid = 0.143777
Ensemble test sid = 0.143777
1-fold cross validation
Seed 0 ==> test sid = 0.143777
Overall test sid = 0.143777 +/- 0.000000
time: 696m
