Fold 0
{'activation': 'ReLU',
 'atom_messages': False,
 'batch_size': 50,
 'bias': False,
 'bias_ffn': True,
 'checkpoint_dir': None,
 'checkpoint_path': None,
 'checkpoint_paths': None,
 'config_path': './recommended_config.json',
 'convergence_margin': 100000000.0,
 'crossval_index_dir': None,
 'crossval_index_file': None,
 'cuda': True,
 'data_path': './data/research_data/train_full.csv',
 'dataset_type': 'spectra',
 'depth': 3,
 'device': 'cuda:0',
 'dropout': 0.05,
 'ensemble_size': 1,
 'epochs': 700,
 'features_generator': ['morgan'],
 'features_only': True,
 'features_path': None,
 'features_scaling': False,
 'ffn_hidden_size': 1801,
 'ffn_num_layers': 2,
 'final_lr': 5e-05,
 'folds_file': None,
 'frzn_mpn_checkpoint': None,
 'gpu': 0,
 'hidden_size': 300,
 'init_lr': 0.0001,
 'max_data_size': None,
 'max_lr': 8e-05,
 'metric': 'sid',
 'minimize_score': True,
 'multiclass_num_classes': 3,
 'no_cache': False,
 'normalization_end': 550,
 'normalization_start': 50,
 'num_folds': 1,
 'num_lrs': 1,
 'output_activation': 'exp',
 'qnn': True,
 'qnn_layer': 2,
 'quiet': False,
 'save_dir': './output/model/qh2_2048_layer1/fold_0',
 'save_smiles_splits': False,
 'seed': 0,
 'separate_test_features_path': None,
 'separate_test_path': './data/research_data/test_full.csv',
 'separate_val_features_path': None,
 'separate_val_path': './data/research_data/val_full.csv',
 'show_individual_scores': False,
 'sm_eps': 1e-08,
 'sm_thresh': 1e-08,
 'spectral_loss_function': 'sid',
 'spectral_mask_path': None,
 'split_sizes': [0.8, 0.1, 0.1],
 'split_type': 'random_with_repeated_smiles',
 'target_scaling': True,
 'test': False,
 'test_fold_index': None,
 'torch_seed': None,
 'undirected': False,
 'use_compound_names': False,
 'use_input_features': ['morgan'],
 'val_fold_index': None,
 'warmup_epochs': 2.0}
Loading data
Number of tasks = 1801
Splitting data with seed 0
Total size = 68,404 | train size = 68,404 | val size = 8,550 | test size = 8,551
Pre-normalizing training targets
Building model 0
MoleculeModel(
  (encoder): MPN(
    (encoder): MPNEncoder()
  )
  (ffn): Sequential(
    (0): <Quantum Torch Layer: func=qnode>
    (1): Linear(in_features=2048, out_features=1801, bias=True)
  )
)
Number of parameters = 3,690,271
Moving model to cuda
Epoch 0

Loss = 2.0248e+00, PNorm = 177.0638, GNorm = 0.0589, lr_0 = 8.9993e-05
Validation sid = 1.779568
Epoch 1

Loss = 1.5979e+00, PNorm = 294.7627, GNorm = 0.0506, lr_0 = 8.0000e-05
Validation sid = 1.439094
Epoch 2

Loss = 1.3136e+00, PNorm = 389.1475, GNorm = 0.0428, lr_0 = 7.9946e-05
Validation sid = 1.197926
Epoch 3

Loss = 1.1008e+00, PNorm = 473.4389, GNorm = 0.0346, lr_0 = 7.9892e-05
Validation sid = 1.010967
Epoch 4

Loss = 9.3506e-01, PNorm = 551.2981, GNorm = 0.0319, lr_0 = 7.9839e-05
Validation sid = 0.865220
Epoch 5

Loss = 8.0626e-01, PNorm = 624.4362, GNorm = 0.0258, lr_0 = 7.9785e-05
Validation sid = 0.752676
Epoch 6

Loss = 7.0788e-01, PNorm = 693.0225, GNorm = 0.0202, lr_0 = 7.9731e-05
Validation sid = 0.667874
Epoch 7

Loss = 6.3478e-01, PNorm = 756.5652, GNorm = 0.0147, lr_0 = 7.9677e-05
Validation sid = 0.605789
Epoch 8

Loss = 5.8178e-01, PNorm = 814.6253, GNorm = 0.0120, lr_0 = 7.9624e-05
Validation sid = 0.561222
Epoch 9

Loss = 5.4399e-01, PNorm = 867.0859, GNorm = 0.0077, lr_0 = 7.9570e-05
Validation sid = 0.529583
Epoch 10

Loss = 5.1708e-01, PNorm = 914.0783, GNorm = 0.0071, lr_0 = 7.9517e-05
Validation sid = 0.506915
Epoch 11

Loss = 4.9754e-01, PNorm = 956.0422, GNorm = 0.0072, lr_0 = 7.9463e-05
Validation sid = 0.490266
Epoch 12

Loss = 4.8284e-01, PNorm = 993.7037, GNorm = 0.0060, lr_0 = 7.9410e-05
Validation sid = 0.477455
Epoch 13

Loss = 4.7124e-01, PNorm = 1027.5951, GNorm = 0.0068, lr_0 = 7.9356e-05
Validation sid = 0.467171
Epoch 14

Loss = 4.6171e-01, PNorm = 1058.1081, GNorm = 0.0082, lr_0 = 7.9303e-05
Validation sid = 0.458601
Epoch 15

Loss = 4.5368e-01, PNorm = 1085.6316, GNorm = 0.0060, lr_0 = 7.9249e-05
Validation sid = 0.451269
Epoch 16

Loss = 4.4668e-01, PNorm = 1110.5879, GNorm = 0.0064, lr_0 = 7.9196e-05
Validation sid = 0.444835
Epoch 17

Loss = 4.4045e-01, PNorm = 1133.2856, GNorm = 0.0078, lr_0 = 7.9143e-05
Validation sid = 0.439058
Epoch 18

Loss = 4.3486e-01, PNorm = 1154.0906, GNorm = 0.0039, lr_0 = 7.9089e-05
Validation sid = 0.433806
Epoch 19

Loss = 4.2968e-01, PNorm = 1173.2673, GNorm = 0.0052, lr_0 = 7.9036e-05
Validation sid = 0.428940
Epoch 20

Loss = 4.2488e-01, PNorm = 1191.1076, GNorm = 0.0076, lr_0 = 7.8983e-05
Validation sid = 0.424408
Epoch 21

Loss = 4.2037e-01, PNorm = 1207.8623, GNorm = 0.0058, lr_0 = 7.8930e-05
Validation sid = 0.420121
Epoch 22

Loss = 4.1610e-01, PNorm = 1223.7599, GNorm = 0.0062, lr_0 = 7.8877e-05
Validation sid = 0.416051
Epoch 23

Loss = 4.1201e-01, PNorm = 1238.9185, GNorm = 0.0043, lr_0 = 7.8824e-05
Validation sid = 0.412155
Epoch 24

Loss = 4.0810e-01, PNorm = 1253.5121, GNorm = 0.0048, lr_0 = 7.8771e-05
Validation sid = 0.408422
Epoch 25

Loss = 4.0435e-01, PNorm = 1267.7106, GNorm = 0.0049, lr_0 = 7.8718e-05
Validation sid = 0.404844
Epoch 26

Loss = 4.0073e-01, PNorm = 1281.5179, GNorm = 0.0052, lr_0 = 7.8665e-05
Validation sid = 0.401376
Epoch 27

Loss = 3.9723e-01, PNorm = 1295.0181, GNorm = 0.0044, lr_0 = 7.8612e-05
Validation sid = 0.398020
Epoch 28

Loss = 3.9387e-01, PNorm = 1308.2692, GNorm = 0.0048, lr_0 = 7.8559e-05
Validation sid = 0.394789
Epoch 29

Loss = 3.9060e-01, PNorm = 1321.3256, GNorm = 0.0068, lr_0 = 7.8506e-05
Validation sid = 0.391651
Epoch 30

Loss = 3.8742e-01, PNorm = 1334.2064, GNorm = 0.0054, lr_0 = 7.8453e-05
Validation sid = 0.388602
Epoch 31

Loss = 3.8434e-01, PNorm = 1346.9669, GNorm = 0.0040, lr_0 = 7.8400e-05
Validation sid = 0.385642
Epoch 32

Loss = 3.8131e-01, PNorm = 1359.5948, GNorm = 0.0043, lr_0 = 7.8347e-05
Validation sid = 0.382756
Epoch 33

Loss = 3.7841e-01, PNorm = 1372.1345, GNorm = 0.0057, lr_0 = 7.8295e-05
Validation sid = 0.379960
Epoch 34

Loss = 3.7558e-01, PNorm = 1384.6138, GNorm = 0.0036, lr_0 = 7.8242e-05
Validation sid = 0.377243
Epoch 35

Loss = 3.7281e-01, PNorm = 1397.0125, GNorm = 0.0059, lr_0 = 7.8189e-05
Validation sid = 0.374588
Epoch 36

Loss = 3.7012e-01, PNorm = 1409.3578, GNorm = 0.0041, lr_0 = 7.8137e-05
Validation sid = 0.372011
Epoch 37

Loss = 3.6751e-01, PNorm = 1421.6448, GNorm = 0.0062, lr_0 = 7.8084e-05
Validation sid = 0.369509
Epoch 38

Loss = 3.6497e-01, PNorm = 1433.9403, GNorm = 0.0058, lr_0 = 7.8031e-05
Validation sid = 0.367061
Epoch 39

Loss = 3.6243e-01, PNorm = 1446.1621, GNorm = 0.0072, lr_0 = 7.7979e-05
Validation sid = 0.364676
Epoch 40

Loss = 3.6006e-01, PNorm = 1458.3579, GNorm = 0.0039, lr_0 = 7.7926e-05
Validation sid = 0.362353
Epoch 41

Loss = 3.5764e-01, PNorm = 1470.5025, GNorm = 0.0053, lr_0 = 7.7874e-05
Validation sid = 0.360097
Epoch 42

Loss = 3.5537e-01, PNorm = 1482.6134, GNorm = 0.0053, lr_0 = 7.7822e-05
Validation sid = 0.357898
Epoch 43

Loss = 3.5316e-01, PNorm = 1494.7859, GNorm = 0.0044, lr_0 = 7.7769e-05
Validation sid = 0.355746
Epoch 44

Loss = 3.5098e-01, PNorm = 1506.8460, GNorm = 0.0044, lr_0 = 7.7717e-05
Validation sid = 0.353654
Epoch 45

Loss = 3.4884e-01, PNorm = 1518.8956, GNorm = 0.0068, lr_0 = 7.7665e-05
Validation sid = 0.351613
Epoch 46

Loss = 3.4676e-01, PNorm = 1530.9054, GNorm = 0.0053, lr_0 = 7.7612e-05
Validation sid = 0.349622
Epoch 47

Loss = 3.4473e-01, PNorm = 1542.9154, GNorm = 0.0046, lr_0 = 7.7560e-05
Validation sid = 0.347682
Epoch 48

Loss = 3.4275e-01, PNorm = 1554.8366, GNorm = 0.0058, lr_0 = 7.7508e-05
Validation sid = 0.345793
Epoch 49

Loss = 3.4083e-01, PNorm = 1566.7484, GNorm = 0.0055, lr_0 = 7.7456e-05
Validation sid = 0.343944
Epoch 50

Loss = 3.3895e-01, PNorm = 1578.6747, GNorm = 0.0054, lr_0 = 7.7403e-05
Validation sid = 0.342149
Epoch 51

Loss = 3.3711e-01, PNorm = 1590.5495, GNorm = 0.0048, lr_0 = 7.7351e-05
Validation sid = 0.340391
Epoch 52

Loss = 3.3531e-01, PNorm = 1602.4081, GNorm = 0.0053, lr_0 = 7.7299e-05
Validation sid = 0.338679
Epoch 53

Loss = 3.3357e-01, PNorm = 1614.2111, GNorm = 0.0043, lr_0 = 7.7247e-05
Validation sid = 0.337006
Epoch 54

Loss = 3.3183e-01, PNorm = 1625.9947, GNorm = 0.0051, lr_0 = 7.7195e-05
Validation sid = 0.335372
Epoch 55

Loss = 3.3019e-01, PNorm = 1637.7122, GNorm = 0.0054, lr_0 = 7.7143e-05
Validation sid = 0.333784
Epoch 56

Loss = 3.2855e-01, PNorm = 1649.4301, GNorm = 0.0042, lr_0 = 7.7091e-05
Validation sid = 0.332221
Epoch 57

Loss = 3.2695e-01, PNorm = 1661.0700, GNorm = 0.0040, lr_0 = 7.7039e-05
Validation sid = 0.330706
Epoch 58

Loss = 3.2541e-01, PNorm = 1672.6678, GNorm = 0.0071, lr_0 = 7.6988e-05
Validation sid = 0.329215
Epoch 59

Loss = 3.2389e-01, PNorm = 1684.2480, GNorm = 0.0034, lr_0 = 7.6936e-05
Validation sid = 0.327767
Epoch 60

Loss = 3.2240e-01, PNorm = 1695.7631, GNorm = 0.0059, lr_0 = 7.6884e-05
Validation sid = 0.326350
Epoch 61

Loss = 3.2096e-01, PNorm = 1707.2750, GNorm = 0.0059, lr_0 = 7.6832e-05
Validation sid = 0.324965
Epoch 62

Loss = 3.1954e-01, PNorm = 1718.7405, GNorm = 0.0085, lr_0 = 7.6781e-05
Validation sid = 0.323613
Epoch 63

Loss = 3.1814e-01, PNorm = 1730.1288, GNorm = 0.0050, lr_0 = 7.6729e-05
Validation sid = 0.322295
Epoch 64

Loss = 3.1680e-01, PNorm = 1741.5351, GNorm = 0.0036, lr_0 = 7.6677e-05
Validation sid = 0.320998
Epoch 65

Loss = 3.1547e-01, PNorm = 1752.8618, GNorm = 0.0044, lr_0 = 7.6626e-05
Validation sid = 0.319737
Epoch 66

Loss = 3.1417e-01, PNorm = 1764.1452, GNorm = 0.0051, lr_0 = 7.6574e-05
Validation sid = 0.318494
Epoch 67

Loss = 3.1290e-01, PNorm = 1775.3863, GNorm = 0.0073, lr_0 = 7.6522e-05
Validation sid = 0.317284
Epoch 68

Loss = 3.1165e-01, PNorm = 1786.5764, GNorm = 0.0047, lr_0 = 7.6471e-05
Validation sid = 0.316102
Epoch 69

Loss = 3.1044e-01, PNorm = 1797.7214, GNorm = 0.0054, lr_0 = 7.6419e-05
Validation sid = 0.314943
Epoch 70

Loss = 3.0925e-01, PNorm = 1808.8307, GNorm = 0.0039, lr_0 = 7.6368e-05
Validation sid = 0.313809
Epoch 71

Loss = 3.0809e-01, PNorm = 1819.8505, GNorm = 0.0052, lr_0 = 7.6317e-05
Validation sid = 0.312698
Epoch 72

Loss = 3.0694e-01, PNorm = 1830.8460, GNorm = 0.0037, lr_0 = 7.6265e-05
Validation sid = 0.311608
Epoch 73

Loss = 3.0581e-01, PNorm = 1841.8138, GNorm = 0.0037, lr_0 = 7.6214e-05
Validation sid = 0.310551
Epoch 74

Loss = 3.0472e-01, PNorm = 1852.7490, GNorm = 0.0044, lr_0 = 7.6163e-05
Validation sid = 0.309508
Epoch 75

Loss = 3.0366e-01, PNorm = 1863.6019, GNorm = 0.0061, lr_0 = 7.6111e-05
Validation sid = 0.308483
Epoch 76

Loss = 3.0260e-01, PNorm = 1874.4242, GNorm = 0.0082, lr_0 = 7.6060e-05
Validation sid = 0.307479
Epoch 77

Loss = 3.0158e-01, PNorm = 1885.2202, GNorm = 0.0068, lr_0 = 7.6009e-05
Validation sid = 0.306499
Epoch 78

Loss = 3.0056e-01, PNorm = 1895.9518, GNorm = 0.0038, lr_0 = 7.5958e-05
Validation sid = 0.305537
Epoch 79

Loss = 2.9956e-01, PNorm = 1906.6676, GNorm = 0.0035, lr_0 = 7.5907e-05
Validation sid = 0.304598
Epoch 80

Loss = 2.9859e-01, PNorm = 1917.3003, GNorm = 0.0045, lr_0 = 7.5856e-05
Validation sid = 0.303668
Epoch 81

Loss = 2.9763e-01, PNorm = 1927.8924, GNorm = 0.0045, lr_0 = 7.5804e-05
Validation sid = 0.302760
Epoch 82

Loss = 2.9669e-01, PNorm = 1938.4318, GNorm = 0.0041, lr_0 = 7.5753e-05
Validation sid = 0.301868
Epoch 83

Loss = 2.9577e-01, PNorm = 1948.9360, GNorm = 0.0050, lr_0 = 7.5702e-05
Validation sid = 0.300997
Epoch 84

Loss = 2.9487e-01, PNorm = 1959.3906, GNorm = 0.0050, lr_0 = 7.5652e-05
Validation sid = 0.300135
Epoch 85

Loss = 2.9398e-01, PNorm = 1969.8096, GNorm = 0.0043, lr_0 = 7.5601e-05
Validation sid = 0.299296
Epoch 86

Loss = 2.9311e-01, PNorm = 1980.1713, GNorm = 0.0044, lr_0 = 7.5550e-05
Validation sid = 0.298470
Epoch 87

Loss = 2.9225e-01, PNorm = 1990.4924, GNorm = 0.0064, lr_0 = 7.5499e-05
Validation sid = 0.297656
Epoch 88

Loss = 2.9142e-01, PNorm = 2000.7368, GNorm = 0.0054, lr_0 = 7.5448e-05
Validation sid = 0.296859
Epoch 89

Loss = 2.9058e-01, PNorm = 2010.9896, GNorm = 0.0058, lr_0 = 7.5397e-05
Validation sid = 0.296073
Epoch 90

Loss = 2.8977e-01, PNorm = 2021.1746, GNorm = 0.0050, lr_0 = 7.5346e-05
Validation sid = 0.295306
Epoch 91

Loss = 2.8896e-01, PNorm = 2031.2840, GNorm = 0.0042, lr_0 = 7.5296e-05
Validation sid = 0.294554
Epoch 92

Loss = 2.8818e-01, PNorm = 2041.4043, GNorm = 0.0072, lr_0 = 7.5245e-05
Validation sid = 0.293815
Epoch 93

Loss = 2.8741e-01, PNorm = 2051.4374, GNorm = 0.0031, lr_0 = 7.5194e-05
Validation sid = 0.293084
Epoch 94

Loss = 2.8664e-01, PNorm = 2061.4602, GNorm = 0.0040, lr_0 = 7.5144e-05
Validation sid = 0.292368
Epoch 95

Loss = 2.8591e-01, PNorm = 2071.3974, GNorm = 0.0050, lr_0 = 7.5093e-05
Validation sid = 0.291656
Epoch 96

Loss = 2.8517e-01, PNorm = 2081.3203, GNorm = 0.0062, lr_0 = 7.5043e-05
Validation sid = 0.290967
Epoch 97

Loss = 2.8445e-01, PNorm = 2091.1823, GNorm = 0.0048, lr_0 = 7.4992e-05
Validation sid = 0.290284
Epoch 98

Loss = 2.8373e-01, PNorm = 2101.0131, GNorm = 0.0043, lr_0 = 7.4942e-05
Validation sid = 0.289619
Epoch 99

Loss = 2.8304e-01, PNorm = 2110.7893, GNorm = 0.0040, lr_0 = 7.4891e-05
Validation sid = 0.288962
Epoch 100

Loss = 2.8235e-01, PNorm = 2120.5562, GNorm = 0.0047, lr_0 = 7.4841e-05
Validation sid = 0.288313
Epoch 101

Loss = 2.8168e-01, PNorm = 2130.2554, GNorm = 0.0040, lr_0 = 7.4790e-05
Validation sid = 0.287679
Epoch 102

Loss = 2.8101e-01, PNorm = 2139.8986, GNorm = 0.0104, lr_0 = 7.4740e-05
Validation sid = 0.287054
Epoch 103

Loss = 2.8035e-01, PNorm = 2149.5158, GNorm = 0.0041, lr_0 = 7.4690e-05
Validation sid = 0.286436
Epoch 104

Loss = 2.7970e-01, PNorm = 2159.0507, GNorm = 0.0087, lr_0 = 7.4640e-05
Validation sid = 0.285831
Epoch 105

Loss = 2.7906e-01, PNorm = 2168.5742, GNorm = 0.0044, lr_0 = 7.4589e-05
Validation sid = 0.285234
Epoch 106

Loss = 2.7843e-01, PNorm = 2178.0871, GNorm = 0.0047, lr_0 = 7.4539e-05
Validation sid = 0.284652
Epoch 107

Loss = 2.7783e-01, PNorm = 2187.5039, GNorm = 0.0075, lr_0 = 7.4489e-05
Validation sid = 0.284066
Epoch 108

Loss = 2.7721e-01, PNorm = 2196.9031, GNorm = 0.0039, lr_0 = 7.4439e-05
Validation sid = 0.283501
Epoch 109

Loss = 2.7661e-01, PNorm = 2206.2747, GNorm = 0.0060, lr_0 = 7.4389e-05
Validation sid = 0.282943
Epoch 110

Loss = 2.7602e-01, PNorm = 2215.5679, GNorm = 0.0072, lr_0 = 7.4339e-05
Validation sid = 0.282391
Epoch 111

Loss = 2.7544e-01, PNorm = 2224.8565, GNorm = 0.0035, lr_0 = 7.4289e-05
Validation sid = 0.281850
Epoch 112

Loss = 2.7486e-01, PNorm = 2234.0875, GNorm = 0.0045, lr_0 = 7.4239e-05
Validation sid = 0.281318
Epoch 113

Loss = 2.7431e-01, PNorm = 2243.2671, GNorm = 0.0052, lr_0 = 7.4189e-05
Validation sid = 0.280793
Epoch 114

Loss = 2.7375e-01, PNorm = 2252.4203, GNorm = 0.0038, lr_0 = 7.4139e-05
Validation sid = 0.280275
Epoch 115

Loss = 2.7320e-01, PNorm = 2261.5404, GNorm = 0.0067, lr_0 = 7.4089e-05
Validation sid = 0.279767
Epoch 116

Loss = 2.7266e-01, PNorm = 2270.6024, GNorm = 0.0080, lr_0 = 7.4039e-05
Validation sid = 0.279262
Epoch 117

Loss = 2.7212e-01, PNorm = 2279.6375, GNorm = 0.0045, lr_0 = 7.3989e-05
Validation sid = 0.278768
Epoch 118

Loss = 2.7159e-01, PNorm = 2288.6476, GNorm = 0.0051, lr_0 = 7.3939e-05
Validation sid = 0.278279
Epoch 119

Loss = 2.7108e-01, PNorm = 2297.6172, GNorm = 0.0062, lr_0 = 7.3889e-05
Validation sid = 0.277797
Epoch 120

Loss = 2.7057e-01, PNorm = 2306.5150, GNorm = 0.0049, lr_0 = 7.3840e-05
Validation sid = 0.277322
Epoch 121

Loss = 2.7006e-01, PNorm = 2315.4031, GNorm = 0.0052, lr_0 = 7.3790e-05
Validation sid = 0.276860
Epoch 122

Loss = 2.6957e-01, PNorm = 2324.2490, GNorm = 0.0047, lr_0 = 7.3740e-05
Validation sid = 0.276399
Epoch 123

Loss = 2.6907e-01, PNorm = 2333.0399, GNorm = 0.0038, lr_0 = 7.3691e-05
Validation sid = 0.275946
Epoch 124

Loss = 2.6859e-01, PNorm = 2341.7777, GNorm = 0.0037, lr_0 = 7.3641e-05
Validation sid = 0.275500
Epoch 125

Loss = 2.6811e-01, PNorm = 2350.5048, GNorm = 0.0046, lr_0 = 7.3592e-05
Validation sid = 0.275062
Epoch 126

Loss = 2.6764e-01, PNorm = 2359.1788, GNorm = 0.0043, lr_0 = 7.3542e-05
Validation sid = 0.274624
Epoch 127

Loss = 2.6716e-01, PNorm = 2367.8398, GNorm = 0.0049, lr_0 = 7.3492e-05
Validation sid = 0.274196
Epoch 128

Loss = 2.6671e-01, PNorm = 2376.4411, GNorm = 0.0065, lr_0 = 7.3443e-05
Validation sid = 0.273775
Epoch 129

Loss = 2.6625e-01, PNorm = 2385.0255, GNorm = 0.0038, lr_0 = 7.3394e-05
Validation sid = 0.273359
Epoch 130

Loss = 2.6580e-01, PNorm = 2393.5701, GNorm = 0.0040, lr_0 = 7.3344e-05
Validation sid = 0.272948
Epoch 131

Loss = 2.6537e-01, PNorm = 2402.0678, GNorm = 0.0060, lr_0 = 7.3295e-05
Validation sid = 0.272542
Epoch 132

Loss = 2.6493e-01, PNorm = 2410.5328, GNorm = 0.0046, lr_0 = 7.3245e-05
Validation sid = 0.272143
Epoch 133

Loss = 2.6450e-01, PNorm = 2418.9572, GNorm = 0.0037, lr_0 = 7.3196e-05
Validation sid = 0.271751
Epoch 134

Loss = 2.6398e-01, PNorm = 2427.3421, GNorm = 0.0040, lr_0 = 7.3147e-05
Validation sid = 0.271363
Epoch 135

Loss = 2.6365e-01, PNorm = 2435.7313, GNorm = 0.0040, lr_0 = 7.3098e-05
Validation sid = 0.270978
Epoch 136

Loss = 2.6324e-01, PNorm = 2444.0345, GNorm = 0.0046, lr_0 = 7.3048e-05
Validation sid = 0.270600
Epoch 137

Loss = 2.6283e-01, PNorm = 2452.3149, GNorm = 0.0038, lr_0 = 7.2999e-05
Validation sid = 0.270224
Epoch 138

Loss = 2.6241e-01, PNorm = 2460.5752, GNorm = 0.0040, lr_0 = 7.2950e-05
Validation sid = 0.269856
Epoch 139

Loss = 2.6202e-01, PNorm = 2468.7803, GNorm = 0.0048, lr_0 = 7.2901e-05
Validation sid = 0.269487
Epoch 140

Loss = 2.6162e-01, PNorm = 2476.9861, GNorm = 0.0046, lr_0 = 7.2852e-05
Validation sid = 0.269128
Epoch 141

Loss = 2.6123e-01, PNorm = 2485.1175, GNorm = 0.0039, lr_0 = 7.2803e-05
Validation sid = 0.268778
Epoch 142

Loss = 2.6085e-01, PNorm = 2493.2228, GNorm = 0.0060, lr_0 = 7.2754e-05
Validation sid = 0.268427
Epoch 143

Loss = 2.6047e-01, PNorm = 2501.3127, GNorm = 0.0050, lr_0 = 7.2705e-05
Validation sid = 0.268080
Epoch 144

Loss = 2.6010e-01, PNorm = 2509.3746, GNorm = 0.0048, lr_0 = 7.2656e-05
Validation sid = 0.267740
Epoch 145

Loss = 2.5972e-01, PNorm = 2517.3773, GNorm = 0.0039, lr_0 = 7.2607e-05
Validation sid = 0.267402
Epoch 146

Loss = 2.5935e-01, PNorm = 2525.3489, GNorm = 0.0044, lr_0 = 7.2558e-05
Validation sid = 0.267070
Epoch 147

Loss = 2.5899e-01, PNorm = 2533.2874, GNorm = 0.0048, lr_0 = 7.2509e-05
Validation sid = 0.266740
Epoch 148

Loss = 2.5862e-01, PNorm = 2541.2069, GNorm = 0.0050, lr_0 = 7.2461e-05
Validation sid = 0.266415
Epoch 149

Loss = 2.5827e-01, PNorm = 2549.0805, GNorm = 0.0044, lr_0 = 7.2412e-05
Validation sid = 0.266096
Epoch 150

Loss = 2.5791e-01, PNorm = 2556.9282, GNorm = 0.0043, lr_0 = 7.2363e-05
Validation sid = 0.265783
Epoch 151

Loss = 2.5756e-01, PNorm = 2564.7575, GNorm = 0.0037, lr_0 = 7.2314e-05
Validation sid = 0.265469
Epoch 152

Loss = 2.5721e-01, PNorm = 2572.5613, GNorm = 0.0052, lr_0 = 7.2266e-05
Validation sid = 0.265158
Epoch 153

Loss = 2.5687e-01, PNorm = 2580.3028, GNorm = 0.0057, lr_0 = 7.2217e-05
Validation sid = 0.264852
Epoch 154

Loss = 2.5654e-01, PNorm = 2588.0007, GNorm = 0.0042, lr_0 = 7.2168e-05
Validation sid = 0.264549
Epoch 155

Loss = 2.5621e-01, PNorm = 2595.7074, GNorm = 0.0040, lr_0 = 7.2120e-05
Validation sid = 0.264252
Epoch 156

Loss = 2.5587e-01, PNorm = 2603.3623, GNorm = 0.0039, lr_0 = 7.2071e-05
Validation sid = 0.263960
Epoch 157

Loss = 2.5556e-01, PNorm = 2610.9843, GNorm = 0.0058, lr_0 = 7.2023e-05
Validation sid = 0.263668
Epoch 158

Loss = 2.5523e-01, PNorm = 2618.5883, GNorm = 0.0034, lr_0 = 7.1974e-05
Validation sid = 0.263380
Epoch 159

Loss = 2.5491e-01, PNorm = 2626.1552, GNorm = 0.0038, lr_0 = 7.1926e-05
Validation sid = 0.263095
Epoch 160

Loss = 2.5460e-01, PNorm = 2633.6991, GNorm = 0.0043, lr_0 = 7.1877e-05
Validation sid = 0.262813
Epoch 161

Loss = 2.5428e-01, PNorm = 2641.2043, GNorm = 0.0040, lr_0 = 7.1829e-05
Validation sid = 0.262540
Epoch 162

Loss = 2.5398e-01, PNorm = 2648.6894, GNorm = 0.0039, lr_0 = 7.1781e-05
Validation sid = 0.262262
Epoch 163

Loss = 2.5367e-01, PNorm = 2656.1353, GNorm = 0.0043, lr_0 = 7.1732e-05
Validation sid = 0.261993
Epoch 164

Loss = 2.5336e-01, PNorm = 2663.5531, GNorm = 0.0051, lr_0 = 7.1684e-05
Validation sid = 0.261724
Epoch 165

Loss = 2.5307e-01, PNorm = 2670.9460, GNorm = 0.0030, lr_0 = 7.1636e-05
Validation sid = 0.261458
Epoch 166

Loss = 2.5277e-01, PNorm = 2678.3027, GNorm = 0.0049, lr_0 = 7.1588e-05
Validation sid = 0.261196
Epoch 167

Loss = 2.5248e-01, PNorm = 2685.6410, GNorm = 0.0030, lr_0 = 7.1539e-05
Validation sid = 0.260937
Epoch 168

Loss = 2.5219e-01, PNorm = 2692.9277, GNorm = 0.0040, lr_0 = 7.1491e-05
Validation sid = 0.260681
Epoch 169

Loss = 2.5190e-01, PNorm = 2700.1935, GNorm = 0.0039, lr_0 = 7.1443e-05
Validation sid = 0.260427
Epoch 170

Loss = 2.5161e-01, PNorm = 2707.4434, GNorm = 0.0053, lr_0 = 7.1395e-05
Validation sid = 0.260175
Epoch 171

Loss = 2.5134e-01, PNorm = 2714.6320, GNorm = 0.0031, lr_0 = 7.1347e-05
Validation sid = 0.259925
Epoch 172

Loss = 2.5106e-01, PNorm = 2721.8348, GNorm = 0.0048, lr_0 = 7.1299e-05
Validation sid = 0.259681
Epoch 173

Loss = 2.5077e-01, PNorm = 2728.9929, GNorm = 0.0034, lr_0 = 7.1251e-05
Validation sid = 0.259435
Epoch 174

Loss = 2.5051e-01, PNorm = 2736.1274, GNorm = 0.0032, lr_0 = 7.1203e-05
Validation sid = 0.259194
Epoch 175

Loss = 2.5024e-01, PNorm = 2743.2233, GNorm = 0.0043, lr_0 = 7.1155e-05
Validation sid = 0.258960
Epoch 176

Loss = 2.4997e-01, PNorm = 2750.2975, GNorm = 0.0053, lr_0 = 7.1107e-05
Validation sid = 0.258729
Epoch 177

Loss = 2.4970e-01, PNorm = 2757.3390, GNorm = 0.0046, lr_0 = 7.1059e-05
Validation sid = 0.258493
Epoch 178

Loss = 2.4944e-01, PNorm = 2764.3556, GNorm = 0.0030, lr_0 = 7.1012e-05
Validation sid = 0.258263
Epoch 179

Loss = 2.4917e-01, PNorm = 2771.3594, GNorm = 0.0039, lr_0 = 7.0964e-05
Validation sid = 0.258038
Epoch 180

Loss = 2.4892e-01, PNorm = 2778.3161, GNorm = 0.0057, lr_0 = 7.0916e-05
Validation sid = 0.257813
Epoch 181

Loss = 2.4867e-01, PNorm = 2785.2783, GNorm = 0.0050, lr_0 = 7.0868e-05
Validation sid = 0.257590
Epoch 182

Loss = 2.4842e-01, PNorm = 2792.1881, GNorm = 0.0033, lr_0 = 7.0820e-05
Validation sid = 0.257369
Epoch 183

Loss = 2.4816e-01, PNorm = 2799.0663, GNorm = 0.0055, lr_0 = 7.0773e-05
Validation sid = 0.257149
Epoch 184

Loss = 2.4791e-01, PNorm = 2805.9404, GNorm = 0.0045, lr_0 = 7.0725e-05
Validation sid = 0.256936
Epoch 185

Loss = 2.4767e-01, PNorm = 2812.7584, GNorm = 0.0050, lr_0 = 7.0678e-05
Validation sid = 0.256725
Epoch 186

Loss = 2.4743e-01, PNorm = 2819.5690, GNorm = 0.0053, lr_0 = 7.0630e-05
Validation sid = 0.256511
Epoch 187

Loss = 2.4719e-01, PNorm = 2826.3513, GNorm = 0.0034, lr_0 = 7.0582e-05
Validation sid = 0.256301
Epoch 188

Loss = 2.4693e-01, PNorm = 2833.1122, GNorm = 0.0032, lr_0 = 7.0535e-05
Validation sid = 0.256096
Epoch 189

Loss = 2.4672e-01, PNorm = 2839.8528, GNorm = 0.0043, lr_0 = 7.0487e-05
Validation sid = 0.255890
Epoch 190

Loss = 2.4647e-01, PNorm = 2846.5499, GNorm = 0.0058, lr_0 = 7.0440e-05
Validation sid = 0.255689
Epoch 191

Loss = 2.4623e-01, PNorm = 2853.2491, GNorm = 0.0036, lr_0 = 7.0393e-05
Validation sid = 0.255488
Epoch 192

Loss = 2.4601e-01, PNorm = 2859.9092, GNorm = 0.0058, lr_0 = 7.0345e-05
Validation sid = 0.255285
Epoch 193

Loss = 2.4578e-01, PNorm = 2866.5344, GNorm = 0.0041, lr_0 = 7.0298e-05
Validation sid = 0.255090
Epoch 194

Loss = 2.4555e-01, PNorm = 2873.1657, GNorm = 0.0041, lr_0 = 7.0251e-05
Validation sid = 0.254897
Epoch 195

Loss = 2.4534e-01, PNorm = 2879.7301, GNorm = 0.0045, lr_0 = 7.0203e-05
Validation sid = 0.254705
Epoch 196

Loss = 2.4511e-01, PNorm = 2886.2730, GNorm = 0.0032, lr_0 = 7.0156e-05
Validation sid = 0.254514
Epoch 197

Loss = 2.4490e-01, PNorm = 2892.8287, GNorm = 0.0042, lr_0 = 7.0109e-05
Validation sid = 0.254324
Epoch 198

Loss = 2.4467e-01, PNorm = 2899.3456, GNorm = 0.0038, lr_0 = 7.0062e-05
Validation sid = 0.254137
Epoch 199

Loss = 2.4446e-01, PNorm = 2905.8211, GNorm = 0.0048, lr_0 = 7.0014e-05
Validation sid = 0.253951
Epoch 200

Loss = 2.4424e-01, PNorm = 2912.2935, GNorm = 0.0039, lr_0 = 6.9967e-05
Validation sid = 0.253771
Epoch 201

Loss = 2.4402e-01, PNorm = 2918.7412, GNorm = 0.0031, lr_0 = 6.9920e-05
Validation sid = 0.253590
Epoch 202

Loss = 2.4382e-01, PNorm = 2925.1465, GNorm = 0.0043, lr_0 = 6.9873e-05
Validation sid = 0.253409
Epoch 203

Loss = 2.4361e-01, PNorm = 2931.5695, GNorm = 0.0044, lr_0 = 6.9826e-05
Validation sid = 0.253233
Epoch 204

Loss = 2.4341e-01, PNorm = 2937.9431, GNorm = 0.0051, lr_0 = 6.9779e-05
Validation sid = 0.253054
Epoch 205

Loss = 2.4320e-01, PNorm = 2944.2813, GNorm = 0.0042, lr_0 = 6.9732e-05
Validation sid = 0.252881
Epoch 206

Loss = 2.4299e-01, PNorm = 2950.6116, GNorm = 0.0051, lr_0 = 6.9685e-05
Validation sid = 0.252707
Epoch 207

Loss = 2.4280e-01, PNorm = 2956.9037, GNorm = 0.0051, lr_0 = 6.9638e-05
Validation sid = 0.252537
Epoch 208

Loss = 2.4260e-01, PNorm = 2963.1948, GNorm = 0.0035, lr_0 = 6.9591e-05
Validation sid = 0.252369
Epoch 209

Loss = 2.4240e-01, PNorm = 2969.4588, GNorm = 0.0029, lr_0 = 6.9545e-05
Validation sid = 0.252202
Epoch 210

Loss = 2.4219e-01, PNorm = 2975.6857, GNorm = 0.0037, lr_0 = 6.9498e-05
Validation sid = 0.252036
Epoch 211

Loss = 2.4201e-01, PNorm = 2981.8671, GNorm = 0.0057, lr_0 = 6.9451e-05
Validation sid = 0.251868
Epoch 212

Loss = 2.4181e-01, PNorm = 2988.0650, GNorm = 0.0040, lr_0 = 6.9404e-05
Validation sid = 0.251709
Epoch 213

Loss = 2.4161e-01, PNorm = 2994.2536, GNorm = 0.0035, lr_0 = 6.9358e-05
Validation sid = 0.251546
Epoch 214

Loss = 2.4143e-01, PNorm = 3000.3978, GNorm = 0.0031, lr_0 = 6.9311e-05
Validation sid = 0.251386
Epoch 215

Loss = 2.4124e-01, PNorm = 3006.5288, GNorm = 0.0047, lr_0 = 6.9264e-05
Validation sid = 0.251229
Epoch 216

Loss = 2.4106e-01, PNorm = 3012.6298, GNorm = 0.0041, lr_0 = 6.9218e-05
Validation sid = 0.251071
Epoch 217

Loss = 2.4087e-01, PNorm = 3018.7264, GNorm = 0.0043, lr_0 = 6.9171e-05
Validation sid = 0.250916
Epoch 218

Loss = 2.4069e-01, PNorm = 3024.7742, GNorm = 0.0041, lr_0 = 6.9124e-05
Validation sid = 0.250763
Epoch 219

Loss = 2.4050e-01, PNorm = 3030.8294, GNorm = 0.0047, lr_0 = 6.9078e-05
Validation sid = 0.250611
Epoch 220

Loss = 2.4033e-01, PNorm = 3036.8389, GNorm = 0.0032, lr_0 = 6.9031e-05
Validation sid = 0.250458
Epoch 221

Loss = 2.4015e-01, PNorm = 3042.8472, GNorm = 0.0063, lr_0 = 6.8985e-05
Validation sid = 0.250311
Epoch 222

Loss = 2.3997e-01, PNorm = 3048.8278, GNorm = 0.0047, lr_0 = 6.8938e-05
Validation sid = 0.250162
Epoch 223

Loss = 2.3979e-01, PNorm = 3054.7863, GNorm = 0.0053, lr_0 = 6.8892e-05
Validation sid = 0.250016
Epoch 224

Loss = 2.3962e-01, PNorm = 3060.7396, GNorm = 0.0050, lr_0 = 6.8846e-05
Validation sid = 0.249869
Epoch 225

Loss = 2.3944e-01, PNorm = 3066.6561, GNorm = 0.0051, lr_0 = 6.8799e-05
Validation sid = 0.249726
Epoch 226

Loss = 2.3927e-01, PNorm = 3072.5376, GNorm = 0.0061, lr_0 = 6.8753e-05
Validation sid = 0.249580
Epoch 227

Loss = 2.3910e-01, PNorm = 3078.4011, GNorm = 0.0038, lr_0 = 6.8707e-05
Validation sid = 0.249441
Epoch 228

Loss = 2.3893e-01, PNorm = 3084.2693, GNorm = 0.0049, lr_0 = 6.8660e-05
Validation sid = 0.249303
Epoch 229

Loss = 2.3876e-01, PNorm = 3090.1058, GNorm = 0.0051, lr_0 = 6.8614e-05
Validation sid = 0.249160
Epoch 230

Loss = 2.3860e-01, PNorm = 3095.9226, GNorm = 0.0047, lr_0 = 6.8568e-05
Validation sid = 0.249024
Epoch 231

Loss = 2.3843e-01, PNorm = 3101.6980, GNorm = 0.0042, lr_0 = 6.8522e-05
Validation sid = 0.248889
Epoch 232

Loss = 2.3827e-01, PNorm = 3107.4960, GNorm = 0.0046, lr_0 = 6.8476e-05
Validation sid = 0.248754
Epoch 233

Loss = 2.3810e-01, PNorm = 3113.2643, GNorm = 0.0045, lr_0 = 6.8430e-05
Validation sid = 0.248622
Epoch 234

Loss = 2.3794e-01, PNorm = 3119.0028, GNorm = 0.0039, lr_0 = 6.8384e-05
Validation sid = 0.248489
Epoch 235

Loss = 2.3778e-01, PNorm = 3124.6935, GNorm = 0.0043, lr_0 = 6.8338e-05
Validation sid = 0.248355
Epoch 236

Loss = 2.3762e-01, PNorm = 3130.3989, GNorm = 0.0038, lr_0 = 6.8292e-05
Validation sid = 0.248225
Epoch 237

Loss = 2.3745e-01, PNorm = 3136.0803, GNorm = 0.0056, lr_0 = 6.8246e-05
Validation sid = 0.248096
Epoch 238

Loss = 2.3731e-01, PNorm = 3141.7278, GNorm = 0.0038, lr_0 = 6.8200e-05
Validation sid = 0.247968
Epoch 239

Loss = 2.3715e-01, PNorm = 3147.3568, GNorm = 0.0037, lr_0 = 6.8154e-05
Validation sid = 0.247843
Epoch 240

Loss = 2.3700e-01, PNorm = 3153.0161, GNorm = 0.0034, lr_0 = 6.8108e-05
Validation sid = 0.247718
Epoch 241

Loss = 2.3685e-01, PNorm = 3158.6170, GNorm = 0.0048, lr_0 = 6.8062e-05
Validation sid = 0.247593
Epoch 242

Loss = 2.3668e-01, PNorm = 3164.1876, GNorm = 0.0049, lr_0 = 6.8016e-05
Validation sid = 0.247468
Epoch 243

Loss = 2.3655e-01, PNorm = 3169.7646, GNorm = 0.0040, lr_0 = 6.7970e-05
Validation sid = 0.247347
Epoch 244

Loss = 2.3639e-01, PNorm = 3175.3000, GNorm = 0.0046, lr_0 = 6.7925e-05
Validation sid = 0.247223
Epoch 245

Loss = 2.3625e-01, PNorm = 3180.8285, GNorm = 0.0049, lr_0 = 6.7879e-05
Validation sid = 0.247102
Epoch 246

Loss = 2.3610e-01, PNorm = 3186.3481, GNorm = 0.0046, lr_0 = 6.7833e-05
Validation sid = 0.246987
Epoch 247

Loss = 2.3595e-01, PNorm = 3191.8375, GNorm = 0.0041, lr_0 = 6.7788e-05
Validation sid = 0.246866
Epoch 248

Loss = 2.3580e-01, PNorm = 3197.3323, GNorm = 0.0041, lr_0 = 6.7742e-05
Validation sid = 0.246749
Epoch 249

Loss = 2.3566e-01, PNorm = 3202.7946, GNorm = 0.0046, lr_0 = 6.7696e-05
Validation sid = 0.246632
Epoch 250

Loss = 2.3550e-01, PNorm = 3208.2342, GNorm = 0.0032, lr_0 = 6.7651e-05
Validation sid = 0.246520
Epoch 251

Loss = 2.3538e-01, PNorm = 3213.6496, GNorm = 0.0055, lr_0 = 6.7605e-05
Validation sid = 0.246405
Epoch 252

Loss = 2.3524e-01, PNorm = 3219.0438, GNorm = 0.0041, lr_0 = 6.7560e-05
Validation sid = 0.246291
Epoch 253

Loss = 2.3510e-01, PNorm = 3224.4343, GNorm = 0.0034, lr_0 = 6.7514e-05
Validation sid = 0.246180
Epoch 254

Loss = 2.3496e-01, PNorm = 3229.8290, GNorm = 0.0063, lr_0 = 6.7469e-05
Validation sid = 0.246069
Epoch 255

Loss = 2.3482e-01, PNorm = 3235.1714, GNorm = 0.0037, lr_0 = 6.7423e-05
Validation sid = 0.245959
Epoch 256

Loss = 2.3469e-01, PNorm = 3240.5127, GNorm = 0.0068, lr_0 = 6.7378e-05
Validation sid = 0.245848
Epoch 257

Loss = 2.3454e-01, PNorm = 3245.8215, GNorm = 0.0026, lr_0 = 6.7333e-05
Validation sid = 0.245741
Epoch 258

Loss = 2.3442e-01, PNorm = 3251.1300, GNorm = 0.0043, lr_0 = 6.7287e-05
Validation sid = 0.245634
Epoch 259

Loss = 2.3428e-01, PNorm = 3256.4326, GNorm = 0.0048, lr_0 = 6.7242e-05
Validation sid = 0.245526
Epoch 260

Loss = 2.3415e-01, PNorm = 3261.6924, GNorm = 0.0058, lr_0 = 6.7197e-05
Validation sid = 0.245419
Epoch 261

Loss = 2.3402e-01, PNorm = 3266.9303, GNorm = 0.0054, lr_0 = 6.7152e-05
Validation sid = 0.245314
Epoch 262

Loss = 2.3388e-01, PNorm = 3272.1571, GNorm = 0.0061, lr_0 = 6.7106e-05
Validation sid = 0.245212
Epoch 263

Loss = 2.3376e-01, PNorm = 3277.3762, GNorm = 0.0042, lr_0 = 6.7061e-05
Validation sid = 0.245111
Epoch 264

Loss = 2.3363e-01, PNorm = 3282.5911, GNorm = 0.0043, lr_0 = 6.7016e-05
Validation sid = 0.245004
Epoch 265

Loss = 2.3349e-01, PNorm = 3287.7617, GNorm = 0.0038, lr_0 = 6.6971e-05
Validation sid = 0.244906
Epoch 266

Loss = 2.3337e-01, PNorm = 3292.9284, GNorm = 0.0046, lr_0 = 6.6926e-05
Validation sid = 0.244804
Epoch 267

Loss = 2.3324e-01, PNorm = 3298.0912, GNorm = 0.0045, lr_0 = 6.6881e-05
Validation sid = 0.244704
Epoch 268

Loss = 2.3310e-01, PNorm = 3303.2313, GNorm = 0.0044, lr_0 = 6.6836e-05
Validation sid = 0.244606
Epoch 269

Loss = 2.3299e-01, PNorm = 3308.3397, GNorm = 0.0042, lr_0 = 6.6791e-05
Validation sid = 0.244509
Epoch 270

Loss = 2.3287e-01, PNorm = 3313.4515, GNorm = 0.0056, lr_0 = 6.6746e-05
Validation sid = 0.244411
Epoch 271

Loss = 2.3275e-01, PNorm = 3318.5467, GNorm = 0.0038, lr_0 = 6.6701e-05
Validation sid = 0.244313
Epoch 272

Loss = 2.3262e-01, PNorm = 3323.6297, GNorm = 0.0029, lr_0 = 6.6656e-05
Validation sid = 0.244220
Epoch 273

Loss = 2.3251e-01, PNorm = 3328.6901, GNorm = 0.0025, lr_0 = 6.6611e-05
Validation sid = 0.244124
Epoch 274

Loss = 2.3239e-01, PNorm = 3333.7174, GNorm = 0.0059, lr_0 = 6.6566e-05
Validation sid = 0.244029
Epoch 275

Loss = 2.3227e-01, PNorm = 3338.7494, GNorm = 0.0049, lr_0 = 6.6522e-05
Validation sid = 0.243939
Epoch 276

Loss = 2.3213e-01, PNorm = 3343.7531, GNorm = 0.0051, lr_0 = 6.6477e-05
Validation sid = 0.243843
Epoch 277

Loss = 2.3203e-01, PNorm = 3348.7370, GNorm = 0.0048, lr_0 = 6.6432e-05
Validation sid = 0.243753
Epoch 278

Loss = 2.3191e-01, PNorm = 3353.7194, GNorm = 0.0041, lr_0 = 6.6387e-05
Validation sid = 0.243661
Epoch 279

Loss = 2.3179e-01, PNorm = 3358.6836, GNorm = 0.0071, lr_0 = 6.6343e-05
Validation sid = 0.243572
Epoch 280

Loss = 2.3168e-01, PNorm = 3363.6285, GNorm = 0.0049, lr_0 = 6.6298e-05
Validation sid = 0.243478
Epoch 281

Loss = 2.3156e-01, PNorm = 3368.5777, GNorm = 0.0038, lr_0 = 6.6253e-05
Validation sid = 0.243393
Epoch 282

Loss = 2.3145e-01, PNorm = 3373.4945, GNorm = 0.0043, lr_0 = 6.6209e-05
Validation sid = 0.243303
Epoch 283

Loss = 2.3134e-01, PNorm = 3378.3803, GNorm = 0.0039, lr_0 = 6.6164e-05
Validation sid = 0.243217
Epoch 284

Loss = 2.3122e-01, PNorm = 3383.2611, GNorm = 0.0037, lr_0 = 6.6120e-05
Validation sid = 0.243129
Epoch 285

Loss = 2.3111e-01, PNorm = 3388.1335, GNorm = 0.0046, lr_0 = 6.6075e-05
Validation sid = 0.243044
Epoch 286

Loss = 2.3100e-01, PNorm = 3393.0042, GNorm = 0.0042, lr_0 = 6.6031e-05
Validation sid = 0.242958
Epoch 287

Loss = 2.3089e-01, PNorm = 3397.8407, GNorm = 0.0043, lr_0 = 6.5986e-05
Validation sid = 0.242874
Epoch 288

Loss = 2.3078e-01, PNorm = 3402.6642, GNorm = 0.0062, lr_0 = 6.5942e-05
Validation sid = 0.242790
Epoch 289

Loss = 2.3067e-01, PNorm = 3407.4963, GNorm = 0.0045, lr_0 = 6.5897e-05
Validation sid = 0.242704
Epoch 290

Loss = 2.3057e-01, PNorm = 3412.2933, GNorm = 0.0029, lr_0 = 6.5853e-05
Validation sid = 0.242623
Epoch 291

Loss = 2.3046e-01, PNorm = 3417.0697, GNorm = 0.0039, lr_0 = 6.5809e-05
Validation sid = 0.242539
Epoch 292

Loss = 2.3035e-01, PNorm = 3421.8466, GNorm = 0.0060, lr_0 = 6.5764e-05
Validation sid = 0.242461
Epoch 293

Loss = 2.3025e-01, PNorm = 3426.6081, GNorm = 0.0054, lr_0 = 6.5720e-05
Validation sid = 0.242378
Epoch 294

Loss = 2.3014e-01, PNorm = 3431.3566, GNorm = 0.0039, lr_0 = 6.5676e-05
Validation sid = 0.242299
Epoch 295

Loss = 2.3003e-01, PNorm = 3436.0942, GNorm = 0.0048, lr_0 = 6.5632e-05
Validation sid = 0.242216
Epoch 296

Loss = 2.2993e-01, PNorm = 3440.7998, GNorm = 0.0042, lr_0 = 6.5588e-05
Validation sid = 0.242138
Epoch 297

Loss = 2.2983e-01, PNorm = 3445.5087, GNorm = 0.0044, lr_0 = 6.5543e-05
Validation sid = 0.242060
Epoch 298

Loss = 2.2972e-01, PNorm = 3450.1944, GNorm = 0.0047, lr_0 = 6.5499e-05
Validation sid = 0.241981
Epoch 299

Loss = 2.2962e-01, PNorm = 3454.8683, GNorm = 0.0044, lr_0 = 6.5455e-05
Validation sid = 0.241907
Epoch 300

Loss = 2.2947e-01, PNorm = 3459.5349, GNorm = 0.0035, lr_0 = 6.5411e-05
Validation sid = 0.241829
Epoch 301

Loss = 2.2941e-01, PNorm = 3464.1830, GNorm = 0.0042, lr_0 = 6.5367e-05
Validation sid = 0.241751
Epoch 302

Loss = 2.2931e-01, PNorm = 3468.8121, GNorm = 0.0050, lr_0 = 6.5323e-05
Validation sid = 0.241677
Epoch 303

Loss = 2.2922e-01, PNorm = 3473.4440, GNorm = 0.0036, lr_0 = 6.5279e-05
Validation sid = 0.241602
Epoch 304

Loss = 2.2912e-01, PNorm = 3478.0464, GNorm = 0.0050, lr_0 = 6.5235e-05
Validation sid = 0.241527
Epoch 305

Loss = 2.2902e-01, PNorm = 3482.6489, GNorm = 0.0031, lr_0 = 6.5191e-05
Validation sid = 0.241453
Epoch 306

Loss = 2.2892e-01, PNorm = 3487.2101, GNorm = 0.0046, lr_0 = 6.5147e-05
Validation sid = 0.241380
Epoch 307

Loss = 2.2883e-01, PNorm = 3491.7673, GNorm = 0.0048, lr_0 = 6.5104e-05
Validation sid = 0.241307
Epoch 308

Loss = 2.2873e-01, PNorm = 3496.3221, GNorm = 0.0054, lr_0 = 6.5060e-05
Validation sid = 0.241235
Epoch 309

Loss = 2.2863e-01, PNorm = 3500.8682, GNorm = 0.0046, lr_0 = 6.5016e-05
Validation sid = 0.241162
Epoch 310

Loss = 2.2854e-01, PNorm = 3505.3952, GNorm = 0.0056, lr_0 = 6.4972e-05
Validation sid = 0.241091
Epoch 311

Loss = 2.2844e-01, PNorm = 3509.9205, GNorm = 0.0043, lr_0 = 6.4928e-05
Validation sid = 0.241021
Epoch 312

Loss = 2.2835e-01, PNorm = 3514.4141, GNorm = 0.0044, lr_0 = 6.4885e-05
Validation sid = 0.240954
Epoch 313

Loss = 2.2826e-01, PNorm = 3518.8949, GNorm = 0.0041, lr_0 = 6.4841e-05
Validation sid = 0.240882
Epoch 314

Loss = 2.2816e-01, PNorm = 3523.3682, GNorm = 0.0063, lr_0 = 6.4797e-05
Validation sid = 0.240814
Epoch 315

Loss = 2.2807e-01, PNorm = 3527.8193, GNorm = 0.0050, lr_0 = 6.4754e-05
Validation sid = 0.240745
Epoch 316

Loss = 2.2798e-01, PNorm = 3532.2897, GNorm = 0.0043, lr_0 = 6.4710e-05
Validation sid = 0.240676
Epoch 317

Loss = 2.2789e-01, PNorm = 3536.7340, GNorm = 0.0042, lr_0 = 6.4667e-05
Validation sid = 0.240611
Epoch 318

Loss = 2.2780e-01, PNorm = 3541.1445, GNorm = 0.0037, lr_0 = 6.4623e-05
Validation sid = 0.240543
Epoch 319

Loss = 2.2771e-01, PNorm = 3545.5681, GNorm = 0.0048, lr_0 = 6.4580e-05
Validation sid = 0.240477
Epoch 320

Loss = 2.2762e-01, PNorm = 3549.9725, GNorm = 0.0053, lr_0 = 6.4536e-05
Validation sid = 0.240409
Epoch 321

Loss = 2.2753e-01, PNorm = 3554.3506, GNorm = 0.0043, lr_0 = 6.4493e-05
Validation sid = 0.240344
Epoch 322

Loss = 2.2744e-01, PNorm = 3558.7171, GNorm = 0.0033, lr_0 = 6.4449e-05
Validation sid = 0.240279
Epoch 323

Loss = 2.2735e-01, PNorm = 3563.0754, GNorm = 0.0049, lr_0 = 6.4406e-05
Validation sid = 0.240216
Epoch 324

Loss = 2.2726e-01, PNorm = 3567.4235, GNorm = 0.0045, lr_0 = 6.4363e-05
Validation sid = 0.240151
Epoch 325

Loss = 2.2718e-01, PNorm = 3571.7457, GNorm = 0.0044, lr_0 = 6.4319e-05
Validation sid = 0.240088
Epoch 326

Loss = 2.2709e-01, PNorm = 3576.0806, GNorm = 0.0034, lr_0 = 6.4276e-05
Validation sid = 0.240022
Epoch 327

Loss = 2.2700e-01, PNorm = 3580.3838, GNorm = 0.0040, lr_0 = 6.4233e-05
Validation sid = 0.239961
Epoch 328

Loss = 2.2692e-01, PNorm = 3584.7016, GNorm = 0.0042, lr_0 = 6.4189e-05
Validation sid = 0.239897
Epoch 329

Loss = 2.2683e-01, PNorm = 3588.9867, GNorm = 0.0034, lr_0 = 6.4146e-05
Validation sid = 0.239837
Epoch 330

Loss = 2.2675e-01, PNorm = 3593.2626, GNorm = 0.0032, lr_0 = 6.4103e-05
Validation sid = 0.239774
Epoch 331

Loss = 2.2667e-01, PNorm = 3597.5077, GNorm = 0.0036, lr_0 = 6.4060e-05
Validation sid = 0.239713
Epoch 332

Loss = 2.2659e-01, PNorm = 3601.7683, GNorm = 0.0041, lr_0 = 6.4017e-05
Validation sid = 0.239654
Epoch 333

Loss = 2.2650e-01, PNorm = 3606.0257, GNorm = 0.0034, lr_0 = 6.3974e-05
Validation sid = 0.239594
Epoch 334

Loss = 2.2642e-01, PNorm = 3610.2442, GNorm = 0.0042, lr_0 = 6.3931e-05
Validation sid = 0.239534
Epoch 335

Loss = 2.2633e-01, PNorm = 3614.4705, GNorm = 0.0037, lr_0 = 6.3888e-05
Validation sid = 0.239474
Epoch 336

Loss = 2.2625e-01, PNorm = 3618.6557, GNorm = 0.0044, lr_0 = 6.3845e-05
Validation sid = 0.239415
Epoch 337

Loss = 2.2618e-01, PNorm = 3622.8535, GNorm = 0.0041, lr_0 = 6.3802e-05
Validation sid = 0.239356
Epoch 338

Loss = 2.2609e-01, PNorm = 3627.0214, GNorm = 0.0052, lr_0 = 6.3759e-05
Validation sid = 0.239296
Epoch 339

Loss = 2.2600e-01, PNorm = 3631.1833, GNorm = 0.0051, lr_0 = 6.3716e-05
Validation sid = 0.239241
Epoch 340

Loss = 2.2593e-01, PNorm = 3635.3549, GNorm = 0.0037, lr_0 = 6.3673e-05
Validation sid = 0.239184
Epoch 341

Loss = 2.2585e-01, PNorm = 3639.5163, GNorm = 0.0047, lr_0 = 6.3630e-05
Validation sid = 0.239128
Epoch 342

Loss = 2.2578e-01, PNorm = 3643.6501, GNorm = 0.0039, lr_0 = 6.3587e-05
Validation sid = 0.239070
Epoch 343

Loss = 2.2569e-01, PNorm = 3647.7563, GNorm = 0.0047, lr_0 = 6.3544e-05
Validation sid = 0.239015
Epoch 344

Loss = 2.2562e-01, PNorm = 3651.8774, GNorm = 0.0053, lr_0 = 6.3502e-05
Validation sid = 0.238957
Epoch 345

Loss = 2.2554e-01, PNorm = 3655.9738, GNorm = 0.0040, lr_0 = 6.3459e-05
Validation sid = 0.238902
Epoch 346

Loss = 2.2546e-01, PNorm = 3660.0857, GNorm = 0.0035, lr_0 = 6.3416e-05
Validation sid = 0.238849
Epoch 347

Loss = 2.2539e-01, PNorm = 3664.1399, GNorm = 0.0043, lr_0 = 6.3373e-05
Validation sid = 0.238795
Epoch 348

Loss = 2.2531e-01, PNorm = 3668.2006, GNorm = 0.0039, lr_0 = 6.3331e-05
Validation sid = 0.238739
Epoch 349

Loss = 2.2522e-01, PNorm = 3672.2634, GNorm = 0.0045, lr_0 = 6.3288e-05
Validation sid = 0.238686
Epoch 350

Loss = 2.2516e-01, PNorm = 3676.3101, GNorm = 0.0044, lr_0 = 6.3246e-05
Validation sid = 0.238631
Epoch 351

Loss = 2.2508e-01, PNorm = 3680.3392, GNorm = 0.0046, lr_0 = 6.3203e-05
Validation sid = 0.238578
Epoch 352

Loss = 2.2501e-01, PNorm = 3684.3529, GNorm = 0.0039, lr_0 = 6.3160e-05
Validation sid = 0.238526
Epoch 353

Loss = 2.2493e-01, PNorm = 3688.3671, GNorm = 0.0038, lr_0 = 6.3118e-05
Validation sid = 0.238474
Epoch 354

Loss = 2.2486e-01, PNorm = 3692.3624, GNorm = 0.0047, lr_0 = 6.3075e-05
Validation sid = 0.238422
Epoch 355

Loss = 2.2478e-01, PNorm = 3696.3610, GNorm = 0.0035, lr_0 = 6.3033e-05
Validation sid = 0.238371
Epoch 356

Loss = 2.2471e-01, PNorm = 3700.3527, GNorm = 0.0039, lr_0 = 6.2991e-05
Validation sid = 0.238321
Epoch 357

Loss = 2.2464e-01, PNorm = 3704.3144, GNorm = 0.0047, lr_0 = 6.2948e-05
Validation sid = 0.238271
Epoch 358

Loss = 2.2457e-01, PNorm = 3708.2771, GNorm = 0.0038, lr_0 = 6.2906e-05
Validation sid = 0.238218
Epoch 359

Loss = 2.2450e-01, PNorm = 3712.2112, GNorm = 0.0069, lr_0 = 6.2863e-05
Validation sid = 0.238167
Epoch 360

Loss = 2.2441e-01, PNorm = 3716.1417, GNorm = 0.0034, lr_0 = 6.2821e-05
Validation sid = 0.238120
Epoch 361

Loss = 2.2435e-01, PNorm = 3720.0695, GNorm = 0.0033, lr_0 = 6.2779e-05
Validation sid = 0.238069
Epoch 362

Loss = 2.2428e-01, PNorm = 3723.9645, GNorm = 0.0047, lr_0 = 6.2737e-05
Validation sid = 0.238019
Epoch 363

Loss = 2.2421e-01, PNorm = 3727.8809, GNorm = 0.0041, lr_0 = 6.2694e-05
Validation sid = 0.237969
Epoch 364

Loss = 2.2415e-01, PNorm = 3731.7808, GNorm = 0.0033, lr_0 = 6.2652e-05
Validation sid = 0.237920
Epoch 365

Loss = 2.2408e-01, PNorm = 3735.6549, GNorm = 0.0038, lr_0 = 6.2610e-05
Validation sid = 0.237875
Epoch 366

Loss = 2.2401e-01, PNorm = 3739.5383, GNorm = 0.0046, lr_0 = 6.2568e-05
Validation sid = 0.237826
Epoch 367

Loss = 2.2394e-01, PNorm = 3743.3904, GNorm = 0.0050, lr_0 = 6.2526e-05
Validation sid = 0.237778
Epoch 368

Loss = 2.2386e-01, PNorm = 3747.2413, GNorm = 0.0031, lr_0 = 6.2484e-05
Validation sid = 0.237731
Epoch 369

Loss = 2.2380e-01, PNorm = 3751.0707, GNorm = 0.0049, lr_0 = 6.2442e-05
Validation sid = 0.237683
Epoch 370

Loss = 2.2373e-01, PNorm = 3754.9084, GNorm = 0.0040, lr_0 = 6.2399e-05
Validation sid = 0.237637
Epoch 371

Loss = 2.2366e-01, PNorm = 3758.7258, GNorm = 0.0038, lr_0 = 6.2357e-05
Validation sid = 0.237592
Epoch 372

Loss = 2.2360e-01, PNorm = 3762.5413, GNorm = 0.0050, lr_0 = 6.2316e-05
Validation sid = 0.237543
Epoch 373

Loss = 2.2353e-01, PNorm = 3766.3414, GNorm = 0.0034, lr_0 = 6.2274e-05
Validation sid = 0.237499
Epoch 374

Loss = 2.2346e-01, PNorm = 3770.1261, GNorm = 0.0036, lr_0 = 6.2232e-05
Validation sid = 0.237454
Epoch 375

Loss = 2.2340e-01, PNorm = 3773.9043, GNorm = 0.0053, lr_0 = 6.2190e-05
Validation sid = 0.237409
Epoch 376

Loss = 2.2333e-01, PNorm = 3777.6698, GNorm = 0.0039, lr_0 = 6.2148e-05
Validation sid = 0.237362
Epoch 377

Loss = 2.2327e-01, PNorm = 3781.4448, GNorm = 0.0041, lr_0 = 6.2106e-05
Validation sid = 0.237320
Epoch 378

Loss = 2.2320e-01, PNorm = 3785.2029, GNorm = 0.0035, lr_0 = 6.2064e-05
Validation sid = 0.237274
Epoch 379

Loss = 2.2314e-01, PNorm = 3788.9442, GNorm = 0.0048, lr_0 = 6.2022e-05
Validation sid = 0.237231
Epoch 380

Loss = 2.2307e-01, PNorm = 3792.6794, GNorm = 0.0039, lr_0 = 6.1981e-05
Validation sid = 0.237187
Epoch 381

Loss = 2.2300e-01, PNorm = 3796.3833, GNorm = 0.0048, lr_0 = 6.1939e-05
Validation sid = 0.237144
Epoch 382

Loss = 2.2295e-01, PNorm = 3800.1058, GNorm = 0.0039, lr_0 = 6.1897e-05
Validation sid = 0.237100
Epoch 383

Loss = 2.2288e-01, PNorm = 3803.8113, GNorm = 0.0044, lr_0 = 6.1856e-05
Validation sid = 0.237056
Epoch 384

Loss = 2.2281e-01, PNorm = 3807.5034, GNorm = 0.0039, lr_0 = 6.1814e-05
Validation sid = 0.237015
Epoch 385

Loss = 2.2276e-01, PNorm = 3811.1825, GNorm = 0.0051, lr_0 = 6.1772e-05
Validation sid = 0.236973
Epoch 386

Loss = 2.2270e-01, PNorm = 3814.8606, GNorm = 0.0042, lr_0 = 6.1731e-05
Validation sid = 0.236928
Epoch 387

Loss = 2.2263e-01, PNorm = 3818.5355, GNorm = 0.0046, lr_0 = 6.1689e-05
Validation sid = 0.236888
Epoch 388

Loss = 2.2258e-01, PNorm = 3822.1916, GNorm = 0.0043, lr_0 = 6.1648e-05
Validation sid = 0.236847
Epoch 389

Loss = 2.2250e-01, PNorm = 3825.8297, GNorm = 0.0047, lr_0 = 6.1606e-05
Validation sid = 0.236808
Epoch 390

Loss = 2.2245e-01, PNorm = 3829.4604, GNorm = 0.0048, lr_0 = 6.1565e-05
Validation sid = 0.236766
Epoch 391

Loss = 2.2240e-01, PNorm = 3833.0869, GNorm = 0.0045, lr_0 = 6.1523e-05
Validation sid = 0.236723
Epoch 392

Loss = 2.2233e-01, PNorm = 3836.6952, GNorm = 0.0033, lr_0 = 6.1482e-05
Validation sid = 0.236684
Epoch 393

Loss = 2.2227e-01, PNorm = 3840.3108, GNorm = 0.0039, lr_0 = 6.1441e-05
Validation sid = 0.236644
Epoch 394

Loss = 2.2221e-01, PNorm = 3843.9115, GNorm = 0.0070, lr_0 = 6.1399e-05
Validation sid = 0.236603
Epoch 395

Loss = 2.2215e-01, PNorm = 3847.4873, GNorm = 0.0044, lr_0 = 6.1358e-05
Validation sid = 0.236564
Epoch 396

Loss = 2.2209e-01, PNorm = 3851.1073, GNorm = 0.0061, lr_0 = 6.1317e-05
Validation sid = 0.236524
Epoch 397

Loss = 2.2203e-01, PNorm = 3854.6624, GNorm = 0.0045, lr_0 = 6.1275e-05
Validation sid = 0.236486
Epoch 398

Loss = 2.2197e-01, PNorm = 3858.2237, GNorm = 0.0032, lr_0 = 6.1234e-05
Validation sid = 0.236445
Epoch 399

Loss = 2.2192e-01, PNorm = 3861.7832, GNorm = 0.0033, lr_0 = 6.1193e-05
Validation sid = 0.236408
Epoch 400

Loss = 2.2186e-01, PNorm = 3865.3336, GNorm = 0.0047, lr_0 = 6.1152e-05
Validation sid = 0.236370
Epoch 401

Loss = 2.2180e-01, PNorm = 3868.8491, GNorm = 0.0042, lr_0 = 6.1110e-05
Validation sid = 0.236329
Epoch 402

Loss = 2.2175e-01, PNorm = 3872.3722, GNorm = 0.0042, lr_0 = 6.1069e-05
Validation sid = 0.236290
Epoch 403

Loss = 2.2168e-01, PNorm = 3875.9058, GNorm = 0.0052, lr_0 = 6.1028e-05
Validation sid = 0.236254
Epoch 404

Loss = 2.2163e-01, PNorm = 3879.3983, GNorm = 0.0044, lr_0 = 6.0987e-05
Validation sid = 0.236217
Epoch 405

Loss = 2.2157e-01, PNorm = 3882.9048, GNorm = 0.0038, lr_0 = 6.0946e-05
Validation sid = 0.236179
Epoch 406

Loss = 2.2152e-01, PNorm = 3886.3841, GNorm = 0.0057, lr_0 = 6.0905e-05
Validation sid = 0.236144
Epoch 407

Loss = 2.2146e-01, PNorm = 3889.8751, GNorm = 0.0041, lr_0 = 6.0864e-05
Validation sid = 0.236107
Epoch 408

Loss = 2.2139e-01, PNorm = 3893.3474, GNorm = 0.0036, lr_0 = 6.0823e-05
Validation sid = 0.236070
Epoch 409

Loss = 2.2135e-01, PNorm = 3896.8219, GNorm = 0.0043, lr_0 = 6.0782e-05
Validation sid = 0.236032
Epoch 410

Loss = 2.2129e-01, PNorm = 3900.2636, GNorm = 0.0040, lr_0 = 6.0741e-05
Validation sid = 0.235996
Epoch 411

Loss = 2.2124e-01, PNorm = 3903.7005, GNorm = 0.0060, lr_0 = 6.0700e-05
Validation sid = 0.235960
Epoch 412

Loss = 2.2118e-01, PNorm = 3907.1355, GNorm = 0.0045, lr_0 = 6.0659e-05
Validation sid = 0.235924
Epoch 413

Loss = 2.2113e-01, PNorm = 3910.5524, GNorm = 0.0044, lr_0 = 6.0619e-05
Validation sid = 0.235886
Epoch 414

Loss = 2.2108e-01, PNorm = 3913.9751, GNorm = 0.0048, lr_0 = 6.0578e-05
Validation sid = 0.235854
Epoch 415

Loss = 2.2102e-01, PNorm = 3917.3888, GNorm = 0.0057, lr_0 = 6.0537e-05
Validation sid = 0.235820
Epoch 416

Loss = 2.2097e-01, PNorm = 3920.8001, GNorm = 0.0043, lr_0 = 6.0496e-05
Validation sid = 0.235784
Epoch 417

Loss = 2.2092e-01, PNorm = 3924.2000, GNorm = 0.0041, lr_0 = 6.0456e-05
Validation sid = 0.235748
Epoch 418

Loss = 2.2086e-01, PNorm = 3927.5956, GNorm = 0.0042, lr_0 = 6.0415e-05
Validation sid = 0.235716
Epoch 419

Loss = 2.2080e-01, PNorm = 3930.9698, GNorm = 0.0045, lr_0 = 6.0374e-05
Validation sid = 0.235681
Epoch 420

Loss = 2.2076e-01, PNorm = 3934.3350, GNorm = 0.0037, lr_0 = 6.0334e-05
Validation sid = 0.235647
Epoch 421

Loss = 2.2070e-01, PNorm = 3937.7035, GNorm = 0.0042, lr_0 = 6.0293e-05
Validation sid = 0.235612
Epoch 422

Loss = 2.2065e-01, PNorm = 3941.0516, GNorm = 0.0043, lr_0 = 6.0252e-05
Validation sid = 0.235578
Epoch 423

Loss = 2.2060e-01, PNorm = 3944.3808, GNorm = 0.0044, lr_0 = 6.0212e-05
Validation sid = 0.235544
Epoch 424

Loss = 2.2055e-01, PNorm = 3947.7201, GNorm = 0.0048, lr_0 = 6.0171e-05
Validation sid = 0.235510
Epoch 425

Loss = 2.2049e-01, PNorm = 3951.0606, GNorm = 0.0045, lr_0 = 6.0131e-05
Validation sid = 0.235477
Epoch 426

Loss = 2.2045e-01, PNorm = 3954.3608, GNorm = 0.0034, lr_0 = 6.0090e-05
Validation sid = 0.235445
Epoch 427

Loss = 2.2040e-01, PNorm = 3957.6813, GNorm = 0.0032, lr_0 = 6.0050e-05
Validation sid = 0.235413
Epoch 428

Loss = 2.2034e-01, PNorm = 3960.9781, GNorm = 0.0068, lr_0 = 6.0009e-05
Validation sid = 0.235381
Epoch 429

Loss = 2.2030e-01, PNorm = 3964.2712, GNorm = 0.0036, lr_0 = 5.9969e-05
Validation sid = 0.235348
Epoch 430

Loss = 2.2024e-01, PNorm = 3967.5451, GNorm = 0.0038, lr_0 = 5.9929e-05
Validation sid = 0.235316
Epoch 431

Loss = 2.2020e-01, PNorm = 3970.8223, GNorm = 0.0051, lr_0 = 5.9888e-05
Validation sid = 0.235285
Epoch 432

Loss = 2.2014e-01, PNorm = 3974.0959, GNorm = 0.0044, lr_0 = 5.9848e-05
Validation sid = 0.235252
Epoch 433

Loss = 2.2009e-01, PNorm = 3977.3586, GNorm = 0.0059, lr_0 = 5.9808e-05
Validation sid = 0.235222
Epoch 434

Loss = 2.2004e-01, PNorm = 3980.6180, GNorm = 0.0030, lr_0 = 5.9768e-05
Validation sid = 0.235191
Epoch 435

Loss = 2.1999e-01, PNorm = 3983.8502, GNorm = 0.0048, lr_0 = 5.9727e-05
Validation sid = 0.235159
Epoch 436

Loss = 2.1994e-01, PNorm = 3987.0923, GNorm = 0.0060, lr_0 = 5.9687e-05
Validation sid = 0.235128
Epoch 437

Loss = 2.1988e-01, PNorm = 3990.3102, GNorm = 0.0044, lr_0 = 5.9647e-05
Validation sid = 0.235095
Epoch 438

Loss = 2.1984e-01, PNorm = 3993.5448, GNorm = 0.0044, lr_0 = 5.9607e-05
Validation sid = 0.235065
Epoch 439

Loss = 2.1979e-01, PNorm = 3996.7459, GNorm = 0.0037, lr_0 = 5.9567e-05
Validation sid = 0.235036
Epoch 440

Loss = 2.1976e-01, PNorm = 3999.9585, GNorm = 0.0034, lr_0 = 5.9527e-05
Validation sid = 0.235006
Epoch 441

Loss = 2.1970e-01, PNorm = 4003.1503, GNorm = 0.0037, lr_0 = 5.9486e-05
Validation sid = 0.234977
Epoch 442

Loss = 2.1965e-01, PNorm = 4006.3399, GNorm = 0.0051, lr_0 = 5.9446e-05
Validation sid = 0.234947
Epoch 443

Loss = 2.1960e-01, PNorm = 4009.5220, GNorm = 0.0029, lr_0 = 5.9406e-05
Validation sid = 0.234916
Epoch 444

Loss = 2.1956e-01, PNorm = 4012.7070, GNorm = 0.0048, lr_0 = 5.9366e-05
Validation sid = 0.234888
Epoch 445

Loss = 2.1952e-01, PNorm = 4015.8578, GNorm = 0.0047, lr_0 = 5.9326e-05
Validation sid = 0.234858
Epoch 446

Loss = 2.1946e-01, PNorm = 4019.0402, GNorm = 0.0042, lr_0 = 5.9287e-05
Validation sid = 0.234827
Epoch 447

Loss = 2.1942e-01, PNorm = 4022.1879, GNorm = 0.0035, lr_0 = 5.9247e-05
Validation sid = 0.234796
Epoch 448

Loss = 2.1938e-01, PNorm = 4025.3155, GNorm = 0.0033, lr_0 = 5.9207e-05
Validation sid = 0.234771
Epoch 449

Loss = 2.1932e-01, PNorm = 4028.4514, GNorm = 0.0051, lr_0 = 5.9167e-05
Validation sid = 0.234740
Epoch 450

Loss = 2.1927e-01, PNorm = 4031.5964, GNorm = 0.0045, lr_0 = 5.9127e-05
Validation sid = 0.234715
Epoch 451

Loss = 2.1923e-01, PNorm = 4034.7177, GNorm = 0.0042, lr_0 = 5.9087e-05
Validation sid = 0.234687
Epoch 452

Loss = 2.1917e-01, PNorm = 4037.8417, GNorm = 0.0047, lr_0 = 5.9047e-05
Validation sid = 0.234658
Epoch 453

Loss = 2.1914e-01, PNorm = 4040.9483, GNorm = 0.0040, lr_0 = 5.9008e-05
Validation sid = 0.234630
Epoch 454

Loss = 2.1910e-01, PNorm = 4044.0296, GNorm = 0.0034, lr_0 = 5.8968e-05
Validation sid = 0.234599
Epoch 455

Loss = 2.1906e-01, PNorm = 4047.1164, GNorm = 0.0044, lr_0 = 5.8928e-05
Validation sid = 0.234573
Epoch 456

Loss = 2.1901e-01, PNorm = 4050.1984, GNorm = 0.0031, lr_0 = 5.8889e-05
Validation sid = 0.234546
Epoch 457

Loss = 2.1897e-01, PNorm = 4053.2655, GNorm = 0.0049, lr_0 = 5.8849e-05
Validation sid = 0.234518
Epoch 458

Loss = 2.1892e-01, PNorm = 4056.3492, GNorm = 0.0037, lr_0 = 5.8809e-05
Validation sid = 0.234491
Epoch 459

Loss = 2.1888e-01, PNorm = 4059.4178, GNorm = 0.0049, lr_0 = 5.8770e-05
Validation sid = 0.234464
Epoch 460

Loss = 2.1883e-01, PNorm = 4062.4676, GNorm = 0.0051, lr_0 = 5.8730e-05
Validation sid = 0.234436
Epoch 461

Loss = 2.1880e-01, PNorm = 4065.5154, GNorm = 0.0033, lr_0 = 5.8691e-05
Validation sid = 0.234410
Epoch 462

Loss = 2.1875e-01, PNorm = 4068.5488, GNorm = 0.0041, lr_0 = 5.8651e-05
Validation sid = 0.234383
Epoch 463

Loss = 2.1870e-01, PNorm = 4071.5776, GNorm = 0.0048, lr_0 = 5.8612e-05
Validation sid = 0.234356
Epoch 464

Loss = 2.1866e-01, PNorm = 4074.5961, GNorm = 0.0057, lr_0 = 5.8572e-05
Validation sid = 0.234330
Epoch 465

Loss = 2.1861e-01, PNorm = 4077.6142, GNorm = 0.0043, lr_0 = 5.8533e-05
Validation sid = 0.234303
Epoch 466

Loss = 2.1858e-01, PNorm = 4080.6207, GNorm = 0.0040, lr_0 = 5.8493e-05
Validation sid = 0.234277
Epoch 467

Loss = 2.1853e-01, PNorm = 4083.6205, GNorm = 0.0047, lr_0 = 5.8454e-05
Validation sid = 0.234251
Epoch 468

Loss = 2.1849e-01, PNorm = 4086.6016, GNorm = 0.0048, lr_0 = 5.8415e-05
Validation sid = 0.234229
Epoch 469

Loss = 2.1845e-01, PNorm = 4089.6072, GNorm = 0.0034, lr_0 = 5.8375e-05
Validation sid = 0.234201
Epoch 470

Loss = 2.1840e-01, PNorm = 4092.5730, GNorm = 0.0038, lr_0 = 5.8336e-05
Validation sid = 0.234176
Epoch 471

Loss = 2.1837e-01, PNorm = 4095.5410, GNorm = 0.0040, lr_0 = 5.8297e-05
Validation sid = 0.234150
Epoch 472

Loss = 2.1833e-01, PNorm = 4098.5102, GNorm = 0.0042, lr_0 = 5.8258e-05
Validation sid = 0.234125
Epoch 473

Loss = 2.1828e-01, PNorm = 4101.4709, GNorm = 0.0045, lr_0 = 5.8218e-05
Validation sid = 0.234100
Epoch 474

Loss = 2.1824e-01, PNorm = 4104.4199, GNorm = 0.0036, lr_0 = 5.8179e-05
Validation sid = 0.234074
Epoch 475

Loss = 2.1820e-01, PNorm = 4107.3654, GNorm = 0.0055, lr_0 = 5.8140e-05
Validation sid = 0.234052
Epoch 476

Loss = 2.1816e-01, PNorm = 4110.3012, GNorm = 0.0043, lr_0 = 5.8101e-05
Validation sid = 0.234026
Epoch 477

Loss = 2.1812e-01, PNorm = 4113.2364, GNorm = 0.0048, lr_0 = 5.8062e-05
Validation sid = 0.234000
Epoch 478

Loss = 2.1805e-01, PNorm = 4116.1693, GNorm = 0.0041, lr_0 = 5.8023e-05
Validation sid = 0.233978
Epoch 479

Loss = 2.1803e-01, PNorm = 4119.0821, GNorm = 0.0043, lr_0 = 5.7984e-05
Validation sid = 0.233952
Epoch 480

Loss = 2.1800e-01, PNorm = 4122.0057, GNorm = 0.0036, lr_0 = 5.7945e-05
Validation sid = 0.233930
Epoch 481

Loss = 2.1794e-01, PNorm = 4124.9034, GNorm = 0.0042, lr_0 = 5.7906e-05
Validation sid = 0.233905
Epoch 482

Loss = 2.1792e-01, PNorm = 4127.7996, GNorm = 0.0035, lr_0 = 5.7867e-05
Validation sid = 0.233881
Epoch 483

Loss = 2.1788e-01, PNorm = 4130.6939, GNorm = 0.0036, lr_0 = 5.7828e-05
Validation sid = 0.233858
Epoch 484

Loss = 2.1783e-01, PNorm = 4133.5814, GNorm = 0.0043, lr_0 = 5.7789e-05
Validation sid = 0.233835
Epoch 485

Loss = 2.1780e-01, PNorm = 4136.4507, GNorm = 0.0039, lr_0 = 5.7750e-05
Validation sid = 0.233811
Epoch 486

Loss = 2.1775e-01, PNorm = 4139.3235, GNorm = 0.0031, lr_0 = 5.7711e-05
Validation sid = 0.233788
Epoch 487

Loss = 2.1772e-01, PNorm = 4142.1875, GNorm = 0.0048, lr_0 = 5.7672e-05
Validation sid = 0.233765
Epoch 488

Loss = 2.1768e-01, PNorm = 4145.0442, GNorm = 0.0037, lr_0 = 5.7633e-05
Validation sid = 0.233741
Epoch 489

Loss = 2.1764e-01, PNorm = 4147.8941, GNorm = 0.0031, lr_0 = 5.7595e-05
Validation sid = 0.233718
Epoch 490

Loss = 2.1760e-01, PNorm = 4150.7469, GNorm = 0.0065, lr_0 = 5.7556e-05
Validation sid = 0.233698
Epoch 491

Loss = 2.1756e-01, PNorm = 4153.5889, GNorm = 0.0033, lr_0 = 5.7517e-05
Validation sid = 0.233675
Epoch 492

Loss = 2.1752e-01, PNorm = 4156.4007, GNorm = 0.0063, lr_0 = 5.7478e-05
Validation sid = 0.233651
Epoch 493

Loss = 2.1748e-01, PNorm = 4159.2315, GNorm = 0.0046, lr_0 = 5.7440e-05
Validation sid = 0.233627
Epoch 494

Loss = 2.1745e-01, PNorm = 4162.0647, GNorm = 0.0045, lr_0 = 5.7401e-05
Validation sid = 0.233607
Epoch 495

Loss = 2.1741e-01, PNorm = 4164.8672, GNorm = 0.0043, lr_0 = 5.7362e-05
Validation sid = 0.233584
Epoch 496

Loss = 2.1738e-01, PNorm = 4167.6814, GNorm = 0.0039, lr_0 = 5.7324e-05
Validation sid = 0.233562
Epoch 497

Loss = 2.1733e-01, PNorm = 4170.4820, GNorm = 0.0043, lr_0 = 5.7285e-05
Validation sid = 0.233539
Epoch 498

Loss = 2.1730e-01, PNorm = 4173.2816, GNorm = 0.0040, lr_0 = 5.7247e-05
Validation sid = 0.233517
Epoch 499

Loss = 2.1726e-01, PNorm = 4176.0508, GNorm = 0.0036, lr_0 = 5.7208e-05
Validation sid = 0.233498
Epoch 500

Loss = 2.1723e-01, PNorm = 4178.8275, GNorm = 0.0043, lr_0 = 5.7170e-05
Validation sid = 0.233475
Epoch 501

Loss = 2.1719e-01, PNorm = 4181.5963, GNorm = 0.0041, lr_0 = 5.7131e-05
Validation sid = 0.233451
Epoch 502

Loss = 2.1715e-01, PNorm = 4184.3748, GNorm = 0.0041, lr_0 = 5.7093e-05
Validation sid = 0.233431
Epoch 503

Loss = 2.1711e-01, PNorm = 4187.1388, GNorm = 0.0073, lr_0 = 5.7054e-05
Validation sid = 0.233409
Epoch 504

Loss = 2.1707e-01, PNorm = 4189.8846, GNorm = 0.0038, lr_0 = 5.7016e-05
Validation sid = 0.233389
Epoch 505

Loss = 2.1704e-01, PNorm = 4192.6407, GNorm = 0.0046, lr_0 = 5.6977e-05
Validation sid = 0.233368
Epoch 506

Loss = 2.1701e-01, PNorm = 4195.3690, GNorm = 0.0037, lr_0 = 5.6939e-05
Validation sid = 0.233347
Epoch 507

Loss = 2.1696e-01, PNorm = 4198.1257, GNorm = 0.0044, lr_0 = 5.6901e-05
Validation sid = 0.233327
Epoch 508

Loss = 2.1694e-01, PNorm = 4200.8359, GNorm = 0.0038, lr_0 = 5.6862e-05
Validation sid = 0.233305
Epoch 509

Loss = 2.1689e-01, PNorm = 4203.5471, GNorm = 0.0039, lr_0 = 5.6824e-05
Validation sid = 0.233285
Epoch 510

Loss = 2.1687e-01, PNorm = 4206.2685, GNorm = 0.0041, lr_0 = 5.6786e-05
Validation sid = 0.233263
Epoch 511

Loss = 2.1683e-01, PNorm = 4208.9797, GNorm = 0.0042, lr_0 = 5.6748e-05
Validation sid = 0.233243
Epoch 512

Loss = 2.1679e-01, PNorm = 4211.6919, GNorm = 0.0034, lr_0 = 5.6709e-05
Validation sid = 0.233225
Epoch 513

Loss = 2.1675e-01, PNorm = 4214.3807, GNorm = 0.0034, lr_0 = 5.6671e-05
Validation sid = 0.233204
Epoch 514

Loss = 2.1673e-01, PNorm = 4217.0699, GNorm = 0.0035, lr_0 = 5.6633e-05
Validation sid = 0.233184
Epoch 515

Loss = 2.1669e-01, PNorm = 4219.7552, GNorm = 0.0048, lr_0 = 5.6595e-05
Validation sid = 0.233164
Epoch 516

Loss = 2.1665e-01, PNorm = 4222.4347, GNorm = 0.0047, lr_0 = 5.6557e-05
Validation sid = 0.233144
Epoch 517

Loss = 2.1662e-01, PNorm = 4225.1015, GNorm = 0.0043, lr_0 = 5.6519e-05
Validation sid = 0.233125
Epoch 518

Loss = 2.1658e-01, PNorm = 4227.7678, GNorm = 0.0040, lr_0 = 5.6481e-05
Validation sid = 0.233102
Epoch 519

Loss = 2.1655e-01, PNorm = 4230.4277, GNorm = 0.0044, lr_0 = 5.6443e-05
Validation sid = 0.233083
Epoch 520

Loss = 2.1652e-01, PNorm = 4233.0798, GNorm = 0.0047, lr_0 = 5.6405e-05
Validation sid = 0.233064
Epoch 521

Loss = 2.1648e-01, PNorm = 4235.7300, GNorm = 0.0046, lr_0 = 5.6367e-05
Validation sid = 0.233045
Epoch 522

Loss = 2.1644e-01, PNorm = 4238.3611, GNorm = 0.0039, lr_0 = 5.6329e-05
Validation sid = 0.233026
Epoch 523

Loss = 2.1641e-01, PNorm = 4241.0074, GNorm = 0.0050, lr_0 = 5.6291e-05
Validation sid = 0.233006
Epoch 524

Loss = 2.1638e-01, PNorm = 4243.6351, GNorm = 0.0039, lr_0 = 5.6253e-05
Validation sid = 0.232990
Epoch 525

Loss = 2.1635e-01, PNorm = 4246.2643, GNorm = 0.0032, lr_0 = 5.6215e-05
Validation sid = 0.232969
Epoch 526

Loss = 2.1631e-01, PNorm = 4248.8749, GNorm = 0.0047, lr_0 = 5.6177e-05
Validation sid = 0.232951
Epoch 527

Loss = 2.1626e-01, PNorm = 4251.4860, GNorm = 0.0044, lr_0 = 5.6140e-05
Validation sid = 0.232931
Epoch 528

Loss = 2.1625e-01, PNorm = 4254.0879, GNorm = 0.0046, lr_0 = 5.6102e-05
Validation sid = 0.232914
Epoch 529

Loss = 2.1621e-01, PNorm = 4256.6814, GNorm = 0.0048, lr_0 = 5.6064e-05
Validation sid = 0.232896
Epoch 530

Loss = 2.1618e-01, PNorm = 4259.2794, GNorm = 0.0056, lr_0 = 5.6026e-05
Validation sid = 0.232879
Epoch 531

Loss = 2.1615e-01, PNorm = 4261.8680, GNorm = 0.0051, lr_0 = 5.5989e-05
Validation sid = 0.232858
Epoch 532

Loss = 2.1611e-01, PNorm = 4264.4567, GNorm = 0.0048, lr_0 = 5.5951e-05
Validation sid = 0.232841
Epoch 533

Loss = 2.1608e-01, PNorm = 4267.0267, GNorm = 0.0031, lr_0 = 5.5913e-05
Validation sid = 0.232826
Epoch 534

Loss = 2.1604e-01, PNorm = 4269.5969, GNorm = 0.0037, lr_0 = 5.5876e-05
Validation sid = 0.232806
Epoch 535

Loss = 2.1601e-01, PNorm = 4272.1675, GNorm = 0.0034, lr_0 = 5.5838e-05
Validation sid = 0.232786
Epoch 536

Loss = 2.1599e-01, PNorm = 4274.7391, GNorm = 0.0037, lr_0 = 5.5800e-05
Validation sid = 0.232769
Epoch 537

Loss = 2.1594e-01, PNorm = 4277.2946, GNorm = 0.0042, lr_0 = 5.5763e-05
Validation sid = 0.232753
Epoch 538

Loss = 2.1592e-01, PNorm = 4279.8461, GNorm = 0.0037, lr_0 = 5.5725e-05
Validation sid = 0.232734
Epoch 539

Loss = 2.1589e-01, PNorm = 4282.3840, GNorm = 0.0039, lr_0 = 5.5688e-05
Validation sid = 0.232717
Epoch 540

Loss = 2.1586e-01, PNorm = 4284.9180, GNorm = 0.0054, lr_0 = 5.5650e-05
Validation sid = 0.232699
Epoch 541

Loss = 2.1582e-01, PNorm = 4287.4520, GNorm = 0.0062, lr_0 = 5.5613e-05
Validation sid = 0.232683
Epoch 542

Loss = 2.1580e-01, PNorm = 4289.9762, GNorm = 0.0043, lr_0 = 5.5575e-05
Validation sid = 0.232664
Epoch 543

Loss = 2.1576e-01, PNorm = 4292.4892, GNorm = 0.0033, lr_0 = 5.5538e-05
Validation sid = 0.232644
Epoch 544

Loss = 2.1573e-01, PNorm = 4295.0046, GNorm = 0.0034, lr_0 = 5.5501e-05
Validation sid = 0.232629
Epoch 545

Loss = 2.1570e-01, PNorm = 4297.5132, GNorm = 0.0034, lr_0 = 5.5463e-05
Validation sid = 0.232612
Epoch 546

Loss = 2.1567e-01, PNorm = 4300.0047, GNorm = 0.0037, lr_0 = 5.5426e-05
Validation sid = 0.232595
Epoch 547

Loss = 2.1561e-01, PNorm = 4302.5167, GNorm = 0.0066, lr_0 = 5.5389e-05
Validation sid = 0.232578
Epoch 548

Loss = 2.1561e-01, PNorm = 4305.0092, GNorm = 0.0053, lr_0 = 5.5351e-05
Validation sid = 0.232561
Epoch 549

Loss = 2.1557e-01, PNorm = 4307.4880, GNorm = 0.0048, lr_0 = 5.5314e-05
Validation sid = 0.232544
Epoch 550

Loss = 2.1555e-01, PNorm = 4309.9726, GNorm = 0.0039, lr_0 = 5.5277e-05
Validation sid = 0.232529
Epoch 551

Loss = 2.1551e-01, PNorm = 4312.4554, GNorm = 0.0056, lr_0 = 5.5240e-05
Validation sid = 0.232513
Epoch 552

Loss = 2.1549e-01, PNorm = 4314.9117, GNorm = 0.0078, lr_0 = 5.5202e-05
Validation sid = 0.232495
Epoch 553

Loss = 2.1545e-01, PNorm = 4317.3769, GNorm = 0.0033, lr_0 = 5.5165e-05
Validation sid = 0.232479
Epoch 554

Loss = 2.1543e-01, PNorm = 4319.8386, GNorm = 0.0044, lr_0 = 5.5128e-05
Validation sid = 0.232466
Epoch 555

Loss = 2.1540e-01, PNorm = 4322.2788, GNorm = 0.0048, lr_0 = 5.5091e-05
Validation sid = 0.232446
Epoch 556

Loss = 2.1536e-01, PNorm = 4324.7381, GNorm = 0.0045, lr_0 = 5.5054e-05
Validation sid = 0.232430
Epoch 557

Loss = 2.1533e-01, PNorm = 4327.1925, GNorm = 0.0034, lr_0 = 5.5017e-05
Validation sid = 0.232414
Epoch 558

Loss = 2.1531e-01, PNorm = 4329.6147, GNorm = 0.0044, lr_0 = 5.4980e-05
Validation sid = 0.232399
Epoch 559

Loss = 2.1528e-01, PNorm = 4332.0466, GNorm = 0.0041, lr_0 = 5.4943e-05
Validation sid = 0.232382
Epoch 560

Loss = 2.1525e-01, PNorm = 4334.4737, GNorm = 0.0042, lr_0 = 5.4906e-05
Validation sid = 0.232369
Epoch 561

Loss = 2.1522e-01, PNorm = 4336.8925, GNorm = 0.0038, lr_0 = 5.4869e-05
Validation sid = 0.232351
Epoch 562

Loss = 2.1519e-01, PNorm = 4339.3107, GNorm = 0.0052, lr_0 = 5.4832e-05
Validation sid = 0.232335
Epoch 563

Loss = 2.1516e-01, PNorm = 4341.7280, GNorm = 0.0044, lr_0 = 5.4795e-05
Validation sid = 0.232321
Epoch 564

Loss = 2.1513e-01, PNorm = 4344.1419, GNorm = 0.0059, lr_0 = 5.4758e-05
Validation sid = 0.232306
Epoch 565

Loss = 2.1511e-01, PNorm = 4346.5363, GNorm = 0.0051, lr_0 = 5.4721e-05
Validation sid = 0.232289
Epoch 566

Loss = 2.1507e-01, PNorm = 4348.9277, GNorm = 0.0037, lr_0 = 5.4684e-05
Validation sid = 0.232274
Epoch 567

Loss = 2.1504e-01, PNorm = 4351.3093, GNorm = 0.0030, lr_0 = 5.4648e-05
Validation sid = 0.232260
Epoch 568

Loss = 2.1501e-01, PNorm = 4353.6934, GNorm = 0.0034, lr_0 = 5.4611e-05
Validation sid = 0.232244
Epoch 569

Loss = 2.1499e-01, PNorm = 4356.0633, GNorm = 0.0039, lr_0 = 5.4574e-05
Validation sid = 0.232228
Epoch 570

Loss = 2.1496e-01, PNorm = 4358.4499, GNorm = 0.0053, lr_0 = 5.4537e-05
Validation sid = 0.232213
Epoch 571

Loss = 2.1494e-01, PNorm = 4360.8218, GNorm = 0.0031, lr_0 = 5.4501e-05
Validation sid = 0.232199
Epoch 572

Loss = 2.1491e-01, PNorm = 4363.1888, GNorm = 0.0048, lr_0 = 5.4464e-05
Validation sid = 0.232183
Epoch 573

Loss = 2.1488e-01, PNorm = 4365.5436, GNorm = 0.0037, lr_0 = 5.4427e-05
Validation sid = 0.232168
Epoch 574

Loss = 2.1485e-01, PNorm = 4367.8960, GNorm = 0.0039, lr_0 = 5.4391e-05
Validation sid = 0.232152
Epoch 575

Loss = 2.1482e-01, PNorm = 4370.2454, GNorm = 0.0043, lr_0 = 5.4354e-05
Validation sid = 0.232140
Epoch 576

Loss = 2.1479e-01, PNorm = 4372.5944, GNorm = 0.0043, lr_0 = 5.4317e-05
Validation sid = 0.232124
Epoch 577

Loss = 2.1477e-01, PNorm = 4374.9531, GNorm = 0.0050, lr_0 = 5.4281e-05
Validation sid = 0.232110
Epoch 578

Loss = 2.1474e-01, PNorm = 4377.2742, GNorm = 0.0040, lr_0 = 5.4244e-05
Validation sid = 0.232095
Epoch 579

Loss = 2.1471e-01, PNorm = 4379.6163, GNorm = 0.0059, lr_0 = 5.4208e-05
Validation sid = 0.232082
Epoch 580

Loss = 2.1469e-01, PNorm = 4381.9394, GNorm = 0.0059, lr_0 = 5.4171e-05
Validation sid = 0.232068
Epoch 581

Loss = 2.1466e-01, PNorm = 4384.2669, GNorm = 0.0041, lr_0 = 5.4135e-05
Validation sid = 0.232053
Epoch 582

Loss = 2.1463e-01, PNorm = 4386.5875, GNorm = 0.0044, lr_0 = 5.4098e-05
Validation sid = 0.232038
Epoch 583

Loss = 2.1461e-01, PNorm = 4388.8983, GNorm = 0.0034, lr_0 = 5.4062e-05
Validation sid = 0.232026
Epoch 584

Loss = 2.1458e-01, PNorm = 4391.1989, GNorm = 0.0043, lr_0 = 5.4026e-05
Validation sid = 0.232012
Epoch 585

Loss = 2.1455e-01, PNorm = 4393.4903, GNorm = 0.0047, lr_0 = 5.3989e-05
Validation sid = 0.231997
Epoch 586

Loss = 2.1452e-01, PNorm = 4395.7889, GNorm = 0.0047, lr_0 = 5.3953e-05
Validation sid = 0.231982
Epoch 587

Loss = 2.1450e-01, PNorm = 4398.0754, GNorm = 0.0039, lr_0 = 5.3917e-05
Validation sid = 0.231969
Epoch 588

Loss = 2.1447e-01, PNorm = 4400.3643, GNorm = 0.0030, lr_0 = 5.3880e-05
Validation sid = 0.231955
Epoch 589

Loss = 2.1444e-01, PNorm = 4402.6336, GNorm = 0.0047, lr_0 = 5.3844e-05
Validation sid = 0.231942
Epoch 590

Loss = 2.1442e-01, PNorm = 4404.9089, GNorm = 0.0041, lr_0 = 5.3808e-05
Validation sid = 0.231928
Epoch 591

Loss = 2.1439e-01, PNorm = 4407.1919, GNorm = 0.0046, lr_0 = 5.3772e-05
Validation sid = 0.231916
Epoch 592

Loss = 2.1436e-01, PNorm = 4409.4535, GNorm = 0.0032, lr_0 = 5.3735e-05
Validation sid = 0.231903
Epoch 593

Loss = 2.1434e-01, PNorm = 4411.7131, GNorm = 0.0046, lr_0 = 5.3699e-05
Validation sid = 0.231888
Epoch 594

Loss = 2.1430e-01, PNorm = 4413.9673, GNorm = 0.0038, lr_0 = 5.3663e-05
Validation sid = 0.231875
Epoch 595

Loss = 2.1429e-01, PNorm = 4416.2098, GNorm = 0.0053, lr_0 = 5.3627e-05
Validation sid = 0.231861
Epoch 596

Loss = 2.1426e-01, PNorm = 4418.4670, GNorm = 0.0034, lr_0 = 5.3591e-05
Validation sid = 0.231849
Epoch 597

Loss = 2.1424e-01, PNorm = 4420.7056, GNorm = 0.0054, lr_0 = 5.3555e-05
Validation sid = 0.231835
Epoch 598

Loss = 2.1420e-01, PNorm = 4422.9530, GNorm = 0.0036, lr_0 = 5.3519e-05
Validation sid = 0.231822
Epoch 599

Loss = 2.1418e-01, PNorm = 4425.1818, GNorm = 0.0041, lr_0 = 5.3483e-05
Validation sid = 0.231809
Epoch 600

Loss = 2.1416e-01, PNorm = 4427.4039, GNorm = 0.0044, lr_0 = 5.3447e-05
Validation sid = 0.231796
Epoch 601

Loss = 2.1413e-01, PNorm = 4429.6254, GNorm = 0.0039, lr_0 = 5.3411e-05
Validation sid = 0.231784
Epoch 602

Loss = 2.1410e-01, PNorm = 4431.8503, GNorm = 0.0032, lr_0 = 5.3375e-05
Validation sid = 0.231771
Epoch 603

Loss = 2.1408e-01, PNorm = 4434.0538, GNorm = 0.0041, lr_0 = 5.3339e-05
Validation sid = 0.231758
Epoch 604

Loss = 2.1406e-01, PNorm = 4436.2621, GNorm = 0.0043, lr_0 = 5.3303e-05
Validation sid = 0.231748
Epoch 605

Loss = 2.1404e-01, PNorm = 4438.4753, GNorm = 0.0041, lr_0 = 5.3267e-05
Validation sid = 0.231735
Epoch 606

Loss = 2.1401e-01, PNorm = 4440.6680, GNorm = 0.0044, lr_0 = 5.3231e-05
Validation sid = 0.231722
Epoch 607

Loss = 2.1398e-01, PNorm = 4442.8749, GNorm = 0.0037, lr_0 = 5.3195e-05
Validation sid = 0.231710
Epoch 608

Loss = 2.1396e-01, PNorm = 4445.0691, GNorm = 0.0040, lr_0 = 5.3160e-05
Validation sid = 0.231697
Epoch 609

Loss = 2.1394e-01, PNorm = 4447.2599, GNorm = 0.0063, lr_0 = 5.3124e-05
Validation sid = 0.231684
Epoch 610

Loss = 2.1391e-01, PNorm = 4449.4350, GNorm = 0.0028, lr_0 = 5.3088e-05
Validation sid = 0.231671
Epoch 611

Loss = 2.1389e-01, PNorm = 4451.6136, GNorm = 0.0041, lr_0 = 5.3052e-05
Validation sid = 0.231660
Epoch 612

Loss = 2.1385e-01, PNorm = 4453.7790, GNorm = 0.0050, lr_0 = 5.3017e-05
Validation sid = 0.231645
Epoch 613

Loss = 2.1384e-01, PNorm = 4455.9448, GNorm = 0.0045, lr_0 = 5.2981e-05
Validation sid = 0.231634
Epoch 614

Loss = 2.1381e-01, PNorm = 4458.1063, GNorm = 0.0034, lr_0 = 5.2945e-05
Validation sid = 0.231622
Epoch 615

Loss = 2.1379e-01, PNorm = 4460.2658, GNorm = 0.0047, lr_0 = 5.2910e-05
Validation sid = 0.231610
Epoch 616

Loss = 2.1377e-01, PNorm = 4462.4238, GNorm = 0.0037, lr_0 = 5.2874e-05
Validation sid = 0.231599
Epoch 617

Loss = 2.1373e-01, PNorm = 4464.5814, GNorm = 0.0048, lr_0 = 5.2838e-05
Validation sid = 0.231587
Epoch 618

Loss = 2.1371e-01, PNorm = 4466.7155, GNorm = 0.0037, lr_0 = 5.2803e-05
Validation sid = 0.231574
Epoch 619

Loss = 2.1369e-01, PNorm = 4468.8536, GNorm = 0.0067, lr_0 = 5.2767e-05
Validation sid = 0.231563
Epoch 620

Loss = 2.1366e-01, PNorm = 4470.9965, GNorm = 0.0052, lr_0 = 5.2732e-05
Validation sid = 0.231552
Epoch 621

Loss = 2.1364e-01, PNorm = 4473.1277, GNorm = 0.0050, lr_0 = 5.2696e-05
Validation sid = 0.231539
Epoch 622

Loss = 2.1363e-01, PNorm = 4475.2589, GNorm = 0.0048, lr_0 = 5.2661e-05
Validation sid = 0.231529
Epoch 623

Loss = 2.1360e-01, PNorm = 4477.3789, GNorm = 0.0032, lr_0 = 5.2625e-05
Validation sid = 0.231515
Epoch 624

Loss = 2.1358e-01, PNorm = 4479.4837, GNorm = 0.0045, lr_0 = 5.2590e-05
Validation sid = 0.231502
Epoch 625

Loss = 2.1355e-01, PNorm = 4481.6115, GNorm = 0.0043, lr_0 = 5.2555e-05
Validation sid = 0.231494
Epoch 626

Loss = 2.1352e-01, PNorm = 4483.7222, GNorm = 0.0040, lr_0 = 5.2519e-05
Validation sid = 0.231481
Epoch 627

Loss = 2.1351e-01, PNorm = 4485.8294, GNorm = 0.0045, lr_0 = 5.2484e-05
Validation sid = 0.231469
Epoch 628

Loss = 2.1348e-01, PNorm = 4487.9411, GNorm = 0.0037, lr_0 = 5.2448e-05
Validation sid = 0.231459
Epoch 629

Loss = 2.1346e-01, PNorm = 4490.0293, GNorm = 0.0062, lr_0 = 5.2413e-05
Validation sid = 0.231449
Epoch 630

Loss = 2.1344e-01, PNorm = 4492.1186, GNorm = 0.0035, lr_0 = 5.2378e-05
Validation sid = 0.231436
Epoch 631

Loss = 2.1342e-01, PNorm = 4494.2087, GNorm = 0.0044, lr_0 = 5.2343e-05
Validation sid = 0.231428
Epoch 632

Loss = 2.1339e-01, PNorm = 4496.2911, GNorm = 0.0047, lr_0 = 5.2307e-05
Validation sid = 0.231415
Epoch 633

Loss = 2.1336e-01, PNorm = 4498.3730, GNorm = 0.0036, lr_0 = 5.2272e-05
Validation sid = 0.231405
Epoch 634

Loss = 2.1335e-01, PNorm = 4500.4534, GNorm = 0.0042, lr_0 = 5.2237e-05
Validation sid = 0.231395
Epoch 635

Loss = 2.1332e-01, PNorm = 4502.5221, GNorm = 0.0038, lr_0 = 5.2202e-05
Validation sid = 0.231383
Epoch 636

Loss = 2.1329e-01, PNorm = 4504.5865, GNorm = 0.0039, lr_0 = 5.2167e-05
Validation sid = 0.231371
Epoch 637

Loss = 2.1327e-01, PNorm = 4506.6449, GNorm = 0.0041, lr_0 = 5.2132e-05
Validation sid = 0.231359
Epoch 638

Loss = 2.1326e-01, PNorm = 4508.7097, GNorm = 0.0038, lr_0 = 5.2096e-05
Validation sid = 0.231351
Epoch 639

Loss = 2.1323e-01, PNorm = 4510.7579, GNorm = 0.0047, lr_0 = 5.2061e-05
Validation sid = 0.231339
Epoch 640

Loss = 2.1321e-01, PNorm = 4512.8125, GNorm = 0.0038, lr_0 = 5.2026e-05
Validation sid = 0.231330
Epoch 641

Loss = 2.1318e-01, PNorm = 4514.8538, GNorm = 0.0041, lr_0 = 5.1991e-05
Validation sid = 0.231319
Epoch 642

Loss = 2.1317e-01, PNorm = 4516.9016, GNorm = 0.0058, lr_0 = 5.1956e-05
Validation sid = 0.231306
Epoch 643

Loss = 2.1315e-01, PNorm = 4518.9444, GNorm = 0.0058, lr_0 = 5.1921e-05
Validation sid = 0.231298
Epoch 644

Loss = 2.1313e-01, PNorm = 4520.9838, GNorm = 0.0042, lr_0 = 5.1886e-05
Validation sid = 0.231286
Epoch 645

Loss = 2.1310e-01, PNorm = 4523.0189, GNorm = 0.0042, lr_0 = 5.1851e-05
Validation sid = 0.231276
Epoch 646

Loss = 2.1308e-01, PNorm = 4525.0353, GNorm = 0.0050, lr_0 = 5.1817e-05
Validation sid = 0.231264
Epoch 647

Loss = 2.1306e-01, PNorm = 4527.0527, GNorm = 0.0039, lr_0 = 5.1782e-05
Validation sid = 0.231255
Epoch 648

Loss = 2.1304e-01, PNorm = 4529.0712, GNorm = 0.0052, lr_0 = 5.1747e-05
Validation sid = 0.231244
Epoch 649

Loss = 2.1302e-01, PNorm = 4531.0886, GNorm = 0.0049, lr_0 = 5.1712e-05
Validation sid = 0.231234
Epoch 650

Loss = 2.1300e-01, PNorm = 4533.0968, GNorm = 0.0051, lr_0 = 5.1677e-05
Validation sid = 0.231226
Epoch 651

Loss = 2.1298e-01, PNorm = 4535.1128, GNorm = 0.0036, lr_0 = 5.1642e-05
Validation sid = 0.231214
Epoch 652

Loss = 2.1295e-01, PNorm = 4537.1087, GNorm = 0.0049, lr_0 = 5.1608e-05
Validation sid = 0.231205
Epoch 653

Loss = 2.1293e-01, PNorm = 4539.1057, GNorm = 0.0036, lr_0 = 5.1573e-05
Validation sid = 0.231195
Epoch 654

Loss = 2.1290e-01, PNorm = 4541.0953, GNorm = 0.0033, lr_0 = 5.1538e-05
Validation sid = 0.231185
Epoch 655

Loss = 2.1289e-01, PNorm = 4543.0780, GNorm = 0.0047, lr_0 = 5.1504e-05
Validation sid = 0.231175
Epoch 656

Loss = 2.1287e-01, PNorm = 4545.0593, GNorm = 0.0036, lr_0 = 5.1469e-05
Validation sid = 0.231166
Epoch 657

Loss = 2.1285e-01, PNorm = 4547.0451, GNorm = 0.0046, lr_0 = 5.1434e-05
Validation sid = 0.231156
Epoch 658

Loss = 2.1282e-01, PNorm = 4549.0186, GNorm = 0.0059, lr_0 = 5.1400e-05
Validation sid = 0.231145
Epoch 659

Loss = 2.1280e-01, PNorm = 4550.9970, GNorm = 0.0060, lr_0 = 5.1365e-05
Validation sid = 0.231137
Epoch 660

Loss = 2.1278e-01, PNorm = 4552.9661, GNorm = 0.0040, lr_0 = 5.1330e-05
Validation sid = 0.231128
Epoch 661

Loss = 2.1276e-01, PNorm = 4554.9332, GNorm = 0.0046, lr_0 = 5.1296e-05
Validation sid = 0.231118
Epoch 662

Loss = 2.1275e-01, PNorm = 4556.8916, GNorm = 0.0051, lr_0 = 5.1261e-05
Validation sid = 0.231108
Epoch 663

Loss = 2.1272e-01, PNorm = 4558.8485, GNorm = 0.0055, lr_0 = 5.1227e-05
Validation sid = 0.231097
Epoch 664

Loss = 2.1270e-01, PNorm = 4560.7936, GNorm = 0.0042, lr_0 = 5.1192e-05
Validation sid = 0.231087
Epoch 665

Loss = 2.1268e-01, PNorm = 4562.7491, GNorm = 0.0041, lr_0 = 5.1158e-05
Validation sid = 0.231079
Epoch 666

Loss = 2.1266e-01, PNorm = 4564.6855, GNorm = 0.0042, lr_0 = 5.1123e-05
Validation sid = 0.231068
Epoch 667

Loss = 2.1263e-01, PNorm = 4566.6341, GNorm = 0.0035, lr_0 = 5.1089e-05
Validation sid = 0.231059
Epoch 668

Loss = 2.1262e-01, PNorm = 4568.5729, GNorm = 0.0042, lr_0 = 5.1055e-05
Validation sid = 0.231052
Epoch 669

Loss = 2.1259e-01, PNorm = 4570.5049, GNorm = 0.0034, lr_0 = 5.1020e-05
Validation sid = 0.231044
Epoch 670

Loss = 2.1257e-01, PNorm = 4572.4350, GNorm = 0.0039, lr_0 = 5.0986e-05
Validation sid = 0.231034
Epoch 671

Loss = 2.1256e-01, PNorm = 4574.3690, GNorm = 0.0038, lr_0 = 5.0952e-05
Validation sid = 0.231025
Epoch 672

Loss = 2.1254e-01, PNorm = 4576.2853, GNorm = 0.0038, lr_0 = 5.0917e-05
Validation sid = 0.231015
Epoch 673

Loss = 2.1250e-01, PNorm = 4578.2091, GNorm = 0.0052, lr_0 = 5.0883e-05
Validation sid = 0.231005
Epoch 674

Loss = 2.1250e-01, PNorm = 4580.1245, GNorm = 0.0045, lr_0 = 5.0849e-05
Validation sid = 0.230996
Epoch 675

Loss = 2.1248e-01, PNorm = 4582.0247, GNorm = 0.0032, lr_0 = 5.0815e-05
Validation sid = 0.230989
Epoch 676

Loss = 2.1246e-01, PNorm = 4583.9313, GNorm = 0.0047, lr_0 = 5.0780e-05
Validation sid = 0.230979
Epoch 677

Loss = 2.1243e-01, PNorm = 4585.8287, GNorm = 0.0033, lr_0 = 5.0746e-05
Validation sid = 0.230969
Epoch 678

Loss = 2.1242e-01, PNorm = 4587.7275, GNorm = 0.0041, lr_0 = 5.0712e-05
Validation sid = 0.230960
Epoch 679

Loss = 2.1240e-01, PNorm = 4589.6204, GNorm = 0.0038, lr_0 = 5.0678e-05
Validation sid = 0.230953
Epoch 680

Loss = 2.1239e-01, PNorm = 4591.5080, GNorm = 0.0042, lr_0 = 5.0644e-05
Validation sid = 0.230943
Epoch 681

Loss = 2.1236e-01, PNorm = 4593.4014, GNorm = 0.0060, lr_0 = 5.0610e-05
Validation sid = 0.230934
Epoch 682

Loss = 2.1234e-01, PNorm = 4595.2920, GNorm = 0.0037, lr_0 = 5.0576e-05
Validation sid = 0.230926
Epoch 683

Loss = 2.1232e-01, PNorm = 4597.1683, GNorm = 0.0045, lr_0 = 5.0542e-05
Validation sid = 0.230916
Epoch 684

Loss = 2.1231e-01, PNorm = 4599.0407, GNorm = 0.0046, lr_0 = 5.0508e-05
Validation sid = 0.230908
Epoch 685

Loss = 2.1228e-01, PNorm = 4600.9078, GNorm = 0.0040, lr_0 = 5.0474e-05
Validation sid = 0.230900
Epoch 686

Loss = 2.1226e-01, PNorm = 4602.7885, GNorm = 0.0046, lr_0 = 5.0440e-05
Validation sid = 0.230891
Epoch 687

Loss = 2.1225e-01, PNorm = 4604.6507, GNorm = 0.0059, lr_0 = 5.0406e-05
Validation sid = 0.230884
Epoch 688

Loss = 2.1223e-01, PNorm = 4606.5129, GNorm = 0.0029, lr_0 = 5.0372e-05
Validation sid = 0.230876
Epoch 689

Loss = 2.1220e-01, PNorm = 4608.3717, GNorm = 0.0040, lr_0 = 5.0338e-05
Validation sid = 0.230867
Epoch 690

Loss = 2.1219e-01, PNorm = 4610.2265, GNorm = 0.0031, lr_0 = 5.0304e-05
Validation sid = 0.230858
Epoch 691

Loss = 2.1217e-01, PNorm = 4612.0765, GNorm = 0.0052, lr_0 = 5.0270e-05
Validation sid = 0.230850
Epoch 692

Loss = 2.1216e-01, PNorm = 4613.9177, GNorm = 0.0037, lr_0 = 5.0236e-05
Validation sid = 0.230842
Epoch 693

Loss = 2.1214e-01, PNorm = 4615.7785, GNorm = 0.0041, lr_0 = 5.0202e-05
Validation sid = 0.230834
Epoch 694

Loss = 2.1211e-01, PNorm = 4617.6108, GNorm = 0.0052, lr_0 = 5.0169e-05
Validation sid = 0.230824
Epoch 695

Loss = 2.1209e-01, PNorm = 4619.4550, GNorm = 0.0053, lr_0 = 5.0135e-05
Validation sid = 0.230817
Epoch 696

Loss = 2.1208e-01, PNorm = 4621.2845, GNorm = 0.0055, lr_0 = 5.0101e-05
Validation sid = 0.230808
Epoch 697

Loss = 2.1206e-01, PNorm = 4623.1183, GNorm = 0.0037, lr_0 = 5.0067e-05
Validation sid = 0.230803
Epoch 698

Loss = 2.1204e-01, PNorm = 4624.9400, GNorm = 0.0041, lr_0 = 5.0034e-05
Validation sid = 0.230793
Epoch 699

Loss = 2.1201e-01, PNorm = 4626.7582, GNorm = 0.0041, lr_0 = 5.0000e-05
Validation sid = 0.230785
Model 0 best validation sid = 0.230785 on epoch 699
Loading pretrained parameter "ffn.0.weights".
Loading pretrained parameter "ffn.1.weight".
Loading pretrained parameter "ffn.1.bias".
Moving model to cuda
Model 0 test sid = 0.226629
Ensemble test sid = 0.226629
1-fold cross validation
Seed 0 ==> test sid = 0.226629
Overall test sid = 0.226629 +/- 0.000000
