Fold 0
Model 0 best validation sid = inf on epoch 0
Model 0 test sid = 2.313347
Ensemble test sid = 2.313347
1-fold cross validation
Seed 0 ==> test sid = 2.313347
Overall test sid = 2.313347 +/- 0.000000
Fold 0
Model 0 best validation sid = inf on epoch 0
Model 0 test sid = 2.313349
Ensemble test sid = 2.313349
1-fold cross validation
Seed 0 ==> test sid = 2.313349
Overall test sid = 2.313349 +/- 0.000000
Fold 0
Model 0 best validation sid = inf on epoch 0
Model 0 test sid = 2.313269
Ensemble test sid = 2.313269
1-fold cross validation
Seed 0 ==> test sid = 2.313269
Overall test sid = 2.313269 +/- 0.000000
Fold 0
Model 0 best validation sid = inf on epoch 0
Model 0 test sid = 2.313220
Ensemble test sid = 2.313220
1-fold cross validation
Seed 0 ==> test sid = 2.313220
Overall test sid = 2.313220 +/- 0.000000
Fold 0
Model 0 best validation sid = inf on epoch 0
Model 0 test sid = 2.313336
Ensemble test sid = 2.313336
1-fold cross validation
Seed 0 ==> test sid = 2.313336
Overall test sid = 2.313336 +/- 0.000000
Fold 0
Model 0 best validation sid = inf on epoch 0
Model 0 test sid = 2.313319
Ensemble test sid = 2.313319
1-fold cross validation
Seed 0 ==> test sid = 2.313319
Overall test sid = 2.313319 +/- 0.000000
Fold 0
Model 0 best validation sid = inf on epoch 0
Model 0 test sid = 2.313337
Ensemble test sid = 2.313337
1-fold cross validation
Seed 0 ==> test sid = 2.313337
Overall test sid = 2.313337 +/- 0.000000
Fold 0
Model 0 best validation sid = inf on epoch 0
Model 0 test sid = 2.313311
Ensemble test sid = 2.313311
1-fold cross validation
Seed 0 ==> test sid = 2.313311
Overall test sid = 2.313311 +/- 0.000000
Fold 0
Model 0 best validation sid = inf on epoch 0
Model 0 test sid = 2.313308
Ensemble test sid = 2.313308
1-fold cross validation
Seed 0 ==> test sid = 2.313308
Overall test sid = 2.313308 +/- 0.000000
Fold 0
Model 0 best validation sid = inf on epoch 0
Model 0 test sid = 2.313307
Ensemble test sid = 2.313307
1-fold cross validation
Seed 0 ==> test sid = 2.313307
Overall test sid = 2.313307 +/- 0.000000
Fold 0
Model 0 best validation sid = inf on epoch 0
Model 0 test sid = 2.313264
Ensemble test sid = 2.313264
1-fold cross validation
Seed 0 ==> test sid = 2.313264
Overall test sid = 2.313264 +/- 0.000000
Fold 0
Model 0 best validation sid = inf on epoch 0
Model 0 test sid = 2.313317
Ensemble test sid = 2.313317
1-fold cross validation
Seed 0 ==> test sid = 2.313317
Overall test sid = 2.313317 +/- 0.000000
Fold 0
Model 0 best validation sid = inf on epoch 0
Model 0 test sid = 2.313297
Ensemble test sid = 2.313297
1-fold cross validation
Seed 0 ==> test sid = 2.313297
Overall test sid = 2.313297 +/- 0.000000
Fold 0
Model 0 best validation sid = inf on epoch 0
Model 0 test sid = 2.313333
Ensemble test sid = 2.313333
1-fold cross validation
Seed 0 ==> test sid = 2.313333
Overall test sid = 2.313333 +/- 0.000000
Fold 0
Model 0 best validation sid = inf on epoch 0
Model 0 test sid = 2.313329
Ensemble test sid = 2.313329
1-fold cross validation
Seed 0 ==> test sid = 2.313329
Overall test sid = 2.313329 +/- 0.000000
Fold 0
Model 0 best validation sid = inf on epoch 0
Model 0 test sid = 2.313307
Ensemble test sid = 2.313307
1-fold cross validation
Seed 0 ==> test sid = 2.313307
Overall test sid = 2.313307 +/- 0.000000
Fold 0
Model 0 best validation sid = inf on epoch 0
Model 0 test sid = 2.313314
Ensemble test sid = 2.313314
1-fold cross validation
Seed 0 ==> test sid = 2.313314
Overall test sid = 2.313314 +/- 0.000000
Fold 0
Model 0 best validation sid = inf on epoch 0
Model 0 test sid = 2.313343
Ensemble test sid = 2.313343
1-fold cross validation
Seed 0 ==> test sid = 2.313343
Overall test sid = 2.313343 +/- 0.000000
Fold 0
Model 0 best validation sid = inf on epoch 0
Model 0 test sid = 2.313320
Ensemble test sid = 2.313320
1-fold cross validation
Seed 0 ==> test sid = 2.313320
Overall test sid = 2.313320 +/- 0.000000
Fold 0
Model 0 best validation sid = inf on epoch 0
Model 0 test sid = 2.313329
Ensemble test sid = 2.313329
1-fold cross validation
Seed 0 ==> test sid = 2.313329
Overall test sid = 2.313329 +/- 0.000000
Fold 0
Model 0 best validation sid = inf on epoch 0
Model 0 test sid = 2.313293
Ensemble test sid = 2.313293
1-fold cross validation
Seed 0 ==> test sid = 2.313293
Overall test sid = 2.313293 +/- 0.000000
Fold 0
Model 0 best validation sid = inf on epoch 0
Model 0 test sid = 2.313311
Ensemble test sid = 2.313311
1-fold cross validation
Seed 0 ==> test sid = 2.313311
Overall test sid = 2.313311 +/- 0.000000
Fold 0
Model 0 best validation sid = 0.149810 on epoch 147
Model 0 test sid = 0.144396
Ensemble test sid = 0.144396
1-fold cross validation
Seed 0 ==> test sid = 0.144396
Overall test sid = 0.144396 +/- 0.000000
Fold 0
Model 0 best validation sid = 0.150061 on epoch 160
Model 0 test sid = 0.144047
Ensemble test sid = 0.144047
1-fold cross validation
Seed 0 ==> test sid = 0.144047
Overall test sid = 0.144047 +/- 0.000000
Fold 0
Model 0 best validation sid = 0.157367 on epoch 248
Model 0 test sid = 0.151797
Ensemble test sid = 0.151797
1-fold cross validation
Seed 0 ==> test sid = 0.151797
Overall test sid = 0.151797 +/- 0.000000
Fold 0
Model 0 best validation sid = 0.151385 on epoch 219
Model 0 test sid = 0.145665
Ensemble test sid = 0.145665
1-fold cross validation
Seed 0 ==> test sid = 0.145665
Overall test sid = 0.145665 +/- 0.000000
Fold 0
Model 0 best validation sid = 0.151254 on epoch 189
Model 0 test sid = 0.145368
Ensemble test sid = 0.145368
1-fold cross validation
Seed 0 ==> test sid = 0.145368
Overall test sid = 0.145368 +/- 0.000000
Fold 0
Model 0 best validation sid = 0.148483 on epoch 249
Model 0 test sid = 0.142214
Ensemble test sid = 0.142214
1-fold cross validation
Seed 0 ==> test sid = 0.142214
Overall test sid = 0.142214 +/- 0.000000
Fold 0
Model 0 best validation sid = 0.157387 on epoch 248
Model 0 test sid = 0.151462
Ensemble test sid = 0.151462
1-fold cross validation
Seed 0 ==> test sid = 0.151462
Overall test sid = 0.151462 +/- 0.000000
Fold 0
Model 0 best validation sid = 0.150350 on epoch 147
Model 0 test sid = 0.144680
Ensemble test sid = 0.144680
1-fold cross validation
Seed 0 ==> test sid = 0.144680
Overall test sid = 0.144680 +/- 0.000000
Fold 0
Model 0 best validation sid = 0.161756 on epoch 248
Model 0 test sid = 0.155418
Ensemble test sid = 0.155418
1-fold cross validation
Seed 0 ==> test sid = 0.155418
Overall test sid = 0.155418 +/- 0.000000
Fold 0
Model 0 best validation sid = 0.153453 on epoch 246
Model 0 test sid = 0.147506
Ensemble test sid = 0.147506
1-fold cross validation
Seed 0 ==> test sid = 0.147506
Overall test sid = 0.147506 +/- 0.000000
Fold 0
Model 0 best validation sid = 0.149388 on epoch 139
Model 0 test sid = 0.143377
Ensemble test sid = 0.143377
1-fold cross validation
Seed 0 ==> test sid = 0.143377
Overall test sid = 0.143377 +/- 0.000000
Fold 0
Model 0 best validation sid = 0.151138 on epoch 248
Model 0 test sid = 0.145482
Ensemble test sid = 0.145482
1-fold cross validation
Seed 0 ==> test sid = 0.145482
Overall test sid = 0.145482 +/- 0.000000
Fold 0
Model 0 best validation sid = 0.153672 on epoch 246
Model 0 test sid = 0.147592
Ensemble test sid = 0.147592
1-fold cross validation
Seed 0 ==> test sid = 0.147592
Overall test sid = 0.147592 +/- 0.000000
Fold 0
Model 0 best validation sid = 0.153773 on epoch 244
Model 0 test sid = 0.147956
Ensemble test sid = 0.147956
1-fold cross validation
Seed 0 ==> test sid = 0.147956
Overall test sid = 0.147956 +/- 0.000000
Fold 0
Model 0 best validation sid = 0.148665 on epoch 242
Model 0 test sid = 0.143306
Ensemble test sid = 0.143306
1-fold cross validation
Seed 0 ==> test sid = 0.143306
Overall test sid = 0.143306 +/- 0.000000
Fold 0
Model 0 best validation sid = 0.153223 on epoch 249
Model 0 test sid = 0.147163
Ensemble test sid = 0.147163
1-fold cross validation
Seed 0 ==> test sid = 0.147163
Overall test sid = 0.147163 +/- 0.000000
Fold 0
Model 0 best validation sid = 0.148825 on epoch 205
Model 0 test sid = 0.143323
Ensemble test sid = 0.143323
1-fold cross validation
Seed 0 ==> test sid = 0.143323
Overall test sid = 0.143323 +/- 0.000000
Fold 0
Model 0 best validation sid = 0.149580 on epoch 183
Model 0 test sid = 0.143402
Ensemble test sid = 0.143402
1-fold cross validation
Seed 0 ==> test sid = 0.143402
Overall test sid = 0.143402 +/- 0.000000
Fold 0
Model 0 best validation sid = 0.151891 on epoch 245
Model 0 test sid = 0.145966
Ensemble test sid = 0.145966
1-fold cross validation
Seed 0 ==> test sid = 0.145966
Overall test sid = 0.145966 +/- 0.000000
Fold 0
Model 0 best validation sid = 0.150128 on epoch 246
Model 0 test sid = 0.144178
Ensemble test sid = 0.144178
1-fold cross validation
Seed 0 ==> test sid = 0.144178
Overall test sid = 0.144178 +/- 0.000000
