Fold 0
{'activation': 'ReLU',
 'atom_messages': False,
 'batch_size': 50,
 'bias': False,
 'bias_ffn': True,
 'checkpoint_dir': None,
 'checkpoint_path': None,
 'checkpoint_paths': None,
 'config_path': './recommended_config.json',
 'convergence_margin': 100000000.0,
 'crossval_index_dir': None,
 'crossval_index_file': None,
 'cuda': True,
 'data_path': './data/research_data/train_full.csv',
 'dataset_type': 'spectra',
 'depth': 3,
 'device': 'cuda:0',
 'dropout': 0.05,
 'ensemble_size': 1,
 'epochs': 700,
 'features_generator': ['morgan'],
 'features_only': True,
 'features_path': None,
 'features_scaling': False,
 'ffn_hidden_size': 1801,
 'ffn_num_layers': 2,
 'final_lr': 5e-05,
 'folds_file': None,
 'frzn_mpn_checkpoint': None,
 'gpu': 0,
 'hidden_size': 300,
 'init_lr': 0.0001,
 'max_data_size': None,
 'max_lr': 8e-05,
 'metric': 'sid',
 'minimize_score': True,
 'multiclass_num_classes': 3,
 'no_cache': False,
 'normalization_end': 550,
 'normalization_start': 50,
 'num_folds': 1,
 'num_lrs': 1,
 'output_activation': 'exp',
 'qnn': True,
 'qnn_layer': 8,
 'quiet': False,
 'save_dir': './output/model/qh8_2048_layer1/fold_0',
 'save_smiles_splits': False,
 'seed': 0,
 'separate_test_features_path': None,
 'separate_test_path': './data/research_data/test_full.csv',
 'separate_val_features_path': None,
 'separate_val_path': './data/research_data/val_full.csv',
 'show_individual_scores': False,
 'sm_eps': 1e-08,
 'sm_thresh': 1e-08,
 'spectral_loss_function': 'sid',
 'spectral_mask_path': None,
 'split_sizes': [0.8, 0.1, 0.1],
 'split_type': 'random_with_repeated_smiles',
 'target_scaling': True,
 'test': False,
 'test_fold_index': None,
 'torch_seed': None,
 'undirected': False,
 'use_compound_names': False,
 'use_input_features': ['morgan'],
 'val_fold_index': None,
 'warmup_epochs': 2.0}
Loading data
Number of tasks = 1801
Splitting data with seed 0
Total size = 68,404 | train size = 68,404 | val size = 8,550 | test size = 8,551
Pre-normalizing training targets
Building model 0
MoleculeModel(
  (encoder): MPN(
    (encoder): MPNEncoder()
  )
  (ffn): Sequential(
    (0): <Quantum Torch Layer: func=qnode>
    (1): Linear(in_features=2048, out_features=1801, bias=True)
  )
)
Number of parameters = 3,690,337
Moving model to cuda
Epoch 0

Loss = 2.0072e+00, PNorm = 221.7534, GNorm = 0.0572, lr_0 = 8.9993e-05
Validation sid = 1.747034
Epoch 1

Loss = 1.5522e+00, PNorm = 374.2621, GNorm = 0.0519, lr_0 = 8.0000e-05
Validation sid = 1.383499
Epoch 2

Loss = 1.2547e+00, PNorm = 485.1553, GNorm = 0.0437, lr_0 = 7.9946e-05
Validation sid = 1.138191
Epoch 3

Loss = 1.0428e+00, PNorm = 577.5206, GNorm = 0.0367, lr_0 = 7.9892e-05
Validation sid = 0.955693
Epoch 4

Loss = 8.8326e-01, PNorm = 658.7253, GNorm = 0.0337, lr_0 = 7.9839e-05
Validation sid = 0.817492
Epoch 5

Loss = 7.6287e-01, PNorm = 732.1280, GNorm = 0.0238, lr_0 = 7.9785e-05
Validation sid = 0.713966
Epoch 6

Loss = 6.7367e-01, PNorm = 798.8061, GNorm = 0.0195, lr_0 = 7.9731e-05
Validation sid = 0.638220
Epoch 7

Loss = 6.0910e-01, PNorm = 859.2291, GNorm = 0.0146, lr_0 = 7.9677e-05
Validation sid = 0.583985
Epoch 8

Loss = 5.6315e-01, PNorm = 913.7232, GNorm = 0.0123, lr_0 = 7.9624e-05
Validation sid = 0.545623
Epoch 9

Loss = 5.3073e-01, PNorm = 962.5580, GNorm = 0.0081, lr_0 = 7.9570e-05
Validation sid = 0.518527
Epoch 10

Loss = 5.0760e-01, PNorm = 1006.2036, GNorm = 0.0103, lr_0 = 7.9517e-05
Validation sid = 0.498962
Epoch 11

Loss = 4.9055e-01, PNorm = 1045.1251, GNorm = 0.0070, lr_0 = 7.9463e-05
Validation sid = 0.484303
Epoch 12

Loss = 4.7746e-01, PNorm = 1080.0111, GNorm = 0.0071, lr_0 = 7.9410e-05
Validation sid = 0.472793
Epoch 13

Loss = 4.6691e-01, PNorm = 1111.3594, GNorm = 0.0051, lr_0 = 7.9356e-05
Validation sid = 0.463369
Epoch 14

Loss = 4.5813e-01, PNorm = 1139.6520, GNorm = 0.0078, lr_0 = 7.9303e-05
Validation sid = 0.455429
Epoch 15

Loss = 4.5062e-01, PNorm = 1165.2173, GNorm = 0.0053, lr_0 = 7.9249e-05
Validation sid = 0.448523
Epoch 16

Loss = 4.4401e-01, PNorm = 1188.3580, GNorm = 0.0049, lr_0 = 7.9196e-05
Validation sid = 0.442419
Epoch 17

Loss = 4.3808e-01, PNorm = 1209.4410, GNorm = 0.0072, lr_0 = 7.9143e-05
Validation sid = 0.436902
Epoch 18

Loss = 4.3269e-01, PNorm = 1228.7767, GNorm = 0.0053, lr_0 = 7.9089e-05
Validation sid = 0.431830
Epoch 19

Loss = 4.2770e-01, PNorm = 1246.6311, GNorm = 0.0045, lr_0 = 7.9036e-05
Validation sid = 0.427133
Epoch 20

Loss = 4.2303e-01, PNorm = 1263.3617, GNorm = 0.0047, lr_0 = 7.8983e-05
Validation sid = 0.422701
Epoch 21

Loss = 4.1863e-01, PNorm = 1279.1229, GNorm = 0.0065, lr_0 = 7.8930e-05
Validation sid = 0.418526
Epoch 22

Loss = 4.1444e-01, PNorm = 1294.0776, GNorm = 0.0037, lr_0 = 7.8877e-05
Validation sid = 0.414524
Epoch 23

Loss = 4.1044e-01, PNorm = 1308.4285, GNorm = 0.0068, lr_0 = 7.8824e-05
Validation sid = 0.410704
Epoch 24

Loss = 4.0660e-01, PNorm = 1322.3103, GNorm = 0.0074, lr_0 = 7.8771e-05
Validation sid = 0.407037
Epoch 25

Loss = 4.0292e-01, PNorm = 1335.7772, GNorm = 0.0050, lr_0 = 7.8718e-05
Validation sid = 0.403514
Epoch 26

Loss = 3.9936e-01, PNorm = 1348.9022, GNorm = 0.0054, lr_0 = 7.8665e-05
Validation sid = 0.400106
Epoch 27

Loss = 3.9591e-01, PNorm = 1361.7849, GNorm = 0.0065, lr_0 = 7.8612e-05
Validation sid = 0.396800
Epoch 28

Loss = 3.9258e-01, PNorm = 1374.4500, GNorm = 0.0040, lr_0 = 7.8559e-05
Validation sid = 0.393602
Epoch 29

Loss = 3.8935e-01, PNorm = 1386.9724, GNorm = 0.0041, lr_0 = 7.8506e-05
Validation sid = 0.390495
Epoch 30

Loss = 3.8620e-01, PNorm = 1399.3085, GNorm = 0.0048, lr_0 = 7.8453e-05
Validation sid = 0.387488
Epoch 31

Loss = 3.8315e-01, PNorm = 1411.5451, GNorm = 0.0070, lr_0 = 7.8400e-05
Validation sid = 0.384559
Epoch 32

Loss = 3.8019e-01, PNorm = 1423.7149, GNorm = 0.0064, lr_0 = 7.8347e-05
Validation sid = 0.381719
Epoch 33

Loss = 3.7731e-01, PNorm = 1435.7854, GNorm = 0.0066, lr_0 = 7.8295e-05
Validation sid = 0.378953
Epoch 34

Loss = 3.7449e-01, PNorm = 1447.7657, GNorm = 0.0036, lr_0 = 7.8242e-05
Validation sid = 0.376263
Epoch 35

Loss = 3.7177e-01, PNorm = 1459.7536, GNorm = 0.0045, lr_0 = 7.8189e-05
Validation sid = 0.373632
Epoch 36

Loss = 3.6910e-01, PNorm = 1471.6921, GNorm = 0.0056, lr_0 = 7.8137e-05
Validation sid = 0.371093
Epoch 37

Loss = 3.6652e-01, PNorm = 1483.5658, GNorm = 0.0048, lr_0 = 7.8084e-05
Validation sid = 0.368610
Epoch 38

Loss = 3.6399e-01, PNorm = 1495.4034, GNorm = 0.0054, lr_0 = 7.8031e-05
Validation sid = 0.366193
Epoch 39

Loss = 3.6154e-01, PNorm = 1507.2076, GNorm = 0.0054, lr_0 = 7.7979e-05
Validation sid = 0.363835
Epoch 40

Loss = 3.5913e-01, PNorm = 1519.0019, GNorm = 0.0058, lr_0 = 7.7926e-05
Validation sid = 0.361547
Epoch 41

Loss = 3.5681e-01, PNorm = 1530.7801, GNorm = 0.0062, lr_0 = 7.7874e-05
Validation sid = 0.359309
Epoch 42

Loss = 3.5454e-01, PNorm = 1542.4884, GNorm = 0.0036, lr_0 = 7.7822e-05
Validation sid = 0.357132
Epoch 43

Loss = 3.5233e-01, PNorm = 1554.2345, GNorm = 0.0069, lr_0 = 7.7769e-05
Validation sid = 0.355010
Epoch 44

Loss = 3.5016e-01, PNorm = 1565.8971, GNorm = 0.0042, lr_0 = 7.7717e-05
Validation sid = 0.352938
Epoch 45

Loss = 3.4805e-01, PNorm = 1577.6234, GNorm = 0.0048, lr_0 = 7.7665e-05
Validation sid = 0.350919
Epoch 46

Loss = 3.4600e-01, PNorm = 1589.2663, GNorm = 0.0042, lr_0 = 7.7612e-05
Validation sid = 0.348959
Epoch 47

Loss = 3.4399e-01, PNorm = 1600.9070, GNorm = 0.0037, lr_0 = 7.7560e-05
Validation sid = 0.347041
Epoch 48

Loss = 3.4204e-01, PNorm = 1612.5016, GNorm = 0.0052, lr_0 = 7.7508e-05
Validation sid = 0.345172
Epoch 49

Loss = 3.4014e-01, PNorm = 1624.1019, GNorm = 0.0049, lr_0 = 7.7456e-05
Validation sid = 0.343347
Epoch 50

Loss = 3.3826e-01, PNorm = 1635.6631, GNorm = 0.0058, lr_0 = 7.7403e-05
Validation sid = 0.341563
Epoch 51

Loss = 3.3645e-01, PNorm = 1647.2104, GNorm = 0.0041, lr_0 = 7.7351e-05
Validation sid = 0.339827
Epoch 52

Loss = 3.3468e-01, PNorm = 1658.7404, GNorm = 0.0052, lr_0 = 7.7299e-05
Validation sid = 0.338127
Epoch 53

Loss = 3.3294e-01, PNorm = 1670.2402, GNorm = 0.0051, lr_0 = 7.7247e-05
Validation sid = 0.336476
Epoch 54

Loss = 3.3125e-01, PNorm = 1681.6663, GNorm = 0.0050, lr_0 = 7.7195e-05
Validation sid = 0.334863
Epoch 55

Loss = 3.2961e-01, PNorm = 1693.0718, GNorm = 0.0061, lr_0 = 7.7143e-05
Validation sid = 0.333282
Epoch 56

Loss = 3.2800e-01, PNorm = 1704.4621, GNorm = 0.0039, lr_0 = 7.7091e-05
Validation sid = 0.331739
Epoch 57

Loss = 3.2642e-01, PNorm = 1715.8051, GNorm = 0.0029, lr_0 = 7.7039e-05
Validation sid = 0.330241
Epoch 58

Loss = 3.2488e-01, PNorm = 1727.1195, GNorm = 0.0046, lr_0 = 7.6988e-05
Validation sid = 0.328774
Epoch 59

Loss = 3.2337e-01, PNorm = 1738.4236, GNorm = 0.0057, lr_0 = 7.6936e-05
Validation sid = 0.327330
Epoch 60

Loss = 3.2191e-01, PNorm = 1749.6441, GNorm = 0.0054, lr_0 = 7.6884e-05
Validation sid = 0.325935
Epoch 61

Loss = 3.2048e-01, PNorm = 1760.8637, GNorm = 0.0041, lr_0 = 7.6832e-05
Validation sid = 0.324561
Epoch 62

Loss = 3.1905e-01, PNorm = 1772.0629, GNorm = 0.0061, lr_0 = 7.6781e-05
Validation sid = 0.323218
Epoch 63

Loss = 3.1769e-01, PNorm = 1783.1820, GNorm = 0.0047, lr_0 = 7.6729e-05
Validation sid = 0.321911
Epoch 64

Loss = 3.1635e-01, PNorm = 1794.2649, GNorm = 0.0051, lr_0 = 7.6677e-05
Validation sid = 0.320632
Epoch 65

Loss = 3.1504e-01, PNorm = 1805.3326, GNorm = 0.0063, lr_0 = 7.6626e-05
Validation sid = 0.319379
Epoch 66

Loss = 3.1375e-01, PNorm = 1816.3329, GNorm = 0.0036, lr_0 = 7.6574e-05
Validation sid = 0.318152
Epoch 67

Loss = 3.1250e-01, PNorm = 1827.3174, GNorm = 0.0059, lr_0 = 7.6522e-05
Validation sid = 0.316954
Epoch 68

Loss = 3.1127e-01, PNorm = 1838.2751, GNorm = 0.0051, lr_0 = 7.6471e-05
Validation sid = 0.315781
Epoch 69

Loss = 3.1006e-01, PNorm = 1849.1505, GNorm = 0.0039, lr_0 = 7.6419e-05
Validation sid = 0.314633
Epoch 70

Loss = 3.0887e-01, PNorm = 1860.0109, GNorm = 0.0039, lr_0 = 7.6368e-05
Validation sid = 0.313507
Epoch 71

Loss = 3.0772e-01, PNorm = 1870.8214, GNorm = 0.0033, lr_0 = 7.6317e-05
Validation sid = 0.312404
Epoch 72

Loss = 3.0659e-01, PNorm = 1881.6024, GNorm = 0.0033, lr_0 = 7.6265e-05
Validation sid = 0.311325
Epoch 73

Loss = 3.0547e-01, PNorm = 1892.3498, GNorm = 0.0057, lr_0 = 7.6214e-05
Validation sid = 0.310274
Epoch 74

Loss = 3.0440e-01, PNorm = 1903.0257, GNorm = 0.0044, lr_0 = 7.6163e-05
Validation sid = 0.309238
Epoch 75

Loss = 3.0333e-01, PNorm = 1913.6874, GNorm = 0.0034, lr_0 = 7.6111e-05
Validation sid = 0.308224
Epoch 76

Loss = 3.0229e-01, PNorm = 1924.2927, GNorm = 0.0061, lr_0 = 7.6060e-05
Validation sid = 0.307230
Epoch 77

Loss = 3.0124e-01, PNorm = 1934.8721, GNorm = 0.0040, lr_0 = 7.6009e-05
Validation sid = 0.306254
Epoch 78

Loss = 3.0026e-01, PNorm = 1945.3648, GNorm = 0.0044, lr_0 = 7.5958e-05
Validation sid = 0.305301
Epoch 79

Loss = 2.9927e-01, PNorm = 1955.8332, GNorm = 0.0054, lr_0 = 7.5907e-05
Validation sid = 0.304364
Epoch 80

Loss = 2.9830e-01, PNorm = 1966.2509, GNorm = 0.0027, lr_0 = 7.5856e-05
Validation sid = 0.303448
Epoch 81

Loss = 2.9736e-01, PNorm = 1976.6530, GNorm = 0.0051, lr_0 = 7.5804e-05
Validation sid = 0.302543
Epoch 82

Loss = 2.9643e-01, PNorm = 1986.9569, GNorm = 0.0043, lr_0 = 7.5753e-05
Validation sid = 0.301666
Epoch 83

Loss = 2.9551e-01, PNorm = 1997.2721, GNorm = 0.0044, lr_0 = 7.5702e-05
Validation sid = 0.300796
Epoch 84

Loss = 2.9462e-01, PNorm = 2007.5273, GNorm = 0.0041, lr_0 = 7.5652e-05
Validation sid = 0.299948
Epoch 85

Loss = 2.9374e-01, PNorm = 2017.7619, GNorm = 0.0044, lr_0 = 7.5601e-05
Validation sid = 0.299111
Epoch 86

Loss = 2.9287e-01, PNorm = 2027.9297, GNorm = 0.0044, lr_0 = 7.5550e-05
Validation sid = 0.298292
Epoch 87

Loss = 2.9202e-01, PNorm = 2038.0638, GNorm = 0.0054, lr_0 = 7.5499e-05
Validation sid = 0.297480
Epoch 88

Loss = 2.9118e-01, PNorm = 2048.1632, GNorm = 0.0049, lr_0 = 7.5448e-05
Validation sid = 0.296690
Epoch 89

Loss = 2.9036e-01, PNorm = 2058.1862, GNorm = 0.0056, lr_0 = 7.5397e-05
Validation sid = 0.295916
Epoch 90

Loss = 2.8955e-01, PNorm = 2068.1934, GNorm = 0.0055, lr_0 = 7.5346e-05
Validation sid = 0.295152
Epoch 91

Loss = 2.8876e-01, PNorm = 2078.1466, GNorm = 0.0043, lr_0 = 7.5296e-05
Validation sid = 0.294404
Epoch 92

Loss = 2.8798e-01, PNorm = 2088.0763, GNorm = 0.0050, lr_0 = 7.5245e-05
Validation sid = 0.293665
Epoch 93

Loss = 2.8721e-01, PNorm = 2097.9508, GNorm = 0.0058, lr_0 = 7.5194e-05
Validation sid = 0.292946
Epoch 94

Loss = 2.8646e-01, PNorm = 2107.7811, GNorm = 0.0057, lr_0 = 7.5144e-05
Validation sid = 0.292232
Epoch 95

Loss = 2.8572e-01, PNorm = 2117.5744, GNorm = 0.0074, lr_0 = 7.5093e-05
Validation sid = 0.291531
Epoch 96

Loss = 2.8499e-01, PNorm = 2127.3538, GNorm = 0.0048, lr_0 = 7.5043e-05
Validation sid = 0.290840
Epoch 97

Loss = 2.8427e-01, PNorm = 2137.0486, GNorm = 0.0043, lr_0 = 7.4992e-05
Validation sid = 0.290169
Epoch 98

Loss = 2.8357e-01, PNorm = 2146.7060, GNorm = 0.0070, lr_0 = 7.4942e-05
Validation sid = 0.289505
Epoch 99

Loss = 2.8288e-01, PNorm = 2156.3334, GNorm = 0.0040, lr_0 = 7.4891e-05
Validation sid = 0.288849
Epoch 100

Loss = 2.8217e-01, PNorm = 2165.9250, GNorm = 0.0051, lr_0 = 7.4841e-05
Validation sid = 0.288203
Epoch 101

Loss = 2.8151e-01, PNorm = 2175.4551, GNorm = 0.0035, lr_0 = 7.4790e-05
Validation sid = 0.287572
Epoch 102

Loss = 2.8085e-01, PNorm = 2184.9683, GNorm = 0.0053, lr_0 = 7.4740e-05
Validation sid = 0.286951
Epoch 103

Loss = 2.8018e-01, PNorm = 2194.4467, GNorm = 0.0049, lr_0 = 7.4690e-05
Validation sid = 0.286337
Epoch 104

Loss = 2.7955e-01, PNorm = 2203.8604, GNorm = 0.0046, lr_0 = 7.4640e-05
Validation sid = 0.285740
Epoch 105

Loss = 2.7893e-01, PNorm = 2213.2210, GNorm = 0.0056, lr_0 = 7.4589e-05
Validation sid = 0.285143
Epoch 106

Loss = 2.7830e-01, PNorm = 2222.6077, GNorm = 0.0070, lr_0 = 7.4539e-05
Validation sid = 0.284563
Epoch 107

Loss = 2.7769e-01, PNorm = 2231.8750, GNorm = 0.0039, lr_0 = 7.4489e-05
Validation sid = 0.283987
Epoch 108

Loss = 2.7708e-01, PNorm = 2241.1208, GNorm = 0.0055, lr_0 = 7.4439e-05
Validation sid = 0.283422
Epoch 109

Loss = 2.7649e-01, PNorm = 2250.3562, GNorm = 0.0040, lr_0 = 7.4389e-05
Validation sid = 0.282867
Epoch 110

Loss = 2.7590e-01, PNorm = 2259.5467, GNorm = 0.0055, lr_0 = 7.4339e-05
Validation sid = 0.282324
Epoch 111

Loss = 2.7531e-01, PNorm = 2268.6692, GNorm = 0.0050, lr_0 = 7.4289e-05
Validation sid = 0.281782
Epoch 112

Loss = 2.7475e-01, PNorm = 2277.7667, GNorm = 0.0034, lr_0 = 7.4239e-05
Validation sid = 0.281250
Epoch 113

Loss = 2.7418e-01, PNorm = 2286.8550, GNorm = 0.0063, lr_0 = 7.4189e-05
Validation sid = 0.280726
Epoch 114

Loss = 2.7364e-01, PNorm = 2295.8584, GNorm = 0.0037, lr_0 = 7.4139e-05
Validation sid = 0.280211
Epoch 115

Loss = 2.7309e-01, PNorm = 2304.8591, GNorm = 0.0052, lr_0 = 7.4089e-05
Validation sid = 0.279703
Epoch 116

Loss = 2.7255e-01, PNorm = 2313.7888, GNorm = 0.0043, lr_0 = 7.4039e-05
Validation sid = 0.279207
Epoch 117

Loss = 2.7202e-01, PNorm = 2322.7332, GNorm = 0.0038, lr_0 = 7.3989e-05
Validation sid = 0.278712
Epoch 118

Loss = 2.7150e-01, PNorm = 2331.5718, GNorm = 0.0040, lr_0 = 7.3939e-05
Validation sid = 0.278225
Epoch 119

Loss = 2.7098e-01, PNorm = 2340.4396, GNorm = 0.0043, lr_0 = 7.3889e-05
Validation sid = 0.277752
Epoch 120

Loss = 2.7047e-01, PNorm = 2349.2349, GNorm = 0.0050, lr_0 = 7.3840e-05
Validation sid = 0.277281
Epoch 121

Loss = 2.6997e-01, PNorm = 2358.0037, GNorm = 0.0033, lr_0 = 7.3790e-05
Validation sid = 0.276814
Epoch 122

Loss = 2.6948e-01, PNorm = 2366.7290, GNorm = 0.0035, lr_0 = 7.3740e-05
Validation sid = 0.276357
Epoch 123

Loss = 2.6898e-01, PNorm = 2375.4025, GNorm = 0.0040, lr_0 = 7.3691e-05
Validation sid = 0.275907
Epoch 124

Loss = 2.6850e-01, PNorm = 2384.0692, GNorm = 0.0048, lr_0 = 7.3641e-05
Validation sid = 0.275461
Epoch 125

Loss = 2.6803e-01, PNorm = 2392.6851, GNorm = 0.0055, lr_0 = 7.3592e-05
Validation sid = 0.275024
Epoch 126

Loss = 2.6756e-01, PNorm = 2401.2594, GNorm = 0.0052, lr_0 = 7.3542e-05
Validation sid = 0.274589
Epoch 127

Loss = 2.6709e-01, PNorm = 2409.8120, GNorm = 0.0044, lr_0 = 7.3492e-05
Validation sid = 0.274163
Epoch 128

Loss = 2.6663e-01, PNorm = 2418.3101, GNorm = 0.0045, lr_0 = 7.3443e-05
Validation sid = 0.273744
Epoch 129

Loss = 2.6618e-01, PNorm = 2426.7708, GNorm = 0.0038, lr_0 = 7.3394e-05
Validation sid = 0.273331
Epoch 130

Loss = 2.6574e-01, PNorm = 2435.2219, GNorm = 0.0062, lr_0 = 7.3344e-05
Validation sid = 0.272922
Epoch 131

Loss = 2.6529e-01, PNorm = 2443.6324, GNorm = 0.0040, lr_0 = 7.3295e-05
Validation sid = 0.272517
Epoch 132

Loss = 2.6487e-01, PNorm = 2451.9984, GNorm = 0.0045, lr_0 = 7.3245e-05
Validation sid = 0.272121
Epoch 133

Loss = 2.6444e-01, PNorm = 2460.3218, GNorm = 0.0060, lr_0 = 7.3196e-05
Validation sid = 0.271730
Epoch 134

Loss = 2.6401e-01, PNorm = 2468.5949, GNorm = 0.0041, lr_0 = 7.3147e-05
Validation sid = 0.271343
Epoch 135

Loss = 2.6358e-01, PNorm = 2476.8869, GNorm = 0.0029, lr_0 = 7.3098e-05
Validation sid = 0.270960
Epoch 136

Loss = 2.6318e-01, PNorm = 2485.0892, GNorm = 0.0052, lr_0 = 7.3048e-05
Validation sid = 0.270582
Epoch 137

Loss = 2.6277e-01, PNorm = 2493.2962, GNorm = 0.0046, lr_0 = 7.2999e-05
Validation sid = 0.270211
Epoch 138

Loss = 2.6237e-01, PNorm = 2501.4613, GNorm = 0.0036, lr_0 = 7.2950e-05
Validation sid = 0.269845
Epoch 139

Loss = 2.6196e-01, PNorm = 2509.6001, GNorm = 0.0048, lr_0 = 7.2901e-05
Validation sid = 0.269484
Epoch 140

Loss = 2.6158e-01, PNorm = 2517.6789, GNorm = 0.0054, lr_0 = 7.2852e-05
Validation sid = 0.269124
Epoch 141

Loss = 2.6118e-01, PNorm = 2525.7298, GNorm = 0.0046, lr_0 = 7.2803e-05
Validation sid = 0.268770
Epoch 142

Loss = 2.6080e-01, PNorm = 2533.7609, GNorm = 0.0040, lr_0 = 7.2754e-05
Validation sid = 0.268421
Epoch 143

Loss = 2.6042e-01, PNorm = 2541.7332, GNorm = 0.0044, lr_0 = 7.2705e-05
Validation sid = 0.268074
Epoch 144

Loss = 2.6004e-01, PNorm = 2549.6818, GNorm = 0.0049, lr_0 = 7.2656e-05
Validation sid = 0.267735
Epoch 145

Loss = 2.5967e-01, PNorm = 2557.6337, GNorm = 0.0041, lr_0 = 7.2607e-05
Validation sid = 0.267399
Epoch 146

Loss = 2.5930e-01, PNorm = 2565.5433, GNorm = 0.0047, lr_0 = 7.2558e-05
Validation sid = 0.267069
Epoch 147

Loss = 2.5894e-01, PNorm = 2573.3860, GNorm = 0.0037, lr_0 = 7.2509e-05
Validation sid = 0.266739
Epoch 148

Loss = 2.5857e-01, PNorm = 2581.2031, GNorm = 0.0047, lr_0 = 7.2461e-05
Validation sid = 0.266414
Epoch 149

Loss = 2.5822e-01, PNorm = 2589.0086, GNorm = 0.0054, lr_0 = 7.2412e-05
Validation sid = 0.266096
Epoch 150

Loss = 2.5787e-01, PNorm = 2596.8018, GNorm = 0.0043, lr_0 = 7.2363e-05
Validation sid = 0.265781
Epoch 151

Loss = 2.5752e-01, PNorm = 2604.5237, GNorm = 0.0041, lr_0 = 7.2314e-05
Validation sid = 0.265469
Epoch 152

Loss = 2.5716e-01, PNorm = 2612.2281, GNorm = 0.0035, lr_0 = 7.2266e-05
Validation sid = 0.265160
Epoch 153

Loss = 2.5684e-01, PNorm = 2619.9357, GNorm = 0.0037, lr_0 = 7.2217e-05
Validation sid = 0.264860
Epoch 154

Loss = 2.5650e-01, PNorm = 2627.5607, GNorm = 0.0042, lr_0 = 7.2168e-05
Validation sid = 0.264558
Epoch 155

Loss = 2.5618e-01, PNorm = 2635.1623, GNorm = 0.0044, lr_0 = 7.2120e-05
Validation sid = 0.264261
Epoch 156

Loss = 2.5584e-01, PNorm = 2642.7562, GNorm = 0.0037, lr_0 = 7.2071e-05
Validation sid = 0.263968
Epoch 157

Loss = 2.5552e-01, PNorm = 2650.2973, GNorm = 0.0059, lr_0 = 7.2023e-05
Validation sid = 0.263677
Epoch 158

Loss = 2.5520e-01, PNorm = 2657.8361, GNorm = 0.0071, lr_0 = 7.1974e-05
Validation sid = 0.263388
Epoch 159

Loss = 2.5488e-01, PNorm = 2665.3122, GNorm = 0.0041, lr_0 = 7.1926e-05
Validation sid = 0.263105
Epoch 160

Loss = 2.5456e-01, PNorm = 2672.7765, GNorm = 0.0046, lr_0 = 7.1877e-05
Validation sid = 0.262826
Epoch 161

Loss = 2.5426e-01, PNorm = 2680.2137, GNorm = 0.0050, lr_0 = 7.1829e-05
Validation sid = 0.262551
Epoch 162

Loss = 2.5395e-01, PNorm = 2687.6169, GNorm = 0.0054, lr_0 = 7.1781e-05
Validation sid = 0.262276
Epoch 163

Loss = 2.5365e-01, PNorm = 2694.9894, GNorm = 0.0038, lr_0 = 7.1732e-05
Validation sid = 0.262005
Epoch 164

Loss = 2.5334e-01, PNorm = 2702.3527, GNorm = 0.0042, lr_0 = 7.1684e-05
Validation sid = 0.261735
Epoch 165

Loss = 2.5304e-01, PNorm = 2709.6803, GNorm = 0.0045, lr_0 = 7.1636e-05
Validation sid = 0.261473
Epoch 166

Loss = 2.5275e-01, PNorm = 2716.9703, GNorm = 0.0049, lr_0 = 7.1588e-05
Validation sid = 0.261208
Epoch 167

Loss = 2.5245e-01, PNorm = 2724.2149, GNorm = 0.0047, lr_0 = 7.1539e-05
Validation sid = 0.260950
Epoch 168

Loss = 2.5215e-01, PNorm = 2731.4542, GNorm = 0.0055, lr_0 = 7.1491e-05
Validation sid = 0.260694
Epoch 169

Loss = 2.5188e-01, PNorm = 2738.6556, GNorm = 0.0049, lr_0 = 7.1443e-05
Validation sid = 0.260440
Epoch 170

Loss = 2.5160e-01, PNorm = 2745.8327, GNorm = 0.0070, lr_0 = 7.1395e-05
Validation sid = 0.260192
Epoch 171

Loss = 2.5132e-01, PNorm = 2753.0000, GNorm = 0.0057, lr_0 = 7.1347e-05
Validation sid = 0.259945
Epoch 172

Loss = 2.5102e-01, PNorm = 2760.1118, GNorm = 0.0061, lr_0 = 7.1299e-05
Validation sid = 0.259698
Epoch 173

Loss = 2.5076e-01, PNorm = 2767.2144, GNorm = 0.0042, lr_0 = 7.1251e-05
Validation sid = 0.259455
Epoch 174

Loss = 2.5047e-01, PNorm = 2774.3080, GNorm = 0.0050, lr_0 = 7.1203e-05
Validation sid = 0.259216
Epoch 175

Loss = 2.5022e-01, PNorm = 2781.3494, GNorm = 0.0044, lr_0 = 7.1155e-05
Validation sid = 0.258978
Epoch 176

Loss = 2.4995e-01, PNorm = 2788.3422, GNorm = 0.0064, lr_0 = 7.1107e-05
Validation sid = 0.258746
Epoch 177

Loss = 2.4968e-01, PNorm = 2795.3325, GNorm = 0.0039, lr_0 = 7.1059e-05
Validation sid = 0.258513
Epoch 178

Loss = 2.4942e-01, PNorm = 2802.2983, GNorm = 0.0039, lr_0 = 7.1012e-05
Validation sid = 0.258286
Epoch 179

Loss = 2.4915e-01, PNorm = 2809.2435, GNorm = 0.0067, lr_0 = 7.0964e-05
Validation sid = 0.258058
Epoch 180

Loss = 2.4891e-01, PNorm = 2816.1315, GNorm = 0.0063, lr_0 = 7.0916e-05
Validation sid = 0.257833
Epoch 181

Loss = 2.4865e-01, PNorm = 2823.0160, GNorm = 0.0040, lr_0 = 7.0868e-05
Validation sid = 0.257612
Epoch 182

Loss = 2.4839e-01, PNorm = 2829.8708, GNorm = 0.0032, lr_0 = 7.0820e-05
Validation sid = 0.257393
Epoch 183

Loss = 2.4815e-01, PNorm = 2836.7019, GNorm = 0.0051, lr_0 = 7.0773e-05
Validation sid = 0.257174
Epoch 184

Loss = 2.4790e-01, PNorm = 2843.5183, GNorm = 0.0037, lr_0 = 7.0725e-05
Validation sid = 0.256959
Epoch 185

Loss = 2.4766e-01, PNorm = 2850.3127, GNorm = 0.0052, lr_0 = 7.0678e-05
Validation sid = 0.256742
Epoch 186

Loss = 2.4741e-01, PNorm = 2857.0737, GNorm = 0.0045, lr_0 = 7.0630e-05
Validation sid = 0.256535
Epoch 187

Loss = 2.4716e-01, PNorm = 2863.8168, GNorm = 0.0045, lr_0 = 7.0582e-05
Validation sid = 0.256326
Epoch 188

Loss = 2.4694e-01, PNorm = 2870.5038, GNorm = 0.0038, lr_0 = 7.0535e-05
Validation sid = 0.256119
Epoch 189

Loss = 2.4670e-01, PNorm = 2877.1847, GNorm = 0.0052, lr_0 = 7.0487e-05
Validation sid = 0.255917
Epoch 190

Loss = 2.4646e-01, PNorm = 2883.8779, GNorm = 0.0037, lr_0 = 7.0440e-05
Validation sid = 0.255714
Epoch 191

Loss = 2.4623e-01, PNorm = 2890.4726, GNorm = 0.0041, lr_0 = 7.0393e-05
Validation sid = 0.255512
Epoch 192

Loss = 2.4600e-01, PNorm = 2897.0916, GNorm = 0.0047, lr_0 = 7.0345e-05
Validation sid = 0.255313
Epoch 193

Loss = 2.4577e-01, PNorm = 2903.6727, GNorm = 0.0046, lr_0 = 7.0298e-05
Validation sid = 0.255115
Epoch 194

Loss = 2.4554e-01, PNorm = 2910.2406, GNorm = 0.0033, lr_0 = 7.0251e-05
Validation sid = 0.254921
Epoch 195

Loss = 2.4532e-01, PNorm = 2916.7529, GNorm = 0.0044, lr_0 = 7.0203e-05
Validation sid = 0.254728
Epoch 196

Loss = 2.4510e-01, PNorm = 2923.2827, GNorm = 0.0050, lr_0 = 7.0156e-05
Validation sid = 0.254541
Epoch 197

Loss = 2.4488e-01, PNorm = 2929.7743, GNorm = 0.0050, lr_0 = 7.0109e-05
Validation sid = 0.254353
Epoch 198

Loss = 2.4466e-01, PNorm = 2936.2393, GNorm = 0.0044, lr_0 = 7.0062e-05
Validation sid = 0.254167
Epoch 199

Loss = 2.4445e-01, PNorm = 2942.6734, GNorm = 0.0047, lr_0 = 7.0014e-05
Validation sid = 0.253980
Epoch 200

Loss = 2.4424e-01, PNorm = 2949.0906, GNorm = 0.0049, lr_0 = 6.9967e-05
Validation sid = 0.253796
Epoch 201

Loss = 2.4401e-01, PNorm = 2955.4788, GNorm = 0.0052, lr_0 = 6.9920e-05
Validation sid = 0.253614
Epoch 202

Loss = 2.4381e-01, PNorm = 2961.8659, GNorm = 0.0064, lr_0 = 6.9873e-05
Validation sid = 0.253435
Epoch 203

Loss = 2.4360e-01, PNorm = 2968.2069, GNorm = 0.0046, lr_0 = 6.9826e-05
Validation sid = 0.253259
Epoch 204

Loss = 2.4339e-01, PNorm = 2974.5464, GNorm = 0.0054, lr_0 = 6.9779e-05
Validation sid = 0.253083
Epoch 205

Loss = 2.4319e-01, PNorm = 2980.8261, GNorm = 0.0040, lr_0 = 6.9732e-05
Validation sid = 0.252907
Epoch 206

Loss = 2.4299e-01, PNorm = 2987.1109, GNorm = 0.0045, lr_0 = 6.9685e-05
Validation sid = 0.252736
Epoch 207

Loss = 2.4279e-01, PNorm = 2993.3498, GNorm = 0.0070, lr_0 = 6.9638e-05
Validation sid = 0.252563
Epoch 208

Loss = 2.4257e-01, PNorm = 2999.5978, GNorm = 0.0040, lr_0 = 6.9591e-05
Validation sid = 0.252394
Epoch 209

Loss = 2.4239e-01, PNorm = 3005.8050, GNorm = 0.0052, lr_0 = 6.9545e-05
Validation sid = 0.252228
Epoch 210

Loss = 2.4220e-01, PNorm = 3011.9863, GNorm = 0.0059, lr_0 = 6.9498e-05
Validation sid = 0.252061
Epoch 211

Loss = 2.4199e-01, PNorm = 3018.1782, GNorm = 0.0038, lr_0 = 6.9451e-05
Validation sid = 0.251898
Epoch 212

Loss = 2.4181e-01, PNorm = 3024.3317, GNorm = 0.0039, lr_0 = 6.9404e-05
Validation sid = 0.251734
Epoch 213

Loss = 2.4162e-01, PNorm = 3030.4516, GNorm = 0.0039, lr_0 = 6.9358e-05
Validation sid = 0.251571
Epoch 214

Loss = 2.4143e-01, PNorm = 3036.5529, GNorm = 0.0036, lr_0 = 6.9311e-05
Validation sid = 0.251412
Epoch 215

Loss = 2.4124e-01, PNorm = 3042.6212, GNorm = 0.0050, lr_0 = 6.9264e-05
Validation sid = 0.251255
Epoch 216

Loss = 2.4105e-01, PNorm = 3048.7189, GNorm = 0.0034, lr_0 = 6.9218e-05
Validation sid = 0.251098
Epoch 217

Loss = 2.4087e-01, PNorm = 3054.7484, GNorm = 0.0080, lr_0 = 6.9171e-05
Validation sid = 0.250945
Epoch 218

Loss = 2.4067e-01, PNorm = 3060.7757, GNorm = 0.0053, lr_0 = 6.9124e-05
Validation sid = 0.250791
Epoch 219

Loss = 2.4050e-01, PNorm = 3066.7630, GNorm = 0.0033, lr_0 = 6.9078e-05
Validation sid = 0.250637
Epoch 220

Loss = 2.4031e-01, PNorm = 3072.7345, GNorm = 0.0060, lr_0 = 6.9031e-05
Validation sid = 0.250487
Epoch 221

Loss = 2.4014e-01, PNorm = 3078.6791, GNorm = 0.0056, lr_0 = 6.8985e-05
Validation sid = 0.250338
Epoch 222

Loss = 2.3996e-01, PNorm = 3084.6081, GNorm = 0.0067, lr_0 = 6.8938e-05
Validation sid = 0.250191
Epoch 223

Loss = 2.3977e-01, PNorm = 3090.5605, GNorm = 0.0044, lr_0 = 6.8892e-05
Validation sid = 0.250045
Epoch 224

Loss = 2.3961e-01, PNorm = 3096.4471, GNorm = 0.0057, lr_0 = 6.8846e-05
Validation sid = 0.249898
Epoch 225

Loss = 2.3945e-01, PNorm = 3102.3270, GNorm = 0.0060, lr_0 = 6.8799e-05
Validation sid = 0.249757
Epoch 226

Loss = 2.3927e-01, PNorm = 3108.1813, GNorm = 0.0062, lr_0 = 6.8753e-05
Validation sid = 0.249614
Epoch 227

Loss = 2.3910e-01, PNorm = 3114.0203, GNorm = 0.0040, lr_0 = 6.8707e-05
Validation sid = 0.249469
Epoch 228

Loss = 2.3893e-01, PNorm = 3119.8387, GNorm = 0.0041, lr_0 = 6.8660e-05
Validation sid = 0.249333
Epoch 229

Loss = 2.3876e-01, PNorm = 3125.6278, GNorm = 0.0045, lr_0 = 6.8614e-05
Validation sid = 0.249193
Epoch 230

Loss = 2.3858e-01, PNorm = 3131.4055, GNorm = 0.0053, lr_0 = 6.8568e-05
Validation sid = 0.249053
Epoch 231

Loss = 2.3842e-01, PNorm = 3137.1788, GNorm = 0.0031, lr_0 = 6.8522e-05
Validation sid = 0.248915
Epoch 232

Loss = 2.3826e-01, PNorm = 3142.9238, GNorm = 0.0049, lr_0 = 6.8476e-05
Validation sid = 0.248782
Epoch 233

Loss = 2.3811e-01, PNorm = 3148.6482, GNorm = 0.0066, lr_0 = 6.8430e-05
Validation sid = 0.248650
Epoch 234

Loss = 2.3795e-01, PNorm = 3154.3258, GNorm = 0.0046, lr_0 = 6.8384e-05
Validation sid = 0.248520
Epoch 235

Loss = 2.3778e-01, PNorm = 3160.0066, GNorm = 0.0051, lr_0 = 6.8338e-05
Validation sid = 0.248387
Epoch 236

Loss = 2.3762e-01, PNorm = 3165.6793, GNorm = 0.0046, lr_0 = 6.8292e-05
Validation sid = 0.248257
Epoch 237

Loss = 2.3746e-01, PNorm = 3171.3166, GNorm = 0.0048, lr_0 = 6.8246e-05
Validation sid = 0.248128
Epoch 238

Loss = 2.3731e-01, PNorm = 3176.9508, GNorm = 0.0044, lr_0 = 6.8200e-05
Validation sid = 0.248000
Epoch 239

Loss = 2.3716e-01, PNorm = 3182.5468, GNorm = 0.0046, lr_0 = 6.8154e-05
Validation sid = 0.247875
Epoch 240

Loss = 2.3700e-01, PNorm = 3188.1466, GNorm = 0.0034, lr_0 = 6.8108e-05
Validation sid = 0.247746
Epoch 241

Loss = 2.3684e-01, PNorm = 3193.7024, GNorm = 0.0049, lr_0 = 6.8062e-05
Validation sid = 0.247622
Epoch 242

Loss = 2.3670e-01, PNorm = 3199.2546, GNorm = 0.0042, lr_0 = 6.8016e-05
Validation sid = 0.247499
Epoch 243

Loss = 2.3655e-01, PNorm = 3204.7836, GNorm = 0.0045, lr_0 = 6.7970e-05
Validation sid = 0.247377
Epoch 244

Loss = 2.3640e-01, PNorm = 3210.3109, GNorm = 0.0074, lr_0 = 6.7925e-05
Validation sid = 0.247252
Epoch 245

Loss = 2.3625e-01, PNorm = 3215.8054, GNorm = 0.0046, lr_0 = 6.7879e-05
Validation sid = 0.247132
Epoch 246

Loss = 2.3610e-01, PNorm = 3221.2900, GNorm = 0.0043, lr_0 = 6.7833e-05
Validation sid = 0.247014
Epoch 247

Loss = 2.3595e-01, PNorm = 3226.7509, GNorm = 0.0043, lr_0 = 6.7788e-05
Validation sid = 0.246897
Epoch 248

Loss = 2.3581e-01, PNorm = 3232.2174, GNorm = 0.0055, lr_0 = 6.7742e-05
Validation sid = 0.246782
Epoch 249

Loss = 2.3567e-01, PNorm = 3237.6282, GNorm = 0.0049, lr_0 = 6.7696e-05
Validation sid = 0.246663
Epoch 250

Loss = 2.3553e-01, PNorm = 3243.0236, GNorm = 0.0062, lr_0 = 6.7651e-05
Validation sid = 0.246549
Epoch 251

Loss = 2.3539e-01, PNorm = 3248.4086, GNorm = 0.0037, lr_0 = 6.7605e-05
Validation sid = 0.246433
Epoch 252

Loss = 2.3524e-01, PNorm = 3253.8056, GNorm = 0.0048, lr_0 = 6.7560e-05
Validation sid = 0.246319
Epoch 253

Loss = 2.3510e-01, PNorm = 3259.1772, GNorm = 0.0036, lr_0 = 6.7514e-05
Validation sid = 0.246208
Epoch 254

Loss = 2.3496e-01, PNorm = 3264.4955, GNorm = 0.0043, lr_0 = 6.7469e-05
Validation sid = 0.246098
Epoch 255

Loss = 2.3483e-01, PNorm = 3269.8214, GNorm = 0.0033, lr_0 = 6.7423e-05
Validation sid = 0.245987
Epoch 256

Loss = 2.3469e-01, PNorm = 3275.1307, GNorm = 0.0027, lr_0 = 6.7378e-05
Validation sid = 0.245878
Epoch 257

Loss = 2.3455e-01, PNorm = 3280.4239, GNorm = 0.0052, lr_0 = 6.7333e-05
Validation sid = 0.245770
Epoch 258

Loss = 2.3442e-01, PNorm = 3285.6834, GNorm = 0.0039, lr_0 = 6.7287e-05
Validation sid = 0.245660
Epoch 259

Loss = 2.3429e-01, PNorm = 3290.9539, GNorm = 0.0042, lr_0 = 6.7242e-05
Validation sid = 0.245554
Epoch 260

Loss = 2.3413e-01, PNorm = 3296.1932, GNorm = 0.0052, lr_0 = 6.7197e-05
Validation sid = 0.245449
Epoch 261

Loss = 2.3403e-01, PNorm = 3301.4220, GNorm = 0.0045, lr_0 = 6.7152e-05
Validation sid = 0.245345
Epoch 262

Loss = 2.3389e-01, PNorm = 3306.6134, GNorm = 0.0040, lr_0 = 6.7106e-05
Validation sid = 0.245239
Epoch 263

Loss = 2.3376e-01, PNorm = 3311.8124, GNorm = 0.0041, lr_0 = 6.7061e-05
Validation sid = 0.245136
Epoch 264

Loss = 2.3363e-01, PNorm = 3316.9943, GNorm = 0.0040, lr_0 = 6.7016e-05
Validation sid = 0.245035
Epoch 265

Loss = 2.3350e-01, PNorm = 3322.1425, GNorm = 0.0046, lr_0 = 6.6971e-05
Validation sid = 0.244934
Epoch 266

Loss = 2.3338e-01, PNorm = 3327.2814, GNorm = 0.0039, lr_0 = 6.6926e-05
Validation sid = 0.244832
Epoch 267

Loss = 2.3325e-01, PNorm = 3332.3950, GNorm = 0.0037, lr_0 = 6.6881e-05
Validation sid = 0.244731
Epoch 268

Loss = 2.3313e-01, PNorm = 3337.5017, GNorm = 0.0063, lr_0 = 6.6836e-05
Validation sid = 0.244635
Epoch 269

Loss = 2.3299e-01, PNorm = 3342.5999, GNorm = 0.0051, lr_0 = 6.6791e-05
Validation sid = 0.244538
Epoch 270

Loss = 2.3288e-01, PNorm = 3347.6710, GNorm = 0.0031, lr_0 = 6.6746e-05
Validation sid = 0.244440
Epoch 271

Loss = 2.3274e-01, PNorm = 3352.7374, GNorm = 0.0046, lr_0 = 6.6701e-05
Validation sid = 0.244340
Epoch 272

Loss = 2.3263e-01, PNorm = 3357.7787, GNorm = 0.0036, lr_0 = 6.6656e-05
Validation sid = 0.244246
Epoch 273

Loss = 2.3251e-01, PNorm = 3362.8096, GNorm = 0.0047, lr_0 = 6.6611e-05
Validation sid = 0.244150
Epoch 274

Loss = 2.3239e-01, PNorm = 3367.8319, GNorm = 0.0031, lr_0 = 6.6566e-05
Validation sid = 0.244055
Epoch 275

Loss = 2.3227e-01, PNorm = 3372.8334, GNorm = 0.0029, lr_0 = 6.6522e-05
Validation sid = 0.243963
Epoch 276

Loss = 2.3214e-01, PNorm = 3377.8143, GNorm = 0.0033, lr_0 = 6.6477e-05
Validation sid = 0.243872
Epoch 277

Loss = 2.3203e-01, PNorm = 3382.7770, GNorm = 0.0054, lr_0 = 6.6432e-05
Validation sid = 0.243778
Epoch 278

Loss = 2.3192e-01, PNorm = 3387.7323, GNorm = 0.0045, lr_0 = 6.6387e-05
Validation sid = 0.243689
Epoch 279

Loss = 2.3180e-01, PNorm = 3392.6719, GNorm = 0.0038, lr_0 = 6.6343e-05
Validation sid = 0.243598
Epoch 280

Loss = 2.3169e-01, PNorm = 3397.6102, GNorm = 0.0040, lr_0 = 6.6298e-05
Validation sid = 0.243508
Epoch 281

Loss = 2.3156e-01, PNorm = 3402.5151, GNorm = 0.0032, lr_0 = 6.6253e-05
Validation sid = 0.243420
Epoch 282

Loss = 2.3146e-01, PNorm = 3407.4031, GNorm = 0.0044, lr_0 = 6.6209e-05
Validation sid = 0.243331
Epoch 283

Loss = 2.3134e-01, PNorm = 3412.2741, GNorm = 0.0056, lr_0 = 6.6164e-05
Validation sid = 0.243239
Epoch 284

Loss = 2.3122e-01, PNorm = 3417.1392, GNorm = 0.0039, lr_0 = 6.6120e-05
Validation sid = 0.243155
Epoch 285

Loss = 2.3112e-01, PNorm = 3422.0016, GNorm = 0.0036, lr_0 = 6.6075e-05
Validation sid = 0.243070
Epoch 286

Loss = 2.3101e-01, PNorm = 3426.8149, GNorm = 0.0044, lr_0 = 6.6031e-05
Validation sid = 0.242985
Epoch 287

Loss = 2.3090e-01, PNorm = 3431.6488, GNorm = 0.0045, lr_0 = 6.5986e-05
Validation sid = 0.242900
Epoch 288

Loss = 2.3079e-01, PNorm = 3436.4602, GNorm = 0.0032, lr_0 = 6.5942e-05
Validation sid = 0.242816
Epoch 289

Loss = 2.3068e-01, PNorm = 3441.2365, GNorm = 0.0042, lr_0 = 6.5897e-05
Validation sid = 0.242730
Epoch 290

Loss = 2.3057e-01, PNorm = 3446.0092, GNorm = 0.0051, lr_0 = 6.5853e-05
Validation sid = 0.242647
Epoch 291

Loss = 2.3047e-01, PNorm = 3450.7498, GNorm = 0.0043, lr_0 = 6.5809e-05
Validation sid = 0.242567
Epoch 292

Loss = 2.3036e-01, PNorm = 3455.5215, GNorm = 0.0035, lr_0 = 6.5764e-05
Validation sid = 0.242484
Epoch 293

Loss = 2.3025e-01, PNorm = 3460.2575, GNorm = 0.0029, lr_0 = 6.5720e-05
Validation sid = 0.242404
Epoch 294

Loss = 2.3015e-01, PNorm = 3464.9776, GNorm = 0.0031, lr_0 = 6.5676e-05
Validation sid = 0.242324
Epoch 295

Loss = 2.3003e-01, PNorm = 3469.6802, GNorm = 0.0038, lr_0 = 6.5632e-05
Validation sid = 0.242245
Epoch 296

Loss = 2.2993e-01, PNorm = 3474.3871, GNorm = 0.0037, lr_0 = 6.5588e-05
Validation sid = 0.242164
Epoch 297

Loss = 2.2982e-01, PNorm = 3479.0601, GNorm = 0.0053, lr_0 = 6.5543e-05
Validation sid = 0.242086
Epoch 298

Loss = 2.2973e-01, PNorm = 3483.7334, GNorm = 0.0047, lr_0 = 6.5499e-05
Validation sid = 0.242007
Epoch 299

Loss = 2.2963e-01, PNorm = 3488.3778, GNorm = 0.0044, lr_0 = 6.5455e-05
Validation sid = 0.241931
Epoch 300

Loss = 2.2953e-01, PNorm = 3492.9991, GNorm = 0.0057, lr_0 = 6.5411e-05
Validation sid = 0.241855
Epoch 301

Loss = 2.2943e-01, PNorm = 3497.6435, GNorm = 0.0031, lr_0 = 6.5367e-05
Validation sid = 0.241779
Epoch 302

Loss = 2.2933e-01, PNorm = 3502.2391, GNorm = 0.0033, lr_0 = 6.5323e-05
Validation sid = 0.241703
Epoch 303

Loss = 2.2923e-01, PNorm = 3506.8443, GNorm = 0.0041, lr_0 = 6.5279e-05
Validation sid = 0.241629
Epoch 304

Loss = 2.2913e-01, PNorm = 3511.4103, GNorm = 0.0034, lr_0 = 6.5235e-05
Validation sid = 0.241552
Epoch 305

Loss = 2.2903e-01, PNorm = 3515.9862, GNorm = 0.0047, lr_0 = 6.5191e-05
Validation sid = 0.241477
Epoch 306

Loss = 2.2892e-01, PNorm = 3520.5374, GNorm = 0.0046, lr_0 = 6.5147e-05
Validation sid = 0.241406
Epoch 307

Loss = 2.2883e-01, PNorm = 3525.0967, GNorm = 0.0041, lr_0 = 6.5104e-05
Validation sid = 0.241335
Epoch 308

Loss = 2.2874e-01, PNorm = 3529.6137, GNorm = 0.0043, lr_0 = 6.5060e-05
Validation sid = 0.241260
Epoch 309

Loss = 2.2864e-01, PNorm = 3534.1359, GNorm = 0.0043, lr_0 = 6.5016e-05
Validation sid = 0.241188
Epoch 310

Loss = 2.2855e-01, PNorm = 3538.6488, GNorm = 0.0042, lr_0 = 6.4972e-05
Validation sid = 0.241117
Epoch 311

Loss = 2.2844e-01, PNorm = 3543.1432, GNorm = 0.0050, lr_0 = 6.4928e-05
Validation sid = 0.241047
Epoch 312

Loss = 2.2836e-01, PNorm = 3547.6172, GNorm = 0.0037, lr_0 = 6.4885e-05
Validation sid = 0.240976
Epoch 313

Loss = 2.2826e-01, PNorm = 3552.0979, GNorm = 0.0068, lr_0 = 6.4841e-05
Validation sid = 0.240905
Epoch 314

Loss = 2.2818e-01, PNorm = 3556.5427, GNorm = 0.0037, lr_0 = 6.4797e-05
Validation sid = 0.240836
Epoch 315

Loss = 2.2808e-01, PNorm = 3560.9889, GNorm = 0.0035, lr_0 = 6.4754e-05
Validation sid = 0.240767
Epoch 316

Loss = 2.2799e-01, PNorm = 3565.4100, GNorm = 0.0037, lr_0 = 6.4710e-05
Validation sid = 0.240699
Epoch 317

Loss = 2.2790e-01, PNorm = 3569.8143, GNorm = 0.0036, lr_0 = 6.4667e-05
Validation sid = 0.240630
Epoch 318

Loss = 2.2781e-01, PNorm = 3574.2293, GNorm = 0.0045, lr_0 = 6.4623e-05
Validation sid = 0.240566
Epoch 319

Loss = 2.2772e-01, PNorm = 3578.6172, GNorm = 0.0051, lr_0 = 6.4580e-05
Validation sid = 0.240499
Epoch 320

Loss = 2.2763e-01, PNorm = 3582.9819, GNorm = 0.0050, lr_0 = 6.4536e-05
Validation sid = 0.240432
Epoch 321

Loss = 2.2753e-01, PNorm = 3587.3753, GNorm = 0.0043, lr_0 = 6.4493e-05
Validation sid = 0.240367
Epoch 322

Loss = 2.2745e-01, PNorm = 3591.7219, GNorm = 0.0048, lr_0 = 6.4449e-05
Validation sid = 0.240303
Epoch 323

Loss = 2.2736e-01, PNorm = 3596.0649, GNorm = 0.0042, lr_0 = 6.4406e-05
Validation sid = 0.240239
Epoch 324

Loss = 2.2727e-01, PNorm = 3600.3843, GNorm = 0.0061, lr_0 = 6.4363e-05
Validation sid = 0.240174
Epoch 325

Loss = 2.2717e-01, PNorm = 3604.7065, GNorm = 0.0057, lr_0 = 6.4319e-05
Validation sid = 0.240109
Epoch 326

Loss = 2.2710e-01, PNorm = 3609.0244, GNorm = 0.0040, lr_0 = 6.4276e-05
Validation sid = 0.240045
Epoch 327

Loss = 2.2701e-01, PNorm = 3613.3176, GNorm = 0.0031, lr_0 = 6.4233e-05
Validation sid = 0.239983
Epoch 328

Loss = 2.2693e-01, PNorm = 3617.5923, GNorm = 0.0047, lr_0 = 6.4189e-05
Validation sid = 0.239920
Epoch 329

Loss = 2.2684e-01, PNorm = 3621.8626, GNorm = 0.0045, lr_0 = 6.4146e-05
Validation sid = 0.239857
Epoch 330

Loss = 2.2675e-01, PNorm = 3626.1003, GNorm = 0.0044, lr_0 = 6.4103e-05
Validation sid = 0.239797
Epoch 331

Loss = 2.2668e-01, PNorm = 3630.3655, GNorm = 0.0048, lr_0 = 6.4060e-05
Validation sid = 0.239737
Epoch 332

Loss = 2.2659e-01, PNorm = 3634.5803, GNorm = 0.0039, lr_0 = 6.4017e-05
Validation sid = 0.239676
Epoch 333

Loss = 2.2651e-01, PNorm = 3638.8064, GNorm = 0.0034, lr_0 = 6.3974e-05
Validation sid = 0.239615
Epoch 334

Loss = 2.2643e-01, PNorm = 3643.0321, GNorm = 0.0054, lr_0 = 6.3931e-05
Validation sid = 0.239557
Epoch 335

Loss = 2.2634e-01, PNorm = 3647.1958, GNorm = 0.0064, lr_0 = 6.3888e-05
Validation sid = 0.239495
Epoch 336

Loss = 2.2626e-01, PNorm = 3651.3822, GNorm = 0.0035, lr_0 = 6.3845e-05
Validation sid = 0.239437
Epoch 337

Loss = 2.2618e-01, PNorm = 3655.5611, GNorm = 0.0045, lr_0 = 6.3802e-05
Validation sid = 0.239377
Epoch 338

Loss = 2.2610e-01, PNorm = 3659.7184, GNorm = 0.0050, lr_0 = 6.3759e-05
Validation sid = 0.239322
Epoch 339

Loss = 2.2602e-01, PNorm = 3663.8742, GNorm = 0.0045, lr_0 = 6.3716e-05
Validation sid = 0.239264
Epoch 340

Loss = 2.2593e-01, PNorm = 3668.0094, GNorm = 0.0038, lr_0 = 6.3673e-05
Validation sid = 0.239205
Epoch 341

Loss = 2.2586e-01, PNorm = 3672.1411, GNorm = 0.0041, lr_0 = 6.3630e-05
Validation sid = 0.239145
Epoch 342

Loss = 2.2578e-01, PNorm = 3676.2576, GNorm = 0.0045, lr_0 = 6.3587e-05
Validation sid = 0.239093
Epoch 343

Loss = 2.2570e-01, PNorm = 3680.3817, GNorm = 0.0044, lr_0 = 6.3544e-05
Validation sid = 0.239037
Epoch 344

Loss = 2.2562e-01, PNorm = 3684.4574, GNorm = 0.0031, lr_0 = 6.3502e-05
Validation sid = 0.238982
Epoch 345

Loss = 2.2552e-01, PNorm = 3688.5526, GNorm = 0.0040, lr_0 = 6.3459e-05
Validation sid = 0.238924
Epoch 346

Loss = 2.2547e-01, PNorm = 3692.6154, GNorm = 0.0039, lr_0 = 6.3416e-05
Validation sid = 0.238870
Epoch 347

Loss = 2.2540e-01, PNorm = 3696.6716, GNorm = 0.0040, lr_0 = 6.3373e-05
Validation sid = 0.238814
Epoch 348

Loss = 2.2532e-01, PNorm = 3700.7171, GNorm = 0.0039, lr_0 = 6.3331e-05
Validation sid = 0.238762
Epoch 349

Loss = 2.2524e-01, PNorm = 3704.7601, GNorm = 0.0069, lr_0 = 6.3288e-05
Validation sid = 0.238708
Epoch 350

Loss = 2.2516e-01, PNorm = 3708.7800, GNorm = 0.0045, lr_0 = 6.3246e-05
Validation sid = 0.238653
Epoch 351

Loss = 2.2509e-01, PNorm = 3712.7876, GNorm = 0.0048, lr_0 = 6.3203e-05
Validation sid = 0.238602
Epoch 352

Loss = 2.2502e-01, PNorm = 3716.7959, GNorm = 0.0032, lr_0 = 6.3160e-05
Validation sid = 0.238547
Epoch 353

Loss = 2.2494e-01, PNorm = 3720.7984, GNorm = 0.0049, lr_0 = 6.3118e-05
Validation sid = 0.238495
Epoch 354

Loss = 2.2487e-01, PNorm = 3724.7834, GNorm = 0.0045, lr_0 = 6.3075e-05
Validation sid = 0.238443
Epoch 355

Loss = 2.2479e-01, PNorm = 3728.7407, GNorm = 0.0039, lr_0 = 6.3033e-05
Validation sid = 0.238390
Epoch 356

Loss = 2.2472e-01, PNorm = 3732.7051, GNorm = 0.0041, lr_0 = 6.2991e-05
Validation sid = 0.238339
Epoch 357

Loss = 2.2465e-01, PNorm = 3736.6561, GNorm = 0.0053, lr_0 = 6.2948e-05
Validation sid = 0.238289
Epoch 358

Loss = 2.2458e-01, PNorm = 3740.6020, GNorm = 0.0039, lr_0 = 6.2906e-05
Validation sid = 0.238239
Epoch 359

Loss = 2.2451e-01, PNorm = 3744.5342, GNorm = 0.0036, lr_0 = 6.2863e-05
Validation sid = 0.238189
Epoch 360

Loss = 2.2444e-01, PNorm = 3748.4486, GNorm = 0.0037, lr_0 = 6.2821e-05
Validation sid = 0.238136
Epoch 361

Loss = 2.2435e-01, PNorm = 3752.3627, GNorm = 0.0037, lr_0 = 6.2779e-05
Validation sid = 0.238091
Epoch 362

Loss = 2.2429e-01, PNorm = 3756.2417, GNorm = 0.0041, lr_0 = 6.2737e-05
Validation sid = 0.238039
Epoch 363

Loss = 2.2422e-01, PNorm = 3760.1419, GNorm = 0.0047, lr_0 = 6.2694e-05
Validation sid = 0.237990
Epoch 364

Loss = 2.2415e-01, PNorm = 3764.0145, GNorm = 0.0050, lr_0 = 6.2652e-05
Validation sid = 0.237944
Epoch 365

Loss = 2.2409e-01, PNorm = 3767.8858, GNorm = 0.0045, lr_0 = 6.2610e-05
Validation sid = 0.237893
Epoch 366

Loss = 2.2401e-01, PNorm = 3771.7467, GNorm = 0.0037, lr_0 = 6.2568e-05
Validation sid = 0.237845
Epoch 367

Loss = 2.2395e-01, PNorm = 3775.5927, GNorm = 0.0060, lr_0 = 6.2526e-05
Validation sid = 0.237796
Epoch 368

Loss = 2.2387e-01, PNorm = 3779.4415, GNorm = 0.0055, lr_0 = 6.2484e-05
Validation sid = 0.237750
Epoch 369

Loss = 2.2381e-01, PNorm = 3783.2721, GNorm = 0.0045, lr_0 = 6.2442e-05
Validation sid = 0.237700
Epoch 370

Loss = 2.2374e-01, PNorm = 3787.0813, GNorm = 0.0035, lr_0 = 6.2399e-05
Validation sid = 0.237656
Epoch 371

Loss = 2.2367e-01, PNorm = 3790.8954, GNorm = 0.0032, lr_0 = 6.2357e-05
Validation sid = 0.237611
Epoch 372

Loss = 2.2361e-01, PNorm = 3794.6953, GNorm = 0.0040, lr_0 = 6.2316e-05
Validation sid = 0.237563
Epoch 373

Loss = 2.2353e-01, PNorm = 3798.4722, GNorm = 0.0052, lr_0 = 6.2274e-05
Validation sid = 0.237517
Epoch 374

Loss = 2.2347e-01, PNorm = 3802.2446, GNorm = 0.0043, lr_0 = 6.2232e-05
Validation sid = 0.237474
Epoch 375

Loss = 2.2341e-01, PNorm = 3806.0188, GNorm = 0.0048, lr_0 = 6.2190e-05
Validation sid = 0.237429
Epoch 376

Loss = 2.2334e-01, PNorm = 3809.7870, GNorm = 0.0039, lr_0 = 6.2148e-05
Validation sid = 0.237382
Epoch 377

Loss = 2.2328e-01, PNorm = 3813.5151, GNorm = 0.0038, lr_0 = 6.2106e-05
Validation sid = 0.237336
Epoch 378

Loss = 2.2321e-01, PNorm = 3817.2870, GNorm = 0.0040, lr_0 = 6.2064e-05
Validation sid = 0.237294
Epoch 379

Loss = 2.2315e-01, PNorm = 3821.0010, GNorm = 0.0038, lr_0 = 6.2022e-05
Validation sid = 0.237249
Epoch 380

Loss = 2.2309e-01, PNorm = 3824.7191, GNorm = 0.0038, lr_0 = 6.1981e-05
Validation sid = 0.237202
Epoch 381

Loss = 2.2302e-01, PNorm = 3828.4238, GNorm = 0.0029, lr_0 = 6.1939e-05
Validation sid = 0.237159
Epoch 382

Loss = 2.2295e-01, PNorm = 3832.1271, GNorm = 0.0041, lr_0 = 6.1897e-05
Validation sid = 0.237117
Epoch 383

Loss = 2.2289e-01, PNorm = 3835.8205, GNorm = 0.0048, lr_0 = 6.1856e-05
Validation sid = 0.237075
Epoch 384

Loss = 2.2283e-01, PNorm = 3839.5040, GNorm = 0.0053, lr_0 = 6.1814e-05
Validation sid = 0.237034
Epoch 385

Loss = 2.2277e-01, PNorm = 3843.1750, GNorm = 0.0038, lr_0 = 6.1772e-05
Validation sid = 0.236989
Epoch 386

Loss = 2.2271e-01, PNorm = 3846.8202, GNorm = 0.0037, lr_0 = 6.1731e-05
Validation sid = 0.236946
Epoch 387

Loss = 2.2265e-01, PNorm = 3850.4758, GNorm = 0.0043, lr_0 = 6.1689e-05
Validation sid = 0.236906
Epoch 388

Loss = 2.2259e-01, PNorm = 3854.1073, GNorm = 0.0048, lr_0 = 6.1648e-05
Validation sid = 0.236864
Epoch 389

Loss = 2.2252e-01, PNorm = 3857.7458, GNorm = 0.0030, lr_0 = 6.1606e-05
Validation sid = 0.236823
Epoch 390

Loss = 2.2246e-01, PNorm = 3861.3720, GNorm = 0.0051, lr_0 = 6.1565e-05
Validation sid = 0.236784
Epoch 391

Loss = 2.2240e-01, PNorm = 3864.9817, GNorm = 0.0040, lr_0 = 6.1523e-05
Validation sid = 0.236742
Epoch 392

Loss = 2.2234e-01, PNorm = 3868.5790, GNorm = 0.0035, lr_0 = 6.1482e-05
Validation sid = 0.236701
Epoch 393

Loss = 2.2228e-01, PNorm = 3872.1927, GNorm = 0.0053, lr_0 = 6.1441e-05
Validation sid = 0.236660
Epoch 394

Loss = 2.2222e-01, PNorm = 3875.7815, GNorm = 0.0044, lr_0 = 6.1399e-05
Validation sid = 0.236619
Epoch 395

Loss = 2.2216e-01, PNorm = 3879.3578, GNorm = 0.0042, lr_0 = 6.1358e-05
Validation sid = 0.236580
Epoch 396

Loss = 2.2210e-01, PNorm = 3882.9224, GNorm = 0.0054, lr_0 = 6.1317e-05
Validation sid = 0.236538
Epoch 397

Loss = 2.2204e-01, PNorm = 3886.4750, GNorm = 0.0050, lr_0 = 6.1275e-05
Validation sid = 0.236500
Epoch 398

Loss = 2.2198e-01, PNorm = 3890.0242, GNorm = 0.0054, lr_0 = 6.1234e-05
Validation sid = 0.236462
Epoch 399

Loss = 2.2193e-01, PNorm = 3893.5737, GNorm = 0.0047, lr_0 = 6.1193e-05
Validation sid = 0.236424
Epoch 400

Loss = 2.2186e-01, PNorm = 3897.0775, GNorm = 0.0039, lr_0 = 6.1152e-05
Validation sid = 0.236383
Epoch 401

Loss = 2.2180e-01, PNorm = 3900.6162, GNorm = 0.0047, lr_0 = 6.1110e-05
Validation sid = 0.236346
Epoch 402

Loss = 2.2175e-01, PNorm = 3904.1274, GNorm = 0.0050, lr_0 = 6.1069e-05
Validation sid = 0.236307
Epoch 403

Loss = 2.2169e-01, PNorm = 3907.6417, GNorm = 0.0054, lr_0 = 6.1028e-05
Validation sid = 0.236269
Epoch 404

Loss = 2.2163e-01, PNorm = 3911.1397, GNorm = 0.0038, lr_0 = 6.0987e-05
Validation sid = 0.236233
Epoch 405

Loss = 2.2158e-01, PNorm = 3914.6203, GNorm = 0.0044, lr_0 = 6.0946e-05
Validation sid = 0.236195
Epoch 406

Loss = 2.2152e-01, PNorm = 3918.1153, GNorm = 0.0063, lr_0 = 6.0905e-05
Validation sid = 0.236158
Epoch 407

Loss = 2.2147e-01, PNorm = 3921.5781, GNorm = 0.0054, lr_0 = 6.0864e-05
Validation sid = 0.236121
Epoch 408

Loss = 2.2140e-01, PNorm = 3925.0336, GNorm = 0.0032, lr_0 = 6.0823e-05
Validation sid = 0.236083
Epoch 409

Loss = 2.2136e-01, PNorm = 3928.4940, GNorm = 0.0037, lr_0 = 6.0782e-05
Validation sid = 0.236047
Epoch 410

Loss = 2.2130e-01, PNorm = 3931.9370, GNorm = 0.0076, lr_0 = 6.0741e-05
Validation sid = 0.236010
Epoch 411

Loss = 2.2124e-01, PNorm = 3935.3764, GNorm = 0.0037, lr_0 = 6.0700e-05
Validation sid = 0.235976
Epoch 412

Loss = 2.2119e-01, PNorm = 3938.7967, GNorm = 0.0041, lr_0 = 6.0659e-05
Validation sid = 0.235940
Epoch 413

Loss = 2.2114e-01, PNorm = 3942.2095, GNorm = 0.0044, lr_0 = 6.0619e-05
Validation sid = 0.235904
Epoch 414

Loss = 2.2108e-01, PNorm = 3945.6149, GNorm = 0.0030, lr_0 = 6.0578e-05
Validation sid = 0.235869
Epoch 415

Loss = 2.2103e-01, PNorm = 3949.0204, GNorm = 0.0036, lr_0 = 6.0537e-05
Validation sid = 0.235833
Epoch 416

Loss = 2.2097e-01, PNorm = 3952.4122, GNorm = 0.0037, lr_0 = 6.0496e-05
Validation sid = 0.235798
Epoch 417

Loss = 2.2092e-01, PNorm = 3955.7912, GNorm = 0.0037, lr_0 = 6.0456e-05
Validation sid = 0.235764
Epoch 418

Loss = 2.2085e-01, PNorm = 3959.1725, GNorm = 0.0037, lr_0 = 6.0415e-05
Validation sid = 0.235730
Epoch 419

Loss = 2.2082e-01, PNorm = 3962.5172, GNorm = 0.0055, lr_0 = 6.0374e-05
Validation sid = 0.235695
Epoch 420

Loss = 2.2076e-01, PNorm = 3965.8787, GNorm = 0.0039, lr_0 = 6.0334e-05
Validation sid = 0.235659
Epoch 421

Loss = 2.2071e-01, PNorm = 3969.2360, GNorm = 0.0050, lr_0 = 6.0293e-05
Validation sid = 0.235626
Epoch 422

Loss = 2.2066e-01, PNorm = 3972.5822, GNorm = 0.0049, lr_0 = 6.0252e-05
Validation sid = 0.235593
Epoch 423

Loss = 2.2061e-01, PNorm = 3975.9271, GNorm = 0.0037, lr_0 = 6.0212e-05
Validation sid = 0.235559
Epoch 424

Loss = 2.2055e-01, PNorm = 3979.2471, GNorm = 0.0046, lr_0 = 6.0171e-05
Validation sid = 0.235525
Epoch 425

Loss = 2.2050e-01, PNorm = 3982.5657, GNorm = 0.0039, lr_0 = 6.0131e-05
Validation sid = 0.235493
Epoch 426

Loss = 2.2045e-01, PNorm = 3985.8727, GNorm = 0.0034, lr_0 = 6.0090e-05
Validation sid = 0.235461
Epoch 427

Loss = 2.2040e-01, PNorm = 3989.1776, GNorm = 0.0055, lr_0 = 6.0050e-05
Validation sid = 0.235426
Epoch 428

Loss = 2.2035e-01, PNorm = 3992.4537, GNorm = 0.0044, lr_0 = 6.0009e-05
Validation sid = 0.235392
Epoch 429

Loss = 2.2030e-01, PNorm = 3995.7518, GNorm = 0.0041, lr_0 = 5.9969e-05
Validation sid = 0.235361
Epoch 430

Loss = 2.2025e-01, PNorm = 3999.0215, GNorm = 0.0040, lr_0 = 5.9929e-05
Validation sid = 0.235329
Epoch 431

Loss = 2.2020e-01, PNorm = 4002.2868, GNorm = 0.0044, lr_0 = 5.9888e-05
Validation sid = 0.235297
Epoch 432

Loss = 2.2015e-01, PNorm = 4005.5431, GNorm = 0.0035, lr_0 = 5.9848e-05
Validation sid = 0.235266
Epoch 433

Loss = 2.2009e-01, PNorm = 4008.8045, GNorm = 0.0044, lr_0 = 5.9808e-05
Validation sid = 0.235233
Epoch 434

Loss = 2.2005e-01, PNorm = 4012.0384, GNorm = 0.0049, lr_0 = 5.9768e-05
Validation sid = 0.235202
Epoch 435

Loss = 2.1999e-01, PNorm = 4015.2781, GNorm = 0.0035, lr_0 = 5.9727e-05
Validation sid = 0.235172
Epoch 436

Loss = 2.1995e-01, PNorm = 4018.5115, GNorm = 0.0058, lr_0 = 5.9687e-05
Validation sid = 0.235140
Epoch 437

Loss = 2.1991e-01, PNorm = 4021.7343, GNorm = 0.0035, lr_0 = 5.9647e-05
Validation sid = 0.235109
Epoch 438

Loss = 2.1985e-01, PNorm = 4024.9325, GNorm = 0.0037, lr_0 = 5.9607e-05
Validation sid = 0.235079
Epoch 439

Loss = 2.1981e-01, PNorm = 4028.1363, GNorm = 0.0034, lr_0 = 5.9567e-05
Validation sid = 0.235050
Epoch 440

Loss = 2.1975e-01, PNorm = 4031.3389, GNorm = 0.0043, lr_0 = 5.9527e-05
Validation sid = 0.235020
Epoch 441

Loss = 2.1971e-01, PNorm = 4034.5222, GNorm = 0.0108, lr_0 = 5.9486e-05
Validation sid = 0.234987
Epoch 442

Loss = 2.1966e-01, PNorm = 4037.7016, GNorm = 0.0053, lr_0 = 5.9446e-05
Validation sid = 0.234958
Epoch 443

Loss = 2.1962e-01, PNorm = 4040.8810, GNorm = 0.0045, lr_0 = 5.9406e-05
Validation sid = 0.234927
Epoch 444

Loss = 2.1957e-01, PNorm = 4044.0341, GNorm = 0.0036, lr_0 = 5.9366e-05
Validation sid = 0.234899
Epoch 445

Loss = 2.1952e-01, PNorm = 4047.2025, GNorm = 0.0056, lr_0 = 5.9326e-05
Validation sid = 0.234870
Epoch 446

Loss = 2.1947e-01, PNorm = 4050.3473, GNorm = 0.0053, lr_0 = 5.9287e-05
Validation sid = 0.234841
Epoch 447

Loss = 2.1943e-01, PNorm = 4053.4962, GNorm = 0.0037, lr_0 = 5.9247e-05
Validation sid = 0.234812
Epoch 448

Loss = 2.1938e-01, PNorm = 4056.6231, GNorm = 0.0041, lr_0 = 5.9207e-05
Validation sid = 0.234783
Epoch 449

Loss = 2.1934e-01, PNorm = 4059.7395, GNorm = 0.0049, lr_0 = 5.9167e-05
Validation sid = 0.234752
Epoch 450

Loss = 2.1929e-01, PNorm = 4062.8518, GNorm = 0.0048, lr_0 = 5.9127e-05
Validation sid = 0.234723
Epoch 451

Loss = 2.1923e-01, PNorm = 4065.9619, GNorm = 0.0031, lr_0 = 5.9087e-05
Validation sid = 0.234696
Epoch 452

Loss = 2.1920e-01, PNorm = 4069.0598, GNorm = 0.0041, lr_0 = 5.9047e-05
Validation sid = 0.234667
Epoch 453

Loss = 2.1915e-01, PNorm = 4072.1615, GNorm = 0.0061, lr_0 = 5.9008e-05
Validation sid = 0.234640
Epoch 454

Loss = 2.1911e-01, PNorm = 4075.2567, GNorm = 0.0055, lr_0 = 5.8968e-05
Validation sid = 0.234611
Epoch 455

Loss = 2.1907e-01, PNorm = 4078.3143, GNorm = 0.0047, lr_0 = 5.8928e-05
Validation sid = 0.234583
Epoch 456

Loss = 2.1902e-01, PNorm = 4081.3998, GNorm = 0.0037, lr_0 = 5.8889e-05
Validation sid = 0.234556
Epoch 457

Loss = 2.1897e-01, PNorm = 4084.4820, GNorm = 0.0040, lr_0 = 5.8849e-05
Validation sid = 0.234531
Epoch 458

Loss = 2.1893e-01, PNorm = 4087.5401, GNorm = 0.0059, lr_0 = 5.8809e-05
Validation sid = 0.234503
Epoch 459

Loss = 2.1889e-01, PNorm = 4090.5970, GNorm = 0.0056, lr_0 = 5.8770e-05
Validation sid = 0.234475
Epoch 460

Loss = 2.1884e-01, PNorm = 4093.6434, GNorm = 0.0041, lr_0 = 5.8730e-05
Validation sid = 0.234448
Epoch 461

Loss = 2.1879e-01, PNorm = 4096.6815, GNorm = 0.0057, lr_0 = 5.8691e-05
Validation sid = 0.234420
Epoch 462

Loss = 2.1875e-01, PNorm = 4099.6954, GNorm = 0.0043, lr_0 = 5.8651e-05
Validation sid = 0.234392
Epoch 463

Loss = 2.1871e-01, PNorm = 4102.7063, GNorm = 0.0052, lr_0 = 5.8612e-05
Validation sid = 0.234367
Epoch 464

Loss = 2.1867e-01, PNorm = 4105.7305, GNorm = 0.0049, lr_0 = 5.8572e-05
Validation sid = 0.234342
Epoch 465

Loss = 2.1863e-01, PNorm = 4108.7405, GNorm = 0.0044, lr_0 = 5.8533e-05
Validation sid = 0.234315
Epoch 466

Loss = 2.1858e-01, PNorm = 4111.7402, GNorm = 0.0052, lr_0 = 5.8493e-05
Validation sid = 0.234288
Epoch 467

Loss = 2.1854e-01, PNorm = 4114.7356, GNorm = 0.0037, lr_0 = 5.8454e-05
Validation sid = 0.234263
Epoch 468

Loss = 2.1849e-01, PNorm = 4117.7280, GNorm = 0.0035, lr_0 = 5.8415e-05
Validation sid = 0.234240
Epoch 469

Loss = 2.1846e-01, PNorm = 4120.7160, GNorm = 0.0046, lr_0 = 5.8375e-05
Validation sid = 0.234212
Epoch 470

Loss = 2.1841e-01, PNorm = 4123.6933, GNorm = 0.0033, lr_0 = 5.8336e-05
Validation sid = 0.234188
Epoch 471

Loss = 2.1837e-01, PNorm = 4126.6530, GNorm = 0.0047, lr_0 = 5.8297e-05
Validation sid = 0.234163
Epoch 472

Loss = 2.1833e-01, PNorm = 4129.6191, GNorm = 0.0039, lr_0 = 5.8258e-05
Validation sid = 0.234137
Epoch 473

Loss = 2.1829e-01, PNorm = 4132.5705, GNorm = 0.0035, lr_0 = 5.8218e-05
Validation sid = 0.234112
Epoch 474

Loss = 2.1825e-01, PNorm = 4135.5342, GNorm = 0.0036, lr_0 = 5.8179e-05
Validation sid = 0.234088
Epoch 475

Loss = 2.1821e-01, PNorm = 4138.4558, GNorm = 0.0039, lr_0 = 5.8140e-05
Validation sid = 0.234059
Epoch 476

Loss = 2.1816e-01, PNorm = 4141.4053, GNorm = 0.0038, lr_0 = 5.8101e-05
Validation sid = 0.234035
Epoch 477

Loss = 2.1813e-01, PNorm = 4144.3372, GNorm = 0.0051, lr_0 = 5.8062e-05
Validation sid = 0.234010
Epoch 478

Loss = 2.1808e-01, PNorm = 4147.2412, GNorm = 0.0048, lr_0 = 5.8023e-05
Validation sid = 0.233987
Epoch 479

Loss = 2.1805e-01, PNorm = 4150.1507, GNorm = 0.0043, lr_0 = 5.7984e-05
Validation sid = 0.233963
Epoch 480

Loss = 2.1800e-01, PNorm = 4153.0586, GNorm = 0.0047, lr_0 = 5.7945e-05
Validation sid = 0.233940
Epoch 481

Loss = 2.1796e-01, PNorm = 4155.9490, GNorm = 0.0045, lr_0 = 5.7906e-05
Validation sid = 0.233914
Epoch 482

Loss = 2.1792e-01, PNorm = 4158.8492, GNorm = 0.0044, lr_0 = 5.7867e-05
Validation sid = 0.233888
Epoch 483

Loss = 2.1789e-01, PNorm = 4161.7298, GNorm = 0.0038, lr_0 = 5.7828e-05
Validation sid = 0.233869
Epoch 484

Loss = 2.1784e-01, PNorm = 4164.6026, GNorm = 0.0044, lr_0 = 5.7789e-05
Validation sid = 0.233844
Epoch 485

Loss = 2.1780e-01, PNorm = 4167.4754, GNorm = 0.0044, lr_0 = 5.7750e-05
Validation sid = 0.233820
Epoch 486

Loss = 2.1776e-01, PNorm = 4170.3375, GNorm = 0.0040, lr_0 = 5.7711e-05
Validation sid = 0.233795
Epoch 487

Loss = 2.1772e-01, PNorm = 4173.1972, GNorm = 0.0035, lr_0 = 5.7672e-05
Validation sid = 0.233775
Epoch 488

Loss = 2.1768e-01, PNorm = 4176.0426, GNorm = 0.0051, lr_0 = 5.7633e-05
Validation sid = 0.233750
Epoch 489

Loss = 2.1765e-01, PNorm = 4178.8832, GNorm = 0.0037, lr_0 = 5.7595e-05
Validation sid = 0.233725
Epoch 490

Loss = 2.1761e-01, PNorm = 4181.7165, GNorm = 0.0039, lr_0 = 5.7556e-05
Validation sid = 0.233704
Epoch 491

Loss = 2.1757e-01, PNorm = 4184.5420, GNorm = 0.0040, lr_0 = 5.7517e-05
Validation sid = 0.233683
Epoch 492

Loss = 2.1753e-01, PNorm = 4187.3699, GNorm = 0.0049, lr_0 = 5.7478e-05
Validation sid = 0.233659
Epoch 493

Loss = 2.1749e-01, PNorm = 4190.1880, GNorm = 0.0033, lr_0 = 5.7440e-05
Validation sid = 0.233636
Epoch 494

Loss = 2.1745e-01, PNorm = 4193.0042, GNorm = 0.0062, lr_0 = 5.7401e-05
Validation sid = 0.233614
Epoch 495

Loss = 2.1742e-01, PNorm = 4195.8145, GNorm = 0.0051, lr_0 = 5.7362e-05
Validation sid = 0.233592
Epoch 496

Loss = 2.1738e-01, PNorm = 4198.6141, GNorm = 0.0036, lr_0 = 5.7324e-05
Validation sid = 0.233571
Epoch 497

Loss = 2.1734e-01, PNorm = 4201.3932, GNorm = 0.0039, lr_0 = 5.7285e-05
Validation sid = 0.233547
Epoch 498

Loss = 2.1729e-01, PNorm = 4204.1761, GNorm = 0.0042, lr_0 = 5.7247e-05
Validation sid = 0.233528
Epoch 499

Loss = 2.1727e-01, PNorm = 4206.9567, GNorm = 0.0045, lr_0 = 5.7208e-05
Validation sid = 0.233506
Epoch 500

Loss = 2.1723e-01, PNorm = 4209.7177, GNorm = 0.0035, lr_0 = 5.7170e-05
Validation sid = 0.233485
Epoch 501

Loss = 2.1720e-01, PNorm = 4212.4968, GNorm = 0.0047, lr_0 = 5.7131e-05
Validation sid = 0.233462
Epoch 502

Loss = 2.1715e-01, PNorm = 4215.2490, GNorm = 0.0045, lr_0 = 5.7093e-05
Validation sid = 0.233441
Epoch 503

Loss = 2.1713e-01, PNorm = 4218.0022, GNorm = 0.0046, lr_0 = 5.7054e-05
Validation sid = 0.233419
Epoch 504

Loss = 2.1709e-01, PNorm = 4220.7471, GNorm = 0.0046, lr_0 = 5.7016e-05
Validation sid = 0.233397
Epoch 505

Loss = 2.1705e-01, PNorm = 4223.4700, GNorm = 0.0039, lr_0 = 5.6977e-05
Validation sid = 0.233377
Epoch 506

Loss = 2.1702e-01, PNorm = 4226.2140, GNorm = 0.0051, lr_0 = 5.6939e-05
Validation sid = 0.233356
Epoch 507

Loss = 2.1697e-01, PNorm = 4228.9374, GNorm = 0.0029, lr_0 = 5.6901e-05
Validation sid = 0.233336
Epoch 508

Loss = 2.1694e-01, PNorm = 4231.6569, GNorm = 0.0033, lr_0 = 5.6862e-05
Validation sid = 0.233314
Epoch 509

Loss = 2.1690e-01, PNorm = 4234.3603, GNorm = 0.0053, lr_0 = 5.6824e-05
Validation sid = 0.233293
Epoch 510

Loss = 2.1687e-01, PNorm = 4237.0696, GNorm = 0.0047, lr_0 = 5.6786e-05
Validation sid = 0.233273
Epoch 511

Loss = 2.1683e-01, PNorm = 4239.7661, GNorm = 0.0040, lr_0 = 5.6748e-05
Validation sid = 0.233254
Epoch 512

Loss = 2.1680e-01, PNorm = 4242.4705, GNorm = 0.0059, lr_0 = 5.6709e-05
Validation sid = 0.233232
Epoch 513

Loss = 2.1676e-01, PNorm = 4245.1515, GNorm = 0.0045, lr_0 = 5.6671e-05
Validation sid = 0.233212
Epoch 514

Loss = 2.1672e-01, PNorm = 4247.8358, GNorm = 0.0046, lr_0 = 5.6633e-05
Validation sid = 0.233192
Epoch 515

Loss = 2.1669e-01, PNorm = 4250.5154, GNorm = 0.0051, lr_0 = 5.6595e-05
Validation sid = 0.233173
Epoch 516

Loss = 2.1666e-01, PNorm = 4253.1831, GNorm = 0.0043, lr_0 = 5.6557e-05
Validation sid = 0.233153
Epoch 517

Loss = 2.1661e-01, PNorm = 4255.8523, GNorm = 0.0046, lr_0 = 5.6519e-05
Validation sid = 0.233134
Epoch 518

Loss = 2.1658e-01, PNorm = 4258.5050, GNorm = 0.0049, lr_0 = 5.6481e-05
Validation sid = 0.233113
Epoch 519

Loss = 2.1655e-01, PNorm = 4261.1596, GNorm = 0.0046, lr_0 = 5.6443e-05
Validation sid = 0.233095
Epoch 520

Loss = 2.1650e-01, PNorm = 4263.8205, GNorm = 0.0049, lr_0 = 5.6405e-05
Validation sid = 0.233074
Epoch 521

Loss = 2.1649e-01, PNorm = 4266.4551, GNorm = 0.0049, lr_0 = 5.6367e-05
Validation sid = 0.233054
Epoch 522

Loss = 2.1645e-01, PNorm = 4269.0940, GNorm = 0.0036, lr_0 = 5.6329e-05
Validation sid = 0.233036
Epoch 523

Loss = 2.1642e-01, PNorm = 4271.7183, GNorm = 0.0047, lr_0 = 5.6291e-05
Validation sid = 0.233017
Epoch 524

Loss = 2.1638e-01, PNorm = 4274.3397, GNorm = 0.0054, lr_0 = 5.6253e-05
Validation sid = 0.232998
Epoch 525

Loss = 2.1635e-01, PNorm = 4276.9602, GNorm = 0.0036, lr_0 = 5.6215e-05
Validation sid = 0.232979
Epoch 526

Loss = 2.1632e-01, PNorm = 4279.5679, GNorm = 0.0041, lr_0 = 5.6177e-05
Validation sid = 0.232960
Epoch 527

Loss = 2.1628e-01, PNorm = 4282.1810, GNorm = 0.0045, lr_0 = 5.6140e-05
Validation sid = 0.232940
Epoch 528

Loss = 2.1625e-01, PNorm = 4284.7823, GNorm = 0.0034, lr_0 = 5.6102e-05
Validation sid = 0.232920
Epoch 529

Loss = 2.1622e-01, PNorm = 4287.3735, GNorm = 0.0039, lr_0 = 5.6064e-05
Validation sid = 0.232903
Epoch 530

Loss = 2.1619e-01, PNorm = 4289.9489, GNorm = 0.0068, lr_0 = 5.6026e-05
Validation sid = 0.232886
Epoch 531

Loss = 2.1615e-01, PNorm = 4292.5337, GNorm = 0.0052, lr_0 = 5.5989e-05
Validation sid = 0.232868
Epoch 532

Loss = 2.1612e-01, PNorm = 4295.1004, GNorm = 0.0048, lr_0 = 5.5951e-05
Validation sid = 0.232850
Epoch 533

Loss = 2.1608e-01, PNorm = 4297.6793, GNorm = 0.0033, lr_0 = 5.5913e-05
Validation sid = 0.232832
Epoch 534

Loss = 2.1606e-01, PNorm = 4300.2416, GNorm = 0.0036, lr_0 = 5.5876e-05
Validation sid = 0.232810
Epoch 535

Loss = 2.1603e-01, PNorm = 4302.7966, GNorm = 0.0038, lr_0 = 5.5838e-05
Validation sid = 0.232793
Epoch 536

Loss = 2.1596e-01, PNorm = 4305.3584, GNorm = 0.0049, lr_0 = 5.5800e-05
Validation sid = 0.232776
Epoch 537

Loss = 2.1595e-01, PNorm = 4307.8885, GNorm = 0.0027, lr_0 = 5.5763e-05
Validation sid = 0.232759
Epoch 538

Loss = 2.1593e-01, PNorm = 4310.4332, GNorm = 0.0039, lr_0 = 5.5725e-05
Validation sid = 0.232739
Epoch 539

Loss = 2.1590e-01, PNorm = 4312.9682, GNorm = 0.0040, lr_0 = 5.5688e-05
Validation sid = 0.232722
Epoch 540

Loss = 2.1586e-01, PNorm = 4315.4959, GNorm = 0.0054, lr_0 = 5.5650e-05
Validation sid = 0.232705
Epoch 541

Loss = 2.1583e-01, PNorm = 4318.0172, GNorm = 0.0037, lr_0 = 5.5613e-05
Validation sid = 0.232689
Epoch 542

Loss = 2.1580e-01, PNorm = 4320.5448, GNorm = 0.0050, lr_0 = 5.5575e-05
Validation sid = 0.232672
Epoch 543

Loss = 2.1576e-01, PNorm = 4323.0441, GNorm = 0.0035, lr_0 = 5.5538e-05
Validation sid = 0.232654
Epoch 544

Loss = 2.1574e-01, PNorm = 4325.5601, GNorm = 0.0043, lr_0 = 5.5501e-05
Validation sid = 0.232638
Epoch 545

Loss = 2.1571e-01, PNorm = 4328.0789, GNorm = 0.0052, lr_0 = 5.5463e-05
Validation sid = 0.232618
Epoch 546

Loss = 2.1568e-01, PNorm = 4330.5705, GNorm = 0.0071, lr_0 = 5.5426e-05
Validation sid = 0.232600
Epoch 547

Loss = 2.1565e-01, PNorm = 4333.0718, GNorm = 0.0042, lr_0 = 5.5389e-05
Validation sid = 0.232585
Epoch 548

Loss = 2.1561e-01, PNorm = 4335.5545, GNorm = 0.0052, lr_0 = 5.5351e-05
Validation sid = 0.232570
Epoch 549

Loss = 2.1558e-01, PNorm = 4338.0450, GNorm = 0.0038, lr_0 = 5.5314e-05
Validation sid = 0.232553
Epoch 550

Loss = 2.1555e-01, PNorm = 4340.5117, GNorm = 0.0049, lr_0 = 5.5277e-05
Validation sid = 0.232536
Epoch 551

Loss = 2.1552e-01, PNorm = 4342.9763, GNorm = 0.0042, lr_0 = 5.5240e-05
Validation sid = 0.232521
Epoch 552

Loss = 2.1550e-01, PNorm = 4345.4532, GNorm = 0.0035, lr_0 = 5.5202e-05
Validation sid = 0.232504
Epoch 553

Loss = 2.1546e-01, PNorm = 4347.9100, GNorm = 0.0038, lr_0 = 5.5165e-05
Validation sid = 0.232487
Epoch 554

Loss = 2.1543e-01, PNorm = 4350.3537, GNorm = 0.0038, lr_0 = 5.5128e-05
Validation sid = 0.232471
Epoch 555

Loss = 2.1540e-01, PNorm = 4352.8067, GNorm = 0.0066, lr_0 = 5.5091e-05
Validation sid = 0.232455
Epoch 556

Loss = 2.1536e-01, PNorm = 4355.2401, GNorm = 0.0044, lr_0 = 5.5054e-05
Validation sid = 0.232439
Epoch 557

Loss = 2.1534e-01, PNorm = 4357.6842, GNorm = 0.0035, lr_0 = 5.5017e-05
Validation sid = 0.232424
Epoch 558

Loss = 2.1532e-01, PNorm = 4360.1147, GNorm = 0.0050, lr_0 = 5.4980e-05
Validation sid = 0.232406
Epoch 559

Loss = 2.1528e-01, PNorm = 4362.5433, GNorm = 0.0042, lr_0 = 5.4943e-05
Validation sid = 0.232391
Epoch 560

Loss = 2.1525e-01, PNorm = 4364.9699, GNorm = 0.0037, lr_0 = 5.4906e-05
Validation sid = 0.232375
Epoch 561

Loss = 2.1523e-01, PNorm = 4367.3764, GNorm = 0.0057, lr_0 = 5.4869e-05
Validation sid = 0.232359
Epoch 562

Loss = 2.1520e-01, PNorm = 4369.7874, GNorm = 0.0045, lr_0 = 5.4832e-05
Validation sid = 0.232343
Epoch 563

Loss = 2.1516e-01, PNorm = 4372.1910, GNorm = 0.0057, lr_0 = 5.4795e-05
Validation sid = 0.232328
Epoch 564

Loss = 2.1514e-01, PNorm = 4374.5864, GNorm = 0.0038, lr_0 = 5.4758e-05
Validation sid = 0.232311
Epoch 565

Loss = 2.1511e-01, PNorm = 4376.9788, GNorm = 0.0041, lr_0 = 5.4721e-05
Validation sid = 0.232294
Epoch 566

Loss = 2.1508e-01, PNorm = 4379.3702, GNorm = 0.0031, lr_0 = 5.4684e-05
Validation sid = 0.232278
Epoch 567

Loss = 2.1506e-01, PNorm = 4381.7612, GNorm = 0.0044, lr_0 = 5.4648e-05
Validation sid = 0.232266
Epoch 568

Loss = 2.1502e-01, PNorm = 4384.1487, GNorm = 0.0033, lr_0 = 5.4611e-05
Validation sid = 0.232250
Epoch 569

Loss = 2.1500e-01, PNorm = 4386.5094, GNorm = 0.0039, lr_0 = 5.4574e-05
Validation sid = 0.232235
Epoch 570

Loss = 2.1497e-01, PNorm = 4388.8681, GNorm = 0.0042, lr_0 = 5.4537e-05
Validation sid = 0.232219
Epoch 571

Loss = 2.1494e-01, PNorm = 4391.2390, GNorm = 0.0046, lr_0 = 5.4501e-05
Validation sid = 0.232206
Epoch 572

Loss = 2.1491e-01, PNorm = 4393.6041, GNorm = 0.0051, lr_0 = 5.4464e-05
Validation sid = 0.232191
Epoch 573

Loss = 2.1488e-01, PNorm = 4395.9540, GNorm = 0.0043, lr_0 = 5.4427e-05
Validation sid = 0.232177
Epoch 574

Loss = 2.1485e-01, PNorm = 4398.3020, GNorm = 0.0039, lr_0 = 5.4391e-05
Validation sid = 0.232160
Epoch 575

Loss = 2.1483e-01, PNorm = 4400.6534, GNorm = 0.0036, lr_0 = 5.4354e-05
Validation sid = 0.232145
Epoch 576

Loss = 2.1480e-01, PNorm = 4402.9907, GNorm = 0.0033, lr_0 = 5.4317e-05
Validation sid = 0.232133
Epoch 577

Loss = 2.1475e-01, PNorm = 4405.3098, GNorm = 0.0041, lr_0 = 5.4281e-05
Validation sid = 0.232117
Epoch 578

Loss = 2.1474e-01, PNorm = 4407.6373, GNorm = 0.0037, lr_0 = 5.4244e-05
Validation sid = 0.232102
Epoch 579

Loss = 2.1472e-01, PNorm = 4409.9702, GNorm = 0.0062, lr_0 = 5.4208e-05
Validation sid = 0.232089
Epoch 580

Loss = 2.1469e-01, PNorm = 4412.2913, GNorm = 0.0025, lr_0 = 5.4171e-05
Validation sid = 0.232075
Epoch 581

Loss = 2.1466e-01, PNorm = 4414.6051, GNorm = 0.0034, lr_0 = 5.4135e-05
Validation sid = 0.232062
Epoch 582

Loss = 2.1464e-01, PNorm = 4416.8994, GNorm = 0.0044, lr_0 = 5.4098e-05
Validation sid = 0.232046
Epoch 583

Loss = 2.1461e-01, PNorm = 4419.2196, GNorm = 0.0051, lr_0 = 5.4062e-05
Validation sid = 0.232031
Epoch 584

Loss = 2.1458e-01, PNorm = 4421.5177, GNorm = 0.0058, lr_0 = 5.4026e-05
Validation sid = 0.232016
Epoch 585

Loss = 2.1455e-01, PNorm = 4423.7900, GNorm = 0.0037, lr_0 = 5.3989e-05
Validation sid = 0.232004
Epoch 586

Loss = 2.1451e-01, PNorm = 4426.0946, GNorm = 0.0030, lr_0 = 5.3953e-05
Validation sid = 0.231988
Epoch 587

Loss = 2.1450e-01, PNorm = 4428.3771, GNorm = 0.0048, lr_0 = 5.3917e-05
Validation sid = 0.231975
Epoch 588

Loss = 2.1447e-01, PNorm = 4430.6485, GNorm = 0.0036, lr_0 = 5.3880e-05
Validation sid = 0.231963
Epoch 589

Loss = 2.1445e-01, PNorm = 4432.9359, GNorm = 0.0040, lr_0 = 5.3844e-05
Validation sid = 0.231948
Epoch 590

Loss = 2.1443e-01, PNorm = 4435.1955, GNorm = 0.0046, lr_0 = 5.3808e-05
Validation sid = 0.231934
Epoch 591

Loss = 2.1440e-01, PNorm = 4437.4561, GNorm = 0.0034, lr_0 = 5.3772e-05
Validation sid = 0.231922
Epoch 592

Loss = 2.1437e-01, PNorm = 4439.7225, GNorm = 0.0045, lr_0 = 5.3735e-05
Validation sid = 0.231909
Epoch 593

Loss = 2.1435e-01, PNorm = 4441.9802, GNorm = 0.0035, lr_0 = 5.3699e-05
Validation sid = 0.231894
Epoch 594

Loss = 2.1432e-01, PNorm = 4444.2306, GNorm = 0.0037, lr_0 = 5.3663e-05
Validation sid = 0.231881
Epoch 595

Loss = 2.1430e-01, PNorm = 4446.4789, GNorm = 0.0045, lr_0 = 5.3627e-05
Validation sid = 0.231870
Epoch 596

Loss = 2.1427e-01, PNorm = 4448.7171, GNorm = 0.0049, lr_0 = 5.3591e-05
Validation sid = 0.231853
Epoch 597

Loss = 2.1424e-01, PNorm = 4450.9601, GNorm = 0.0047, lr_0 = 5.3555e-05
Validation sid = 0.231841
Epoch 598

Loss = 2.1422e-01, PNorm = 4453.1953, GNorm = 0.0038, lr_0 = 5.3519e-05
Validation sid = 0.231829
Epoch 599

Loss = 2.1419e-01, PNorm = 4455.4129, GNorm = 0.0048, lr_0 = 5.3483e-05
Validation sid = 0.231815
Epoch 600

Loss = 2.1416e-01, PNorm = 4457.6355, GNorm = 0.0029, lr_0 = 5.3447e-05
Validation sid = 0.231801
Epoch 601

Loss = 2.1413e-01, PNorm = 4459.8516, GNorm = 0.0045, lr_0 = 5.3411e-05
Validation sid = 0.231792
Epoch 602

Loss = 2.1411e-01, PNorm = 4462.0653, GNorm = 0.0047, lr_0 = 5.3375e-05
Validation sid = 0.231777
Epoch 603

Loss = 2.1409e-01, PNorm = 4464.2615, GNorm = 0.0042, lr_0 = 5.3339e-05
Validation sid = 0.231766
Epoch 604

Loss = 2.1406e-01, PNorm = 4466.4718, GNorm = 0.0052, lr_0 = 5.3303e-05
Validation sid = 0.231754
Epoch 605

Loss = 2.1404e-01, PNorm = 4468.6650, GNorm = 0.0043, lr_0 = 5.3267e-05
Validation sid = 0.231738
Epoch 606

Loss = 2.1402e-01, PNorm = 4470.8631, GNorm = 0.0047, lr_0 = 5.3231e-05
Validation sid = 0.231726
Epoch 607

Loss = 2.1399e-01, PNorm = 4473.0568, GNorm = 0.0046, lr_0 = 5.3195e-05
Validation sid = 0.231714
Epoch 608

Loss = 2.1394e-01, PNorm = 4475.2407, GNorm = 0.0040, lr_0 = 5.3160e-05
Validation sid = 0.231703
Epoch 609

Loss = 2.1394e-01, PNorm = 4477.4217, GNorm = 0.0051, lr_0 = 5.3124e-05
Validation sid = 0.231691
Epoch 610

Loss = 2.1391e-01, PNorm = 4479.5896, GNorm = 0.0046, lr_0 = 5.3088e-05
Validation sid = 0.231677
Epoch 611

Loss = 2.1389e-01, PNorm = 4481.7696, GNorm = 0.0053, lr_0 = 5.3052e-05
Validation sid = 0.231666
Epoch 612

Loss = 2.1387e-01, PNorm = 4483.9326, GNorm = 0.0049, lr_0 = 5.3017e-05
Validation sid = 0.231652
Epoch 613

Loss = 2.1384e-01, PNorm = 4486.0989, GNorm = 0.0044, lr_0 = 5.2981e-05
Validation sid = 0.231640
Epoch 614

Loss = 2.1381e-01, PNorm = 4488.2624, GNorm = 0.0032, lr_0 = 5.2945e-05
Validation sid = 0.231629
Epoch 615

Loss = 2.1379e-01, PNorm = 4490.4106, GNorm = 0.0050, lr_0 = 5.2910e-05
Validation sid = 0.231618
Epoch 616

Loss = 2.1376e-01, PNorm = 4492.5555, GNorm = 0.0052, lr_0 = 5.2874e-05
Validation sid = 0.231605
Epoch 617

Loss = 2.1375e-01, PNorm = 4494.7024, GNorm = 0.0030, lr_0 = 5.2838e-05
Validation sid = 0.231592
Epoch 618

Loss = 2.1372e-01, PNorm = 4496.8409, GNorm = 0.0040, lr_0 = 5.2803e-05
Validation sid = 0.231581
Epoch 619

Loss = 2.1370e-01, PNorm = 4498.9736, GNorm = 0.0045, lr_0 = 5.2767e-05
Validation sid = 0.231569
Epoch 620

Loss = 2.1367e-01, PNorm = 4501.0984, GNorm = 0.0045, lr_0 = 5.2732e-05
Validation sid = 0.231558
Epoch 621

Loss = 2.1365e-01, PNorm = 4503.2355, GNorm = 0.0037, lr_0 = 5.2696e-05
Validation sid = 0.231546
Epoch 622

Loss = 2.1363e-01, PNorm = 4505.3555, GNorm = 0.0047, lr_0 = 5.2661e-05
Validation sid = 0.231534
Epoch 623

Loss = 2.1360e-01, PNorm = 4507.4696, GNorm = 0.0059, lr_0 = 5.2625e-05
Validation sid = 0.231522
Epoch 624

Loss = 2.1358e-01, PNorm = 4509.5857, GNorm = 0.0039, lr_0 = 5.2590e-05
Validation sid = 0.231511
Epoch 625

Loss = 2.1355e-01, PNorm = 4511.7003, GNorm = 0.0055, lr_0 = 5.2555e-05
Validation sid = 0.231499
Epoch 626

Loss = 2.1354e-01, PNorm = 4513.8086, GNorm = 0.0042, lr_0 = 5.2519e-05
Validation sid = 0.231487
Epoch 627

Loss = 2.1351e-01, PNorm = 4515.9027, GNorm = 0.0038, lr_0 = 5.2484e-05
Validation sid = 0.231476
Epoch 628

Loss = 2.1349e-01, PNorm = 4517.9987, GNorm = 0.0048, lr_0 = 5.2448e-05
Validation sid = 0.231465
Epoch 629

Loss = 2.1347e-01, PNorm = 4520.0909, GNorm = 0.0039, lr_0 = 5.2413e-05
Validation sid = 0.231453
Epoch 630

Loss = 2.1344e-01, PNorm = 4522.1689, GNorm = 0.0033, lr_0 = 5.2378e-05
Validation sid = 0.231443
Epoch 631

Loss = 2.1342e-01, PNorm = 4524.2547, GNorm = 0.0051, lr_0 = 5.2343e-05
Validation sid = 0.231432
Epoch 632

Loss = 2.1340e-01, PNorm = 4526.3395, GNorm = 0.0051, lr_0 = 5.2307e-05
Validation sid = 0.231423
Epoch 633

Loss = 2.1337e-01, PNorm = 4528.4185, GNorm = 0.0037, lr_0 = 5.2272e-05
Validation sid = 0.231412
Epoch 634

Loss = 2.1335e-01, PNorm = 4530.4804, GNorm = 0.0048, lr_0 = 5.2237e-05
Validation sid = 0.231400
Epoch 635

Loss = 2.1333e-01, PNorm = 4532.5515, GNorm = 0.0037, lr_0 = 5.2202e-05
Validation sid = 0.231390
Epoch 636

Loss = 2.1331e-01, PNorm = 4534.6125, GNorm = 0.0056, lr_0 = 5.2167e-05
Validation sid = 0.231378
Epoch 637

Loss = 2.1328e-01, PNorm = 4536.6548, GNorm = 0.0047, lr_0 = 5.2132e-05
Validation sid = 0.231367
Epoch 638

Loss = 2.1326e-01, PNorm = 4538.7094, GNorm = 0.0033, lr_0 = 5.2096e-05
Validation sid = 0.231354
Epoch 639

Loss = 2.1323e-01, PNorm = 4540.7654, GNorm = 0.0041, lr_0 = 5.2061e-05
Validation sid = 0.231345
Epoch 640

Loss = 2.1322e-01, PNorm = 4542.8068, GNorm = 0.0040, lr_0 = 5.2026e-05
Validation sid = 0.231334
Epoch 641

Loss = 2.1319e-01, PNorm = 4544.8467, GNorm = 0.0042, lr_0 = 5.1991e-05
Validation sid = 0.231322
Epoch 642

Loss = 2.1317e-01, PNorm = 4546.8959, GNorm = 0.0046, lr_0 = 5.1956e-05
Validation sid = 0.231314
Epoch 643

Loss = 2.1315e-01, PNorm = 4548.9202, GNorm = 0.0047, lr_0 = 5.1921e-05
Validation sid = 0.231304
Epoch 644

Loss = 2.1312e-01, PNorm = 4550.9513, GNorm = 0.0044, lr_0 = 5.1886e-05
Validation sid = 0.231294
Epoch 645

Loss = 2.1311e-01, PNorm = 4552.9717, GNorm = 0.0043, lr_0 = 5.1851e-05
Validation sid = 0.231281
Epoch 646

Loss = 2.1308e-01, PNorm = 4554.9930, GNorm = 0.0040, lr_0 = 5.1817e-05
Validation sid = 0.231272
Epoch 647

Loss = 2.1306e-01, PNorm = 4557.0031, GNorm = 0.0047, lr_0 = 5.1782e-05
Validation sid = 0.231262
Epoch 648

Loss = 2.1304e-01, PNorm = 4559.0167, GNorm = 0.0058, lr_0 = 5.1747e-05
Validation sid = 0.231251
Epoch 649

Loss = 2.1302e-01, PNorm = 4561.0176, GNorm = 0.0045, lr_0 = 5.1712e-05
Validation sid = 0.231241
Epoch 650

Loss = 2.1300e-01, PNorm = 4563.0272, GNorm = 0.0046, lr_0 = 5.1677e-05
Validation sid = 0.231231
Epoch 651

Loss = 2.1295e-01, PNorm = 4565.0144, GNorm = 0.0038, lr_0 = 5.1642e-05
Validation sid = 0.231221
Epoch 652

Loss = 2.1295e-01, PNorm = 4567.0064, GNorm = 0.0035, lr_0 = 5.1608e-05
Validation sid = 0.231211
Epoch 653

Loss = 2.1293e-01, PNorm = 4569.0063, GNorm = 0.0036, lr_0 = 5.1573e-05
Validation sid = 0.231199
Epoch 654

Loss = 2.1292e-01, PNorm = 4570.9847, GNorm = 0.0045, lr_0 = 5.1538e-05
Validation sid = 0.231190
Epoch 655

Loss = 2.1289e-01, PNorm = 4572.9719, GNorm = 0.0045, lr_0 = 5.1504e-05
Validation sid = 0.231181
Epoch 656

Loss = 2.1287e-01, PNorm = 4574.9532, GNorm = 0.0058, lr_0 = 5.1469e-05
Validation sid = 0.231171
Epoch 657

Loss = 2.1285e-01, PNorm = 4576.9326, GNorm = 0.0041, lr_0 = 5.1434e-05
Validation sid = 0.231163
Epoch 658

Loss = 2.1283e-01, PNorm = 4578.8939, GNorm = 0.0041, lr_0 = 5.1400e-05
Validation sid = 0.231152
Epoch 659

Loss = 2.1280e-01, PNorm = 4580.8645, GNorm = 0.0042, lr_0 = 5.1365e-05
Validation sid = 0.231142
Epoch 660

Loss = 2.1279e-01, PNorm = 4582.8233, GNorm = 0.0041, lr_0 = 5.1330e-05
Validation sid = 0.231132
Epoch 661

Loss = 2.1277e-01, PNorm = 4584.7817, GNorm = 0.0040, lr_0 = 5.1296e-05
Validation sid = 0.231122
Epoch 662

Loss = 2.1275e-01, PNorm = 4586.7420, GNorm = 0.0055, lr_0 = 5.1261e-05
Validation sid = 0.231113
Epoch 663

Loss = 2.1273e-01, PNorm = 4588.6960, GNorm = 0.0040, lr_0 = 5.1227e-05
Validation sid = 0.231105
Epoch 664

Loss = 2.1270e-01, PNorm = 4590.6368, GNorm = 0.0050, lr_0 = 5.1192e-05
Validation sid = 0.231093
Epoch 665

Loss = 2.1268e-01, PNorm = 4592.6021, GNorm = 0.0048, lr_0 = 5.1158e-05
Validation sid = 0.231085
Epoch 666

Loss = 2.1267e-01, PNorm = 4594.5385, GNorm = 0.0032, lr_0 = 5.1123e-05
Validation sid = 0.231076
Epoch 667

Loss = 2.1263e-01, PNorm = 4596.4729, GNorm = 0.0037, lr_0 = 5.1089e-05
Validation sid = 0.231066
Epoch 668

Loss = 2.1261e-01, PNorm = 4598.4093, GNorm = 0.0039, lr_0 = 5.1055e-05
Validation sid = 0.231057
Epoch 669

Loss = 2.1261e-01, PNorm = 4600.3301, GNorm = 0.0041, lr_0 = 5.1020e-05
Validation sid = 0.231045
Epoch 670

Loss = 2.1259e-01, PNorm = 4602.2616, GNorm = 0.0050, lr_0 = 5.0986e-05
Validation sid = 0.231039
Epoch 671

Loss = 2.1256e-01, PNorm = 4604.1790, GNorm = 0.0040, lr_0 = 5.0952e-05
Validation sid = 0.231029
Epoch 672

Loss = 2.1254e-01, PNorm = 4606.0866, GNorm = 0.0045, lr_0 = 5.0917e-05
Validation sid = 0.231020
Epoch 673

Loss = 2.1252e-01, PNorm = 4608.0132, GNorm = 0.0029, lr_0 = 5.0883e-05
Validation sid = 0.231011
Epoch 674

Loss = 2.1250e-01, PNorm = 4609.9179, GNorm = 0.0042, lr_0 = 5.0849e-05
Validation sid = 0.231002
Epoch 675

Loss = 2.1248e-01, PNorm = 4611.8182, GNorm = 0.0037, lr_0 = 5.0815e-05
Validation sid = 0.230994
Epoch 676

Loss = 2.1247e-01, PNorm = 4613.7150, GNorm = 0.0035, lr_0 = 5.0780e-05
Validation sid = 0.230986
Epoch 677

Loss = 2.1244e-01, PNorm = 4615.6119, GNorm = 0.0041, lr_0 = 5.0746e-05
Validation sid = 0.230974
Epoch 678

Loss = 2.1243e-01, PNorm = 4617.5049, GNorm = 0.0047, lr_0 = 5.0712e-05
Validation sid = 0.230965
Epoch 679

Loss = 2.1240e-01, PNorm = 4619.3944, GNorm = 0.0041, lr_0 = 5.0678e-05
Validation sid = 0.230958
Epoch 680

Loss = 2.1239e-01, PNorm = 4621.2825, GNorm = 0.0054, lr_0 = 5.0644e-05
Validation sid = 0.230947
Epoch 681

Loss = 2.1237e-01, PNorm = 4623.1691, GNorm = 0.0042, lr_0 = 5.0610e-05
Validation sid = 0.230939
Epoch 682

Loss = 2.1234e-01, PNorm = 4625.0542, GNorm = 0.0050, lr_0 = 5.0576e-05
Validation sid = 0.230930
Epoch 683

Loss = 2.1233e-01, PNorm = 4626.9247, GNorm = 0.0042, lr_0 = 5.0542e-05
Validation sid = 0.230921
Epoch 684

Loss = 2.1230e-01, PNorm = 4628.8035, GNorm = 0.0057, lr_0 = 5.0508e-05
Validation sid = 0.230914
Epoch 685

Loss = 2.1229e-01, PNorm = 4630.6740, GNorm = 0.0040, lr_0 = 5.0474e-05
Validation sid = 0.230907
Epoch 686

Loss = 2.1227e-01, PNorm = 4632.5397, GNorm = 0.0043, lr_0 = 5.0440e-05
Validation sid = 0.230897
Epoch 687

Loss = 2.1225e-01, PNorm = 4634.3940, GNorm = 0.0039, lr_0 = 5.0406e-05
Validation sid = 0.230891
Epoch 688

Loss = 2.1223e-01, PNorm = 4636.2474, GNorm = 0.0038, lr_0 = 5.0372e-05
Validation sid = 0.230880
Epoch 689

Loss = 2.1221e-01, PNorm = 4638.1052, GNorm = 0.0039, lr_0 = 5.0338e-05
Validation sid = 0.230871
Epoch 690

Loss = 2.1219e-01, PNorm = 4639.9635, GNorm = 0.0043, lr_0 = 5.0304e-05
Validation sid = 0.230863
Epoch 691

Loss = 2.1218e-01, PNorm = 4641.8062, GNorm = 0.0037, lr_0 = 5.0270e-05
Validation sid = 0.230854
Epoch 692

Loss = 2.1216e-01, PNorm = 4643.6518, GNorm = 0.0041, lr_0 = 5.0236e-05
Validation sid = 0.230846
Epoch 693

Loss = 2.1213e-01, PNorm = 4645.4749, GNorm = 0.0050, lr_0 = 5.0202e-05
Validation sid = 0.230838
Epoch 694

Loss = 2.1212e-01, PNorm = 4647.3156, GNorm = 0.0054, lr_0 = 5.0169e-05
Validation sid = 0.230830
Epoch 695

Loss = 2.1209e-01, PNorm = 4649.1480, GNorm = 0.0044, lr_0 = 5.0135e-05
Validation sid = 0.230822
Epoch 696

Loss = 2.1208e-01, PNorm = 4650.9741, GNorm = 0.0042, lr_0 = 5.0101e-05
Validation sid = 0.230813
Epoch 697

Loss = 2.1207e-01, PNorm = 4652.8051, GNorm = 0.0047, lr_0 = 5.0067e-05
Validation sid = 0.230804
Epoch 698

Loss = 2.1205e-01, PNorm = 4654.6316, GNorm = 0.0046, lr_0 = 5.0034e-05
Validation sid = 0.230796
Epoch 699

Loss = 2.1202e-01, PNorm = 4656.4479, GNorm = 0.0042, lr_0 = 5.0000e-05
Validation sid = 0.230788
Model 0 best validation sid = 0.230788 on epoch 699
Loading pretrained parameter "ffn.0.weights".
Loading pretrained parameter "ffn.1.weight".
Loading pretrained parameter "ffn.1.bias".
Moving model to cuda
Model 0 test sid = 0.226642
Ensemble test sid = 0.226642
1-fold cross validation
Seed 0 ==> test sid = 0.226642
Overall test sid = 0.226642 +/- 0.000000
