Fold 0
{'activation': 'ReLU',
 'atom_messages': False,
 'batch_size': 50,
 'bias': False,
 'bias_ffn': True,
 'checkpoint_dir': None,
 'checkpoint_path': None,
 'checkpoint_paths': None,
 'config_path': './recommended_config.json',
 'convergence_margin': 100000000.0,
 'crossval_index_dir': None,
 'crossval_index_file': None,
 'cuda': True,
 'data_path': 'chempropIRZenodo/trained_ir_model/computed_model/computed_spectra.csv',
 'dataset_type': 'spectra',
 'depth': 6,
 'device': 'cuda:0',
 'dropout': 0.05,
 'ensemble_size': 1,
 'epochs': 250,
 'features_generator': None,
 'features_only': False,
 'features_path': None,
 'features_scaling': False,
 'ffn_hidden_size': 2200,
 'ffn_num_layers': 3,
 'final_lr': 7e-05,
 'folds_file': None,
 'frzn_mpn_checkpoint': 'model/test/model_0.pt',
 'gpu': 0,
 'hidden_size': 2200,
 'init_lr': 0.0001,
 'max_data_size': 10000,
 'max_lr': 7e-05,
 'metric': 'sid',
 'minimize_score': True,
 'multiclass_num_classes': 3,
 'no_cache': False,
 'normalization_end': 550,
 'normalization_start': 50,
 'num_folds': 1,
 'num_lrs': 1,
 'output_activation': 'exp',
 'quiet': False,
 'save_dir': './output/model/fold_0',
 'save_smiles_splits': True,
 'seed': 0,
 'separate_test_features_path': None,
 'separate_test_path': None,
 'separate_val_features_path': None,
 'separate_val_path': None,
 'show_individual_scores': False,
 'sm_eps': 1e-08,
 'sm_thresh': 1e-08,
 'spectral_loss_function': 'sid',
 'spectral_mask_path': None,
 'split_sizes': [0.8, 0.1, 0.1],
 'split_type': 'random_with_repeated_smiles',
 'target_scaling': True,
 'test': False,
 'test_fold_index': None,
 'torch_seed': None,
 'undirected': False,
 'use_compound_names': False,
 'use_input_features': None,
 'val_fold_index': None,
 'warmup_epochs': 2.0}
Loading data
Number of tasks = 1801
Splitting data with seed 0
Total size = 10,000 | train size = 8,000 | val size = 1,000 | test size = 1,000
Pre-normalizing training targets
Building model 0
Loading mpn parameters from model/test/model_0.pt
Loading pretrained parameter "encoder.encoder.W_i.weight".
Loading pretrained parameter "encoder.encoder.W_h.weight".
Loading pretrained parameter "encoder.encoder.W_o.weight".
Loading pretrained parameter "encoder.encoder.W_o.bias".
MoleculeModel(
  (encoder): MPN(
    (encoder): MPNEncoder(
      (dropout_layer): Dropout(p=0.05, inplace=False)
      (act_func): ReLU()
      (W_i): Linear(in_features=147, out_features=2200, bias=False)
      (W_h): Linear(in_features=2200, out_features=2200, bias=False)
      (W_o): Linear(in_features=2333, out_features=2200, bias=True)
    )
  )
  (encoder_layers): Sequential(
    (0): Linear(in_features=2200, out_features=2048, bias=True)
    (1): ReLU()
    (2): Dropout(p=0.05, inplace=False)
    (3): Linear(in_features=2200, out_features=1024, bias=True)
    (4): ReLU()
    (5): Dropout(p=0.05, inplace=False)
    (6): Linear(in_features=2200, out_features=512, bias=True)
    (7): ReLU()
    (8): Dropout(p=0.05, inplace=False)
    (9): Linear(in_features=2200, out_features=256, bias=True)
    (10): ReLU()
    (11): Dropout(p=0.05, inplace=False)
    (12): Linear(in_features=2200, out_features=128, bias=True)
    (13): ReLU()
    (14): Dropout(p=0.05, inplace=False)
  )
  (latent_layer): Linear(in_features=2200, out_features=64, bias=True)
  (decoder_layers): Sequential(
    (0): Linear(in_features=64, out_features=128, bias=True)
    (1): ReLU()
    (2): Dropout(p=0.05, inplace=False)
    (3): Linear(in_features=128, out_features=256, bias=True)
    (4): ReLU()
    (5): Dropout(p=0.05, inplace=False)
    (6): Linear(in_features=256, out_features=512, bias=True)
    (7): ReLU()
    (8): Dropout(p=0.05, inplace=False)
    (9): Linear(in_features=512, out_features=1024, bias=True)
    (10): ReLU()
    (11): Dropout(p=0.05, inplace=False)
    (12): Linear(in_features=1024, out_features=2048, bias=True)
    (13): ReLU()
    (14): Dropout(p=0.05, inplace=False)
  )
  (decoder_output): Linear(in_features=2048, out_features=1801, bias=True)
)
Number of parameters = 15,362,121
Moving model to cuda
Epoch 0

Loss = 7.3953e-01, PNorm = 231.3605, GNorm = 0.1273, lr_0 = 8.4906e-05
Validation sid = 0.424478
Epoch 1

Loss = 4.1761e-01, PNorm = 231.4125, GNorm = 0.1420, lr_0 = 7.0000e-05
Validation sid = 0.357598
Epoch 2

Loss = 3.2551e-01, PNorm = 231.4930, GNorm = 0.1408, lr_0 = 7.0000e-05
Validation sid = 0.277295
Epoch 3

Loss = 2.6550e-01, PNorm = 231.5665, GNorm = 0.1091, lr_0 = 7.0000e-05
Validation sid = 0.238495
Epoch 4

Loss = 2.3299e-01, PNorm = 231.6311, GNorm = 0.2421, lr_0 = 7.0000e-05
Validation sid = 0.208461
Epoch 5

Loss = 2.1655e-01, PNorm = 231.6879, GNorm = 0.2481, lr_0 = 7.0000e-05
Validation sid = 0.196898
Epoch 6

Loss = 2.0021e-01, PNorm = 231.7555, GNorm = 0.1320, lr_0 = 7.0000e-05
Validation sid = 0.180256
Epoch 7

Loss = 1.8772e-01, PNorm = 231.8145, GNorm = 0.2040, lr_0 = 7.0000e-05
Validation sid = 0.171995
Epoch 8

Loss = 1.7633e-01, PNorm = 231.8835, GNorm = 0.1529, lr_0 = 7.0000e-05
Validation sid = 0.159135
Epoch 9

Loss = 1.6542e-01, PNorm = 231.9423, GNorm = 0.1804, lr_0 = 7.0000e-05
Validation sid = 0.150925
Epoch 10

Loss = 1.5743e-01, PNorm = 231.9939, GNorm = 0.3227, lr_0 = 7.0000e-05
Validation sid = 0.144291
Epoch 11

Loss = 1.5166e-01, PNorm = 232.0475, GNorm = 0.1381, lr_0 = 7.0000e-05
Validation sid = 0.138576
Epoch 12

Loss = 1.4635e-01, PNorm = 232.1038, GNorm = 0.1240, lr_0 = 7.0000e-05
Validation sid = 0.133016
Epoch 13

Loss = 1.4068e-01, PNorm = 232.1587, GNorm = 0.1454, lr_0 = 7.0000e-05
Validation sid = 0.127585
Epoch 14

Loss = 1.3584e-01, PNorm = 232.2082, GNorm = 0.1427, lr_0 = 7.0000e-05
Validation sid = 0.124666
Epoch 15

Loss = 1.3209e-01, PNorm = 232.2576, GNorm = 0.1599, lr_0 = 7.0000e-05
Validation sid = 0.120752
Epoch 16

Loss = 1.2864e-01, PNorm = 232.3080, GNorm = 0.1224, lr_0 = 7.0000e-05
Validation sid = 0.118924
Epoch 17

Loss = 1.2585e-01, PNorm = 232.3575, GNorm = 0.1585, lr_0 = 7.0000e-05
Validation sid = 0.116163
Epoch 18

Loss = 1.2253e-01, PNorm = 232.4096, GNorm = 0.1763, lr_0 = 7.0000e-05
Validation sid = 0.112508
Epoch 19

Loss = 1.1949e-01, PNorm = 232.4599, GNorm = 0.1425, lr_0 = 7.0000e-05
Validation sid = 0.110235
Epoch 20

Loss = 1.1619e-01, PNorm = 232.5118, GNorm = 0.1277, lr_0 = 7.0000e-05
Validation sid = 0.107135
Epoch 21

Loss = 1.1369e-01, PNorm = 232.5610, GNorm = 0.1670, lr_0 = 7.0000e-05
Validation sid = 0.104988
Epoch 22

Loss = 1.1099e-01, PNorm = 232.6121, GNorm = 0.1748, lr_0 = 7.0000e-05
Validation sid = 0.104241
Epoch 23

Loss = 1.0905e-01, PNorm = 232.6624, GNorm = 0.1297, lr_0 = 7.0000e-05
Validation sid = 0.102152
Epoch 24

Loss = 1.0674e-01, PNorm = 232.7147, GNorm = 0.1357, lr_0 = 7.0000e-05
Validation sid = 0.099390
Epoch 25

Loss = 1.0444e-01, PNorm = 232.7701, GNorm = 0.1274, lr_0 = 7.0000e-05
Validation sid = 0.097224
Epoch 26

Loss = 1.0195e-01, PNorm = 232.8237, GNorm = 0.1790, lr_0 = 7.0000e-05
Validation sid = 0.095002
Epoch 27

Loss = 9.9839e-02, PNorm = 232.8782, GNorm = 0.1123, lr_0 = 7.0000e-05
Validation sid = 0.093131
Epoch 28

Loss = 9.8072e-02, PNorm = 232.9358, GNorm = 0.1121, lr_0 = 7.0000e-05
Validation sid = 0.091767
Epoch 29

Loss = 9.6307e-02, PNorm = 232.9905, GNorm = 0.1146, lr_0 = 7.0000e-05
Validation sid = 0.090762
Epoch 30

Loss = 9.4501e-02, PNorm = 233.0459, GNorm = 0.1638, lr_0 = 7.0000e-05
Validation sid = 0.088909
Epoch 31

Loss = 9.3039e-02, PNorm = 233.1038, GNorm = 0.1284, lr_0 = 7.0000e-05
Validation sid = 0.087458
Epoch 32

Loss = 9.1261e-02, PNorm = 233.1610, GNorm = 0.1159, lr_0 = 7.0000e-05
Validation sid = 0.086157
Epoch 33

Loss = 8.9731e-02, PNorm = 233.2169, GNorm = 0.1369, lr_0 = 7.0000e-05
Validation sid = 0.084179
Epoch 34

Loss = 8.8733e-02, PNorm = 233.2744, GNorm = 0.1537, lr_0 = 7.0000e-05
Validation sid = 0.082876
Epoch 35

Loss = 8.7082e-02, PNorm = 233.3322, GNorm = 0.1228, lr_0 = 7.0000e-05
Validation sid = 0.081915
Epoch 36

Loss = 8.6019e-02, PNorm = 233.3939, GNorm = 0.1469, lr_0 = 7.0000e-05
Validation sid = 0.080883
Epoch 37

Loss = 8.4559e-02, PNorm = 233.4532, GNorm = 0.1255, lr_0 = 7.0000e-05
Validation sid = 0.079740
Epoch 38

Loss = 8.3221e-02, PNorm = 233.5123, GNorm = 0.1211, lr_0 = 7.0000e-05
Validation sid = 0.079196
Epoch 39

Loss = 8.2432e-02, PNorm = 233.5751, GNorm = 0.1369, lr_0 = 7.0000e-05
Validation sid = 0.077886
Epoch 40

Loss = 8.1100e-02, PNorm = 233.6371, GNorm = 0.1188, lr_0 = 7.0000e-05
Validation sid = 0.077418
Epoch 41

Loss = 8.0241e-02, PNorm = 233.6986, GNorm = 0.1336, lr_0 = 7.0000e-05
Validation sid = 0.076315
Epoch 42

Loss = 7.9185e-02, PNorm = 233.7624, GNorm = 0.1180, lr_0 = 7.0000e-05
Validation sid = 0.075434
Epoch 43

Loss = 7.8205e-02, PNorm = 233.8218, GNorm = 0.1382, lr_0 = 7.0000e-05
Validation sid = 0.074760
Epoch 44

Loss = 7.6956e-02, PNorm = 233.8841, GNorm = 0.1186, lr_0 = 7.0000e-05
Validation sid = 0.073824
Epoch 45

Loss = 7.6350e-02, PNorm = 233.9487, GNorm = 0.0988, lr_0 = 7.0000e-05
Validation sid = 0.072848
Epoch 46

Loss = 7.5405e-02, PNorm = 234.0144, GNorm = 0.1149, lr_0 = 7.0000e-05
Validation sid = 0.072697
Epoch 47

Loss = 7.4455e-02, PNorm = 234.0779, GNorm = 0.1285, lr_0 = 7.0000e-05
Validation sid = 0.071857
Epoch 48

Loss = 7.3601e-02, PNorm = 234.1433, GNorm = 0.1228, lr_0 = 7.0000e-05
Validation sid = 0.071185
Epoch 49

Loss = 7.2733e-02, PNorm = 234.2082, GNorm = 0.1360, lr_0 = 7.0000e-05
Validation sid = 0.070429
Epoch 50

Loss = 7.1839e-02, PNorm = 234.2691, GNorm = 0.1162, lr_0 = 7.0000e-05
Validation sid = 0.070222
Epoch 51

Loss = 7.1312e-02, PNorm = 234.3383, GNorm = 0.1812, lr_0 = 7.0000e-05
Validation sid = 0.069833
Epoch 52

Loss = 7.0464e-02, PNorm = 234.4058, GNorm = 0.1100, lr_0 = 7.0000e-05
Validation sid = 0.068949
Epoch 53

Loss = 6.9805e-02, PNorm = 234.4727, GNorm = 0.1229, lr_0 = 7.0000e-05
Validation sid = 0.067950
Epoch 54

Loss = 6.9153e-02, PNorm = 234.5384, GNorm = 0.1065, lr_0 = 7.0000e-05
Validation sid = 0.067789
Epoch 55

Loss = 6.8604e-02, PNorm = 234.6096, GNorm = 0.1195, lr_0 = 7.0000e-05
Validation sid = 0.067271
Epoch 56

Loss = 6.7976e-02, PNorm = 234.6742, GNorm = 0.1347, lr_0 = 7.0000e-05
Validation sid = 0.066607
Epoch 57

Loss = 6.7546e-02, PNorm = 234.7427, GNorm = 0.1387, lr_0 = 7.0000e-05
Validation sid = 0.066120
Epoch 58

Loss = 6.6782e-02, PNorm = 234.8126, GNorm = 0.1039, lr_0 = 7.0000e-05
Validation sid = 0.066100
Epoch 59

Loss = 6.6163e-02, PNorm = 234.8807, GNorm = 0.1169, lr_0 = 7.0000e-05
Validation sid = 0.065903
Epoch 60

Loss = 6.5814e-02, PNorm = 234.9549, GNorm = 0.1590, lr_0 = 7.0000e-05
Validation sid = 0.065283
Epoch 61

Loss = 6.5182e-02, PNorm = 235.0265, GNorm = 0.1088, lr_0 = 7.0000e-05
Validation sid = 0.064658
Epoch 62

Loss = 6.4604e-02, PNorm = 235.0987, GNorm = 0.1203, lr_0 = 7.0000e-05
Validation sid = 0.064457
Epoch 63

Loss = 6.4262e-02, PNorm = 235.1704, GNorm = 0.1217, lr_0 = 7.0000e-05
Validation sid = 0.064268
Epoch 64

Loss = 6.3644e-02, PNorm = 235.2413, GNorm = 0.1155, lr_0 = 7.0000e-05
Validation sid = 0.063306
Epoch 65

Loss = 6.3255e-02, PNorm = 235.3130, GNorm = 0.1232, lr_0 = 7.0000e-05
Validation sid = 0.062964
Epoch 66

Loss = 6.2629e-02, PNorm = 235.3817, GNorm = 0.1020, lr_0 = 7.0000e-05
Validation sid = 0.062666
Epoch 67

Loss = 6.2114e-02, PNorm = 235.4539, GNorm = 0.1101, lr_0 = 7.0000e-05
Validation sid = 0.062369
Epoch 68

Loss = 6.1822e-02, PNorm = 235.5295, GNorm = 0.1523, lr_0 = 7.0000e-05
Validation sid = 0.062256
Epoch 69

Loss = 6.1469e-02, PNorm = 235.6004, GNorm = 0.1095, lr_0 = 7.0000e-05
Validation sid = 0.061463
Epoch 70

Loss = 6.0934e-02, PNorm = 235.6772, GNorm = 0.1360, lr_0 = 7.0000e-05
Validation sid = 0.061016
Epoch 71

Loss = 6.0370e-02, PNorm = 235.7514, GNorm = 0.1354, lr_0 = 7.0000e-05
Validation sid = 0.060783
Epoch 72

Loss = 5.9943e-02, PNorm = 235.8177, GNorm = 0.1098, lr_0 = 7.0000e-05
Validation sid = 0.060631
Epoch 73

Loss = 5.9475e-02, PNorm = 235.8930, GNorm = 0.1313, lr_0 = 7.0000e-05
Validation sid = 0.060074
Epoch 74

Loss = 5.8964e-02, PNorm = 235.9643, GNorm = 0.1053, lr_0 = 7.0000e-05
Validation sid = 0.059574
Epoch 75

Loss = 5.8600e-02, PNorm = 236.0372, GNorm = 0.1485, lr_0 = 7.0000e-05
Validation sid = 0.059386
Epoch 76

Loss = 5.8279e-02, PNorm = 236.1123, GNorm = 0.1222, lr_0 = 7.0000e-05
Validation sid = 0.059453
Epoch 77

Loss = 5.7869e-02, PNorm = 236.1851, GNorm = 0.0960, lr_0 = 7.0000e-05
Validation sid = 0.058846
Epoch 78

Loss = 5.7362e-02, PNorm = 236.2620, GNorm = 0.1163, lr_0 = 7.0000e-05
Validation sid = 0.058273
Epoch 79

Loss = 5.7087e-02, PNorm = 236.3377, GNorm = 0.1036, lr_0 = 7.0000e-05
Validation sid = 0.058331
Epoch 80

Loss = 5.6708e-02, PNorm = 236.4091, GNorm = 0.1077, lr_0 = 7.0000e-05
Validation sid = 0.057988
Epoch 81

Loss = 5.6298e-02, PNorm = 236.4843, GNorm = 0.1301, lr_0 = 7.0000e-05
Validation sid = 0.057206
Epoch 82

Loss = 5.5824e-02, PNorm = 236.5580, GNorm = 0.1020, lr_0 = 7.0000e-05
Validation sid = 0.057354
Epoch 83

Loss = 5.5500e-02, PNorm = 236.6342, GNorm = 0.1282, lr_0 = 7.0000e-05
Validation sid = 0.057228
Epoch 84

Loss = 5.5225e-02, PNorm = 236.7035, GNorm = 0.1167, lr_0 = 7.0000e-05
Validation sid = 0.056651
Epoch 85

Loss = 5.4863e-02, PNorm = 236.7780, GNorm = 0.1265, lr_0 = 7.0000e-05
Validation sid = 0.056554
Epoch 86

Loss = 5.4776e-02, PNorm = 236.8572, GNorm = 0.1033, lr_0 = 7.0000e-05
Validation sid = 0.057063
Epoch 87

Loss = 5.4045e-02, PNorm = 236.9289, GNorm = 0.1402, lr_0 = 7.0000e-05
Validation sid = 0.056008
Epoch 88

Loss = 5.3892e-02, PNorm = 237.0030, GNorm = 0.1217, lr_0 = 7.0000e-05
Validation sid = 0.056414
Epoch 89

Loss = 5.3692e-02, PNorm = 237.0816, GNorm = 0.1214, lr_0 = 7.0000e-05
Validation sid = 0.056075
Epoch 90

Loss = 5.3187e-02, PNorm = 237.1559, GNorm = 0.1149, lr_0 = 7.0000e-05
Validation sid = 0.055529
Epoch 91

Loss = 5.3017e-02, PNorm = 237.2339, GNorm = 0.1297, lr_0 = 7.0000e-05
Validation sid = 0.055629
Epoch 92

Loss = 5.2813e-02, PNorm = 237.3059, GNorm = 0.1066, lr_0 = 7.0000e-05
Validation sid = 0.055360
Epoch 93

Loss = 5.2600e-02, PNorm = 237.3820, GNorm = 0.1132, lr_0 = 7.0000e-05
Validation sid = 0.054978
Epoch 94

Loss = 5.2003e-02, PNorm = 237.4523, GNorm = 0.1138, lr_0 = 7.0000e-05
Validation sid = 0.055049
Epoch 95

Loss = 5.1832e-02, PNorm = 237.5318, GNorm = 0.1148, lr_0 = 7.0000e-05
Validation sid = 0.055088
Epoch 96

Loss = 5.1677e-02, PNorm = 237.6076, GNorm = 0.1153, lr_0 = 7.0000e-05
Validation sid = 0.054431
Epoch 97

Loss = 5.1441e-02, PNorm = 237.6810, GNorm = 0.1044, lr_0 = 7.0000e-05
Validation sid = 0.054301
Epoch 98

Loss = 5.1223e-02, PNorm = 237.7554, GNorm = 0.1096, lr_0 = 7.0000e-05
Validation sid = 0.054112
Epoch 99

Loss = 5.0837e-02, PNorm = 237.8264, GNorm = 0.1118, lr_0 = 7.0000e-05
Validation sid = 0.054229
Epoch 100

Loss = 5.0499e-02, PNorm = 237.9078, GNorm = 0.1041, lr_0 = 7.0000e-05
Validation sid = 0.053738
Epoch 101

Loss = 5.0448e-02, PNorm = 237.9818, GNorm = 0.1603, lr_0 = 7.0000e-05
Validation sid = 0.053778
Epoch 102

Loss = 5.0210e-02, PNorm = 238.0610, GNorm = 0.1451, lr_0 = 7.0000e-05
Validation sid = 0.053586
Epoch 103

Loss = 4.9897e-02, PNorm = 238.1347, GNorm = 0.1068, lr_0 = 7.0000e-05
Validation sid = 0.053726
Epoch 104

Loss = 4.9774e-02, PNorm = 238.2129, GNorm = 0.1350, lr_0 = 7.0000e-05
Validation sid = 0.053319
Epoch 105

Loss = 4.9539e-02, PNorm = 238.2929, GNorm = 0.1121, lr_0 = 7.0000e-05
Validation sid = 0.053432
Epoch 106

Loss = 4.9412e-02, PNorm = 238.3607, GNorm = 0.1190, lr_0 = 7.0000e-05
Validation sid = 0.053300
Epoch 107

Loss = 4.9090e-02, PNorm = 238.4433, GNorm = 0.1038, lr_0 = 7.0000e-05
Validation sid = 0.053025
Epoch 108

Loss = 4.9052e-02, PNorm = 238.5164, GNorm = 0.1003, lr_0 = 7.0000e-05
Validation sid = 0.053139
Epoch 109

Loss = 4.8509e-02, PNorm = 238.5974, GNorm = 0.1059, lr_0 = 7.0000e-05
Validation sid = 0.052967
Epoch 110

Loss = 4.8204e-02, PNorm = 238.6649, GNorm = 0.1047, lr_0 = 7.0000e-05
Validation sid = 0.052548
Epoch 111

Loss = 4.8269e-02, PNorm = 238.7424, GNorm = 0.1148, lr_0 = 7.0000e-05
Validation sid = 0.052936
Epoch 112

Loss = 4.8105e-02, PNorm = 238.8213, GNorm = 0.0932, lr_0 = 7.0000e-05
Validation sid = 0.052463
Epoch 113

Loss = 4.7706e-02, PNorm = 238.8950, GNorm = 0.0903, lr_0 = 7.0000e-05
Validation sid = 0.052368
Epoch 114

Loss = 4.7613e-02, PNorm = 238.9765, GNorm = 0.1049, lr_0 = 7.0000e-05
Validation sid = 0.052278
Epoch 115

Loss = 4.7466e-02, PNorm = 239.0512, GNorm = 0.1091, lr_0 = 7.0000e-05
Validation sid = 0.051898
Epoch 116

Loss = 4.7443e-02, PNorm = 239.1249, GNorm = 0.1056, lr_0 = 7.0000e-05
Validation sid = 0.051817
Epoch 117

Loss = 4.7165e-02, PNorm = 239.2049, GNorm = 0.1280, lr_0 = 7.0000e-05
Validation sid = 0.052222
Epoch 118

Loss = 4.6820e-02, PNorm = 239.2864, GNorm = 0.1067, lr_0 = 7.0000e-05
Validation sid = 0.051674
Epoch 119

Loss = 4.6497e-02, PNorm = 239.3565, GNorm = 0.0987, lr_0 = 7.0000e-05
Validation sid = 0.051910
Epoch 120

Loss = 4.6429e-02, PNorm = 239.4312, GNorm = 0.0999, lr_0 = 7.0000e-05
Validation sid = 0.051626
Epoch 121

Loss = 4.6140e-02, PNorm = 239.5061, GNorm = 0.1041, lr_0 = 7.0000e-05
Validation sid = 0.051534
Epoch 122

Loss = 4.5997e-02, PNorm = 239.5889, GNorm = 0.0866, lr_0 = 7.0000e-05
Validation sid = 0.051729
Epoch 123

Loss = 4.5846e-02, PNorm = 239.6693, GNorm = 0.1205, lr_0 = 7.0000e-05
Validation sid = 0.051570
Epoch 124

Loss = 4.5738e-02, PNorm = 239.7460, GNorm = 0.1073, lr_0 = 7.0000e-05
Validation sid = 0.050998
Epoch 125

Loss = 4.5347e-02, PNorm = 239.8164, GNorm = 0.1069, lr_0 = 7.0000e-05
Validation sid = 0.051337
Epoch 126

Loss = 4.5324e-02, PNorm = 239.8964, GNorm = 0.0988, lr_0 = 7.0000e-05
Validation sid = 0.051158
Epoch 127

Loss = 4.5252e-02, PNorm = 239.9750, GNorm = 0.0926, lr_0 = 7.0000e-05
Validation sid = 0.050748
Epoch 128

Loss = 4.4894e-02, PNorm = 240.0582, GNorm = 0.0852, lr_0 = 7.0000e-05
Validation sid = 0.050772
Epoch 129

Loss = 4.4799e-02, PNorm = 240.1330, GNorm = 0.0956, lr_0 = 7.0000e-05
Validation sid = 0.050682
Epoch 130

Loss = 4.4748e-02, PNorm = 240.2072, GNorm = 0.1049, lr_0 = 7.0000e-05
Validation sid = 0.050754
Epoch 131

Loss = 4.4634e-02, PNorm = 240.2962, GNorm = 0.0965, lr_0 = 7.0000e-05
Validation sid = 0.050220
Epoch 132

Loss = 4.4289e-02, PNorm = 240.3660, GNorm = 0.1844, lr_0 = 7.0000e-05
Validation sid = 0.050253
Epoch 133

Loss = 4.4075e-02, PNorm = 240.4483, GNorm = 0.1265, lr_0 = 7.0000e-05
Validation sid = 0.050411
Epoch 134

Loss = 4.3995e-02, PNorm = 240.5179, GNorm = 0.1176, lr_0 = 7.0000e-05
Validation sid = 0.050211
Epoch 135

Loss = 4.3735e-02, PNorm = 240.6000, GNorm = 0.0952, lr_0 = 7.0000e-05
Validation sid = 0.050115
Epoch 136

Loss = 4.3351e-02, PNorm = 240.6731, GNorm = 0.0800, lr_0 = 7.0000e-05
Validation sid = 0.049894
Epoch 137

Loss = 4.3534e-02, PNorm = 240.7533, GNorm = 0.0983, lr_0 = 7.0000e-05
Validation sid = 0.049709
Epoch 138

Loss = 4.3196e-02, PNorm = 240.8318, GNorm = 0.1337, lr_0 = 7.0000e-05
Validation sid = 0.050151
Epoch 139

Loss = 4.3176e-02, PNorm = 240.9031, GNorm = 0.1085, lr_0 = 7.0000e-05
Validation sid = 0.049811
Epoch 140

Loss = 4.2964e-02, PNorm = 240.9852, GNorm = 0.1321, lr_0 = 7.0000e-05
Validation sid = 0.049448
Epoch 141

Loss = 4.2806e-02, PNorm = 241.0627, GNorm = 0.1033, lr_0 = 7.0000e-05
Validation sid = 0.049496
Epoch 142

Loss = 4.2694e-02, PNorm = 241.1434, GNorm = 0.0973, lr_0 = 7.0000e-05
Validation sid = 0.049419
Epoch 143

Loss = 4.2696e-02, PNorm = 241.2147, GNorm = 0.0912, lr_0 = 7.0000e-05
Validation sid = 0.049545
Epoch 144

Loss = 4.2271e-02, PNorm = 241.2926, GNorm = 0.0987, lr_0 = 7.0000e-05
Validation sid = 0.049374
Epoch 145

Loss = 4.2083e-02, PNorm = 241.3676, GNorm = 0.1147, lr_0 = 7.0000e-05
Validation sid = 0.049140
Epoch 146

Loss = 4.1892e-02, PNorm = 241.4444, GNorm = 0.1115, lr_0 = 7.0000e-05
Validation sid = 0.049315
Epoch 147

Loss = 4.1805e-02, PNorm = 241.5230, GNorm = 0.1088, lr_0 = 7.0000e-05
Validation sid = 0.048928
Epoch 148

Loss = 4.1543e-02, PNorm = 241.5999, GNorm = 0.1064, lr_0 = 7.0000e-05
Validation sid = 0.049048
Epoch 149

Loss = 4.1617e-02, PNorm = 241.6864, GNorm = 0.1176, lr_0 = 7.0000e-05
Validation sid = 0.048976
Epoch 150

Loss = 4.1345e-02, PNorm = 241.7643, GNorm = 0.1192, lr_0 = 7.0000e-05
Validation sid = 0.048860
Epoch 151

Loss = 4.1360e-02, PNorm = 241.8478, GNorm = 0.1187, lr_0 = 7.0000e-05
Validation sid = 0.048505
Epoch 152

Loss = 4.1124e-02, PNorm = 241.9205, GNorm = 0.0896, lr_0 = 7.0000e-05
Validation sid = 0.048644
Epoch 153

Loss = 4.1069e-02, PNorm = 241.9997, GNorm = 0.1016, lr_0 = 7.0000e-05
Validation sid = 0.048425
Epoch 154

Loss = 4.0705e-02, PNorm = 242.0769, GNorm = 0.0832, lr_0 = 7.0000e-05
Validation sid = 0.048637
Epoch 155

Loss = 4.0836e-02, PNorm = 242.1558, GNorm = 0.1055, lr_0 = 7.0000e-05
Validation sid = 0.048591
Epoch 156

Loss = 4.0541e-02, PNorm = 242.2369, GNorm = 0.1205, lr_0 = 7.0000e-05
Validation sid = 0.048352
Epoch 157

Loss = 4.0397e-02, PNorm = 242.3138, GNorm = 0.0784, lr_0 = 7.0000e-05
Validation sid = 0.048345
Epoch 158

Loss = 4.0471e-02, PNorm = 242.3913, GNorm = 0.1038, lr_0 = 7.0000e-05
Validation sid = 0.048380
Epoch 159

Loss = 3.9989e-02, PNorm = 242.4682, GNorm = 0.0975, lr_0 = 7.0000e-05
Validation sid = 0.048175
Epoch 160

Loss = 4.0202e-02, PNorm = 242.5487, GNorm = 0.1052, lr_0 = 7.0000e-05
Validation sid = 0.048067
Epoch 161

Loss = 3.9880e-02, PNorm = 242.6258, GNorm = 0.0881, lr_0 = 7.0000e-05
Validation sid = 0.048152
Epoch 162

Loss = 3.9720e-02, PNorm = 242.7064, GNorm = 0.1014, lr_0 = 7.0000e-05
Validation sid = 0.048033
Epoch 163

Loss = 3.9447e-02, PNorm = 242.7733, GNorm = 0.0885, lr_0 = 7.0000e-05
Validation sid = 0.047829
Epoch 164

Loss = 3.9407e-02, PNorm = 242.8567, GNorm = 0.0967, lr_0 = 7.0000e-05
Validation sid = 0.048022
Epoch 165

Loss = 3.9429e-02, PNorm = 242.9343, GNorm = 0.0916, lr_0 = 7.0000e-05
Validation sid = 0.047966
Epoch 166

Loss = 3.9285e-02, PNorm = 243.0174, GNorm = 0.0896, lr_0 = 7.0000e-05
Validation sid = 0.047974
Epoch 167

Loss = 3.9012e-02, PNorm = 243.0993, GNorm = 0.0943, lr_0 = 7.0000e-05
Validation sid = 0.047643
Epoch 168

Loss = 3.9094e-02, PNorm = 243.1772, GNorm = 0.0799, lr_0 = 7.0000e-05
Validation sid = 0.047698
Epoch 169

Loss = 3.8863e-02, PNorm = 243.2554, GNorm = 0.1068, lr_0 = 7.0000e-05
Validation sid = 0.047581
Epoch 170

Loss = 3.8856e-02, PNorm = 243.3337, GNorm = 0.0995, lr_0 = 7.0000e-05
Validation sid = 0.047574
Epoch 171

Loss = 3.8547e-02, PNorm = 243.4068, GNorm = 0.0907, lr_0 = 7.0000e-05
Validation sid = 0.047465
Epoch 172

Loss = 3.8340e-02, PNorm = 243.4890, GNorm = 0.0990, lr_0 = 7.0000e-05
Validation sid = 0.047519
Epoch 173

Loss = 3.8366e-02, PNorm = 243.5650, GNorm = 0.0895, lr_0 = 7.0000e-05
Validation sid = 0.047679
Epoch 174

Loss = 3.8173e-02, PNorm = 243.6460, GNorm = 0.0809, lr_0 = 7.0000e-05
Validation sid = 0.047475
Epoch 175

Loss = 3.7928e-02, PNorm = 243.7268, GNorm = 0.1070, lr_0 = 7.0000e-05
Validation sid = 0.047319
Epoch 176

Loss = 3.8089e-02, PNorm = 243.8000, GNorm = 0.0899, lr_0 = 7.0000e-05
Validation sid = 0.047012
Epoch 177

Loss = 3.7882e-02, PNorm = 243.8786, GNorm = 0.0836, lr_0 = 7.0000e-05
Validation sid = 0.046960
Epoch 178

Loss = 3.7719e-02, PNorm = 243.9510, GNorm = 0.1009, lr_0 = 7.0000e-05
Validation sid = 0.046954
Epoch 179

Loss = 3.7650e-02, PNorm = 244.0331, GNorm = 0.0844, lr_0 = 7.0000e-05
Validation sid = 0.046958
Epoch 180

Loss = 3.7526e-02, PNorm = 244.1111, GNorm = 0.0927, lr_0 = 7.0000e-05
Validation sid = 0.047143
Epoch 181

Loss = 3.7219e-02, PNorm = 244.1849, GNorm = 0.0826, lr_0 = 7.0000e-05
Validation sid = 0.046983
Epoch 182

Loss = 3.7290e-02, PNorm = 244.2667, GNorm = 0.0819, lr_0 = 7.0000e-05
Validation sid = 0.046853
Epoch 183

Loss = 3.7258e-02, PNorm = 244.3551, GNorm = 0.0959, lr_0 = 7.0000e-05
Validation sid = 0.046815
Epoch 184

Loss = 3.6975e-02, PNorm = 244.4289, GNorm = 0.1046, lr_0 = 7.0000e-05
Validation sid = 0.047007
Epoch 185

Loss = 3.6985e-02, PNorm = 244.5039, GNorm = 0.1034, lr_0 = 7.0000e-05
Validation sid = 0.046928
Epoch 186

Loss = 3.6815e-02, PNorm = 244.5833, GNorm = 0.0970, lr_0 = 7.0000e-05
Validation sid = 0.046626
Epoch 187

Loss = 3.6664e-02, PNorm = 244.6530, GNorm = 0.0913, lr_0 = 7.0000e-05
Validation sid = 0.046906
Epoch 188

Loss = 3.6708e-02, PNorm = 244.7322, GNorm = 0.1211, lr_0 = 7.0000e-05
Validation sid = 0.046768
Epoch 189

Loss = 3.6359e-02, PNorm = 244.8169, GNorm = 0.0966, lr_0 = 7.0000e-05
Validation sid = 0.046776
Epoch 190

Loss = 3.6490e-02, PNorm = 244.8897, GNorm = 0.0944, lr_0 = 7.0000e-05
Validation sid = 0.046606
Epoch 191

Loss = 3.6318e-02, PNorm = 244.9717, GNorm = 0.0830, lr_0 = 7.0000e-05
Validation sid = 0.046573
Epoch 192

Loss = 3.6505e-02, PNorm = 245.0544, GNorm = 0.0958, lr_0 = 7.0000e-05
Validation sid = 0.046497
Epoch 193

Loss = 3.5951e-02, PNorm = 245.1362, GNorm = 0.0915, lr_0 = 7.0000e-05
Validation sid = 0.046297
Epoch 194

Loss = 3.5786e-02, PNorm = 245.2117, GNorm = 0.0945, lr_0 = 7.0000e-05
Validation sid = 0.046276
Epoch 195

Loss = 3.5752e-02, PNorm = 245.2899, GNorm = 0.1041, lr_0 = 7.0000e-05
Validation sid = 0.046424
Epoch 196

Loss = 3.5875e-02, PNorm = 245.3732, GNorm = 0.0897, lr_0 = 7.0000e-05
Validation sid = 0.046275
Epoch 197

Loss = 3.5713e-02, PNorm = 245.4601, GNorm = 0.0991, lr_0 = 7.0000e-05
Validation sid = 0.046344
Epoch 198

Loss = 3.5403e-02, PNorm = 245.5309, GNorm = 0.0898, lr_0 = 7.0000e-05
Validation sid = 0.046090
Epoch 199

Loss = 3.5427e-02, PNorm = 245.6050, GNorm = 0.0922, lr_0 = 7.0000e-05
Validation sid = 0.046469
Epoch 200

Loss = 3.5263e-02, PNorm = 245.6871, GNorm = 0.1080, lr_0 = 7.0000e-05
Validation sid = 0.045964
Epoch 201

Loss = 3.5225e-02, PNorm = 245.7675, GNorm = 0.1000, lr_0 = 7.0000e-05
Validation sid = 0.046396
Epoch 202

Loss = 3.5131e-02, PNorm = 245.8486, GNorm = 0.0947, lr_0 = 7.0000e-05
Validation sid = 0.046135
Epoch 203

Loss = 3.5056e-02, PNorm = 245.9299, GNorm = 0.0855, lr_0 = 7.0000e-05
Validation sid = 0.046117
Epoch 204

Loss = 3.4945e-02, PNorm = 245.9935, GNorm = 0.1170, lr_0 = 7.0000e-05
Validation sid = 0.045863
Epoch 205

Loss = 3.4878e-02, PNorm = 246.0869, GNorm = 0.1061, lr_0 = 7.0000e-05
Validation sid = 0.045968
Epoch 206

Loss = 3.4778e-02, PNorm = 246.1662, GNorm = 0.0757, lr_0 = 7.0000e-05
Validation sid = 0.045803
Epoch 207

Loss = 3.4570e-02, PNorm = 246.2365, GNorm = 0.0867, lr_0 = 7.0000e-05
Validation sid = 0.045850
Epoch 208

Loss = 3.4425e-02, PNorm = 246.3198, GNorm = 0.1030, lr_0 = 7.0000e-05
Validation sid = 0.045637
Epoch 209

Loss = 3.4457e-02, PNorm = 246.3984, GNorm = 0.0853, lr_0 = 7.0000e-05
Validation sid = 0.045867
Epoch 210

Loss = 3.4445e-02, PNorm = 246.4685, GNorm = 0.0776, lr_0 = 7.0000e-05
Validation sid = 0.045800
Epoch 211

Loss = 3.4190e-02, PNorm = 246.5428, GNorm = 0.0778, lr_0 = 7.0000e-05
Validation sid = 0.045716
Epoch 212

Loss = 3.4192e-02, PNorm = 246.6232, GNorm = 0.1049, lr_0 = 7.0000e-05
Validation sid = 0.045764
Epoch 213

Loss = 3.4037e-02, PNorm = 246.7072, GNorm = 0.0732, lr_0 = 7.0000e-05
Validation sid = 0.045712
Epoch 214

Loss = 3.3861e-02, PNorm = 246.7868, GNorm = 0.0929, lr_0 = 7.0000e-05
Validation sid = 0.046063
Epoch 215

Loss = 3.4064e-02, PNorm = 246.8745, GNorm = 0.1019, lr_0 = 7.0000e-05
Validation sid = 0.045921
Epoch 216

Loss = 3.3756e-02, PNorm = 246.9475, GNorm = 0.0966, lr_0 = 7.0000e-05
Validation sid = 0.045949
Epoch 217

Loss = 3.3731e-02, PNorm = 247.0250, GNorm = 0.0793, lr_0 = 7.0000e-05
Validation sid = 0.045445
Epoch 218

Loss = 3.3706e-02, PNorm = 247.1101, GNorm = 0.0995, lr_0 = 7.0000e-05
Validation sid = 0.045920
Epoch 219

Loss = 3.3455e-02, PNorm = 247.1836, GNorm = 0.0907, lr_0 = 7.0000e-05
Validation sid = 0.045672
Epoch 220

Loss = 3.3353e-02, PNorm = 247.2520, GNorm = 0.0902, lr_0 = 7.0000e-05
Validation sid = 0.045788
Epoch 221

Loss = 3.3170e-02, PNorm = 247.3350, GNorm = 0.0896, lr_0 = 7.0000e-05
Validation sid = 0.045469
Epoch 222

Loss = 3.3222e-02, PNorm = 247.4050, GNorm = 0.0902, lr_0 = 7.0000e-05
Validation sid = 0.045577
Epoch 223

Loss = 3.3052e-02, PNorm = 247.4905, GNorm = 0.0816, lr_0 = 7.0000e-05
Validation sid = 0.045538
Epoch 224

Loss = 3.3142e-02, PNorm = 247.5622, GNorm = 0.0851, lr_0 = 7.0000e-05
Validation sid = 0.045523
Epoch 225

Loss = 3.2959e-02, PNorm = 247.6487, GNorm = 0.0835, lr_0 = 7.0000e-05
Validation sid = 0.045742
Epoch 226

Loss = 3.2950e-02, PNorm = 247.7301, GNorm = 0.0772, lr_0 = 7.0000e-05
Validation sid = 0.045098
Epoch 227

Loss = 3.2700e-02, PNorm = 247.8043, GNorm = 0.0996, lr_0 = 7.0000e-05
Validation sid = 0.045209
Epoch 228

Loss = 3.2797e-02, PNorm = 247.8805, GNorm = 0.0911, lr_0 = 7.0000e-05
Validation sid = 0.045283
Epoch 229

Loss = 3.2754e-02, PNorm = 247.9654, GNorm = 0.0933, lr_0 = 7.0000e-05
Validation sid = 0.045237
Epoch 230

Loss = 3.2559e-02, PNorm = 248.0369, GNorm = 0.0853, lr_0 = 7.0000e-05
Validation sid = 0.045449
Epoch 231

Loss = 3.2580e-02, PNorm = 248.1184, GNorm = 0.0925, lr_0 = 7.0000e-05
Validation sid = 0.045194
Epoch 232

Loss = 3.2464e-02, PNorm = 248.1951, GNorm = 0.0902, lr_0 = 7.0000e-05
Validation sid = 0.045206
Epoch 233

Loss = 3.2308e-02, PNorm = 248.2771, GNorm = 0.0892, lr_0 = 7.0000e-05
Validation sid = 0.045163
Epoch 234

Loss = 3.2394e-02, PNorm = 248.3564, GNorm = 0.0791, lr_0 = 7.0000e-05
Validation sid = 0.045342
Epoch 235

Loss = 3.2191e-02, PNorm = 248.4343, GNorm = 0.0812, lr_0 = 7.0000e-05
Validation sid = 0.045395
Epoch 236

Loss = 3.1890e-02, PNorm = 248.5054, GNorm = 0.1086, lr_0 = 7.0000e-05
Validation sid = 0.045323
Epoch 237

Loss = 3.2092e-02, PNorm = 248.5874, GNorm = 0.0686, lr_0 = 7.0000e-05
Validation sid = 0.045600
Epoch 238

Loss = 3.1904e-02, PNorm = 248.6666, GNorm = 0.1065, lr_0 = 7.0000e-05
Validation sid = 0.044939
Epoch 239

Loss = 3.1718e-02, PNorm = 248.7369, GNorm = 0.0962, lr_0 = 7.0000e-05
Validation sid = 0.045360
Epoch 240

Loss = 3.1897e-02, PNorm = 248.8154, GNorm = 0.0868, lr_0 = 7.0000e-05
Validation sid = 0.045121
Epoch 241

Loss = 3.1660e-02, PNorm = 248.8875, GNorm = 0.0783, lr_0 = 7.0000e-05
Validation sid = 0.045160
Epoch 242

Loss = 3.1594e-02, PNorm = 248.9765, GNorm = 0.0911, lr_0 = 7.0000e-05
Validation sid = 0.045133
Epoch 243

Loss = 3.1553e-02, PNorm = 249.0459, GNorm = 0.0928, lr_0 = 7.0000e-05
Validation sid = 0.045280
Epoch 244

Loss = 3.1560e-02, PNorm = 249.1319, GNorm = 0.0932, lr_0 = 7.0000e-05
Validation sid = 0.045157
Epoch 245

Loss = 3.1339e-02, PNorm = 249.2060, GNorm = 0.0952, lr_0 = 7.0000e-05
Validation sid = 0.045000
Epoch 246

Loss = 3.1068e-02, PNorm = 249.2845, GNorm = 0.0950, lr_0 = 7.0000e-05
Validation sid = 0.044716
Epoch 247

Loss = 3.1183e-02, PNorm = 249.3702, GNorm = 0.0893, lr_0 = 7.0000e-05
Validation sid = 0.045144
Epoch 248

Loss = 3.1143e-02, PNorm = 249.4431, GNorm = 0.0780, lr_0 = 7.0000e-05
Validation sid = 0.044810
Epoch 249

Loss = 3.1117e-02, PNorm = 249.5198, GNorm = 0.0891, lr_0 = 7.0000e-05
Validation sid = 0.045248
Model 0 best validation sid = 0.044716 on epoch 246
Loading pretrained parameter "encoder.encoder.cached_zero_vector".
Loading pretrained parameter "encoder.encoder.W_i.weight".
Loading pretrained parameter "encoder.encoder.W_h.weight".
Loading pretrained parameter "encoder.encoder.W_o.weight".
Loading pretrained parameter "encoder.encoder.W_o.bias".
Pretrained parameter "encoder_layers.0.weight" cannot be found in model parameters.
Pretrained parameter "encoder_layers.0.bias" cannot be found in model parameters.
Pretrained parameter "encoder_layers.3.weight" cannot be found in model parameters.
Pretrained parameter "encoder_layers.3.bias" cannot be found in model parameters.
Pretrained parameter "encoder_layers.6.weight" cannot be found in model parameters.
Pretrained parameter "encoder_layers.6.bias" cannot be found in model parameters.
Pretrained parameter "encoder_layers.9.weight" cannot be found in model parameters.
Pretrained parameter "encoder_layers.9.bias" cannot be found in model parameters.
Pretrained parameter "encoder_layers.12.weight" cannot be found in model parameters.
Pretrained parameter "encoder_layers.12.bias" cannot be found in model parameters.
Pretrained parameter "latent_layer.weight" cannot be found in model parameters.
Pretrained parameter "latent_layer.bias" cannot be found in model parameters.
Pretrained parameter "decoder_layers.0.weight" cannot be found in model parameters.
Pretrained parameter "decoder_layers.0.bias" cannot be found in model parameters.
Pretrained parameter "decoder_layers.3.weight" cannot be found in model parameters.
Pretrained parameter "decoder_layers.3.bias" cannot be found in model parameters.
Pretrained parameter "decoder_layers.6.weight" cannot be found in model parameters.
Pretrained parameter "decoder_layers.6.bias" cannot be found in model parameters.
Pretrained parameter "decoder_layers.9.weight" cannot be found in model parameters.
Pretrained parameter "decoder_layers.9.bias" cannot be found in model parameters.
Pretrained parameter "decoder_layers.12.weight" cannot be found in model parameters.
Pretrained parameter "decoder_layers.12.bias" cannot be found in model parameters.
Pretrained parameter "decoder_output.weight" cannot be found in model parameters.
Pretrained parameter "decoder_output.bias" cannot be found in model parameters.
Moving model to cuda
Model 0 test sid = 2.200908
Ensemble test sid = 2.200908
1-fold cross validation
Seed 0 ==> test sid = 2.200908
Overall test sid = 2.200908 +/- 0.000000
Fold 0
{'activation': 'ReLU',
 'atom_messages': False,
 'batch_size': 50,
 'bias': False,
 'bias_ffn': True,
 'checkpoint_dir': None,
 'checkpoint_path': None,
 'checkpoint_paths': None,
 'config_path': './recommended_config.json',
 'convergence_margin': 100000000.0,
 'crossval_index_dir': None,
 'crossval_index_file': None,
 'cuda': True,
 'data_path': 'chempropIRZenodo/trained_ir_model/computed_model/test_full.csv',
 'dataset_type': 'spectra',
 'depth': 6,
 'device': 'cuda:0',
 'dropout': 0.05,
 'ensemble_size': 1,
 'epochs': 250,
 'features_generator': None,
 'features_only': False,
 'features_path': None,
 'features_scaling': False,
 'ffn_hidden_size': 2200,
 'ffn_num_layers': 3,
 'final_lr': 7e-05,
 'folds_file': None,
 'frzn_mpn_checkpoint': 'model/test/model_0.pt',
 'gpu': 0,
 'hidden_size': 2200,
 'init_lr': 0.0001,
 'max_data_size': None,
 'max_lr': 7e-05,
 'metric': 'sid',
 'minimize_score': True,
 'multiclass_num_classes': 3,
 'no_cache': False,
 'normalization_end': 550,
 'normalization_start': 50,
 'num_folds': 1,
 'num_lrs': 1,
 'output_activation': 'exp',
 'quiet': False,
 'save_dir': './output/model/fold_0',
 'save_smiles_splits': True,
 'seed': 0,
 'separate_test_features_path': None,
 'separate_test_path': None,
 'separate_val_features_path': None,
 'separate_val_path': None,
 'show_individual_scores': False,
 'sm_eps': 1e-08,
 'sm_thresh': 1e-08,
 'spectral_loss_function': 'sid',
 'spectral_mask_path': None,
 'split_sizes': [0.8, 0.1, 0.1],
 'split_type': 'random_with_repeated_smiles',
 'target_scaling': True,
 'test': False,
 'test_fold_index': None,
 'torch_seed': None,
 'undirected': False,
 'use_compound_names': False,
 'use_input_features': None,
 'val_fold_index': None,
 'warmup_epochs': 2.0}
Loading data
Number of tasks = 1801
Splitting data with seed 0
Total size = 8,551 | train size = 6,840 | val size = 855 | test size = 856
Pre-normalizing training targets
Building model 0
Loading mpn parameters from model/test/model_0.pt
Loading pretrained parameter "encoder.encoder.W_i.weight".
Loading pretrained parameter "encoder.encoder.W_h.weight".
Loading pretrained parameter "encoder.encoder.W_o.weight".
Loading pretrained parameter "encoder.encoder.W_o.bias".
MoleculeModel(
  (encoder): MPN(
    (encoder): MPNEncoder(
      (dropout_layer): Dropout(p=0.05, inplace=False)
      (act_func): ReLU()
      (W_i): Linear(in_features=147, out_features=2200, bias=False)
      (W_h): Linear(in_features=2200, out_features=2200, bias=False)
      (W_o): Linear(in_features=2333, out_features=2200, bias=True)
    )
  )
  (qnn_layers): ModuleList(
    (0-549): 550 x <Quantum Torch Layer: func=qnode>
  )
  (ffn): Sequential(
    (0): Dropout(p=0.05, inplace=False)
    (1): Linear(in_features=2200, out_features=2200, bias=True)
    (2): ReLU()
    (3): Dropout(p=0.05, inplace=False)
    (4): Linear(in_features=2200, out_features=2200, bias=True)
    (5): ReLU()
    (6): Dropout(p=0.05, inplace=False)
    (7): Linear(in_features=2200, out_features=1801, bias=True)
  )
)
Number of parameters = 13,661,601
Moving model to cuda
Epoch 0

Loss = 6.4221e-01, PNorm = 227.1351, GNorm = 0.2575, lr_0 = 8.4890e-05
Validation sid = 0.544580
Epoch 1

Loss = 5.3614e-01, PNorm = 227.1443, GNorm = 0.2358, lr_0 = 7.0000e-05
Validation sid = 0.540482
Epoch 2

Loss = 5.2862e-01, PNorm = 227.1534, GNorm = 0.1592, lr_0 = 7.0000e-05
Validation sid = 0.538076
Epoch 3

Loss = 5.2662e-01, PNorm = 227.1642, GNorm = 0.1473, lr_0 = 7.0000e-05
Validation sid = 0.538723
Epoch 4

Loss = 5.2512e-01, PNorm = 227.1744, GNorm = 0.1895, lr_0 = 7.0000e-05
Validation sid = 0.535844
Epoch 5

Loss = 5.2438e-01, PNorm = 227.1837, GNorm = 0.1157, lr_0 = 7.0000e-05
Validation sid = 0.536843
Epoch 6

Loss = 5.2178e-01, PNorm = 227.1942, GNorm = 0.2091, lr_0 = 7.0000e-05
Validation sid = 0.536084
Epoch 7

Loss = 5.2141e-01, PNorm = 227.2048, GNorm = 0.1748, lr_0 = 7.0000e-05
Validation sid = 0.535322
Epoch 8

Loss = 5.2125e-01, PNorm = 227.2161, GNorm = 0.4617, lr_0 = 7.0000e-05
Validation sid = 0.541731
Epoch 9

Loss = 5.2119e-01, PNorm = 227.2259, GNorm = 0.4142, lr_0 = 7.0000e-05
Validation sid = 0.536858
Epoch 10

Loss = 5.2066e-01, PNorm = 227.2352, GNorm = 0.0960, lr_0 = 7.0000e-05
Validation sid = 0.535547
Epoch 11

Loss = 5.1986e-01, PNorm = 227.2467, GNorm = 0.1425, lr_0 = 7.0000e-05
Validation sid = 0.536187
Epoch 12

Loss = 5.2047e-01, PNorm = 227.2566, GNorm = 0.2027, lr_0 = 7.0000e-05
Validation sid = 0.535542
Epoch 13

Loss = 5.1908e-01, PNorm = 227.2673, GNorm = 0.1869, lr_0 = 7.0000e-05
Validation sid = 0.535831
Epoch 14

Loss = 5.2004e-01, PNorm = 227.2784, GNorm = 0.2846, lr_0 = 7.0000e-05
Validation sid = 0.535551
Epoch 15

Loss = 5.1939e-01, PNorm = 227.2885, GNorm = 0.1404, lr_0 = 7.0000e-05
Validation sid = 0.535495
Epoch 16

Loss = 5.1854e-01, PNorm = 227.3004, GNorm = 0.2254, lr_0 = 7.0000e-05
Validation sid = 0.537780
Epoch 17

Loss = 5.1887e-01, PNorm = 227.3135, GNorm = 0.5020, lr_0 = 7.0000e-05
Validation sid = 0.535749
Epoch 18

Loss = 5.1875e-01, PNorm = 227.3249, GNorm = 0.3418, lr_0 = 7.0000e-05
Validation sid = 0.535717
Epoch 19

Loss = 5.1811e-01, PNorm = 227.3367, GNorm = 0.3634, lr_0 = 7.0000e-05
Validation sid = 0.534678
Epoch 20

Loss = 5.1809e-01, PNorm = 227.3505, GNorm = 0.0946, lr_0 = 7.0000e-05
Validation sid = 0.535226
Epoch 21

Loss = 5.1835e-01, PNorm = 227.3620, GNorm = 0.1367, lr_0 = 7.0000e-05
Validation sid = 0.535963
Epoch 22

Loss = 5.1680e-01, PNorm = 227.3762, GNorm = 0.1113, lr_0 = 7.0000e-05
Validation sid = 0.534800
Epoch 23

Loss = 5.1823e-01, PNorm = 227.3905, GNorm = 0.1367, lr_0 = 7.0000e-05
Validation sid = 0.539010
Epoch 24

Loss = 5.1819e-01, PNorm = 227.4013, GNorm = 0.0870, lr_0 = 7.0000e-05
Validation sid = 0.535399
Epoch 25

Loss = 5.1591e-01, PNorm = 227.4153, GNorm = 0.1211, lr_0 = 7.0000e-05
Validation sid = 0.534961
Epoch 26

Loss = 5.1709e-01, PNorm = 227.4306, GNorm = 0.1500, lr_0 = 7.0000e-05
Validation sid = 0.535981
Epoch 27

Loss = 5.1745e-01, PNorm = 227.4447, GNorm = 0.1277, lr_0 = 7.0000e-05
Validation sid = 0.535329
Epoch 28

Loss = 5.1743e-01, PNorm = 227.4592, GNorm = 0.0857, lr_0 = 7.0000e-05
Validation sid = 0.535331
Epoch 29

Loss = 5.1748e-01, PNorm = 227.4740, GNorm = 0.1220, lr_0 = 7.0000e-05
Validation sid = 0.534969
Epoch 30

Loss = 5.1684e-01, PNorm = 227.4883, GNorm = 0.2026, lr_0 = 7.0000e-05
Validation sid = 0.535966
Epoch 31

Loss = 5.1728e-01, PNorm = 227.5029, GNorm = 0.1844, lr_0 = 7.0000e-05
Validation sid = 0.535637
Epoch 32

Loss = 5.1730e-01, PNorm = 227.5186, GNorm = 0.2458, lr_0 = 7.0000e-05
Validation sid = 0.535039
Epoch 33

Loss = 5.1779e-01, PNorm = 227.5324, GNorm = 0.2371, lr_0 = 7.0000e-05
Validation sid = 0.538893
Epoch 34

Loss = 5.1653e-01, PNorm = 227.5470, GNorm = 0.1861, lr_0 = 7.0000e-05
Validation sid = 0.534999
Epoch 35

Loss = 5.1611e-01, PNorm = 227.5635, GNorm = 0.0839, lr_0 = 7.0000e-05
Validation sid = 0.535682
Epoch 36

Loss = 5.1584e-01, PNorm = 227.5790, GNorm = 0.1441, lr_0 = 7.0000e-05
Validation sid = 0.534520
Epoch 37

Loss = 5.1670e-01, PNorm = 227.5973, GNorm = 0.3337, lr_0 = 7.0000e-05
Validation sid = 0.535596
Epoch 38

Loss = 5.1573e-01, PNorm = 227.6152, GNorm = 0.0860, lr_0 = 7.0000e-05
Validation sid = 0.535049
Epoch 39

Loss = 5.1603e-01, PNorm = 227.6324, GNorm = 0.2227, lr_0 = 7.0000e-05
Validation sid = 0.534890
Epoch 40

Loss = 5.1630e-01, PNorm = 227.6531, GNorm = 0.1430, lr_0 = 7.0000e-05
Validation sid = 0.535720
Epoch 41

Loss = 5.1599e-01, PNorm = 227.6686, GNorm = 0.0678, lr_0 = 7.0000e-05
Validation sid = 0.534641
Epoch 42

Loss = 5.1552e-01, PNorm = 227.6908, GNorm = 0.1092, lr_0 = 7.0000e-05
Validation sid = 0.534628
Epoch 43

Loss = 5.1509e-01, PNorm = 227.7110, GNorm = 0.2701, lr_0 = 7.0000e-05
Validation sid = 0.538031
Epoch 44

Loss = 5.1635e-01, PNorm = 227.7312, GNorm = 0.0683, lr_0 = 7.0000e-05
Validation sid = 0.535915
Epoch 45

Loss = 5.1587e-01, PNorm = 227.7508, GNorm = 0.3832, lr_0 = 7.0000e-05
Validation sid = 0.536347
Epoch 46

Loss = 5.1643e-01, PNorm = 227.7726, GNorm = 0.2894, lr_0 = 7.0000e-05
Validation sid = 0.534966
Epoch 47

Loss = 5.1552e-01, PNorm = 227.7887, GNorm = 0.2410, lr_0 = 7.0000e-05
Validation sid = 0.534485
Epoch 48

Loss = 5.1524e-01, PNorm = 227.8086, GNorm = 0.0930, lr_0 = 7.0000e-05
Validation sid = 0.536510
Epoch 49

Loss = 5.1519e-01, PNorm = 227.8313, GNorm = 0.0799, lr_0 = 7.0000e-05
Validation sid = 0.535487
Epoch 50

Loss = 5.1589e-01, PNorm = 227.8491, GNorm = 0.1652, lr_0 = 7.0000e-05
Validation sid = 0.534709
Epoch 51

Loss = 5.1611e-01, PNorm = 227.8720, GNorm = 0.2427, lr_0 = 7.0000e-05
Validation sid = 0.534689
Epoch 52

Loss = 5.1509e-01, PNorm = 227.8879, GNorm = 0.2594, lr_0 = 7.0000e-05
Validation sid = 0.534922
Epoch 53

Loss = 5.1454e-01, PNorm = 227.9099, GNorm = 0.1589, lr_0 = 7.0000e-05
Validation sid = 0.534310
Epoch 54

Loss = 5.1579e-01, PNorm = 227.9350, GNorm = 0.1026, lr_0 = 7.0000e-05
Validation sid = 0.534464
Epoch 55

Loss = 5.1602e-01, PNorm = 227.9563, GNorm = 0.1281, lr_0 = 7.0000e-05
Validation sid = 0.534721
Epoch 56

Loss = 5.1571e-01, PNorm = 227.9820, GNorm = 0.3468, lr_0 = 7.0000e-05
Validation sid = 0.534635
Epoch 57

Loss = 5.1529e-01, PNorm = 228.0056, GNorm = 0.4331, lr_0 = 7.0000e-05
Validation sid = 0.533945
Epoch 58

Loss = 5.1375e-01, PNorm = 228.0288, GNorm = 0.1609, lr_0 = 7.0000e-05
Validation sid = 0.534202
Epoch 59

Loss = 5.1564e-01, PNorm = 228.0505, GNorm = 0.2748, lr_0 = 7.0000e-05
Validation sid = 0.537477
Epoch 60

Loss = 5.1497e-01, PNorm = 228.0788, GNorm = 0.2149, lr_0 = 7.0000e-05
Validation sid = 0.534141
Epoch 61

Loss = 5.1502e-01, PNorm = 228.1045, GNorm = 0.0686, lr_0 = 7.0000e-05
Validation sid = 0.534530
Epoch 62

Loss = 5.1560e-01, PNorm = 228.1311, GNorm = 0.1537, lr_0 = 7.0000e-05
Validation sid = 0.535062
Epoch 63

Loss = 5.1418e-01, PNorm = 228.1600, GNorm = 0.1187, lr_0 = 7.0000e-05
Validation sid = 0.534427
Epoch 64

Loss = 5.1501e-01, PNorm = 228.1898, GNorm = 0.5233, lr_0 = 7.0000e-05
Validation sid = 0.543601
Epoch 65

Loss = 5.1566e-01, PNorm = 228.2143, GNorm = 0.1549, lr_0 = 7.0000e-05
Validation sid = 0.540330
Epoch 66

Loss = 5.1457e-01, PNorm = 228.2465, GNorm = 0.2367, lr_0 = 7.0000e-05
Validation sid = 0.534296
Epoch 67

Loss = 5.1455e-01, PNorm = 228.2760, GNorm = 0.1189, lr_0 = 7.0000e-05
Validation sid = 0.535221
Epoch 68

Loss = 5.1363e-01, PNorm = 228.3088, GNorm = 0.3442, lr_0 = 7.0000e-05
Validation sid = 0.533889
Epoch 69

Loss = 5.1502e-01, PNorm = 228.3386, GNorm = 0.3080, lr_0 = 7.0000e-05
Validation sid = 0.535681
Epoch 70

Loss = 5.1412e-01, PNorm = 228.3739, GNorm = 0.2997, lr_0 = 7.0000e-05
Validation sid = 0.533602
Epoch 71

Loss = 5.1387e-01, PNorm = 228.4113, GNorm = 0.2350, lr_0 = 7.0000e-05
Validation sid = 0.533607
Epoch 72

Loss = 5.1400e-01, PNorm = 228.4461, GNorm = 0.2843, lr_0 = 7.0000e-05
Validation sid = 0.534178
Epoch 73

Loss = 5.1386e-01, PNorm = 228.4854, GNorm = 0.2354, lr_0 = 7.0000e-05
Validation sid = 0.532989
Epoch 74

Loss = 5.1446e-01, PNorm = 228.5228, GNorm = 0.3144, lr_0 = 7.0000e-05
Validation sid = 0.534257
Epoch 75

Loss = 5.1313e-01, PNorm = 228.5551, GNorm = 0.1448, lr_0 = 7.0000e-05
Validation sid = 0.535988
Epoch 76

Loss = 5.1248e-01, PNorm = 228.5970, GNorm = 0.1691, lr_0 = 7.0000e-05
Validation sid = 0.533926
Epoch 77

Loss = 5.1288e-01, PNorm = 228.6369, GNorm = 0.4737, lr_0 = 7.0000e-05
Validation sid = 0.532184
Epoch 78

Loss = 5.1279e-01, PNorm = 228.6825, GNorm = 0.3129, lr_0 = 7.0000e-05
Validation sid = 0.534726
Epoch 79

Loss = 5.1226e-01, PNorm = 228.7243, GNorm = 0.1815, lr_0 = 7.0000e-05
Validation sid = 0.536088
Epoch 80

Loss = 5.1153e-01, PNorm = 228.7733, GNorm = 0.5643, lr_0 = 7.0000e-05
Validation sid = 0.529438
Epoch 81

Loss = 5.1238e-01, PNorm = 228.8148, GNorm = 0.6211, lr_0 = 7.0000e-05
Validation sid = 0.529403
Epoch 82

Loss = 5.1120e-01, PNorm = 228.8656, GNorm = 0.5761, lr_0 = 7.0000e-05
Validation sid = 0.526080
Epoch 83

Loss = 5.1124e-01, PNorm = 228.9169, GNorm = 1.2533, lr_0 = 7.0000e-05
Validation sid = 0.527618
Epoch 84

Loss = 5.1026e-01, PNorm = 228.9674, GNorm = 0.5828, lr_0 = 7.0000e-05
Validation sid = 0.529391
Epoch 85

Loss = 5.0983e-01, PNorm = 229.0194, GNorm = 0.3970, lr_0 = 7.0000e-05
Validation sid = 0.531745
Epoch 86

Loss = 5.0776e-01, PNorm = 229.0774, GNorm = 1.4264, lr_0 = 7.0000e-05
Validation sid = 0.520805
Epoch 87

Loss = 5.0800e-01, PNorm = 229.1357, GNorm = 0.9980, lr_0 = 7.0000e-05
Validation sid = 0.523119
Epoch 88

Loss = 5.0846e-01, PNorm = 229.1873, GNorm = 0.4856, lr_0 = 7.0000e-05
Validation sid = 0.519429
Epoch 89

Loss = 5.0900e-01, PNorm = 229.2439, GNorm = 1.2627, lr_0 = 7.0000e-05
Validation sid = 0.523517
Epoch 90

Loss = 5.0439e-01, PNorm = 229.3065, GNorm = 0.3448, lr_0 = 7.0000e-05
Validation sid = 0.530018
Epoch 91

Loss = 5.0548e-01, PNorm = 229.3678, GNorm = 0.4232, lr_0 = 7.0000e-05
Validation sid = 0.518052
Epoch 92

Loss = 5.0291e-01, PNorm = 229.4270, GNorm = 1.6472, lr_0 = 7.0000e-05
Validation sid = 0.514221
Epoch 93
Fold 0
{'activation': 'ReLU',
 'atom_messages': False,
 'batch_size': 50,
 'bias': False,
 'bias_ffn': True,
 'checkpoint_dir': None,
 'checkpoint_path': None,
 'checkpoint_paths': None,
 'config_path': './recommended_config.json',
 'convergence_margin': 100000000.0,
 'crossval_index_dir': None,
 'crossval_index_file': None,
 'cuda': True,
 'data_path': 'chempropIRZenodo/trained_ir_model/computed_model/test_full.csv',
 'dataset_type': 'spectra',
 'depth': 6,
 'device': 'cuda:0',
 'dropout': 0.05,
 'ensemble_size': 1,
 'epochs': 250,
 'features_generator': None,
 'features_only': False,
 'features_path': None,
 'features_scaling': False,
 'ffn_hidden_size': 2048,
 'ffn_num_layers': 3,
 'final_lr': 7e-05,
 'folds_file': None,
 'frzn_mpn_checkpoint': 'model/test/model_0.pt',
 'gpu': 0,
 'hidden_size': 2200,
 'init_lr': 0.0001,
 'max_data_size': None,
 'max_lr': 7e-05,
 'metric': 'sid',
 'minimize_score': True,
 'multiclass_num_classes': 3,
 'no_cache': False,
 'normalization_end': 550,
 'normalization_start': 50,
 'num_folds': 1,
 'num_lrs': 1,
 'output_activation': 'exp',
 'quiet': False,
 'save_dir': './output/model/fold_0',
 'save_smiles_splits': True,
 'seed': 0,
 'separate_test_features_path': None,
 'separate_test_path': None,
 'separate_val_features_path': None,
 'separate_val_path': None,
 'show_individual_scores': False,
 'sm_eps': 1e-08,
 'sm_thresh': 1e-08,
 'spectral_loss_function': 'sid',
 'spectral_mask_path': None,
 'split_sizes': [0.8, 0.1, 0.1],
 'split_type': 'random_with_repeated_smiles',
 'target_scaling': True,
 'test': False,
 'test_fold_index': None,
 'torch_seed': None,
 'undirected': False,
 'use_compound_names': False,
 'use_input_features': None,
 'val_fold_index': None,
 'warmup_epochs': 2.0}
Loading data
Number of tasks = 1801
Splitting data with seed 0
Total size = 8,551 | train size = 6,840 | val size = 855 | test size = 856
Pre-normalizing training targets
Building model 0
Fold 0
{'activation': 'ReLU',
 'atom_messages': False,
 'batch_size': 50,
 'bias': False,
 'bias_ffn': True,
 'checkpoint_dir': None,
 'checkpoint_path': None,
 'checkpoint_paths': None,
 'config_path': './recommended_config.json',
 'convergence_margin': 100000000.0,
 'crossval_index_dir': None,
 'crossval_index_file': None,
 'cuda': True,
 'data_path': 'chempropIRZenodo/trained_ir_model/computed_model/test_full.csv',
 'dataset_type': 'spectra',
 'depth': 6,
 'device': 'cuda:0',
 'dropout': 0.05,
 'ensemble_size': 1,
 'epochs': 250,
 'features_generator': None,
 'features_only': False,
 'features_path': None,
 'features_scaling': False,
 'ffn_hidden_size': 2048,
 'ffn_num_layers': 3,
 'final_lr': 7e-05,
 'folds_file': None,
 'frzn_mpn_checkpoint': 'model/test/model_0.pt',
 'gpu': 0,
 'hidden_size': 2200,
 'init_lr': 0.0001,
 'max_data_size': None,
 'max_lr': 7e-05,
 'metric': 'sid',
 'minimize_score': True,
 'multiclass_num_classes': 3,
 'no_cache': False,
 'normalization_end': 550,
 'normalization_start': 50,
 'num_folds': 1,
 'num_lrs': 1,
 'output_activation': 'exp',
 'quiet': False,
 'save_dir': './output/model/fold_0',
 'save_smiles_splits': True,
 'seed': 0,
 'separate_test_features_path': None,
 'separate_test_path': None,
 'separate_val_features_path': None,
 'separate_val_path': None,
 'show_individual_scores': False,
 'sm_eps': 1e-08,
 'sm_thresh': 1e-08,
 'spectral_loss_function': 'sid',
 'spectral_mask_path': None,
 'split_sizes': [0.8, 0.1, 0.1],
 'split_type': 'random_with_repeated_smiles',
 'target_scaling': True,
 'test': False,
 'test_fold_index': None,
 'torch_seed': None,
 'undirected': False,
 'use_compound_names': False,
 'use_input_features': None,
 'val_fold_index': None,
 'warmup_epochs': 2.0}
Loading data
Number of tasks = 1801
Splitting data with seed 0
Total size = 8,551 | train size = 6,840 | val size = 855 | test size = 856
Pre-normalizing training targets
Building model 0
Loading mpn parameters from model/test/model_0.pt
Loading pretrained parameter "encoder.encoder.W_i.weight".
Loading pretrained parameter "encoder.encoder.W_h.weight".
Loading pretrained parameter "encoder.encoder.W_o.weight".
Loading pretrained parameter "encoder.encoder.W_o.bias".
MoleculeModel(
  (encoder): MPN(
    (encoder): MPNEncoder(
      (dropout_layer): Dropout(p=0.05, inplace=False)
      (act_func): ReLU()
      (W_i): Linear(in_features=147, out_features=2200, bias=False)
      (W_h): Linear(in_features=2200, out_features=2200, bias=False)
      (W_o): Linear(in_features=2333, out_features=2200, bias=True)
    )
  )
  (ffn): Sequential(
    (0): Dropout(p=0.05, inplace=False)
    (1): Linear(in_features=2200, out_features=2048, bias=True)
    (2): ReLU()
    (3): <Quantum Torch Layer: func=qnode>
    (4): ReLU()
    (5): Dropout(p=0.05, inplace=False)
    (6): Linear(in_features=2048, out_features=2048, bias=True)
    (7): ReLU()
    (8): Dropout(p=0.05, inplace=False)
    (9): Linear(in_features=2048, out_features=1801, bias=True)
  )
)
Number of parameters = 12,394,271
Moving model to cuda
Epoch 0
Fold 0
{'activation': 'ReLU',
 'atom_messages': False,
 'batch_size': 50,
 'bias': False,
 'bias_ffn': True,
 'checkpoint_dir': None,
 'checkpoint_path': None,
 'checkpoint_paths': None,
 'config_path': './recommended_config.json',
 'convergence_margin': 100000000.0,
 'crossval_index_dir': None,
 'crossval_index_file': None,
 'cuda': True,
 'data_path': 'chempropIRZenodo/trained_ir_model/computed_model/test_full.csv',
 'dataset_type': 'spectra',
 'depth': 6,
 'device': 'cuda:0',
 'dropout': 0.05,
 'ensemble_size': 1,
 'epochs': 250,
 'features_generator': None,
 'features_only': False,
 'features_path': None,
 'features_scaling': False,
 'ffn_hidden_size': 2048,
 'ffn_num_layers': 3,
 'final_lr': 7e-05,
 'folds_file': None,
 'frzn_mpn_checkpoint': 'model/test/model_0.pt',
 'gpu': 0,
 'hidden_size': 2200,
 'init_lr': 0.0001,
 'max_data_size': None,
 'max_lr': 7e-05,
 'metric': 'sid',
 'minimize_score': True,
 'multiclass_num_classes': 3,
 'no_cache': False,
 'normalization_end': 550,
 'normalization_start': 50,
 'num_folds': 1,
 'num_lrs': 1,
 'output_activation': 'exp',
 'quiet': False,
 'save_dir': './output/model/fold_0',
 'save_smiles_splits': True,
 'seed': 0,
 'separate_test_features_path': None,
 'separate_test_path': None,
 'separate_val_features_path': None,
 'separate_val_path': None,
 'show_individual_scores': False,
 'sm_eps': 1e-08,
 'sm_thresh': 1e-08,
 'spectral_loss_function': 'sid',
 'spectral_mask_path': None,
 'split_sizes': [0.8, 0.1, 0.1],
 'split_type': 'random_with_repeated_smiles',
 'target_scaling': True,
 'test': False,
 'test_fold_index': None,
 'torch_seed': None,
 'undirected': False,
 'use_compound_names': False,
 'use_input_features': None,
 'val_fold_index': None,
 'warmup_epochs': 2.0}
Loading data
Number of tasks = 1801
Splitting data with seed 0
Total size = 8,551 | train size = 6,840 | val size = 855 | test size = 856
Pre-normalizing training targets
Building model 0
Loading mpn parameters from model/test/model_0.pt
Loading pretrained parameter "encoder.encoder.W_i.weight".
Loading pretrained parameter "encoder.encoder.W_h.weight".
Loading pretrained parameter "encoder.encoder.W_o.weight".
Loading pretrained parameter "encoder.encoder.W_o.bias".
MoleculeModel(
  (encoder): MPN(
    (encoder): MPNEncoder(
      (dropout_layer): Dropout(p=0.05, inplace=False)
      (act_func): ReLU()
      (W_i): Linear(in_features=147, out_features=2200, bias=False)
      (W_h): Linear(in_features=2200, out_features=2200, bias=False)
      (W_o): Linear(in_features=2333, out_features=2200, bias=True)
    )
  )
  (ffn): Sequential(
    (0): Dropout(p=0.05, inplace=False)
    (1): Linear(in_features=2200, out_features=2048, bias=True)
    (2): ReLU()
    (3): <Quantum Torch Layer: func=qnode>
    (4): ReLU()
    (5): Dropout(p=0.05, inplace=False)
    (6): Linear(in_features=2048, out_features=2048, bias=True)
    (7): ReLU()
    (8): Dropout(p=0.05, inplace=False)
    (9): Linear(in_features=2048, out_features=1801, bias=True)
  )
)
Number of parameters = 12,394,271
Moving model to cuda
Epoch 0
Fold 0
{'activation': 'ReLU',
 'atom_messages': False,
 'batch_size': 50,
 'bias': False,
 'bias_ffn': True,
 'checkpoint_dir': None,
 'checkpoint_path': None,
 'checkpoint_paths': None,
 'config_path': './recommended_config.json',
 'convergence_margin': 100000000.0,
 'crossval_index_dir': None,
 'crossval_index_file': None,
 'cuda': True,
 'data_path': 'chempropIRZenodo/trained_ir_model/computed_model/test_full.csv',
 'dataset_type': 'spectra',
 'depth': 6,
 'device': 'cuda:0',
 'dropout': 0.05,
 'ensemble_size': 1,
 'epochs': 250,
 'features_generator': None,
 'features_only': False,
 'features_path': None,
 'features_scaling': False,
 'ffn_hidden_size': 2048,
 'ffn_num_layers': 3,
 'final_lr': 7e-05,
 'folds_file': None,
 'frzn_mpn_checkpoint': 'model/test/model_0.pt',
 'gpu': 0,
 'hidden_size': 2200,
 'init_lr': 0.0001,
 'max_data_size': None,
 'max_lr': 7e-05,
 'metric': 'sid',
 'minimize_score': True,
 'multiclass_num_classes': 3,
 'no_cache': False,
 'normalization_end': 550,
 'normalization_start': 50,
 'num_folds': 1,
 'num_lrs': 1,
 'output_activation': 'exp',
 'quiet': False,
 'save_dir': './output/model/fold_0',
 'save_smiles_splits': True,
 'seed': 0,
 'separate_test_features_path': None,
 'separate_test_path': None,
 'separate_val_features_path': None,
 'separate_val_path': None,
 'show_individual_scores': False,
 'sm_eps': 1e-08,
 'sm_thresh': 1e-08,
 'spectral_loss_function': 'sid',
 'spectral_mask_path': None,
 'split_sizes': [0.8, 0.1, 0.1],
 'split_type': 'random_with_repeated_smiles',
 'target_scaling': True,
 'test': False,
 'test_fold_index': None,
 'torch_seed': None,
 'undirected': False,
 'use_compound_names': False,
 'use_input_features': None,
 'val_fold_index': None,
 'warmup_epochs': 2.0}
Loading data
Number of tasks = 1801
Splitting data with seed 0
Total size = 8,551 | train size = 6,840 | val size = 855 | test size = 856
Pre-normalizing training targets
Building model 0
Loading mpn parameters from model/test/model_0.pt
Loading pretrained parameter "encoder.encoder.W_i.weight".
Loading pretrained parameter "encoder.encoder.W_h.weight".
Loading pretrained parameter "encoder.encoder.W_o.weight".
Loading pretrained parameter "encoder.encoder.W_o.bias".
MoleculeModel(
  (encoder): MPN(
    (encoder): MPNEncoder(
      (dropout_layer): Dropout(p=0.05, inplace=False)
      (act_func): ReLU()
      (W_i): Linear(in_features=147, out_features=2200, bias=False)
      (W_h): Linear(in_features=2200, out_features=2200, bias=False)
      (W_o): Linear(in_features=2333, out_features=2200, bias=True)
    )
  )
  (ffn): Sequential(
    (0): Dropout(p=0.05, inplace=False)
    (1): Linear(in_features=2200, out_features=2048, bias=True)
    (2): ReLU()
    (3): <Quantum Torch Layer: func=qnode>
    (4): ReLU()
    (5): Linear(in_features=11, out_features=2048, bias=True)
    (6): ReLU()
    (7): Dropout(p=0.05, inplace=False)
    (8): Linear(in_features=2048, out_features=1801, bias=True)
  )
)
Number of parameters = 8,222,495
Moving model to cuda
Epoch 0

Loss = 1.3310e+00, PNorm = 219.1727, GNorm = 0.1464, lr_0 = 8.4890e-05
Validation sid = 0.581437
Epoch 1

Loss = 5.2761e-01, PNorm = 219.2892, GNorm = 0.0433, lr_0 = 7.0000e-05
Validation sid = 0.538034
Epoch 2

Loss = 5.0938e-01, PNorm = 219.3575, GNorm = 0.0361, lr_0 = 7.0000e-05
Validation sid = 0.524997
Epoch 3

Loss = 4.8992e-01, PNorm = 219.5375, GNorm = 0.0753, lr_0 = 7.0000e-05
Validation sid = 0.481958
Epoch 4

Loss = 4.2782e-01, PNorm = 219.8457, GNorm = 0.0496, lr_0 = 7.0000e-05
Validation sid = 0.418796
Epoch 5

Loss = 3.9473e-01, PNorm = 220.0444, GNorm = 0.0654, lr_0 = 7.0000e-05
Validation sid = 0.392893
Epoch 6

Loss = 3.5640e-01, PNorm = 220.3780, GNorm = 0.0455, lr_0 = 7.0000e-05
Validation sid = 0.345858
Epoch 7

Loss = 3.2136e-01, PNorm = 220.6073, GNorm = 0.0349, lr_0 = 7.0000e-05
Validation sid = 0.322093
Epoch 8

Loss = 3.0361e-01, PNorm = 220.8208, GNorm = 0.0428, lr_0 = 7.0000e-05
Validation sid = 0.303999
Epoch 9

Loss = 2.8279e-01, PNorm = 221.0881, GNorm = 0.0553, lr_0 = 7.0000e-05
Validation sid = 0.280304
Epoch 10

Loss = 2.6465e-01, PNorm = 221.3128, GNorm = 0.0442, lr_0 = 7.0000e-05
Validation sid = 0.266271
Epoch 11

Loss = 2.5285e-01, PNorm = 221.5260, GNorm = 0.0564, lr_0 = 7.0000e-05
Validation sid = 0.254710
Epoch 12

Loss = 2.4161e-01, PNorm = 221.7401, GNorm = 0.0529, lr_0 = 7.0000e-05
Validation sid = 0.244452
Epoch 13

Loss = 2.3335e-01, PNorm = 221.9387, GNorm = 0.1045, lr_0 = 7.0000e-05
Validation sid = 0.237941
Epoch 14

Loss = 2.2717e-01, PNorm = 222.1460, GNorm = 0.0553, lr_0 = 7.0000e-05
Validation sid = 0.231954
Epoch 15

Loss = 2.2059e-01, PNorm = 222.3575, GNorm = 0.0679, lr_0 = 7.0000e-05
Validation sid = 0.225388
Epoch 16

Loss = 2.1466e-01, PNorm = 222.5725, GNorm = 0.0573, lr_0 = 7.0000e-05
Validation sid = 0.220229
Epoch 17

Loss = 2.0939e-01, PNorm = 222.7881, GNorm = 0.1117, lr_0 = 7.0000e-05
Validation sid = 0.215318
Epoch 18

Loss = 2.0448e-01, PNorm = 222.9941, GNorm = 0.0674, lr_0 = 7.0000e-05
Validation sid = 0.210931
Epoch 19

Loss = 1.9868e-01, PNorm = 223.2104, GNorm = 0.0785, lr_0 = 7.0000e-05
Validation sid = 0.205234
Epoch 20

Loss = 1.9363e-01, PNorm = 223.4246, GNorm = 0.0793, lr_0 = 7.0000e-05
Validation sid = 0.200491
Epoch 21

Loss = 1.8836e-01, PNorm = 223.6206, GNorm = 0.0626, lr_0 = 7.0000e-05
Validation sid = 0.196270
Epoch 22

Loss = 1.8339e-01, PNorm = 223.8064, GNorm = 0.0822, lr_0 = 7.0000e-05
Validation sid = 0.192514
Epoch 23

Loss = 1.8033e-01, PNorm = 223.9839, GNorm = 0.0529, lr_0 = 7.0000e-05
Validation sid = 0.190038
Epoch 24

Loss = 1.7706e-01, PNorm = 224.1498, GNorm = 0.0710, lr_0 = 7.0000e-05
Validation sid = 0.187886
Epoch 25

Loss = 1.7429e-01, PNorm = 224.3076, GNorm = 0.0651, lr_0 = 7.0000e-05
Validation sid = 0.186455
Epoch 26

Loss = 1.7276e-01, PNorm = 224.4672, GNorm = 0.0869, lr_0 = 7.0000e-05
Validation sid = 0.184767
Epoch 27

Loss = 1.7072e-01, PNorm = 224.6215, GNorm = 0.0644, lr_0 = 7.0000e-05
Validation sid = 0.183925
Epoch 28

Loss = 1.6892e-01, PNorm = 224.7714, GNorm = 0.0808, lr_0 = 7.0000e-05
Validation sid = 0.181953
Epoch 29

Loss = 1.6704e-01, PNorm = 224.9371, GNorm = 0.0701, lr_0 = 7.0000e-05
Validation sid = 0.180924
Epoch 30

Loss = 1.6495e-01, PNorm = 225.0961, GNorm = 0.0985, lr_0 = 7.0000e-05
Validation sid = 0.179785
Epoch 31

Loss = 1.6320e-01, PNorm = 225.2654, GNorm = 0.0656, lr_0 = 7.0000e-05
Validation sid = 0.178375
Epoch 32

Loss = 1.6093e-01, PNorm = 225.4373, GNorm = 0.0762, lr_0 = 7.0000e-05
Validation sid = 0.176194
Epoch 33

Loss = 1.5835e-01, PNorm = 225.6163, GNorm = 0.0800, lr_0 = 7.0000e-05
Validation sid = 0.174218
Epoch 34

Loss = 1.5561e-01, PNorm = 225.8084, GNorm = 0.0711, lr_0 = 7.0000e-05
Validation sid = 0.172176
Epoch 35

Loss = 1.5299e-01, PNorm = 225.9922, GNorm = 0.0722, lr_0 = 7.0000e-05
Validation sid = 0.170144
Epoch 36

Loss = 1.5065e-01, PNorm = 226.1564, GNorm = 0.0814, lr_0 = 7.0000e-05
Validation sid = 0.169094
Epoch 37

Loss = 1.4884e-01, PNorm = 226.3196, GNorm = 0.0907, lr_0 = 7.0000e-05
Validation sid = 0.167480
Epoch 38

Loss = 1.4696e-01, PNorm = 226.4800, GNorm = 0.0617, lr_0 = 7.0000e-05
Validation sid = 0.165942
Epoch 39

Loss = 1.4555e-01, PNorm = 226.6377, GNorm = 0.0793, lr_0 = 7.0000e-05
Validation sid = 0.165025
Epoch 40

Loss = 1.4428e-01, PNorm = 226.7967, GNorm = 0.0930, lr_0 = 7.0000e-05
Validation sid = 0.164290
Epoch 41

Loss = 1.4284e-01, PNorm = 226.9392, GNorm = 0.0705, lr_0 = 7.0000e-05
Validation sid = 0.163142
Epoch 42

Loss = 1.4163e-01, PNorm = 227.1047, GNorm = 0.0625, lr_0 = 7.0000e-05
Validation sid = 0.162711
Epoch 43

Loss = 1.4010e-01, PNorm = 227.2465, GNorm = 0.0699, lr_0 = 7.0000e-05
Validation sid = 0.161674
Epoch 44

Loss = 1.3921e-01, PNorm = 227.4073, GNorm = 0.0705, lr_0 = 7.0000e-05
Validation sid = 0.160916
Epoch 45

Loss = 1.3765e-01, PNorm = 227.5649, GNorm = 0.0902, lr_0 = 7.0000e-05
Validation sid = 0.159953
Epoch 46

Loss = 1.3675e-01, PNorm = 227.7325, GNorm = 0.0717, lr_0 = 7.0000e-05
Validation sid = 0.159419
Epoch 47

Loss = 1.3524e-01, PNorm = 227.8903, GNorm = 0.0861, lr_0 = 7.0000e-05
Validation sid = 0.158108
Epoch 48

Loss = 1.3395e-01, PNorm = 228.0475, GNorm = 0.0866, lr_0 = 7.0000e-05
Validation sid = 0.157401
Epoch 49

Loss = 1.3284e-01, PNorm = 228.2136, GNorm = 0.0689, lr_0 = 7.0000e-05
Validation sid = 0.156807
Epoch 50

Loss = 1.3192e-01, PNorm = 228.3646, GNorm = 0.0774, lr_0 = 7.0000e-05
Validation sid = 0.156076
Epoch 51

Loss = 1.3112e-01, PNorm = 228.5166, GNorm = 0.0781, lr_0 = 7.0000e-05
Validation sid = 0.155341
Epoch 52

Loss = 1.3019e-01, PNorm = 228.6674, GNorm = 0.0669, lr_0 = 7.0000e-05
Validation sid = 0.154933
Epoch 53

Loss = 1.2966e-01, PNorm = 228.8119, GNorm = 0.0878, lr_0 = 7.0000e-05
Validation sid = 0.154811
Epoch 54

Loss = 1.2891e-01, PNorm = 228.9617, GNorm = 0.0848, lr_0 = 7.0000e-05
Validation sid = 0.153874
Epoch 55

Loss = 1.2828e-01, PNorm = 229.1063, GNorm = 0.0937, lr_0 = 7.0000e-05
Validation sid = 0.153353
Epoch 56

Loss = 1.2754e-01, PNorm = 229.2415, GNorm = 0.0771, lr_0 = 7.0000e-05
Validation sid = 0.153429
Epoch 57

Loss = 1.2687e-01, PNorm = 229.3795, GNorm = 0.0832, lr_0 = 7.0000e-05
Validation sid = 0.153432
Epoch 58

Loss = 1.2600e-01, PNorm = 229.5294, GNorm = 0.0742, lr_0 = 7.0000e-05
Validation sid = 0.152719
Epoch 59

Loss = 1.2596e-01, PNorm = 229.6612, GNorm = 0.0819, lr_0 = 7.0000e-05
Validation sid = 0.152241
Epoch 60

Loss = 1.2534e-01, PNorm = 229.8004, GNorm = 0.0783, lr_0 = 7.0000e-05
Validation sid = 0.151868
Epoch 61

Loss = 1.2511e-01, PNorm = 229.9355, GNorm = 0.0788, lr_0 = 7.0000e-05
Validation sid = 0.151740
Epoch 62

Loss = 1.2470e-01, PNorm = 230.0626, GNorm = 0.0919, lr_0 = 7.0000e-05
Validation sid = 0.151384
Epoch 63

Loss = 1.2413e-01, PNorm = 230.1917, GNorm = 0.1141, lr_0 = 7.0000e-05
Validation sid = 0.151522
Epoch 64

Loss = 1.2371e-01, PNorm = 230.3254, GNorm = 0.0676, lr_0 = 7.0000e-05
Validation sid = 0.151030
Epoch 65

Loss = 1.2343e-01, PNorm = 230.4494, GNorm = 0.0667, lr_0 = 7.0000e-05
Validation sid = 0.150714
Epoch 66

Loss = 1.2289e-01, PNorm = 230.5800, GNorm = 0.0857, lr_0 = 7.0000e-05
Validation sid = 0.151015
Epoch 67

Loss = 1.2266e-01, PNorm = 230.7060, GNorm = 0.0833, lr_0 = 7.0000e-05
Validation sid = 0.150921
Epoch 68

Loss = 1.2189e-01, PNorm = 230.8395, GNorm = 0.0733, lr_0 = 7.0000e-05
Validation sid = 0.150389
Epoch 69

Loss = 1.2215e-01, PNorm = 230.9595, GNorm = 0.0669, lr_0 = 7.0000e-05
Validation sid = 0.150302
Epoch 70

Loss = 1.2173e-01, PNorm = 231.0794, GNorm = 0.0835, lr_0 = 7.0000e-05
Validation sid = 0.149961
Epoch 71

Loss = 1.2127e-01, PNorm = 231.1965, GNorm = 0.0927, lr_0 = 7.0000e-05
Validation sid = 0.149649
Epoch 72

Loss = 1.2086e-01, PNorm = 231.3187, GNorm = 0.0840, lr_0 = 7.0000e-05
Validation sid = 0.149683
Epoch 73

Loss = 1.2073e-01, PNorm = 231.4458, GNorm = 0.0800, lr_0 = 7.0000e-05
Validation sid = 0.149592
Epoch 74

Loss = 1.2050e-01, PNorm = 231.5649, GNorm = 0.0864, lr_0 = 7.0000e-05
Validation sid = 0.149415
Epoch 75

Loss = 1.2000e-01, PNorm = 231.6857, GNorm = 0.0875, lr_0 = 7.0000e-05
Validation sid = 0.149280
Epoch 76

Loss = 1.1959e-01, PNorm = 231.7960, GNorm = 0.1191, lr_0 = 7.0000e-05
Validation sid = 0.148852
Epoch 77

Loss = 1.1956e-01, PNorm = 231.9241, GNorm = 0.0875, lr_0 = 7.0000e-05
Validation sid = 0.148622
Epoch 78

Loss = 1.1936e-01, PNorm = 232.0520, GNorm = 0.0918, lr_0 = 7.0000e-05
Validation sid = 0.148213
Epoch 79

Loss = 1.1897e-01, PNorm = 232.1700, GNorm = 0.0743, lr_0 = 7.0000e-05
Validation sid = 0.148292
Epoch 80

Loss = 1.1877e-01, PNorm = 232.2877, GNorm = 0.1060, lr_0 = 7.0000e-05
Validation sid = 0.147874
Epoch 81

Loss = 1.1845e-01, PNorm = 232.4047, GNorm = 0.0587, lr_0 = 7.0000e-05
Validation sid = 0.148234
Epoch 82

Loss = 1.1842e-01, PNorm = 232.5290, GNorm = 0.0965, lr_0 = 7.0000e-05
Validation sid = 0.147931
Epoch 83

Loss = 1.1796e-01, PNorm = 232.6594, GNorm = 0.0811, lr_0 = 7.0000e-05
Validation sid = 0.148052
Epoch 84

Loss = 1.1764e-01, PNorm = 232.7774, GNorm = 0.0767, lr_0 = 7.0000e-05
Validation sid = 0.147254
Epoch 85

Loss = 1.1751e-01, PNorm = 232.9001, GNorm = 0.0720, lr_0 = 7.0000e-05
Validation sid = 0.147570
Epoch 86

Loss = 1.1734e-01, PNorm = 233.0175, GNorm = 0.0768, lr_0 = 7.0000e-05
Validation sid = 0.147495
Epoch 87

Loss = 1.1710e-01, PNorm = 233.1352, GNorm = 0.0926, lr_0 = 7.0000e-05
Validation sid = 0.147081
Epoch 88

Loss = 1.1670e-01, PNorm = 233.2601, GNorm = 0.0755, lr_0 = 7.0000e-05
Validation sid = 0.147535
Epoch 89

Loss = 1.1652e-01, PNorm = 233.3854, GNorm = 0.0760, lr_0 = 7.0000e-05
Validation sid = 0.147500
Epoch 90

Loss = 1.1645e-01, PNorm = 233.5114, GNorm = 0.0789, lr_0 = 7.0000e-05
Validation sid = 0.146605
Epoch 91

Loss = 1.1614e-01, PNorm = 233.6298, GNorm = 0.0649, lr_0 = 7.0000e-05
Validation sid = 0.146568
Epoch 92

Loss = 1.1585e-01, PNorm = 233.7461, GNorm = 0.1077, lr_0 = 7.0000e-05
Validation sid = 0.146407
Epoch 93

Loss = 1.1580e-01, PNorm = 233.8713, GNorm = 0.0731, lr_0 = 7.0000e-05
Validation sid = 0.146217
Epoch 94

Loss = 1.1517e-01, PNorm = 234.0078, GNorm = 0.0727, lr_0 = 7.0000e-05
Validation sid = 0.146389
Epoch 95

Loss = 1.1513e-01, PNorm = 234.1277, GNorm = 0.0666, lr_0 = 7.0000e-05
Validation sid = 0.146017
Epoch 96

Loss = 1.1499e-01, PNorm = 234.2522, GNorm = 0.0768, lr_0 = 7.0000e-05
Validation sid = 0.146090
Epoch 97

Loss = 1.1460e-01, PNorm = 234.3802, GNorm = 0.0974, lr_0 = 7.0000e-05
Validation sid = 0.145815
Epoch 98

Loss = 1.1452e-01, PNorm = 234.5122, GNorm = 0.0753, lr_0 = 7.0000e-05
Validation sid = 0.145470
Epoch 99

Loss = 1.1435e-01, PNorm = 234.6387, GNorm = 0.0757, lr_0 = 7.0000e-05
Validation sid = 0.145460
Epoch 100

Loss = 1.1395e-01, PNorm = 234.7645, GNorm = 0.0707, lr_0 = 7.0000e-05
Validation sid = 0.145223
Epoch 101

Loss = 1.1403e-01, PNorm = 234.8921, GNorm = 0.0807, lr_0 = 7.0000e-05
Validation sid = 0.145261
Epoch 102

Loss = 1.1364e-01, PNorm = 235.0307, GNorm = 0.0546, lr_0 = 7.0000e-05
Validation sid = 0.145104
Epoch 103

Loss = 1.1345e-01, PNorm = 235.1624, GNorm = 0.0700, lr_0 = 7.0000e-05
Validation sid = 0.144899
Epoch 104

Loss = 1.1332e-01, PNorm = 235.2861, GNorm = 0.0673, lr_0 = 7.0000e-05
Validation sid = 0.144368
Epoch 105

Loss = 1.1305e-01, PNorm = 235.4260, GNorm = 0.0933, lr_0 = 7.0000e-05
Validation sid = 0.144883
Epoch 106

Loss = 1.1266e-01, PNorm = 235.5609, GNorm = 0.0767, lr_0 = 7.0000e-05
Validation sid = 0.144961
Epoch 107

Loss = 1.1269e-01, PNorm = 235.6815, GNorm = 0.1031, lr_0 = 7.0000e-05
Validation sid = 0.144536
Epoch 108

Loss = 1.1237e-01, PNorm = 235.8079, GNorm = 0.0713, lr_0 = 7.0000e-05
Validation sid = 0.144457
Epoch 109

Loss = 1.1211e-01, PNorm = 235.9601, GNorm = 0.0597, lr_0 = 7.0000e-05
Validation sid = 0.144110
Epoch 110

Loss = 1.1186e-01, PNorm = 236.0835, GNorm = 0.0643, lr_0 = 7.0000e-05
Validation sid = 0.143822
Epoch 111

Loss = 1.1174e-01, PNorm = 236.2109, GNorm = 0.0865, lr_0 = 7.0000e-05
Validation sid = 0.144113
Epoch 112

Loss = 1.1168e-01, PNorm = 236.3616, GNorm = 0.1007, lr_0 = 7.0000e-05
Validation sid = 0.143611
Epoch 113

Loss = 1.1138e-01, PNorm = 236.4880, GNorm = 0.0920, lr_0 = 7.0000e-05
Validation sid = 0.144108
Epoch 114

Loss = 1.1095e-01, PNorm = 236.6287, GNorm = 0.0614, lr_0 = 7.0000e-05
Validation sid = 0.143731
Epoch 115

Loss = 1.1070e-01, PNorm = 236.7655, GNorm = 0.0695, lr_0 = 7.0000e-05
Validation sid = 0.143204
Epoch 116

Loss = 1.1086e-01, PNorm = 236.9005, GNorm = 0.1018, lr_0 = 7.0000e-05
Validation sid = 0.143136
Epoch 117

Loss = 1.1061e-01, PNorm = 237.0473, GNorm = 0.0939, lr_0 = 7.0000e-05
Validation sid = 0.143018
Epoch 118

Loss = 1.1043e-01, PNorm = 237.1826, GNorm = 0.0738, lr_0 = 7.0000e-05
Validation sid = 0.143213
Epoch 119

Loss = 1.1002e-01, PNorm = 237.3236, GNorm = 0.0708, lr_0 = 7.0000e-05
Validation sid = 0.142757
Epoch 120

Loss = 1.0986e-01, PNorm = 237.4545, GNorm = 0.0729, lr_0 = 7.0000e-05
Validation sid = 0.142498
Epoch 121

Loss = 1.0970e-01, PNorm = 237.6028, GNorm = 0.0875, lr_0 = 7.0000e-05
Validation sid = 0.143024
Epoch 122

Loss = 1.0953e-01, PNorm = 237.7375, GNorm = 0.0720, lr_0 = 7.0000e-05
Validation sid = 0.142358
Epoch 123

Loss = 1.0918e-01, PNorm = 237.8756, GNorm = 0.0873, lr_0 = 7.0000e-05
Validation sid = 0.142481
Epoch 124

Loss = 1.0916e-01, PNorm = 238.0210, GNorm = 0.0564, lr_0 = 7.0000e-05
Validation sid = 0.142059
Epoch 125

Loss = 1.0895e-01, PNorm = 238.1593, GNorm = 0.0646, lr_0 = 7.0000e-05
Validation sid = 0.142076
Epoch 126

Loss = 1.0875e-01, PNorm = 238.3062, GNorm = 0.0906, lr_0 = 7.0000e-05
Validation sid = 0.141806
Epoch 127

Loss = 1.0859e-01, PNorm = 238.4491, GNorm = 0.0694, lr_0 = 7.0000e-05
Validation sid = 0.141922
Epoch 128

Loss = 1.0836e-01, PNorm = 238.5919, GNorm = 0.0724, lr_0 = 7.0000e-05
Validation sid = 0.141861
Epoch 129

Loss = 1.0802e-01, PNorm = 238.7317, GNorm = 0.0724, lr_0 = 7.0000e-05
Validation sid = 0.141517
Epoch 130

Loss = 1.0790e-01, PNorm = 238.8948, GNorm = 0.0705, lr_0 = 7.0000e-05
Validation sid = 0.141654
Epoch 131

Loss = 1.0770e-01, PNorm = 239.0446, GNorm = 0.0979, lr_0 = 7.0000e-05
Validation sid = 0.141330
Epoch 132

Loss = 1.0740e-01, PNorm = 239.1913, GNorm = 0.0868, lr_0 = 7.0000e-05
Validation sid = 0.141127
Epoch 133

Loss = 1.0730e-01, PNorm = 239.3350, GNorm = 0.0716, lr_0 = 7.0000e-05
Validation sid = 0.141478
Epoch 134

Loss = 1.0698e-01, PNorm = 239.4814, GNorm = 0.0723, lr_0 = 7.0000e-05
Validation sid = 0.140772
Epoch 135

Loss = 1.0672e-01, PNorm = 239.6492, GNorm = 0.0673, lr_0 = 7.0000e-05
Validation sid = 0.141122
Epoch 136

Loss = 1.0667e-01, PNorm = 239.7958, GNorm = 0.0680, lr_0 = 7.0000e-05
Validation sid = 0.140415
Epoch 137

Loss = 1.0620e-01, PNorm = 239.9461, GNorm = 0.0779, lr_0 = 7.0000e-05
Validation sid = 0.140333
Epoch 138

Loss = 1.0627e-01, PNorm = 240.1029, GNorm = 0.0695, lr_0 = 7.0000e-05
Validation sid = 0.140447
Epoch 139

Loss = 1.0593e-01, PNorm = 240.2551, GNorm = 0.0690, lr_0 = 7.0000e-05
Validation sid = 0.140241
Epoch 140

Loss = 1.0593e-01, PNorm = 240.4114, GNorm = 0.0742, lr_0 = 7.0000e-05
Validation sid = 0.139998
Epoch 141

Loss = 1.0585e-01, PNorm = 240.5652, GNorm = 0.0694, lr_0 = 7.0000e-05
Validation sid = 0.140021
Epoch 142

Loss = 1.0558e-01, PNorm = 240.7327, GNorm = 0.0796, lr_0 = 7.0000e-05
Validation sid = 0.139507
Epoch 143

Loss = 1.0523e-01, PNorm = 240.8957, GNorm = 0.0704, lr_0 = 7.0000e-05
Validation sid = 0.139786
Epoch 144

Loss = 1.0515e-01, PNorm = 241.0496, GNorm = 0.0690, lr_0 = 7.0000e-05
Validation sid = 0.139801
Epoch 145

Loss = 1.0504e-01, PNorm = 241.2097, GNorm = 0.0775, lr_0 = 7.0000e-05
Validation sid = 0.139713
Epoch 146

Loss = 1.0479e-01, PNorm = 241.3739, GNorm = 0.0691, lr_0 = 7.0000e-05
Validation sid = 0.139285
Epoch 147

Loss = 1.0450e-01, PNorm = 241.5338, GNorm = 0.0754, lr_0 = 7.0000e-05
Validation sid = 0.139428
Epoch 148

Loss = 1.0441e-01, PNorm = 241.6888, GNorm = 0.0726, lr_0 = 7.0000e-05
Validation sid = 0.138939
Epoch 149

Loss = 1.0418e-01, PNorm = 241.8661, GNorm = 0.0727, lr_0 = 7.0000e-05
Validation sid = 0.139360
Epoch 150

Loss = 1.0403e-01, PNorm = 242.0202, GNorm = 0.0656, lr_0 = 7.0000e-05
Validation sid = 0.139343
Epoch 151

Loss = 1.0383e-01, PNorm = 242.1892, GNorm = 0.0717, lr_0 = 7.0000e-05
Validation sid = 0.138436
Epoch 152

Loss = 1.0369e-01, PNorm = 242.3575, GNorm = 0.0592, lr_0 = 7.0000e-05
Validation sid = 0.138733
Epoch 153

Loss = 1.0346e-01, PNorm = 242.5139, GNorm = 0.0703, lr_0 = 7.0000e-05
Validation sid = 0.138659
Epoch 154

Loss = 1.0327e-01, PNorm = 242.6761, GNorm = 0.0654, lr_0 = 7.0000e-05
Validation sid = 0.138678
Epoch 155

Loss = 1.0304e-01, PNorm = 242.8521, GNorm = 0.0707, lr_0 = 7.0000e-05
Validation sid = 0.138227
Epoch 156

Loss = 1.0288e-01, PNorm = 243.0151, GNorm = 0.0600, lr_0 = 7.0000e-05
Validation sid = 0.138356
Epoch 157

Loss = 1.0275e-01, PNorm = 243.1781, GNorm = 0.0719, lr_0 = 7.0000e-05
Validation sid = 0.138301
Epoch 158

Loss = 1.0241e-01, PNorm = 243.3590, GNorm = 0.0653, lr_0 = 7.0000e-05
Validation sid = 0.137919
Epoch 159

Loss = 1.0244e-01, PNorm = 243.5306, GNorm = 0.0604, lr_0 = 7.0000e-05
Validation sid = 0.138398
Epoch 160

Loss = 1.0218e-01, PNorm = 243.6861, GNorm = 0.0750, lr_0 = 7.0000e-05
Validation sid = 0.138020
Epoch 161

Loss = 1.0208e-01, PNorm = 243.8689, GNorm = 0.0787, lr_0 = 7.0000e-05
Validation sid = 0.137477
Epoch 162

Loss = 1.0182e-01, PNorm = 244.0347, GNorm = 0.0648, lr_0 = 7.0000e-05
Validation sid = 0.137671
Epoch 163

Loss = 1.0178e-01, PNorm = 244.2084, GNorm = 0.0822, lr_0 = 7.0000e-05
Validation sid = 0.137567
Epoch 164

Loss = 1.0146e-01, PNorm = 244.3785, GNorm = 0.0808, lr_0 = 7.0000e-05
Validation sid = 0.137695
Epoch 165

Loss = 1.0133e-01, PNorm = 244.5528, GNorm = 0.0753, lr_0 = 7.0000e-05
Validation sid = 0.137270
Epoch 166

Loss = 1.0120e-01, PNorm = 244.7291, GNorm = 0.0930, lr_0 = 7.0000e-05
Validation sid = 0.136988
Epoch 167

Loss = 1.0118e-01, PNorm = 244.8981, GNorm = 0.0732, lr_0 = 7.0000e-05
Validation sid = 0.137207
Epoch 168

Loss = 1.0097e-01, PNorm = 245.0783, GNorm = 0.0705, lr_0 = 7.0000e-05
Validation sid = 0.136902
Epoch 169

Loss = 1.0073e-01, PNorm = 245.2537, GNorm = 0.0718, lr_0 = 7.0000e-05
Validation sid = 0.136789
Epoch 170

Loss = 1.0067e-01, PNorm = 245.4237, GNorm = 0.0704, lr_0 = 7.0000e-05
Validation sid = 0.136725
Epoch 171

Loss = 1.0035e-01, PNorm = 245.6011, GNorm = 0.0665, lr_0 = 7.0000e-05
Validation sid = 0.136574
Epoch 172

Loss = 1.0027e-01, PNorm = 245.7813, GNorm = 0.0738, lr_0 = 7.0000e-05
Validation sid = 0.136485
Epoch 173

Loss = 1.0015e-01, PNorm = 245.9624, GNorm = 0.0603, lr_0 = 7.0000e-05
Validation sid = 0.136846
Epoch 174

Loss = 9.9871e-02, PNorm = 246.1322, GNorm = 0.0690, lr_0 = 7.0000e-05
Validation sid = 0.136338
Epoch 175

Loss = 9.9729e-02, PNorm = 246.3066, GNorm = 0.0642, lr_0 = 7.0000e-05
Validation sid = 0.136111
Epoch 176

Loss = 9.9674e-02, PNorm = 246.5003, GNorm = 0.0750, lr_0 = 7.0000e-05
Validation sid = 0.136268
Epoch 177

Loss = 9.9431e-02, PNorm = 246.6720, GNorm = 0.0631, lr_0 = 7.0000e-05
Validation sid = 0.136386
Epoch 178

Loss = 9.9374e-02, PNorm = 246.8484, GNorm = 0.0751, lr_0 = 7.0000e-05
Validation sid = 0.135869
Epoch 179

Loss = 9.9030e-02, PNorm = 247.0378, GNorm = 0.0707, lr_0 = 7.0000e-05
Validation sid = 0.135986
Epoch 180

Loss = 9.8981e-02, PNorm = 247.2208, GNorm = 0.0646, lr_0 = 7.0000e-05
Validation sid = 0.135945
Epoch 181

Loss = 9.8812e-02, PNorm = 247.4039, GNorm = 0.0764, lr_0 = 7.0000e-05
Validation sid = 0.135526
Epoch 182

Loss = 9.8670e-02, PNorm = 247.5869, GNorm = 0.0668, lr_0 = 7.0000e-05
Validation sid = 0.135558
Epoch 183

Loss = 9.8465e-02, PNorm = 247.7607, GNorm = 0.0611, lr_0 = 7.0000e-05
Validation sid = 0.135332
Epoch 184

Loss = 9.8499e-02, PNorm = 247.9510, GNorm = 0.0617, lr_0 = 7.0000e-05
Validation sid = 0.135805
Epoch 185

Loss = 9.8284e-02, PNorm = 248.1207, GNorm = 0.0838, lr_0 = 7.0000e-05
Validation sid = 0.135357
Epoch 186

Loss = 9.8172e-02, PNorm = 248.3059, GNorm = 0.0882, lr_0 = 7.0000e-05
Validation sid = 0.135257
Epoch 187

Loss = 9.7868e-02, PNorm = 248.4921, GNorm = 0.0617, lr_0 = 7.0000e-05
Validation sid = 0.135190
Epoch 188

Loss = 9.7597e-02, PNorm = 248.6573, GNorm = 0.0590, lr_0 = 7.0000e-05
Validation sid = 0.135500
Epoch 189

Loss = 9.7738e-02, PNorm = 248.8595, GNorm = 0.0676, lr_0 = 7.0000e-05
Validation sid = 0.135355
Epoch 190

Loss = 9.7375e-02, PNorm = 249.0443, GNorm = 0.0911, lr_0 = 7.0000e-05
Validation sid = 0.134819
Epoch 191

Loss = 9.7368e-02, PNorm = 249.2237, GNorm = 0.0618, lr_0 = 7.0000e-05
Validation sid = 0.135413
Epoch 192

Loss = 9.7255e-02, PNorm = 249.4112, GNorm = 0.0864, lr_0 = 7.0000e-05
Validation sid = 0.134720
Epoch 193

Loss = 9.7197e-02, PNorm = 249.5883, GNorm = 0.0652, lr_0 = 7.0000e-05
Validation sid = 0.134770
Epoch 194

Loss = 9.6810e-02, PNorm = 249.7722, GNorm = 0.0743, lr_0 = 7.0000e-05
Validation sid = 0.135085
Epoch 195

Loss = 9.6961e-02, PNorm = 249.9650, GNorm = 0.0741, lr_0 = 7.0000e-05
Validation sid = 0.134451
Epoch 196

Loss = 9.6687e-02, PNorm = 250.1488, GNorm = 0.0620, lr_0 = 7.0000e-05
Validation sid = 0.134169
Epoch 197

Loss = 9.6621e-02, PNorm = 250.3273, GNorm = 0.0666, lr_0 = 7.0000e-05
Validation sid = 0.134446
Epoch 198

Loss = 9.6368e-02, PNorm = 250.5052, GNorm = 0.0817, lr_0 = 7.0000e-05
Validation sid = 0.134697
Epoch 199

Loss = 9.6174e-02, PNorm = 250.6976, GNorm = 0.0604, lr_0 = 7.0000e-05
Validation sid = 0.134095
Epoch 200

Loss = 9.6153e-02, PNorm = 250.8823, GNorm = 0.0630, lr_0 = 7.0000e-05
Validation sid = 0.134248
Epoch 201

Loss = 9.6057e-02, PNorm = 251.0620, GNorm = 0.0778, lr_0 = 7.0000e-05
Validation sid = 0.134421
Epoch 202

Loss = 9.5839e-02, PNorm = 251.2473, GNorm = 0.0770, lr_0 = 7.0000e-05
Validation sid = 0.134123
Epoch 203

Loss = 9.5971e-02, PNorm = 251.4336, GNorm = 0.0659, lr_0 = 7.0000e-05
Validation sid = 0.134103
Epoch 204

Loss = 9.5698e-02, PNorm = 251.6200, GNorm = 0.0615, lr_0 = 7.0000e-05
Validation sid = 0.134154
Epoch 205

Loss = 9.5668e-02, PNorm = 251.7964, GNorm = 0.0710, lr_0 = 7.0000e-05
Validation sid = 0.133922
Epoch 206

Loss = 9.5557e-02, PNorm = 251.9775, GNorm = 0.0803, lr_0 = 7.0000e-05
Validation sid = 0.133875
Epoch 207

Loss = 9.5357e-02, PNorm = 252.1695, GNorm = 0.0831, lr_0 = 7.0000e-05
Validation sid = 0.133899
Epoch 208

Loss = 9.5184e-02, PNorm = 252.3502, GNorm = 0.0660, lr_0 = 7.0000e-05
Validation sid = 0.133948
Epoch 209

Loss = 9.4878e-02, PNorm = 252.5268, GNorm = 0.0750, lr_0 = 7.0000e-05
Validation sid = 0.133817
Epoch 210

Loss = 9.4914e-02, PNorm = 252.7103, GNorm = 0.0564, lr_0 = 7.0000e-05
Validation sid = 0.133789
Epoch 211

Loss = 9.4746e-02, PNorm = 252.9013, GNorm = 0.0683, lr_0 = 7.0000e-05
Validation sid = 0.133571
Epoch 212

Loss = 9.4654e-02, PNorm = 253.0764, GNorm = 0.0633, lr_0 = 7.0000e-05
Validation sid = 0.133856
Epoch 213

Loss = 9.4621e-02, PNorm = 253.2605, GNorm = 0.0824, lr_0 = 7.0000e-05
Validation sid = 0.133300
Epoch 214

Loss = 9.4298e-02, PNorm = 253.4503, GNorm = 0.0602, lr_0 = 7.0000e-05
Validation sid = 0.133239
Epoch 215

Loss = 9.4299e-02, PNorm = 253.6252, GNorm = 0.0699, lr_0 = 7.0000e-05
Validation sid = 0.133354
Epoch 216

Loss = 9.4027e-02, PNorm = 253.8089, GNorm = 0.0617, lr_0 = 7.0000e-05
Validation sid = 0.133214
Epoch 217

Loss = 9.4036e-02, PNorm = 253.9926, GNorm = 0.0696, lr_0 = 7.0000e-05
Validation sid = 0.133306
Epoch 218

Loss = 9.4060e-02, PNorm = 254.1600, GNorm = 0.0627, lr_0 = 7.0000e-05
Validation sid = 0.133152
Epoch 219

Loss = 9.3908e-02, PNorm = 254.3455, GNorm = 0.0673, lr_0 = 7.0000e-05
Validation sid = 0.133214
Epoch 220

Loss = 9.3788e-02, PNorm = 254.5184, GNorm = 0.0633, lr_0 = 7.0000e-05
Validation sid = 0.133420
Epoch 221

Loss = 9.3753e-02, PNorm = 254.6950, GNorm = 0.0671, lr_0 = 7.0000e-05
Validation sid = 0.132936
Epoch 222

Loss = 9.3499e-02, PNorm = 254.8731, GNorm = 0.0704, lr_0 = 7.0000e-05
Validation sid = 0.133236
Epoch 223

Loss = 9.3476e-02, PNorm = 255.0587, GNorm = 0.0717, lr_0 = 7.0000e-05
Validation sid = 0.132781
Epoch 224

Loss = 9.3333e-02, PNorm = 255.2438, GNorm = 0.0659, lr_0 = 7.0000e-05
Validation sid = 0.133086
Epoch 225

Loss = 9.3287e-02, PNorm = 255.4163, GNorm = 0.0778, lr_0 = 7.0000e-05
Validation sid = 0.132615
Epoch 226

Loss = 9.3187e-02, PNorm = 255.5953, GNorm = 0.0762, lr_0 = 7.0000e-05
Validation sid = 0.132990
Epoch 227

Loss = 9.3102e-02, PNorm = 255.7722, GNorm = 0.0710, lr_0 = 7.0000e-05
Validation sid = 0.132567
Epoch 228

Loss = 9.2820e-02, PNorm = 255.9534, GNorm = 0.0611, lr_0 = 7.0000e-05
Validation sid = 0.132780
Epoch 229

Loss = 9.2617e-02, PNorm = 256.1148, GNorm = 0.0839, lr_0 = 7.0000e-05
Validation sid = 0.132406
Epoch 230

Loss = 9.2752e-02, PNorm = 256.3004, GNorm = 0.0710, lr_0 = 7.0000e-05
Validation sid = 0.132664
Epoch 231

Loss = 9.2713e-02, PNorm = 256.4747, GNorm = 0.0640, lr_0 = 7.0000e-05
Validation sid = 0.132307
Epoch 232

Loss = 9.2665e-02, PNorm = 256.6529, GNorm = 0.0785, lr_0 = 7.0000e-05
Validation sid = 0.132952
Epoch 233

Loss = 9.2447e-02, PNorm = 256.8374, GNorm = 0.0646, lr_0 = 7.0000e-05
Validation sid = 0.132592
Epoch 234

Loss = 9.2250e-02, PNorm = 257.0164, GNorm = 0.0764, lr_0 = 7.0000e-05
Validation sid = 0.132101
Epoch 235

Loss = 9.2269e-02, PNorm = 257.1823, GNorm = 0.0768, lr_0 = 7.0000e-05
Validation sid = 0.132429
Epoch 236

Loss = 9.2056e-02, PNorm = 257.3569, GNorm = 0.0524, lr_0 = 7.0000e-05
Validation sid = 0.131877
Epoch 237

Loss = 9.2056e-02, PNorm = 257.5375, GNorm = 0.0700, lr_0 = 7.0000e-05
Validation sid = 0.132296
Epoch 238

Loss = 9.2056e-02, PNorm = 257.7127, GNorm = 0.0834, lr_0 = 7.0000e-05
Validation sid = 0.132221
Epoch 239

Loss = 9.2025e-02, PNorm = 257.8853, GNorm = 0.0623, lr_0 = 7.0000e-05
Validation sid = 0.132585
Epoch 240

Loss = 9.1722e-02, PNorm = 258.0580, GNorm = 0.0603, lr_0 = 7.0000e-05
Validation sid = 0.131931
Epoch 241

Loss = 9.1682e-02, PNorm = 258.2376, GNorm = 0.0646, lr_0 = 7.0000e-05
Validation sid = 0.131889
Epoch 242

Loss = 9.1607e-02, PNorm = 258.4082, GNorm = 0.0612, lr_0 = 7.0000e-05
Validation sid = 0.132068
Epoch 243

Loss = 9.1488e-02, PNorm = 258.5827, GNorm = 0.0741, lr_0 = 7.0000e-05
Validation sid = 0.131990
Epoch 244

Loss = 9.1455e-02, PNorm = 258.7612, GNorm = 0.0729, lr_0 = 7.0000e-05
Validation sid = 0.132059
Epoch 245

Loss = 9.1309e-02, PNorm = 258.9317, GNorm = 0.0689, lr_0 = 7.0000e-05
Validation sid = 0.132474
Epoch 246

Loss = 9.1291e-02, PNorm = 259.1028, GNorm = 0.0657, lr_0 = 7.0000e-05
Validation sid = 0.132046
Epoch 247

Loss = 9.0993e-02, PNorm = 259.2758, GNorm = 0.0647, lr_0 = 7.0000e-05
Validation sid = 0.132035
Epoch 248

Loss = 9.1031e-02, PNorm = 259.4568, GNorm = 0.0710, lr_0 = 7.0000e-05
Validation sid = 0.132071
Epoch 249

Loss = 9.0949e-02, PNorm = 259.6254, GNorm = 0.0654, lr_0 = 7.0000e-05
Validation sid = 0.131982
Model 0 best validation sid = 0.131877 on epoch 236
Loading pretrained parameter "encoder.encoder.cached_zero_vector".
Loading pretrained parameter "encoder.encoder.W_i.weight".
Loading pretrained parameter "encoder.encoder.W_h.weight".
Loading pretrained parameter "encoder.encoder.W_o.weight".
Loading pretrained parameter "encoder.encoder.W_o.bias".
Loading pretrained parameter "ffn.1.weight".
Loading pretrained parameter "ffn.1.bias".
Pretrained parameter "ffn.3.weights" cannot be found in model parameters.
Pretrained parameter "ffn.5.weight" cannot be found in model parameters.
Pretrained parameter "ffn.5.bias" cannot be found in model parameters.
Pretrained parameter "ffn.8.weight" cannot be found in model parameters.
Pretrained parameter "ffn.8.bias" cannot be found in model parameters.
Moving model to cuda
Model 0 test sid = 2.308417
Ensemble test sid = 2.308417
1-fold cross validation
Seed 0 ==> test sid = 2.308417
Overall test sid = 2.308417 +/- 0.000000
