Fold 0
{'activation': 'ReLU',
 'atom_messages': False,
 'batch_size': 50,
 'bias': False,
 'bias_ffn': True,
 'checkpoint_dir': None,
 'checkpoint_path': None,
 'checkpoint_paths': None,
 'config_path': './recommended_config.json',
 'convergence_margin': 100000000.0,
 'crossval_index_dir': None,
 'crossval_index_file': None,
 'cuda': True,
 'data_path': './data/research_data/train_full.csv',
 'dataset_type': 'spectra',
 'depth': 3,
 'device': 'cuda:0',
 'dropout': 0.05,
 'ensemble_size': 1,
 'epochs': 350,
 'features_generator': ['morgan'],
 'features_only': True,
 'features_path': None,
 'features_scaling': False,
 'ffn_hidden_size': 300,
 'ffn_num_layers': 3,
 'final_lr': 5e-05,
 'folds_file': None,
 'frzn_mpn_checkpoint': None,
 'gpu': 0,
 'hidden_size': 300,
 'init_lr': 0.0001,
 'max_data_size': None,
 'max_lr': 8e-05,
 'metric': 'sid',
 'minimize_score': True,
 'multiclass_num_classes': 3,
 'no_cache': False,
 'normalization_end': 550,
 'normalization_start': 50,
 'num_folds': 1,
 'num_lrs': 1,
 'output_activation': 'exp',
 'qnn': True,
 'qnn_layer': 2,
 'quiet': False,
 'save_dir': './output/model/qh2_300_layer2/fold_0',
 'save_smiles_splits': False,
 'seed': 0,
 'separate_test_features_path': None,
 'separate_test_path': './data/research_data/test_full.csv',
 'separate_val_features_path': None,
 'separate_val_path': './data/research_data/val_full.csv',
 'show_individual_scores': False,
 'sm_eps': 1e-08,
 'sm_thresh': 1e-08,
 'spectral_loss_function': 'sid',
 'spectral_mask_path': None,
 'split_sizes': [0.8, 0.1, 0.1],
 'split_type': 'random_with_repeated_smiles',
 'target_scaling': True,
 'test': False,
 'test_fold_index': None,
 'torch_seed': None,
 'undirected': False,
 'use_compound_names': False,
 'use_input_features': ['morgan'],
 'val_fold_index': None,
 'warmup_epochs': 2.0}
Loading data
Number of tasks = 1801
Splitting data with seed 0
Total size = 68,404 | train size = 68,404 | val size = 8,550 | test size = 8,551
Pre-normalizing training targets
Building model 0
MoleculeModel(
  (encoder): MPN(
    (encoder): MPNEncoder()
  )
  (ffn): Sequential(
    (0): <Quantum Torch Layer: func=qnode>
    (1): Linear(in_features=2048, out_features=300, bias=True)
    (2): ReLU()
    (3): Dropout(p=0.05, inplace=False)
    (4): Linear(in_features=300, out_features=1801, bias=True)
  )
)
Number of parameters = 1,156,823
Moving model to cuda
Epoch 0

Loss = 8.0092e-01, PNorm = 63.2358, GNorm = 0.0115, lr_0 = 8.9993e-05
Validation sid = 0.515447
Epoch 1

Loss = 5.1151e-01, PNorm = 65.3399, GNorm = 0.0143, lr_0 = 8.0000e-05
Validation sid = 0.506811
Epoch 2

Loss = 4.9660e-01, PNorm = 69.2704, GNorm = 0.0186, lr_0 = 7.9892e-05
Validation sid = 0.477359
Epoch 3

Loss = 4.4933e-01, PNorm = 76.7519, GNorm = 0.0383, lr_0 = 7.9784e-05
Validation sid = 0.427394
Epoch 4

Loss = 4.1013e-01, PNorm = 83.4704, GNorm = 0.0524, lr_0 = 7.9676e-05
Validation sid = 0.395349
Epoch 5

Loss = 3.7881e-01, PNorm = 90.3349, GNorm = 0.0383, lr_0 = 7.9569e-05
Validation sid = 0.366812
Epoch 6

Loss = 3.5425e-01, PNorm = 96.8790, GNorm = 0.0384, lr_0 = 7.9462e-05
Validation sid = 0.345888
Epoch 7

Loss = 3.3561e-01, PNorm = 103.2118, GNorm = 0.0334, lr_0 = 7.9354e-05
Validation sid = 0.329027
Epoch 8

Loss = 3.2025e-01, PNorm = 109.1840, GNorm = 0.0788, lr_0 = 7.9247e-05
Validation sid = 0.314990
Epoch 9

Loss = 3.0744e-01, PNorm = 114.8662, GNorm = 0.0653, lr_0 = 7.9140e-05
Validation sid = 0.303517
Epoch 10

Loss = 2.9715e-01, PNorm = 120.2152, GNorm = 0.0661, lr_0 = 7.9033e-05
Validation sid = 0.294432
Epoch 11

Loss = 2.8869e-01, PNorm = 125.3704, GNorm = 0.0821, lr_0 = 7.8927e-05
Validation sid = 0.286849
Epoch 12

Loss = 2.8129e-01, PNorm = 130.1915, GNorm = 0.0600, lr_0 = 7.8820e-05
Validation sid = 0.279958
Epoch 13

Loss = 2.7459e-01, PNorm = 135.0174, GNorm = 0.0725, lr_0 = 7.8714e-05
Validation sid = 0.273862
Epoch 14

Loss = 2.6866e-01, PNorm = 139.6587, GNorm = 0.0563, lr_0 = 7.8608e-05
Validation sid = 0.268442
Epoch 15

Loss = 2.6305e-01, PNorm = 144.3053, GNorm = 0.1050, lr_0 = 7.8501e-05
Validation sid = 0.263433
Epoch 16

Loss = 2.5801e-01, PNorm = 148.8441, GNorm = 0.0505, lr_0 = 7.8396e-05
Validation sid = 0.258861
Epoch 17

Loss = 2.5335e-01, PNorm = 153.3705, GNorm = 0.0812, lr_0 = 7.8290e-05
Validation sid = 0.254595
Epoch 18

Loss = 2.4889e-01, PNorm = 157.8808, GNorm = 0.0914, lr_0 = 7.8184e-05
Validation sid = 0.250762
Epoch 19

Loss = 2.4470e-01, PNorm = 162.2679, GNorm = 0.0924, lr_0 = 7.8079e-05
Validation sid = 0.247057
Epoch 20

Loss = 2.4094e-01, PNorm = 166.6601, GNorm = 0.0647, lr_0 = 7.7973e-05
Validation sid = 0.243658
Epoch 21

Loss = 2.3749e-01, PNorm = 170.8889, GNorm = 0.0522, lr_0 = 7.7868e-05
Validation sid = 0.240597
Epoch 22

Loss = 2.3415e-01, PNorm = 175.1637, GNorm = 0.0533, lr_0 = 7.7763e-05
Validation sid = 0.237773
Epoch 23

Loss = 2.3115e-01, PNorm = 179.2503, GNorm = 0.0767, lr_0 = 7.7658e-05
Validation sid = 0.235065
Epoch 24

Loss = 2.2817e-01, PNorm = 183.4301, GNorm = 0.0855, lr_0 = 7.7553e-05
Validation sid = 0.232650
Epoch 25

Loss = 2.2562e-01, PNorm = 187.4153, GNorm = 0.1231, lr_0 = 7.7448e-05
Validation sid = 0.230345
Epoch 26

Loss = 2.2296e-01, PNorm = 191.4190, GNorm = 0.0782, lr_0 = 7.7344e-05
Validation sid = 0.228226
Epoch 27

Loss = 2.2064e-01, PNorm = 195.3043, GNorm = 0.0581, lr_0 = 7.7239e-05
Validation sid = 0.226258
Epoch 28

Loss = 2.1838e-01, PNorm = 199.1258, GNorm = 0.0913, lr_0 = 7.7135e-05
Validation sid = 0.224307
Epoch 29

Loss = 2.1625e-01, PNorm = 202.8699, GNorm = 0.0787, lr_0 = 7.7031e-05
Validation sid = 0.222577
Epoch 30

Loss = 2.1432e-01, PNorm = 206.6340, GNorm = 0.0972, lr_0 = 7.6927e-05
Validation sid = 0.220860
Epoch 31

Loss = 2.1225e-01, PNorm = 210.2805, GNorm = 0.0548, lr_0 = 7.6823e-05
Validation sid = 0.219351
Epoch 32

Loss = 2.1044e-01, PNorm = 213.8313, GNorm = 0.0861, lr_0 = 7.6720e-05
Validation sid = 0.217831
Epoch 33

Loss = 2.0871e-01, PNorm = 217.3935, GNorm = 0.0622, lr_0 = 7.6616e-05
Validation sid = 0.216420
Epoch 34

Loss = 2.0703e-01, PNorm = 220.9149, GNorm = 0.0850, lr_0 = 7.6513e-05
Validation sid = 0.215050
Epoch 35

Loss = 2.0546e-01, PNorm = 224.3668, GNorm = 0.1025, lr_0 = 7.6409e-05
Validation sid = 0.213740
Epoch 36

Loss = 2.0382e-01, PNorm = 227.7657, GNorm = 0.0814, lr_0 = 7.6306e-05
Validation sid = 0.212532
Epoch 37

Loss = 2.0241e-01, PNorm = 231.1379, GNorm = 0.0724, lr_0 = 7.6203e-05
Validation sid = 0.211319
Epoch 38

Loss = 2.0089e-01, PNorm = 234.4796, GNorm = 0.1345, lr_0 = 7.6100e-05
Validation sid = 0.210140
Epoch 39

Loss = 1.9950e-01, PNorm = 237.7998, GNorm = 0.0681, lr_0 = 7.5998e-05
Validation sid = 0.209030
Epoch 40

Loss = 1.9811e-01, PNorm = 241.0588, GNorm = 0.1015, lr_0 = 7.5895e-05
Validation sid = 0.208026
Epoch 41

Loss = 1.9688e-01, PNorm = 244.2396, GNorm = 0.0674, lr_0 = 7.5793e-05
Validation sid = 0.206970
Epoch 42

Loss = 1.9562e-01, PNorm = 247.4636, GNorm = 0.1109, lr_0 = 7.5690e-05
Validation sid = 0.205995
Epoch 43

Loss = 1.9444e-01, PNorm = 250.6412, GNorm = 0.0823, lr_0 = 7.5588e-05
Validation sid = 0.205027
Epoch 44

Loss = 1.9319e-01, PNorm = 253.7572, GNorm = 0.1128, lr_0 = 7.5486e-05
Validation sid = 0.204127
Epoch 45

Loss = 1.9212e-01, PNorm = 256.8729, GNorm = 0.0939, lr_0 = 7.5384e-05
Validation sid = 0.203297
Epoch 46

Loss = 1.9103e-01, PNorm = 259.9297, GNorm = 0.0851, lr_0 = 7.5283e-05
Validation sid = 0.202360
Epoch 47

Loss = 1.8985e-01, PNorm = 262.9657, GNorm = 0.1225, lr_0 = 7.5181e-05
Validation sid = 0.201573
Epoch 48

Loss = 1.8884e-01, PNorm = 265.9727, GNorm = 0.0865, lr_0 = 7.5080e-05
Validation sid = 0.200733
Epoch 49

Loss = 1.8786e-01, PNorm = 268.9343, GNorm = 0.0760, lr_0 = 7.4978e-05
Validation sid = 0.200031
Epoch 50

Loss = 1.8686e-01, PNorm = 271.8688, GNorm = 0.0777, lr_0 = 7.4877e-05
Validation sid = 0.199193
Epoch 51

Loss = 1.8584e-01, PNorm = 274.7805, GNorm = 0.1011, lr_0 = 7.4776e-05
Validation sid = 0.198503
Epoch 52

Loss = 1.8493e-01, PNorm = 277.6522, GNorm = 0.0944, lr_0 = 7.4675e-05
Validation sid = 0.197808
Epoch 53

Loss = 1.8400e-01, PNorm = 280.4953, GNorm = 0.1121, lr_0 = 7.4574e-05
Validation sid = 0.197145
Epoch 54

Loss = 1.8317e-01, PNorm = 283.3255, GNorm = 0.1073, lr_0 = 7.4474e-05
Validation sid = 0.196488
Epoch 55

Loss = 1.8228e-01, PNorm = 286.1174, GNorm = 0.1406, lr_0 = 7.4373e-05
Validation sid = 0.195849
Epoch 56

Loss = 1.8152e-01, PNorm = 288.8719, GNorm = 0.1102, lr_0 = 7.4273e-05
Validation sid = 0.195259
Epoch 57

Loss = 1.8074e-01, PNorm = 291.6092, GNorm = 0.0875, lr_0 = 7.4172e-05
Validation sid = 0.194708
Epoch 58

Loss = 1.7992e-01, PNorm = 294.2962, GNorm = 0.0934, lr_0 = 7.4072e-05
Validation sid = 0.194162
Epoch 59

Loss = 1.7905e-01, PNorm = 296.9502, GNorm = 0.0891, lr_0 = 7.3972e-05
Validation sid = 0.193565
Epoch 60

Loss = 1.7837e-01, PNorm = 299.5996, GNorm = 0.0883, lr_0 = 7.3873e-05
Validation sid = 0.193063
Epoch 61

Loss = 1.7757e-01, PNorm = 302.2021, GNorm = 0.1022, lr_0 = 7.3773e-05
Validation sid = 0.192553
Epoch 62

Loss = 1.7688e-01, PNorm = 304.7172, GNorm = 0.1124, lr_0 = 7.3673e-05
Validation sid = 0.192068
Epoch 63

Loss = 1.7625e-01, PNorm = 307.2848, GNorm = 0.0917, lr_0 = 7.3574e-05
Validation sid = 0.191573
Epoch 64

Loss = 1.7555e-01, PNorm = 309.7993, GNorm = 0.0986, lr_0 = 7.3475e-05
Validation sid = 0.191150
Epoch 65

Loss = 1.7486e-01, PNorm = 312.2848, GNorm = 0.1003, lr_0 = 7.3375e-05
Validation sid = 0.190737
Epoch 66

Loss = 1.7420e-01, PNorm = 314.6962, GNorm = 0.0881, lr_0 = 7.3276e-05
Validation sid = 0.190237
Epoch 67

Loss = 1.7356e-01, PNorm = 317.1339, GNorm = 0.0899, lr_0 = 7.3177e-05
Validation sid = 0.189830
Epoch 68

Loss = 1.7293e-01, PNorm = 319.5054, GNorm = 0.1196, lr_0 = 7.3079e-05
Validation sid = 0.189454
Epoch 69

Loss = 1.7235e-01, PNorm = 321.9251, GNorm = 0.1207, lr_0 = 7.2980e-05
Validation sid = 0.189039
Epoch 70

Loss = 1.7175e-01, PNorm = 324.2822, GNorm = 0.1299, lr_0 = 7.2882e-05
Validation sid = 0.188666
Epoch 71

Loss = 1.7113e-01, PNorm = 326.6297, GNorm = 0.0992, lr_0 = 7.2783e-05
Validation sid = 0.188317
Epoch 72

Loss = 1.7051e-01, PNorm = 328.9403, GNorm = 0.1304, lr_0 = 7.2685e-05
Validation sid = 0.187932
Epoch 73

Loss = 1.7001e-01, PNorm = 331.2174, GNorm = 0.0958, lr_0 = 7.2587e-05
Validation sid = 0.187573
Epoch 74

Loss = 1.6937e-01, PNorm = 333.5385, GNorm = 0.1128, lr_0 = 7.2489e-05
Validation sid = 0.187247
Epoch 75

Loss = 1.6885e-01, PNorm = 335.7910, GNorm = 0.0970, lr_0 = 7.2391e-05
Validation sid = 0.186922
Epoch 76

Loss = 1.6830e-01, PNorm = 338.0713, GNorm = 0.0864, lr_0 = 7.2293e-05
Validation sid = 0.186587
Epoch 77

Loss = 1.6776e-01, PNorm = 340.2679, GNorm = 0.0841, lr_0 = 7.2196e-05
Validation sid = 0.186270
Epoch 78

Loss = 1.6723e-01, PNorm = 342.5178, GNorm = 0.0898, lr_0 = 7.2098e-05
Validation sid = 0.185943
Epoch 79

Loss = 1.6673e-01, PNorm = 344.6993, GNorm = 0.1100, lr_0 = 7.2001e-05
Validation sid = 0.185648
Epoch 80

Loss = 1.6623e-01, PNorm = 346.9021, GNorm = 0.1157, lr_0 = 7.1904e-05
Validation sid = 0.185313
Epoch 81

Loss = 1.6569e-01, PNorm = 349.0584, GNorm = 0.1268, lr_0 = 7.1807e-05
Validation sid = 0.184999
Epoch 82

Loss = 1.6520e-01, PNorm = 351.1770, GNorm = 0.0791, lr_0 = 7.1710e-05
Validation sid = 0.184741
Epoch 83

Loss = 1.6471e-01, PNorm = 353.3140, GNorm = 0.1033, lr_0 = 7.1613e-05
Validation sid = 0.184462
Epoch 84

Loss = 1.6418e-01, PNorm = 355.4503, GNorm = 0.1152, lr_0 = 7.1516e-05
Validation sid = 0.184206
Epoch 85

Loss = 1.6365e-01, PNorm = 357.5221, GNorm = 0.0949, lr_0 = 7.1420e-05
Validation sid = 0.183923
Epoch 86

Loss = 1.6316e-01, PNorm = 359.6493, GNorm = 0.0980, lr_0 = 7.1324e-05
Validation sid = 0.183632
Epoch 87

Loss = 1.6263e-01, PNorm = 361.7432, GNorm = 0.0994, lr_0 = 7.1227e-05
Validation sid = 0.183406
Epoch 88

Loss = 1.6230e-01, PNorm = 363.8257, GNorm = 0.0913, lr_0 = 7.1131e-05
Validation sid = 0.183153
Epoch 89

Loss = 1.6180e-01, PNorm = 365.8763, GNorm = 0.1024, lr_0 = 7.1035e-05
Validation sid = 0.182885
Epoch 90

Loss = 1.6138e-01, PNorm = 367.9330, GNorm = 0.1102, lr_0 = 7.0939e-05
Validation sid = 0.182615
Epoch 91

Loss = 1.6093e-01, PNorm = 369.9546, GNorm = 0.1039, lr_0 = 7.0843e-05
Validation sid = 0.182463
Epoch 92

Loss = 1.6046e-01, PNorm = 371.9846, GNorm = 0.1208, lr_0 = 7.0748e-05
Validation sid = 0.182223
Epoch 93

Loss = 1.6012e-01, PNorm = 374.0102, GNorm = 0.0814, lr_0 = 7.0652e-05
Validation sid = 0.181954
Epoch 94

Loss = 1.5954e-01, PNorm = 376.0010, GNorm = 0.1145, lr_0 = 7.0557e-05
Validation sid = 0.181784
Epoch 95

Loss = 1.5922e-01, PNorm = 377.9494, GNorm = 0.0926, lr_0 = 7.0462e-05
Validation sid = 0.181528
Epoch 96

Loss = 1.5880e-01, PNorm = 379.9225, GNorm = 0.1145, lr_0 = 7.0367e-05
Validation sid = 0.181291
Epoch 97

Loss = 1.5833e-01, PNorm = 381.8955, GNorm = 0.1897, lr_0 = 7.0272e-05
Validation sid = 0.181059
Epoch 98

Loss = 1.5799e-01, PNorm = 383.8334, GNorm = 0.1103, lr_0 = 7.0177e-05
Validation sid = 0.180871
Epoch 99

Loss = 1.5757e-01, PNorm = 385.7802, GNorm = 0.1376, lr_0 = 7.0082e-05
Validation sid = 0.180719
Epoch 100

Loss = 1.5720e-01, PNorm = 387.7070, GNorm = 0.1255, lr_0 = 6.9988e-05
Validation sid = 0.180470
Epoch 101

Loss = 1.5673e-01, PNorm = 389.6145, GNorm = 0.1232, lr_0 = 6.9893e-05
Validation sid = 0.180308
Epoch 102

Loss = 1.5635e-01, PNorm = 391.5334, GNorm = 0.1032, lr_0 = 6.9799e-05
Validation sid = 0.180057
Epoch 103

Loss = 1.5585e-01, PNorm = 393.4205, GNorm = 0.0990, lr_0 = 6.9705e-05
Validation sid = 0.179833
Epoch 104

Loss = 1.5564e-01, PNorm = 395.3336, GNorm = 0.1250, lr_0 = 6.9610e-05
Validation sid = 0.179670
Epoch 105

Loss = 1.5518e-01, PNorm = 397.2345, GNorm = 0.1312, lr_0 = 6.9517e-05
Validation sid = 0.179467
Epoch 106

Loss = 1.5483e-01, PNorm = 399.0797, GNorm = 0.0952, lr_0 = 6.9423e-05
Validation sid = 0.179317
Epoch 107

Loss = 1.5441e-01, PNorm = 400.9319, GNorm = 0.1188, lr_0 = 6.9329e-05
Validation sid = 0.179123
Epoch 108

Loss = 1.5412e-01, PNorm = 402.7876, GNorm = 0.1013, lr_0 = 6.9235e-05
Validation sid = 0.178938
Epoch 109

Loss = 1.5367e-01, PNorm = 404.6400, GNorm = 0.1035, lr_0 = 6.9142e-05
Validation sid = 0.178809
Epoch 110

Loss = 1.5332e-01, PNorm = 406.4687, GNorm = 0.1136, lr_0 = 6.9049e-05
Validation sid = 0.178606
Epoch 111

Loss = 1.5302e-01, PNorm = 408.3116, GNorm = 0.0881, lr_0 = 6.8955e-05
Validation sid = 0.178449
Epoch 112

Loss = 1.5255e-01, PNorm = 410.1218, GNorm = 0.1163, lr_0 = 6.8862e-05
Validation sid = 0.178224
Epoch 113

Loss = 1.5229e-01, PNorm = 411.8968, GNorm = 0.0971, lr_0 = 6.8769e-05
Validation sid = 0.178138
Epoch 114

Loss = 1.5197e-01, PNorm = 413.7032, GNorm = 0.1108, lr_0 = 6.8677e-05
Validation sid = 0.177911
Epoch 115

Loss = 1.5160e-01, PNorm = 415.5015, GNorm = 0.1313, lr_0 = 6.8584e-05
Validation sid = 0.177762
Epoch 116

Loss = 1.5125e-01, PNorm = 417.3047, GNorm = 0.1257, lr_0 = 6.8491e-05
Validation sid = 0.177643
Epoch 117

Loss = 1.5093e-01, PNorm = 419.0686, GNorm = 0.1104, lr_0 = 6.8399e-05
Validation sid = 0.177451
Epoch 118

Loss = 1.5063e-01, PNorm = 420.8472, GNorm = 0.0855, lr_0 = 6.8307e-05
Validation sid = 0.177286
Epoch 119

Loss = 1.5020e-01, PNorm = 422.6179, GNorm = 0.0904, lr_0 = 6.8214e-05
Validation sid = 0.177178
Epoch 120

Loss = 1.4990e-01, PNorm = 424.3834, GNorm = 0.1497, lr_0 = 6.8122e-05
Validation sid = 0.177030
Epoch 121

Loss = 1.4962e-01, PNorm = 426.1083, GNorm = 0.1157, lr_0 = 6.8030e-05
Validation sid = 0.176870
Epoch 122

Loss = 1.4927e-01, PNorm = 427.8374, GNorm = 0.1043, lr_0 = 6.7939e-05
Validation sid = 0.176697
Epoch 123

Loss = 1.4891e-01, PNorm = 429.5595, GNorm = 0.1062, lr_0 = 6.7847e-05
Validation sid = 0.176578
Epoch 124

Loss = 1.4858e-01, PNorm = 431.3137, GNorm = 0.1240, lr_0 = 6.7755e-05
Validation sid = 0.176403
Epoch 125

Loss = 1.4834e-01, PNorm = 433.0284, GNorm = 0.1338, lr_0 = 6.7664e-05
Validation sid = 0.176278
Epoch 126

Loss = 1.4799e-01, PNorm = 434.7355, GNorm = 0.1074, lr_0 = 6.7573e-05
Validation sid = 0.176127
Epoch 127

Loss = 1.4761e-01, PNorm = 436.4379, GNorm = 0.0931, lr_0 = 6.7481e-05
Validation sid = 0.176045
Epoch 128

Loss = 1.4738e-01, PNorm = 438.1307, GNorm = 0.1240, lr_0 = 6.7390e-05
Validation sid = 0.175896
Epoch 129

Loss = 1.4704e-01, PNorm = 439.8162, GNorm = 0.1297, lr_0 = 6.7299e-05
Validation sid = 0.175763
Epoch 130

Loss = 1.4672e-01, PNorm = 441.4901, GNorm = 0.1375, lr_0 = 6.7209e-05
Validation sid = 0.175635
Epoch 131

Loss = 1.4645e-01, PNorm = 443.1885, GNorm = 0.1209, lr_0 = 6.7118e-05
Validation sid = 0.175510
Epoch 132

Loss = 1.4608e-01, PNorm = 444.8804, GNorm = 0.1114, lr_0 = 6.7027e-05
Validation sid = 0.175380
Epoch 133

Loss = 1.4578e-01, PNorm = 446.5396, GNorm = 0.1050, lr_0 = 6.6937e-05
Validation sid = 0.175257
Epoch 134

Loss = 1.4557e-01, PNorm = 448.1887, GNorm = 0.1265, lr_0 = 6.6846e-05
Validation sid = 0.175166
Epoch 135

Loss = 1.4526e-01, PNorm = 449.8176, GNorm = 0.1107, lr_0 = 6.6756e-05
Validation sid = 0.175050
Epoch 136

Loss = 1.4491e-01, PNorm = 451.4659, GNorm = 0.1084, lr_0 = 6.6666e-05
Validation sid = 0.174902
Epoch 137

Loss = 1.4471e-01, PNorm = 453.1150, GNorm = 0.1044, lr_0 = 6.6576e-05
Validation sid = 0.174788
Epoch 138

Loss = 1.4442e-01, PNorm = 454.7295, GNorm = 0.1354, lr_0 = 6.6486e-05
Validation sid = 0.174655
Epoch 139

Loss = 1.4408e-01, PNorm = 456.3681, GNorm = 0.1206, lr_0 = 6.6397e-05
Validation sid = 0.174593
Epoch 140

Loss = 1.4378e-01, PNorm = 457.9891, GNorm = 0.1382, lr_0 = 6.6307e-05
Validation sid = 0.174480
Epoch 141

Loss = 1.4349e-01, PNorm = 459.5760, GNorm = 0.1280, lr_0 = 6.6217e-05
Validation sid = 0.174348
Epoch 142

Loss = 1.4326e-01, PNorm = 461.1855, GNorm = 0.1048, lr_0 = 6.6128e-05
Validation sid = 0.174244
Epoch 143

Loss = 1.4296e-01, PNorm = 462.7804, GNorm = 0.1250, lr_0 = 6.6039e-05
Validation sid = 0.174112
Epoch 144

Loss = 1.4269e-01, PNorm = 464.3612, GNorm = 0.1307, lr_0 = 6.5950e-05
Validation sid = 0.174012
Epoch 145

Loss = 1.4243e-01, PNorm = 465.9644, GNorm = 0.1087, lr_0 = 6.5861e-05
Validation sid = 0.173949
Epoch 146

Loss = 1.4218e-01, PNorm = 467.5437, GNorm = 0.1541, lr_0 = 6.5772e-05
Validation sid = 0.173811
Epoch 147

Loss = 1.4191e-01, PNorm = 469.1264, GNorm = 0.1198, lr_0 = 6.5683e-05
Validation sid = 0.173748
Epoch 148

Loss = 1.4171e-01, PNorm = 470.6837, GNorm = 0.1094, lr_0 = 6.5594e-05
Validation sid = 0.173643
Epoch 149

Loss = 1.4135e-01, PNorm = 472.2537, GNorm = 0.1931, lr_0 = 6.5506e-05
Validation sid = 0.173547
Epoch 150

Loss = 1.4114e-01, PNorm = 473.8086, GNorm = 0.1087, lr_0 = 6.5417e-05
Validation sid = 0.173422
Epoch 151

Loss = 1.4081e-01, PNorm = 475.3631, GNorm = 0.1086, lr_0 = 6.5329e-05
Validation sid = 0.173347
Epoch 152

Loss = 1.4062e-01, PNorm = 476.9096, GNorm = 0.1227, lr_0 = 6.5241e-05
Validation sid = 0.173252
Epoch 153

Loss = 1.4033e-01, PNorm = 478.4408, GNorm = 0.1152, lr_0 = 6.5153e-05
Validation sid = 0.173136
Epoch 154

Loss = 1.4007e-01, PNorm = 479.9781, GNorm = 0.1204, lr_0 = 6.5065e-05
Validation sid = 0.173031
Epoch 155

Loss = 1.3978e-01, PNorm = 481.4839, GNorm = 0.1440, lr_0 = 6.4977e-05
Validation sid = 0.172961
Epoch 156

Loss = 1.3955e-01, PNorm = 482.9954, GNorm = 0.1055, lr_0 = 6.4889e-05
Validation sid = 0.172860
Epoch 157

Loss = 1.3938e-01, PNorm = 484.5018, GNorm = 0.1563, lr_0 = 6.4802e-05
Validation sid = 0.172780
Epoch 158

Loss = 1.3913e-01, PNorm = 486.0210, GNorm = 0.1120, lr_0 = 6.4714e-05
Validation sid = 0.172672
Epoch 159

Loss = 1.3879e-01, PNorm = 487.5181, GNorm = 0.1363, lr_0 = 6.4627e-05
Validation sid = 0.172613
Epoch 160

Loss = 1.3855e-01, PNorm = 489.0180, GNorm = 0.1525, lr_0 = 6.4540e-05
Validation sid = 0.172502
Epoch 161

Loss = 1.3830e-01, PNorm = 490.4894, GNorm = 0.1288, lr_0 = 6.4453e-05
Validation sid = 0.172458
Epoch 162

Loss = 1.3804e-01, PNorm = 491.9763, GNorm = 0.1528, lr_0 = 6.4366e-05
Validation sid = 0.172331
Epoch 163

Loss = 1.3789e-01, PNorm = 493.4436, GNorm = 0.1205, lr_0 = 6.4279e-05
Validation sid = 0.172254
Epoch 164

Loss = 1.3760e-01, PNorm = 494.9290, GNorm = 0.1425, lr_0 = 6.4192e-05
Validation sid = 0.172175
Epoch 165

Loss = 1.3740e-01, PNorm = 496.3870, GNorm = 0.1094, lr_0 = 6.4105e-05
Validation sid = 0.172083
Epoch 166

Loss = 1.3714e-01, PNorm = 497.8443, GNorm = 0.1197, lr_0 = 6.4019e-05
Validation sid = 0.172031
Epoch 167

Loss = 1.3690e-01, PNorm = 499.3008, GNorm = 0.1434, lr_0 = 6.3933e-05
Validation sid = 0.171952
Epoch 168

Loss = 1.3675e-01, PNorm = 500.7504, GNorm = 0.1132, lr_0 = 6.3846e-05
Validation sid = 0.171874
Epoch 169

Loss = 1.3646e-01, PNorm = 502.1804, GNorm = 0.1208, lr_0 = 6.3760e-05
Validation sid = 0.171774
Epoch 170

Loss = 1.3622e-01, PNorm = 503.6455, GNorm = 0.1368, lr_0 = 6.3674e-05
Validation sid = 0.171729
Epoch 171

Loss = 1.3596e-01, PNorm = 505.0923, GNorm = 0.1075, lr_0 = 6.3588e-05
Validation sid = 0.171645
Epoch 172

Loss = 1.3574e-01, PNorm = 506.5156, GNorm = 0.1293, lr_0 = 6.3502e-05
Validation sid = 0.171550
Epoch 173

Loss = 1.3563e-01, PNorm = 507.9459, GNorm = 0.1081, lr_0 = 6.3417e-05
Validation sid = 0.171490
Epoch 174

Loss = 1.3532e-01, PNorm = 509.3514, GNorm = 0.1088, lr_0 = 6.3331e-05
Validation sid = 0.171424
Epoch 175

Loss = 1.3511e-01, PNorm = 510.7486, GNorm = 0.1157, lr_0 = 6.3245e-05
Validation sid = 0.171350
Epoch 176

Loss = 1.3489e-01, PNorm = 512.1757, GNorm = 0.1286, lr_0 = 6.3160e-05
Validation sid = 0.171343
Epoch 177

Loss = 1.3475e-01, PNorm = 513.6007, GNorm = 0.1235, lr_0 = 6.3075e-05
Validation sid = 0.171248
Epoch 178

Loss = 1.3450e-01, PNorm = 514.9943, GNorm = 0.1122, lr_0 = 6.2990e-05
Validation sid = 0.171193
Epoch 179

Loss = 1.3419e-01, PNorm = 516.3658, GNorm = 0.1019, lr_0 = 6.2905e-05
Validation sid = 0.171155
Epoch 180

Loss = 1.3405e-01, PNorm = 517.7388, GNorm = 0.1267, lr_0 = 6.2820e-05
Validation sid = 0.171029
Epoch 181

Loss = 1.3394e-01, PNorm = 519.1503, GNorm = 0.1512, lr_0 = 6.2735e-05
Validation sid = 0.171006
Epoch 182

Loss = 1.3363e-01, PNorm = 520.5212, GNorm = 0.1280, lr_0 = 6.2650e-05
Validation sid = 0.170904
Epoch 183

Loss = 1.3339e-01, PNorm = 521.9176, GNorm = 0.1419, lr_0 = 6.2566e-05
Validation sid = 0.170839
Epoch 184

Loss = 1.3317e-01, PNorm = 523.2867, GNorm = 0.1012, lr_0 = 6.2481e-05
Validation sid = 0.170804
Epoch 185

Loss = 1.3304e-01, PNorm = 524.6371, GNorm = 0.1173, lr_0 = 6.2397e-05
Validation sid = 0.170715
Epoch 186

Loss = 1.3281e-01, PNorm = 526.0173, GNorm = 0.1300, lr_0 = 6.2313e-05
Validation sid = 0.170682
Epoch 187

Loss = 1.3262e-01, PNorm = 527.3636, GNorm = 0.1194, lr_0 = 6.2229e-05
Validation sid = 0.170594
Epoch 188

Loss = 1.3241e-01, PNorm = 528.6946, GNorm = 0.1078, lr_0 = 6.2145e-05
Validation sid = 0.170583
Epoch 189

Loss = 1.3217e-01, PNorm = 530.0478, GNorm = 0.1325, lr_0 = 6.2061e-05
Validation sid = 0.170493
Epoch 190

Loss = 1.3204e-01, PNorm = 531.3938, GNorm = 0.1148, lr_0 = 6.1977e-05
Validation sid = 0.170454
Epoch 191

Loss = 1.3174e-01, PNorm = 532.7092, GNorm = 0.1093, lr_0 = 6.1893e-05
Validation sid = 0.170378
Epoch 192

Loss = 1.3159e-01, PNorm = 534.0500, GNorm = 0.1374, lr_0 = 6.1810e-05
Validation sid = 0.170302
Epoch 193

Loss = 1.3151e-01, PNorm = 535.4015, GNorm = 0.1205, lr_0 = 6.1726e-05
Validation sid = 0.170275
Epoch 194

Loss = 1.3119e-01, PNorm = 536.6945, GNorm = 0.1306, lr_0 = 6.1643e-05
Validation sid = 0.170195
Epoch 195

Loss = 1.3102e-01, PNorm = 538.0111, GNorm = 0.1123, lr_0 = 6.1560e-05
Validation sid = 0.170159
Epoch 196

Loss = 1.3083e-01, PNorm = 539.3304, GNorm = 0.1432, lr_0 = 6.1477e-05
Validation sid = 0.170114
Epoch 197

Loss = 1.3069e-01, PNorm = 540.6529, GNorm = 0.1327, lr_0 = 6.1394e-05
Validation sid = 0.170078
Epoch 198

Loss = 1.3050e-01, PNorm = 541.9509, GNorm = 0.1306, lr_0 = 6.1311e-05
Validation sid = 0.170023
Epoch 199

Loss = 1.3027e-01, PNorm = 543.2567, GNorm = 0.1238, lr_0 = 6.1228e-05
Validation sid = 0.169997
Epoch 200

Loss = 1.3001e-01, PNorm = 544.5529, GNorm = 0.1564, lr_0 = 6.1146e-05
Validation sid = 0.169945
Epoch 201

Loss = 1.2990e-01, PNorm = 545.8427, GNorm = 0.1845, lr_0 = 6.1063e-05
Validation sid = 0.169917
Epoch 202

Loss = 1.2973e-01, PNorm = 547.1317, GNorm = 0.1146, lr_0 = 6.0981e-05
Validation sid = 0.169804
Epoch 203

Loss = 1.2953e-01, PNorm = 548.3976, GNorm = 0.1517, lr_0 = 6.0898e-05
Validation sid = 0.169757
Epoch 204

Loss = 1.2938e-01, PNorm = 549.6702, GNorm = 0.1530, lr_0 = 6.0816e-05
Validation sid = 0.169719
Epoch 205

Loss = 1.2912e-01, PNorm = 550.9483, GNorm = 0.1445, lr_0 = 6.0734e-05
Validation sid = 0.169668
Epoch 206

Loss = 1.2902e-01, PNorm = 552.2389, GNorm = 0.1339, lr_0 = 6.0652e-05
Validation sid = 0.169644
Epoch 207

Loss = 1.2881e-01, PNorm = 553.4934, GNorm = 0.1165, lr_0 = 6.0570e-05
Validation sid = 0.169609
Epoch 208

Loss = 1.2866e-01, PNorm = 554.7606, GNorm = 0.1205, lr_0 = 6.0489e-05
Validation sid = 0.169579
Epoch 209

Loss = 1.2846e-01, PNorm = 556.0354, GNorm = 0.1295, lr_0 = 6.0407e-05
Validation sid = 0.169537
Epoch 210

Loss = 1.2826e-01, PNorm = 557.2868, GNorm = 0.1167, lr_0 = 6.0325e-05
Validation sid = 0.169496
Epoch 211

Loss = 1.2811e-01, PNorm = 558.5223, GNorm = 0.1302, lr_0 = 6.0244e-05
Validation sid = 0.169419
Epoch 212

Loss = 1.2795e-01, PNorm = 559.7615, GNorm = 0.1457, lr_0 = 6.0163e-05
Validation sid = 0.169393
Epoch 213

Loss = 1.2778e-01, PNorm = 560.9788, GNorm = 0.1367, lr_0 = 6.0081e-05
Validation sid = 0.169382
Epoch 214

Loss = 1.2761e-01, PNorm = 562.2040, GNorm = 0.1310, lr_0 = 6.0000e-05
Validation sid = 0.169347
Epoch 215

Loss = 1.2747e-01, PNorm = 563.4373, GNorm = 0.1529, lr_0 = 5.9919e-05
Validation sid = 0.169288
Epoch 216

Loss = 1.2725e-01, PNorm = 564.6720, GNorm = 0.1284, lr_0 = 5.9839e-05
Validation sid = 0.169262
Epoch 217

Loss = 1.2708e-01, PNorm = 565.8992, GNorm = 0.1239, lr_0 = 5.9758e-05
Validation sid = 0.169196
Epoch 218

Loss = 1.2687e-01, PNorm = 567.0966, GNorm = 0.1195, lr_0 = 5.9677e-05
Validation sid = 0.169176
Epoch 219

Loss = 1.2674e-01, PNorm = 568.3104, GNorm = 0.1279, lr_0 = 5.9597e-05
Validation sid = 0.169129
Epoch 220

Loss = 1.2657e-01, PNorm = 569.5387, GNorm = 0.1476, lr_0 = 5.9516e-05
Validation sid = 0.169140
Epoch 221

Loss = 1.2644e-01, PNorm = 570.7433, GNorm = 0.1374, lr_0 = 5.9436e-05
Validation sid = 0.169040
Epoch 222

Loss = 1.2628e-01, PNorm = 571.9510, GNorm = 0.1505, lr_0 = 5.9356e-05
Validation sid = 0.169022
Epoch 223

Loss = 1.2604e-01, PNorm = 573.1315, GNorm = 0.1709, lr_0 = 5.9275e-05
Validation sid = 0.168999
Epoch 224

Loss = 1.2590e-01, PNorm = 574.3305, GNorm = 0.1054, lr_0 = 5.9195e-05
Validation sid = 0.168958
Epoch 225

Loss = 1.2578e-01, PNorm = 575.5245, GNorm = 0.1485, lr_0 = 5.9116e-05
Validation sid = 0.168971
Epoch 226

Loss = 1.2556e-01, PNorm = 576.7291, GNorm = 0.1495, lr_0 = 5.9036e-05
Validation sid = 0.168916
Epoch 227

Loss = 1.2544e-01, PNorm = 577.8939, GNorm = 0.1578, lr_0 = 5.8956e-05
Validation sid = 0.168847
Epoch 228

Loss = 1.2528e-01, PNorm = 579.0728, GNorm = 0.1796, lr_0 = 5.8877e-05
Validation sid = 0.168797
Epoch 229

Loss = 1.2516e-01, PNorm = 580.2574, GNorm = 0.1249, lr_0 = 5.8797e-05
Validation sid = 0.168809
Epoch 230

Loss = 1.2496e-01, PNorm = 581.4270, GNorm = 0.1357, lr_0 = 5.8718e-05
Validation sid = 0.168739
Epoch 231

Loss = 1.2476e-01, PNorm = 582.5779, GNorm = 0.1386, lr_0 = 5.8638e-05
Validation sid = 0.168748
Epoch 232

Loss = 1.2473e-01, PNorm = 583.7333, GNorm = 0.1244, lr_0 = 5.8559e-05
Validation sid = 0.168730
Epoch 233

Loss = 1.2459e-01, PNorm = 584.8814, GNorm = 0.1427, lr_0 = 5.8480e-05
Validation sid = 0.168678
Epoch 234

Loss = 1.2435e-01, PNorm = 586.0371, GNorm = 0.1165, lr_0 = 5.8401e-05
Validation sid = 0.168654
Epoch 235

Loss = 1.2423e-01, PNorm = 587.2062, GNorm = 0.1278, lr_0 = 5.8323e-05
Validation sid = 0.168609
Epoch 236

Loss = 1.2406e-01, PNorm = 588.3420, GNorm = 0.1282, lr_0 = 5.8244e-05
Validation sid = 0.168613
Epoch 237

Loss = 1.2401e-01, PNorm = 589.4888, GNorm = 0.1448, lr_0 = 5.8165e-05
Validation sid = 0.168577
Epoch 238

Loss = 1.2379e-01, PNorm = 590.6061, GNorm = 0.1243, lr_0 = 5.8087e-05
Validation sid = 0.168517
Epoch 239

Loss = 1.2363e-01, PNorm = 591.7545, GNorm = 0.1473, lr_0 = 5.8008e-05
Validation sid = 0.168487
Epoch 240

Loss = 1.2349e-01, PNorm = 592.8989, GNorm = 0.1838, lr_0 = 5.7930e-05
Validation sid = 0.168475
Epoch 241

Loss = 1.2331e-01, PNorm = 594.0202, GNorm = 0.1385, lr_0 = 5.7852e-05
Validation sid = 0.168470
Epoch 242

Loss = 1.2322e-01, PNorm = 595.1481, GNorm = 0.1299, lr_0 = 5.7774e-05
Validation sid = 0.168461
Epoch 243

Loss = 1.2308e-01, PNorm = 596.2678, GNorm = 0.1415, lr_0 = 5.7696e-05
Validation sid = 0.168433
Epoch 244

Loss = 1.2292e-01, PNorm = 597.3667, GNorm = 0.1471, lr_0 = 5.7618e-05
Validation sid = 0.168370
Epoch 245

Loss = 1.2266e-01, PNorm = 598.4828, GNorm = 0.1375, lr_0 = 5.7540e-05
Validation sid = 0.168356
Epoch 246

Loss = 1.2257e-01, PNorm = 599.5925, GNorm = 0.1583, lr_0 = 5.7462e-05
Validation sid = 0.168355
Epoch 247

Loss = 1.2247e-01, PNorm = 600.6786, GNorm = 0.1352, lr_0 = 5.7385e-05
Validation sid = 0.168328
Epoch 248

Loss = 1.2237e-01, PNorm = 601.7767, GNorm = 0.1206, lr_0 = 5.7307e-05
Validation sid = 0.168321
Epoch 249

Loss = 1.2219e-01, PNorm = 602.8875, GNorm = 0.1761, lr_0 = 5.7230e-05
Validation sid = 0.168259
Epoch 250

Loss = 1.2197e-01, PNorm = 603.9692, GNorm = 0.1479, lr_0 = 5.7153e-05
Validation sid = 0.168224
Epoch 251

Loss = 1.2188e-01, PNorm = 605.0473, GNorm = 0.1433, lr_0 = 5.7076e-05
Validation sid = 0.168208
Epoch 252

Loss = 1.2174e-01, PNorm = 606.1380, GNorm = 0.1543, lr_0 = 5.6999e-05
Validation sid = 0.168220
Epoch 253

Loss = 1.2159e-01, PNorm = 607.2165, GNorm = 0.1481, lr_0 = 5.6922e-05
Validation sid = 0.168183
Epoch 254

Loss = 1.2147e-01, PNorm = 608.3143, GNorm = 0.1116, lr_0 = 5.6845e-05
Validation sid = 0.168173
Epoch 255

Loss = 1.2135e-01, PNorm = 609.3872, GNorm = 0.1176, lr_0 = 5.6768e-05
Validation sid = 0.168141
Epoch 256

Loss = 1.2126e-01, PNorm = 610.4532, GNorm = 0.1293, lr_0 = 5.6692e-05
Validation sid = 0.168167
Epoch 257

Loss = 1.2107e-01, PNorm = 611.5175, GNorm = 0.1364, lr_0 = 5.6615e-05
Validation sid = 0.168093
Epoch 258

Loss = 1.2097e-01, PNorm = 612.5817, GNorm = 0.1710, lr_0 = 5.6539e-05
Validation sid = 0.168064
Epoch 259

Loss = 1.2078e-01, PNorm = 613.6405, GNorm = 0.1625, lr_0 = 5.6462e-05
Validation sid = 0.168047
Epoch 260

Loss = 1.2064e-01, PNorm = 614.6910, GNorm = 0.1471, lr_0 = 5.6386e-05
Validation sid = 0.168033
Epoch 261

Loss = 1.2061e-01, PNorm = 615.7540, GNorm = 0.1284, lr_0 = 5.6310e-05
Validation sid = 0.168024
Epoch 262

Loss = 1.2043e-01, PNorm = 616.7852, GNorm = 0.1089, lr_0 = 5.6234e-05
Validation sid = 0.167983
Epoch 263

Loss = 1.2022e-01, PNorm = 617.8470, GNorm = 0.1347, lr_0 = 5.6158e-05
Validation sid = 0.168007
Epoch 264

Loss = 1.2018e-01, PNorm = 618.8831, GNorm = 0.1729, lr_0 = 5.6082e-05
Validation sid = 0.167933
Epoch 265

Loss = 1.2004e-01, PNorm = 619.9339, GNorm = 0.1391, lr_0 = 5.6007e-05
Validation sid = 0.167957
Epoch 266

Loss = 1.1987e-01, PNorm = 620.9651, GNorm = 0.1399, lr_0 = 5.5931e-05
Validation sid = 0.167943
Epoch 267

Loss = 1.1975e-01, PNorm = 621.9969, GNorm = 0.1269, lr_0 = 5.5856e-05
Validation sid = 0.167911
Epoch 268

Loss = 1.1967e-01, PNorm = 623.0260, GNorm = 0.1457, lr_0 = 5.5780e-05
Validation sid = 0.167889
Epoch 269

Loss = 1.1958e-01, PNorm = 624.0452, GNorm = 0.1385, lr_0 = 5.5705e-05
Validation sid = 0.167870
Epoch 270

Loss = 1.1937e-01, PNorm = 625.0699, GNorm = 0.1188, lr_0 = 5.5630e-05
Validation sid = 0.167845
Epoch 271

Loss = 1.1930e-01, PNorm = 626.0954, GNorm = 0.1569, lr_0 = 5.5555e-05
Validation sid = 0.167881
Epoch 272

Loss = 1.1917e-01, PNorm = 627.1356, GNorm = 0.1265, lr_0 = 5.5480e-05
Validation sid = 0.167884
Epoch 273

Loss = 1.1901e-01, PNorm = 628.1310, GNorm = 0.1378, lr_0 = 5.5405e-05
Validation sid = 0.167821
Epoch 274

Loss = 1.1888e-01, PNorm = 629.1460, GNorm = 0.1498, lr_0 = 5.5330e-05
Validation sid = 0.167807
Epoch 275

Loss = 1.1881e-01, PNorm = 630.1488, GNorm = 0.1447, lr_0 = 5.5255e-05
Validation sid = 0.167803
Epoch 276

Loss = 1.1871e-01, PNorm = 631.1592, GNorm = 0.1123, lr_0 = 5.5181e-05
Validation sid = 0.167808
Epoch 277

Loss = 1.1854e-01, PNorm = 632.1364, GNorm = 0.1135, lr_0 = 5.5106e-05
Validation sid = 0.167732
Epoch 278

Loss = 1.1848e-01, PNorm = 633.1311, GNorm = 0.1418, lr_0 = 5.5032e-05
Validation sid = 0.167749
Epoch 279

Loss = 1.1827e-01, PNorm = 634.1293, GNorm = 0.1345, lr_0 = 5.4958e-05
Validation sid = 0.167748
Epoch 280

Loss = 1.1823e-01, PNorm = 635.1325, GNorm = 0.1404, lr_0 = 5.4883e-05
Validation sid = 0.167746
Epoch 281

Loss = 1.1801e-01, PNorm = 636.1081, GNorm = 0.1570, lr_0 = 5.4809e-05
Validation sid = 0.167723
Epoch 282

Loss = 1.1797e-01, PNorm = 637.0797, GNorm = 0.1498, lr_0 = 5.4735e-05
Validation sid = 0.167751
Epoch 283

Loss = 1.1781e-01, PNorm = 638.0707, GNorm = 0.1291, lr_0 = 5.4662e-05
Validation sid = 0.167696
Epoch 284

Loss = 1.1775e-01, PNorm = 639.0364, GNorm = 0.1368, lr_0 = 5.4588e-05
Validation sid = 0.167680
Epoch 285

Loss = 1.1765e-01, PNorm = 640.0078, GNorm = 0.1275, lr_0 = 5.4514e-05
Validation sid = 0.167660
Epoch 286

Loss = 1.1752e-01, PNorm = 640.9917, GNorm = 0.1351, lr_0 = 5.4441e-05
Validation sid = 0.167675
Epoch 287

Loss = 1.1734e-01, PNorm = 641.9583, GNorm = 0.1406, lr_0 = 5.4367e-05
Validation sid = 0.167656
Epoch 288

Loss = 1.1719e-01, PNorm = 642.9132, GNorm = 0.1429, lr_0 = 5.4294e-05
Validation sid = 0.167629
Epoch 289

Loss = 1.1719e-01, PNorm = 643.8809, GNorm = 0.1517, lr_0 = 5.4220e-05
Validation sid = 0.167660
Epoch 290

Loss = 1.1696e-01, PNorm = 644.8326, GNorm = 0.1327, lr_0 = 5.4147e-05
Validation sid = 0.167623
Epoch 291

Loss = 1.1686e-01, PNorm = 645.7714, GNorm = 0.1553, lr_0 = 5.4074e-05
Validation sid = 0.167620
Epoch 292

Loss = 1.1683e-01, PNorm = 646.7167, GNorm = 0.1662, lr_0 = 5.4001e-05
Validation sid = 0.167580
Epoch 293

Loss = 1.1675e-01, PNorm = 647.6769, GNorm = 0.1312, lr_0 = 5.3928e-05
Validation sid = 0.167588
Epoch 294

Loss = 1.1658e-01, PNorm = 648.6209, GNorm = 0.1604, lr_0 = 5.3855e-05
Validation sid = 0.167585
Epoch 295

Loss = 1.1649e-01, PNorm = 649.5658, GNorm = 0.1377, lr_0 = 5.3783e-05
Validation sid = 0.167580
Epoch 296

Loss = 1.1642e-01, PNorm = 650.5088, GNorm = 0.1314, lr_0 = 5.3710e-05
Validation sid = 0.167564
Epoch 297

Loss = 1.1627e-01, PNorm = 651.4276, GNorm = 0.1540, lr_0 = 5.3638e-05
Validation sid = 0.167547
Epoch 298

Loss = 1.1615e-01, PNorm = 652.3685, GNorm = 0.1562, lr_0 = 5.3565e-05
Validation sid = 0.167596
Epoch 299

Loss = 1.1602e-01, PNorm = 653.2735, GNorm = 0.1245, lr_0 = 5.3493e-05
Validation sid = 0.167527
Epoch 300

Loss = 1.1599e-01, PNorm = 654.2121, GNorm = 0.1214, lr_0 = 5.3421e-05
Validation sid = 0.167588
Epoch 301

Loss = 1.1571e-01, PNorm = 655.1321, GNorm = 0.1453, lr_0 = 5.3349e-05
Validation sid = 0.167569
Epoch 302

Loss = 1.1572e-01, PNorm = 656.0482, GNorm = 0.1268, lr_0 = 5.3277e-05
Validation sid = 0.167533
Epoch 303

Loss = 1.1565e-01, PNorm = 656.9620, GNorm = 0.1779, lr_0 = 5.3205e-05
Validation sid = 0.167532
Epoch 304

Loss = 1.1559e-01, PNorm = 657.8628, GNorm = 0.1288, lr_0 = 5.3133e-05
Validation sid = 0.167489
Epoch 305

Loss = 1.1542e-01, PNorm = 658.7817, GNorm = 0.1333, lr_0 = 5.3061e-05
Validation sid = 0.167513
Epoch 306

Loss = 1.1537e-01, PNorm = 659.6946, GNorm = 0.1348, lr_0 = 5.2990e-05
Validation sid = 0.167484
Epoch 307

Loss = 1.1523e-01, PNorm = 660.6009, GNorm = 0.1426, lr_0 = 5.2918e-05
Validation sid = 0.167518
Epoch 308

Loss = 1.1517e-01, PNorm = 661.4930, GNorm = 0.1730, lr_0 = 5.2847e-05
Validation sid = 0.167490
Epoch 309

Loss = 1.1511e-01, PNorm = 662.3870, GNorm = 0.1615, lr_0 = 5.2775e-05
Validation sid = 0.167526
Epoch 310

Loss = 1.1492e-01, PNorm = 663.2656, GNorm = 0.1277, lr_0 = 5.2704e-05
Validation sid = 0.167497
Epoch 311

Loss = 1.1484e-01, PNorm = 664.1590, GNorm = 0.1239, lr_0 = 5.2633e-05
Validation sid = 0.167520
Epoch 312

Loss = 1.1471e-01, PNorm = 665.0304, GNorm = 0.1152, lr_0 = 5.2562e-05
Validation sid = 0.167499
Epoch 313

Loss = 1.1459e-01, PNorm = 665.9113, GNorm = 0.1396, lr_0 = 5.2491e-05
Validation sid = 0.167454
Epoch 314

Loss = 1.1451e-01, PNorm = 666.7780, GNorm = 0.1283, lr_0 = 5.2420e-05
Validation sid = 0.167475
Epoch 315

Loss = 1.1450e-01, PNorm = 667.6672, GNorm = 0.1633, lr_0 = 5.2349e-05
Validation sid = 0.167489
Epoch 316

Loss = 1.1438e-01, PNorm = 668.5427, GNorm = 0.1396, lr_0 = 5.2279e-05
Validation sid = 0.167489
Epoch 317

Loss = 1.1421e-01, PNorm = 669.3885, GNorm = 0.1633, lr_0 = 5.2208e-05
Validation sid = 0.167493
Epoch 318

Loss = 1.1421e-01, PNorm = 670.2760, GNorm = 0.1566, lr_0 = 5.2138e-05
Validation sid = 0.167469
Epoch 319

Loss = 1.1400e-01, PNorm = 671.1389, GNorm = 0.1578, lr_0 = 5.2067e-05
Validation sid = 0.167465
Epoch 320

Loss = 1.1384e-01, PNorm = 671.9948, GNorm = 0.1454, lr_0 = 5.1997e-05
Validation sid = 0.167489
Epoch 321

Loss = 1.1394e-01, PNorm = 672.8671, GNorm = 0.1389, lr_0 = 5.1927e-05
Validation sid = 0.167441
Epoch 322

Loss = 1.1376e-01, PNorm = 673.7275, GNorm = 0.1366, lr_0 = 5.1857e-05
Validation sid = 0.167462
Epoch 323

Loss = 1.1369e-01, PNorm = 674.5894, GNorm = 0.1282, lr_0 = 5.1787e-05
Validation sid = 0.167467
Epoch 324

Loss = 1.1362e-01, PNorm = 675.4416, GNorm = 0.1461, lr_0 = 5.1717e-05
Validation sid = 0.167451
Epoch 325

Loss = 1.1346e-01, PNorm = 676.3146, GNorm = 0.1497, lr_0 = 5.1647e-05
Validation sid = 0.167480
Epoch 326

Loss = 1.1338e-01, PNorm = 677.1563, GNorm = 0.1390, lr_0 = 5.1577e-05
Validation sid = 0.167447
Epoch 327

Loss = 1.1327e-01, PNorm = 677.9969, GNorm = 0.1342, lr_0 = 5.1508e-05
Validation sid = 0.167424
Epoch 328

Loss = 1.1325e-01, PNorm = 678.8564, GNorm = 0.1647, lr_0 = 5.1438e-05
Validation sid = 0.167460
Epoch 329

Loss = 1.1308e-01, PNorm = 679.6735, GNorm = 0.1371, lr_0 = 5.1369e-05
Validation sid = 0.167457
Epoch 330

Loss = 1.1303e-01, PNorm = 680.5088, GNorm = 0.1816, lr_0 = 5.1300e-05
Validation sid = 0.167470
Epoch 331

Loss = 1.1304e-01, PNorm = 681.3406, GNorm = 0.1216, lr_0 = 5.1230e-05
Validation sid = 0.167448
Epoch 332

Loss = 1.1282e-01, PNorm = 682.1826, GNorm = 0.1297, lr_0 = 5.1161e-05
Validation sid = 0.167432
Epoch 333

Loss = 1.1267e-01, PNorm = 683.0106, GNorm = 0.1491, lr_0 = 5.1092e-05
Validation sid = 0.167447
Epoch 334

Loss = 1.1272e-01, PNorm = 683.8306, GNorm = 0.1842, lr_0 = 5.1023e-05
Validation sid = 0.167440
Epoch 335

Loss = 1.1263e-01, PNorm = 684.6523, GNorm = 0.1259, lr_0 = 5.0954e-05
Validation sid = 0.167478
Epoch 336

Loss = 1.1250e-01, PNorm = 685.4721, GNorm = 0.1585, lr_0 = 5.0886e-05
Validation sid = 0.167432
Epoch 337

Loss = 1.1241e-01, PNorm = 686.2948, GNorm = 0.1883, lr_0 = 5.0817e-05
Validation sid = 0.167463
Epoch 338

Loss = 1.1228e-01, PNorm = 687.1184, GNorm = 0.1384, lr_0 = 5.0748e-05
Validation sid = 0.167418
Epoch 339

Loss = 1.1223e-01, PNorm = 687.9329, GNorm = 0.1444, lr_0 = 5.0680e-05
Validation sid = 0.167466
Epoch 340

Loss = 1.1211e-01, PNorm = 688.7417, GNorm = 0.1404, lr_0 = 5.0611e-05
Validation sid = 0.167455
Epoch 341

Loss = 1.1205e-01, PNorm = 689.5538, GNorm = 0.1546, lr_0 = 5.0543e-05
Validation sid = 0.167436
Epoch 342

Loss = 1.1195e-01, PNorm = 690.3647, GNorm = 0.1655, lr_0 = 5.0475e-05
Validation sid = 0.167465
Epoch 343

Loss = 1.1195e-01, PNorm = 691.1654, GNorm = 0.1561, lr_0 = 5.0407e-05
Validation sid = 0.167454
Epoch 344

Loss = 1.1179e-01, PNorm = 691.9584, GNorm = 0.1585, lr_0 = 5.0339e-05
Validation sid = 0.167475
Epoch 345

Loss = 1.1162e-01, PNorm = 692.7435, GNorm = 0.1244, lr_0 = 5.0271e-05
Validation sid = 0.167428
Epoch 346

Loss = 1.1160e-01, PNorm = 693.5431, GNorm = 0.1228, lr_0 = 5.0203e-05
Validation sid = 0.167462
Epoch 347

Loss = 1.1156e-01, PNorm = 694.3401, GNorm = 0.1611, lr_0 = 5.0135e-05
Validation sid = 0.167478
Epoch 348

Loss = 1.1142e-01, PNorm = 695.1199, GNorm = 0.1417, lr_0 = 5.0068e-05
Validation sid = 0.167459
Epoch 349

Loss = 1.1138e-01, PNorm = 695.8939, GNorm = 0.1725, lr_0 = 5.0000e-05
Validation sid = 0.167462
Model 0 best validation sid = 0.167418 on epoch 338
Loading pretrained parameter "ffn.0.weights".
Loading pretrained parameter "ffn.1.weight".
Loading pretrained parameter "ffn.1.bias".
Loading pretrained parameter "ffn.4.weight".
Loading pretrained parameter "ffn.4.bias".
Moving model to cuda
Model 0 test sid = 0.161539
Ensemble test sid = 0.161539
1-fold cross validation
Seed 0 ==> test sid = 0.161539
Overall test sid = 0.161539 +/- 0.000000
time: 603m
