Fold 0
{'activation': 'ReLU',
 'atom_messages': False,
 'batch_size': 50,
 'bias': False,
 'bias_ffn': True,
 'checkpoint_dir': None,
 'checkpoint_path': None,
 'checkpoint_paths': None,
 'config_path': './recommended_config.json',
 'convergence_margin': 100000000.0,
 'crossval_index_dir': None,
 'crossval_index_file': None,
 'cuda': True,
 'data_path': './data/research_data/train_full.csv',
 'dataset_type': 'spectra',
 'depth': 3,
 'device': 'cuda:0',
 'dropout': 0.05,
 'ensemble_size': 1,
 'epochs': 250,
 'features_generator': ['morgan'],
 'features_only': True,
 'features_path': None,
 'features_scaling': False,
 'ffn_hidden_size': 300,
 'ffn_num_layers': 4,
 'final_lr': 5e-05,
 'folds_file': None,
 'frzn_mpn_checkpoint': None,
 'gpu': 0,
 'hidden_size': 300,
 'init_lr': 0.0001,
 'max_data_size': None,
 'max_lr': 8e-05,
 'metric': 'sid',
 'minimize_score': True,
 'multiclass_num_classes': 3,
 'no_cache': False,
 'normalization_end': 550,
 'normalization_start': 50,
 'num_folds': 1,
 'num_lrs': 1,
 'output_activation': 'exp',
 'qnn': True,
 'qnn_layer': 2,
 'quiet': False,
 'save_dir': './output/model/morgan_hybrid_qnnlayer2_300_layer3/fold_0',
 'save_smiles_splits': False,
 'seed': 0,
 'separate_test_features_path': None,
 'separate_test_path': './data/research_data/test_full.csv',
 'separate_val_features_path': None,
 'separate_val_path': './data/research_data/val_full.csv',
 'show_individual_scores': False,
 'sm_eps': 1e-08,
 'sm_thresh': 1e-08,
 'spectral_loss_function': 'sid',
 'spectral_mask_path': None,
 'split_sizes': [0.8, 0.1, 0.1],
 'split_type': 'random_with_repeated_smiles',
 'target_scaling': True,
 'test': False,
 'test_fold_index': None,
 'torch_seed': None,
 'undirected': False,
 'use_compound_names': False,
 'use_input_features': ['morgan'],
 'val_fold_index': None,
 'warmup_epochs': 2.0}
Loading data
Number of tasks = 1801
Splitting data with seed 0
Total size = 68,404 | train size = 68,404 | val size = 8,550 | test size = 8,551
Pre-normalizing training targets
Building model 0
MoleculeModel(
  (encoder): MPN(
    (encoder): MPNEncoder()
  )
  (ffn): Sequential(
    (0): <Quantum Torch Layer: func=qnode>
    (1): Linear(in_features=2048, out_features=300, bias=True)
    (2): ReLU()
    (3): Dropout(p=0.05, inplace=False)
    (4): Linear(in_features=300, out_features=300, bias=True)
    (5): ReLU()
    (6): Dropout(p=0.05, inplace=False)
    (7): Linear(in_features=300, out_features=1801, bias=True)
  )
)
Number of parameters = 1,247,123
Moving model to cuda
Epoch 0

Loss = 6.4946e-01, PNorm = 44.3381, GNorm = 0.0519, lr_0 = 8.9993e-05
Validation sid = 0.500987
Epoch 1

Loss = 4.5192e-01, PNorm = 48.6887, GNorm = 0.0723, lr_0 = 8.0000e-05
Validation sid = 0.427916
Epoch 2

Loss = 4.2321e-01, PNorm = 50.5792, GNorm = 0.0760, lr_0 = 7.9848e-05
Validation sid = 0.416132
Epoch 3

Loss = 3.9278e-01, PNorm = 54.3027, GNorm = 0.1905, lr_0 = 7.9697e-05
Validation sid = 0.359342
Epoch 4

Loss = 3.4742e-01, PNorm = 57.2466, GNorm = 0.3332, lr_0 = 7.9546e-05
Validation sid = 0.337621
Epoch 5

Loss = 3.2481e-01, PNorm = 60.5004, GNorm = 0.2013, lr_0 = 7.9396e-05
Validation sid = 0.311719
Epoch 6

Loss = 3.0312e-01, PNorm = 63.2316, GNorm = 0.2598, lr_0 = 7.9245e-05
Validation sid = 0.295847
Epoch 7

Loss = 2.8977e-01, PNorm = 65.8067, GNorm = 0.1919, lr_0 = 7.9095e-05
Validation sid = 0.283953
Epoch 8

Loss = 2.7762e-01, PNorm = 68.3092, GNorm = 0.3660, lr_0 = 7.8946e-05
Validation sid = 0.273552
Epoch 9

Loss = 2.6875e-01, PNorm = 70.5891, GNorm = 0.1413, lr_0 = 7.8796e-05
Validation sid = 0.266790
Epoch 10

Loss = 2.6180e-01, PNorm = 72.7989, GNorm = 0.2278, lr_0 = 7.8647e-05
Validation sid = 0.260797
Epoch 11

Loss = 2.5507e-01, PNorm = 75.0252, GNorm = 0.2108, lr_0 = 7.8498e-05
Validation sid = 0.254610
Epoch 12

Loss = 2.4848e-01, PNorm = 77.2038, GNorm = 0.1899, lr_0 = 7.8349e-05
Validation sid = 0.248882
Epoch 13

Loss = 2.4287e-01, PNorm = 79.3763, GNorm = 0.2649, lr_0 = 7.8201e-05
Validation sid = 0.243724
Epoch 14

Loss = 2.3769e-01, PNorm = 81.4750, GNorm = 0.2633, lr_0 = 7.8053e-05
Validation sid = 0.239430
Epoch 15

Loss = 2.3323e-01, PNorm = 83.5325, GNorm = 0.2381, lr_0 = 7.7905e-05
Validation sid = 0.235776
Epoch 16

Loss = 2.2900e-01, PNorm = 85.5959, GNorm = 0.1916, lr_0 = 7.7758e-05
Validation sid = 0.232369
Epoch 17

Loss = 2.2504e-01, PNorm = 87.6439, GNorm = 0.3323, lr_0 = 7.7610e-05
Validation sid = 0.229088
Epoch 18

Loss = 2.2144e-01, PNorm = 89.6701, GNorm = 0.4410, lr_0 = 7.7464e-05
Validation sid = 0.226162
Epoch 19

Loss = 2.1805e-01, PNorm = 91.6428, GNorm = 0.2343, lr_0 = 7.7317e-05
Validation sid = 0.223341
Epoch 20

Loss = 2.1481e-01, PNorm = 93.6189, GNorm = 0.2761, lr_0 = 7.7170e-05
Validation sid = 0.221014
Epoch 21

Loss = 2.1171e-01, PNorm = 95.5632, GNorm = 0.2337, lr_0 = 7.7024e-05
Validation sid = 0.218704
Epoch 22

Loss = 2.0891e-01, PNorm = 97.4756, GNorm = 0.3046, lr_0 = 7.6879e-05
Validation sid = 0.216506
Epoch 23

Loss = 2.0639e-01, PNorm = 99.3926, GNorm = 0.2164, lr_0 = 7.6733e-05
Validation sid = 0.214427
Epoch 24

Loss = 2.0366e-01, PNorm = 101.2544, GNorm = 0.2876, lr_0 = 7.6588e-05
Validation sid = 0.212459
Epoch 25

Loss = 2.0131e-01, PNorm = 103.1257, GNorm = 0.2849, lr_0 = 7.6443e-05
Validation sid = 0.210890
Epoch 26

Loss = 1.9894e-01, PNorm = 104.9764, GNorm = 0.2063, lr_0 = 7.6298e-05
Validation sid = 0.209051
Epoch 27

Loss = 1.9678e-01, PNorm = 106.7843, GNorm = 0.2988, lr_0 = 7.6153e-05
Validation sid = 0.207385
Epoch 28

Loss = 1.9477e-01, PNorm = 108.5913, GNorm = 0.3597, lr_0 = 7.6009e-05
Validation sid = 0.205792
Epoch 29

Loss = 1.9257e-01, PNorm = 110.4115, GNorm = 0.2232, lr_0 = 7.5865e-05
Validation sid = 0.204355
Epoch 30

Loss = 1.9066e-01, PNorm = 112.1731, GNorm = 0.2889, lr_0 = 7.5722e-05
Validation sid = 0.202906
Epoch 31

Loss = 1.8883e-01, PNorm = 113.9543, GNorm = 0.3279, lr_0 = 7.5578e-05
Validation sid = 0.201660
Epoch 32

Loss = 1.8679e-01, PNorm = 115.7580, GNorm = 0.2606, lr_0 = 7.5435e-05
Validation sid = 0.199983
Epoch 33

Loss = 1.8493e-01, PNorm = 117.5193, GNorm = 0.4766, lr_0 = 7.5292e-05
Validation sid = 0.198763
Epoch 34

Loss = 1.8326e-01, PNorm = 119.3072, GNorm = 0.2652, lr_0 = 7.5150e-05
Validation sid = 0.197405
Epoch 35

Loss = 1.8137e-01, PNorm = 121.0443, GNorm = 0.2894, lr_0 = 7.5008e-05
Validation sid = 0.196122
Epoch 36

Loss = 1.7970e-01, PNorm = 122.8327, GNorm = 0.4842, lr_0 = 7.4866e-05
Validation sid = 0.194942
Epoch 37

Loss = 1.7807e-01, PNorm = 124.5783, GNorm = 0.3032, lr_0 = 7.4724e-05
Validation sid = 0.193830
Epoch 38

Loss = 1.7637e-01, PNorm = 126.3613, GNorm = 0.2785, lr_0 = 7.4582e-05
Validation sid = 0.192778
Epoch 39

Loss = 1.7478e-01, PNorm = 128.1211, GNorm = 0.4461, lr_0 = 7.4441e-05
Validation sid = 0.191754
Epoch 40

Loss = 1.7316e-01, PNorm = 129.8870, GNorm = 0.3629, lr_0 = 7.4300e-05
Validation sid = 0.190780
Epoch 41

Loss = 1.7159e-01, PNorm = 131.6304, GNorm = 0.3048, lr_0 = 7.4160e-05
Validation sid = 0.189518
Epoch 42

Loss = 1.6999e-01, PNorm = 133.4030, GNorm = 0.3205, lr_0 = 7.4019e-05
Validation sid = 0.188700
Epoch 43

Loss = 1.6850e-01, PNorm = 135.1356, GNorm = 0.3697, lr_0 = 7.3879e-05
Validation sid = 0.187786
Epoch 44

Loss = 1.6705e-01, PNorm = 136.8919, GNorm = 0.3964, lr_0 = 7.3739e-05
Validation sid = 0.186823
Epoch 45

Loss = 1.6570e-01, PNorm = 138.6232, GNorm = 0.3993, lr_0 = 7.3599e-05
Validation sid = 0.186012
Epoch 46

Loss = 1.6428e-01, PNorm = 140.3401, GNorm = 0.2799, lr_0 = 7.3460e-05
Validation sid = 0.185203
Epoch 47

Loss = 1.6273e-01, PNorm = 142.0573, GNorm = 0.2942, lr_0 = 7.3321e-05
Validation sid = 0.184426
Epoch 48

Loss = 1.6151e-01, PNorm = 143.7598, GNorm = 0.3435, lr_0 = 7.3182e-05
Validation sid = 0.183626
Epoch 49

Loss = 1.6020e-01, PNorm = 145.4720, GNorm = 0.2920, lr_0 = 7.3044e-05
Validation sid = 0.182880
Epoch 50

Loss = 1.5892e-01, PNorm = 147.1701, GNorm = 0.2882, lr_0 = 7.2905e-05
Validation sid = 0.182115
Epoch 51

Loss = 1.5765e-01, PNorm = 148.8863, GNorm = 0.3510, lr_0 = 7.2767e-05
Validation sid = 0.181628
Epoch 52

Loss = 1.5646e-01, PNorm = 150.5762, GNorm = 0.2997, lr_0 = 7.2630e-05
Validation sid = 0.180832
Epoch 53

Loss = 1.5518e-01, PNorm = 152.2374, GNorm = 0.4548, lr_0 = 7.2492e-05
Validation sid = 0.180157
Epoch 54

Loss = 1.5393e-01, PNorm = 153.9020, GNorm = 0.3802, lr_0 = 7.2355e-05
Validation sid = 0.179446
Epoch 55

Loss = 1.5268e-01, PNorm = 155.5534, GNorm = 0.3455, lr_0 = 7.2218e-05
Validation sid = 0.178890
Epoch 56

Loss = 1.5156e-01, PNorm = 157.2075, GNorm = 0.3244, lr_0 = 7.2081e-05
Validation sid = 0.178314
Epoch 57

Loss = 1.5046e-01, PNorm = 158.8777, GNorm = 0.4525, lr_0 = 7.1945e-05
Validation sid = 0.177946
Epoch 58

Loss = 1.4925e-01, PNorm = 160.5250, GNorm = 0.4281, lr_0 = 7.1808e-05
Validation sid = 0.177227
Epoch 59

Loss = 1.4818e-01, PNorm = 162.1460, GNorm = 0.3551, lr_0 = 7.1672e-05
Validation sid = 0.176890
Epoch 60

Loss = 1.4723e-01, PNorm = 163.7786, GNorm = 0.4328, lr_0 = 7.1537e-05
Validation sid = 0.176412
Epoch 61

Loss = 1.4613e-01, PNorm = 165.3876, GNorm = 0.3698, lr_0 = 7.1401e-05
Validation sid = 0.175819
Epoch 62

Loss = 1.4500e-01, PNorm = 167.0210, GNorm = 0.3775, lr_0 = 7.1266e-05
Validation sid = 0.175231
Epoch 63

Loss = 1.4409e-01, PNorm = 168.6137, GNorm = 0.3194, lr_0 = 7.1131e-05
Validation sid = 0.174989
Epoch 64

Loss = 1.4297e-01, PNorm = 170.1799, GNorm = 0.3748, lr_0 = 7.0996e-05
Validation sid = 0.174527
Epoch 65

Loss = 1.4205e-01, PNorm = 171.7633, GNorm = 0.4211, lr_0 = 7.0862e-05
Validation sid = 0.174020
Epoch 66

Loss = 1.4098e-01, PNorm = 173.3473, GNorm = 0.3341, lr_0 = 7.0728e-05
Validation sid = 0.173622
Epoch 67

Loss = 1.4008e-01, PNorm = 174.9214, GNorm = 0.3610, lr_0 = 7.0594e-05
Validation sid = 0.173211
Epoch 68

Loss = 1.3913e-01, PNorm = 176.4709, GNorm = 0.3614, lr_0 = 7.0460e-05
Validation sid = 0.172787
Epoch 69

Loss = 1.3824e-01, PNorm = 178.0148, GNorm = 0.3234, lr_0 = 7.0327e-05
Validation sid = 0.172331
Epoch 70

Loss = 1.3746e-01, PNorm = 179.5611, GNorm = 0.3735, lr_0 = 7.0194e-05
Validation sid = 0.172097
Epoch 71

Loss = 1.3636e-01, PNorm = 181.0970, GNorm = 0.4294, lr_0 = 7.0061e-05
Validation sid = 0.171843
Epoch 72

Loss = 1.3564e-01, PNorm = 182.6244, GNorm = 0.4004, lr_0 = 6.9928e-05
Validation sid = 0.171363
Epoch 73

Loss = 1.3475e-01, PNorm = 184.1521, GNorm = 0.3870, lr_0 = 6.9796e-05
Validation sid = 0.171078
Epoch 74

Loss = 1.3384e-01, PNorm = 185.6541, GNorm = 0.4414, lr_0 = 6.9664e-05
Validation sid = 0.170733
Epoch 75

Loss = 1.3312e-01, PNorm = 187.1405, GNorm = 0.3848, lr_0 = 6.9532e-05
Validation sid = 0.170467
Epoch 76

Loss = 1.3226e-01, PNorm = 188.6129, GNorm = 0.5021, lr_0 = 6.9400e-05
Validation sid = 0.170469
Epoch 77

Loss = 1.3154e-01, PNorm = 190.1001, GNorm = 0.4399, lr_0 = 6.9269e-05
Validation sid = 0.169906
Epoch 78

Loss = 1.3063e-01, PNorm = 191.5965, GNorm = 0.4067, lr_0 = 6.9137e-05
Validation sid = 0.169665
Epoch 79

Loss = 1.2997e-01, PNorm = 193.0289, GNorm = 0.3684, lr_0 = 6.9007e-05
Validation sid = 0.169384
Epoch 80

Loss = 1.2917e-01, PNorm = 194.4867, GNorm = 0.4172, lr_0 = 6.8876e-05
Validation sid = 0.169009
Epoch 81

Loss = 1.2838e-01, PNorm = 195.9081, GNorm = 0.4990, lr_0 = 6.8745e-05
Validation sid = 0.168869
Epoch 82

Loss = 1.2776e-01, PNorm = 197.3551, GNorm = 0.5971, lr_0 = 6.8615e-05
Validation sid = 0.168599
Epoch 83

Loss = 1.2696e-01, PNorm = 198.7777, GNorm = 0.4328, lr_0 = 6.8485e-05
Validation sid = 0.168554
Epoch 84

Loss = 1.2629e-01, PNorm = 200.1876, GNorm = 0.5147, lr_0 = 6.8356e-05
Validation sid = 0.168286
Epoch 85

Loss = 1.2568e-01, PNorm = 201.5811, GNorm = 0.4646, lr_0 = 6.8226e-05
Validation sid = 0.167925
Epoch 86

Loss = 1.2512e-01, PNorm = 202.9819, GNorm = 0.4437, lr_0 = 6.8097e-05
Validation sid = 0.167838
Epoch 87

Loss = 1.2431e-01, PNorm = 204.3460, GNorm = 0.3774, lr_0 = 6.7968e-05
Validation sid = 0.167673
Epoch 88

Loss = 1.2366e-01, PNorm = 205.7033, GNorm = 0.4028, lr_0 = 6.7840e-05
Validation sid = 0.167443
Epoch 89

Loss = 1.2300e-01, PNorm = 207.0669, GNorm = 0.3773, lr_0 = 6.7711e-05
Validation sid = 0.167229
Epoch 90

Loss = 1.2241e-01, PNorm = 208.4208, GNorm = 0.5532, lr_0 = 6.7583e-05
Validation sid = 0.167191
Epoch 91

Loss = 1.2178e-01, PNorm = 209.7634, GNorm = 0.3633, lr_0 = 6.7455e-05
Validation sid = 0.167112
Epoch 92

Loss = 1.2124e-01, PNorm = 211.0744, GNorm = 0.6049, lr_0 = 6.7327e-05
Validation sid = 0.166960
Epoch 93

Loss = 1.2064e-01, PNorm = 212.3802, GNorm = 0.4289, lr_0 = 6.7200e-05
Validation sid = 0.166796
Epoch 94

Loss = 1.2006e-01, PNorm = 213.7005, GNorm = 0.5714, lr_0 = 6.7072e-05
Validation sid = 0.166669
Epoch 95

Loss = 1.1952e-01, PNorm = 214.9836, GNorm = 0.3322, lr_0 = 6.6945e-05
Validation sid = 0.166452
Epoch 96

Loss = 1.1885e-01, PNorm = 216.2719, GNorm = 0.4422, lr_0 = 6.6819e-05
Validation sid = 0.166419
Epoch 97

Loss = 1.1854e-01, PNorm = 217.5694, GNorm = 0.3959, lr_0 = 6.6692e-05
Validation sid = 0.166166
Epoch 98

Loss = 1.1784e-01, PNorm = 218.8038, GNorm = 0.3653, lr_0 = 6.6566e-05
Validation sid = 0.166169
Epoch 99

Loss = 1.1736e-01, PNorm = 220.0945, GNorm = 0.5256, lr_0 = 6.6440e-05
Validation sid = 0.166120
Epoch 100

Loss = 1.1677e-01, PNorm = 221.3166, GNorm = 0.3867, lr_0 = 6.6314e-05
Validation sid = 0.165827
Epoch 101

Loss = 1.1630e-01, PNorm = 222.5801, GNorm = 0.4396, lr_0 = 6.6189e-05
Validation sid = 0.165736
Epoch 102

Loss = 1.1579e-01, PNorm = 223.7775, GNorm = 0.4237, lr_0 = 6.6063e-05
Validation sid = 0.165746
Epoch 103

Loss = 1.1529e-01, PNorm = 224.9998, GNorm = 0.4070, lr_0 = 6.5938e-05
Validation sid = 0.165456
Epoch 104

Loss = 1.1482e-01, PNorm = 226.2410, GNorm = 0.4135, lr_0 = 6.5813e-05
Validation sid = 0.165536
Epoch 105

Loss = 1.1440e-01, PNorm = 227.4419, GNorm = 0.4646, lr_0 = 6.5689e-05
Validation sid = 0.165342
Epoch 106

Loss = 1.1388e-01, PNorm = 228.6211, GNorm = 0.4478, lr_0 = 6.5564e-05
Validation sid = 0.165336
Epoch 107

Loss = 1.1339e-01, PNorm = 229.8124, GNorm = 0.4535, lr_0 = 6.5440e-05
Validation sid = 0.165183
Epoch 108

Loss = 1.1304e-01, PNorm = 230.9830, GNorm = 0.3929, lr_0 = 6.5316e-05
Validation sid = 0.165168
Epoch 109

Loss = 1.1250e-01, PNorm = 232.1433, GNorm = 0.4590, lr_0 = 6.5193e-05
Validation sid = 0.165269
Epoch 110

Loss = 1.1207e-01, PNorm = 233.3057, GNorm = 0.4103, lr_0 = 6.5069e-05
Validation sid = 0.165144
Epoch 111

Loss = 1.1165e-01, PNorm = 234.4356, GNorm = 0.4413, lr_0 = 6.4946e-05
Validation sid = 0.165185
Epoch 112

Loss = 1.1119e-01, PNorm = 235.5862, GNorm = 0.4283, lr_0 = 6.4823e-05
Validation sid = 0.165030
Epoch 113

Loss = 1.1085e-01, PNorm = 236.7197, GNorm = 0.4267, lr_0 = 6.4700e-05
Validation sid = 0.164852
Epoch 114

Loss = 1.1040e-01, PNorm = 237.8357, GNorm = 0.4091, lr_0 = 6.4578e-05
Validation sid = 0.164916
Epoch 115

Loss = 1.0997e-01, PNorm = 238.9575, GNorm = 0.4270, lr_0 = 6.4456e-05
Validation sid = 0.164863
Epoch 116

Loss = 1.0966e-01, PNorm = 240.0677, GNorm = 0.7428, lr_0 = 6.4333e-05
Validation sid = 0.164928
Epoch 117

Loss = 1.0924e-01, PNorm = 241.1669, GNorm = 0.4084, lr_0 = 6.4212e-05
Validation sid = 0.164720
Epoch 118

Loss = 1.0887e-01, PNorm = 242.2532, GNorm = 0.5181, lr_0 = 6.4090e-05
Validation sid = 0.164823
Epoch 119

Loss = 1.0854e-01, PNorm = 243.3534, GNorm = 0.4236, lr_0 = 6.3969e-05
Validation sid = 0.164845
Epoch 120

Loss = 1.0812e-01, PNorm = 244.4167, GNorm = 0.6730, lr_0 = 6.3848e-05
Validation sid = 0.164825
Epoch 121

Loss = 1.0787e-01, PNorm = 245.5112, GNorm = 0.5754, lr_0 = 6.3727e-05
Validation sid = 0.164542
Epoch 122

Loss = 1.0738e-01, PNorm = 246.5566, GNorm = 0.5027, lr_0 = 6.3606e-05
Validation sid = 0.164694
Epoch 123

Loss = 1.0700e-01, PNorm = 247.5729, GNorm = 0.5424, lr_0 = 6.3486e-05
Validation sid = 0.164614
Epoch 124

Loss = 1.0672e-01, PNorm = 248.5972, GNorm = 0.3333, lr_0 = 6.3365e-05
Validation sid = 0.164706
Epoch 125

Loss = 1.0637e-01, PNorm = 249.6252, GNorm = 0.4985, lr_0 = 6.3245e-05
Validation sid = 0.164588
Epoch 126

Loss = 1.0594e-01, PNorm = 250.6548, GNorm = 0.4208, lr_0 = 6.3126e-05
Validation sid = 0.164592
Epoch 127

Loss = 1.0566e-01, PNorm = 251.6714, GNorm = 0.4895, lr_0 = 6.3006e-05
Validation sid = 0.164681
Epoch 128

Loss = 1.0542e-01, PNorm = 252.6889, GNorm = 0.3709, lr_0 = 6.2887e-05
Validation sid = 0.164730
Epoch 129

Loss = 1.0501e-01, PNorm = 253.6945, GNorm = 0.5038, lr_0 = 6.2768e-05
Validation sid = 0.164744
Epoch 130

Loss = 1.0462e-01, PNorm = 254.6736, GNorm = 0.5540, lr_0 = 6.2649e-05
Validation sid = 0.164823
Epoch 131

Loss = 1.0441e-01, PNorm = 255.6632, GNorm = 0.4664, lr_0 = 6.2530e-05
Validation sid = 0.164677
Epoch 132

Loss = 1.0419e-01, PNorm = 256.6547, GNorm = 0.5423, lr_0 = 6.2412e-05
Validation sid = 0.164629
Epoch 133

Loss = 1.0377e-01, PNorm = 257.6214, GNorm = 0.4588, lr_0 = 6.2294e-05
Validation sid = 0.164590
Epoch 134

Loss = 1.0353e-01, PNorm = 258.5930, GNorm = 0.4631, lr_0 = 6.2176e-05
Validation sid = 0.164692
Epoch 135

Loss = 1.0320e-01, PNorm = 259.5367, GNorm = 0.4637, lr_0 = 6.2058e-05
Validation sid = 0.164689
Epoch 136

Loss = 1.0298e-01, PNorm = 260.4616, GNorm = 0.4260, lr_0 = 6.1941e-05
Validation sid = 0.164777
Epoch 137

Loss = 1.0265e-01, PNorm = 261.3964, GNorm = 0.4666, lr_0 = 6.1823e-05
Validation sid = 0.164683
Epoch 138

Loss = 1.0247e-01, PNorm = 262.3340, GNorm = 0.3625, lr_0 = 6.1706e-05
Validation sid = 0.164716
Epoch 139

Loss = 1.0213e-01, PNorm = 263.2676, GNorm = 0.4150, lr_0 = 6.1589e-05
Validation sid = 0.164757
Epoch 140

Loss = 1.0186e-01, PNorm = 264.1608, GNorm = 0.4712, lr_0 = 6.1473e-05
Validation sid = 0.164553
Epoch 141

Loss = 1.0157e-01, PNorm = 265.0869, GNorm = 0.3905, lr_0 = 6.1356e-05
Validation sid = 0.164610
Epoch 142

Loss = 1.0124e-01, PNorm = 265.9772, GNorm = 0.4195, lr_0 = 6.1240e-05
Validation sid = 0.164690
Epoch 143

Loss = 1.0106e-01, PNorm = 266.8801, GNorm = 0.5094, lr_0 = 6.1124e-05
Validation sid = 0.164927
Epoch 144

Loss = 1.0069e-01, PNorm = 267.7709, GNorm = 0.4960, lr_0 = 6.1009e-05
Validation sid = 0.164803
Epoch 145

Loss = 1.0050e-01, PNorm = 268.6552, GNorm = 0.4269, lr_0 = 6.0893e-05
Validation sid = 0.164849
Epoch 146

Loss = 1.0032e-01, PNorm = 269.5250, GNorm = 0.4473, lr_0 = 6.0778e-05
Validation sid = 0.164914
Epoch 147

Loss = 1.0006e-01, PNorm = 270.4045, GNorm = 0.4194, lr_0 = 6.0663e-05
Validation sid = 0.164818
Epoch 148

Loss = 9.9763e-02, PNorm = 271.2599, GNorm = 0.4723, lr_0 = 6.0548e-05
Validation sid = 0.164807
Epoch 149

Loss = 9.9516e-02, PNorm = 272.1259, GNorm = 0.4404, lr_0 = 6.0433e-05
Validation sid = 0.164762
Epoch 150

Loss = 9.9302e-02, PNorm = 272.9715, GNorm = 0.4091, lr_0 = 6.0319e-05
Validation sid = 0.165002
Epoch 151

Loss = 9.9171e-02, PNorm = 273.8227, GNorm = 0.6427, lr_0 = 6.0205e-05
Validation sid = 0.165090
Epoch 152

Loss = 9.8935e-02, PNorm = 274.6479, GNorm = 0.3754, lr_0 = 6.0091e-05
Validation sid = 0.164972
Epoch 153

Loss = 9.8543e-02, PNorm = 275.4949, GNorm = 0.4601, lr_0 = 5.9977e-05
Validation sid = 0.164996
Epoch 154

Loss = 9.8484e-02, PNorm = 276.3272, GNorm = 0.4861, lr_0 = 5.9863e-05
Validation sid = 0.165049
Epoch 155

Loss = 9.8289e-02, PNorm = 277.1440, GNorm = 0.3942, lr_0 = 5.9750e-05
Validation sid = 0.164986
Epoch 156

Loss = 9.7884e-02, PNorm = 277.9734, GNorm = 0.5779, lr_0 = 5.9637e-05
Validation sid = 0.165149
Epoch 157

Loss = 9.7854e-02, PNorm = 278.7771, GNorm = 0.4591, lr_0 = 5.9524e-05
Validation sid = 0.165062
Epoch 158

Loss = 9.7650e-02, PNorm = 279.5816, GNorm = 0.4021, lr_0 = 5.9411e-05
Validation sid = 0.165129
Epoch 159

Loss = 9.7376e-02, PNorm = 280.3707, GNorm = 0.5200, lr_0 = 5.9299e-05
Validation sid = 0.165229
Epoch 160

Loss = 9.7085e-02, PNorm = 281.1784, GNorm = 0.3901, lr_0 = 5.9186e-05
Validation sid = 0.165222
Epoch 161

Loss = 9.7001e-02, PNorm = 281.9846, GNorm = 0.4168, lr_0 = 5.9074e-05
Validation sid = 0.165218
Epoch 162

Loss = 9.6719e-02, PNorm = 282.7326, GNorm = 0.4062, lr_0 = 5.8963e-05
Validation sid = 0.165319
Epoch 163

Loss = 9.6485e-02, PNorm = 283.5007, GNorm = 0.5268, lr_0 = 5.8851e-05
Validation sid = 0.165332
Epoch 164

Loss = 9.6383e-02, PNorm = 284.2752, GNorm = 0.4448, lr_0 = 5.8739e-05
Validation sid = 0.165279
Epoch 165

Loss = 9.6200e-02, PNorm = 285.0724, GNorm = 0.4680, lr_0 = 5.8628e-05
Validation sid = 0.165309
Epoch 166

Loss = 9.6039e-02, PNorm = 285.8292, GNorm = 0.3969, lr_0 = 5.8517e-05
Validation sid = 0.165217
Epoch 167

Loss = 9.5882e-02, PNorm = 286.5891, GNorm = 0.5319, lr_0 = 5.8406e-05
Validation sid = 0.165405
Epoch 168

Loss = 9.5603e-02, PNorm = 287.3596, GNorm = 0.4575, lr_0 = 5.8296e-05
Validation sid = 0.165530
Epoch 169

Loss = 9.5366e-02, PNorm = 288.0925, GNorm = 0.3834, lr_0 = 5.8185e-05
Validation sid = 0.165440
Epoch 170

Loss = 9.5364e-02, PNorm = 288.8657, GNorm = 0.4155, lr_0 = 5.8075e-05
Validation sid = 0.165679
Epoch 171

Loss = 9.5171e-02, PNorm = 289.5738, GNorm = 0.3566, lr_0 = 5.7965e-05
Validation sid = 0.165441
Epoch 172

Loss = 9.4911e-02, PNorm = 290.3143, GNorm = 0.5091, lr_0 = 5.7856e-05
Validation sid = 0.165649
Epoch 173

Loss = 9.4685e-02, PNorm = 291.0207, GNorm = 0.3962, lr_0 = 5.7746e-05
Validation sid = 0.165687
Epoch 174

Loss = 9.4560e-02, PNorm = 291.7424, GNorm = 0.5852, lr_0 = 5.7637e-05
Validation sid = 0.165773
Epoch 175

Loss = 9.4379e-02, PNorm = 292.4380, GNorm = 0.4475, lr_0 = 5.7528e-05
Validation sid = 0.165715
Epoch 176

Loss = 9.4273e-02, PNorm = 293.1414, GNorm = 0.4455, lr_0 = 5.7419e-05
Validation sid = 0.165671
Epoch 177

Loss = 9.4029e-02, PNorm = 293.8539, GNorm = 0.3904, lr_0 = 5.7310e-05
Validation sid = 0.165829
Epoch 178

Loss = 9.3859e-02, PNorm = 294.5650, GNorm = 0.5120, lr_0 = 5.7201e-05
Validation sid = 0.165849
Epoch 179

Loss = 9.3808e-02, PNorm = 295.2541, GNorm = 0.4277, lr_0 = 5.7093e-05
Validation sid = 0.165913
Epoch 180

Loss = 9.3635e-02, PNorm = 295.9437, GNorm = 0.4219, lr_0 = 5.6985e-05
Validation sid = 0.165849
Epoch 181

Loss = 9.3522e-02, PNorm = 296.6178, GNorm = 0.4469, lr_0 = 5.6877e-05
Validation sid = 0.166046
Epoch 182

Loss = 9.3233e-02, PNorm = 297.3195, GNorm = 0.4950, lr_0 = 5.6769e-05
Validation sid = 0.166048
Epoch 183

Loss = 9.3086e-02, PNorm = 297.9902, GNorm = 0.4272, lr_0 = 5.6662e-05
Validation sid = 0.166022
Epoch 184

Loss = 9.2973e-02, PNorm = 298.6743, GNorm = 0.5515, lr_0 = 5.6555e-05
Validation sid = 0.166064
Epoch 185

Loss = 9.2756e-02, PNorm = 299.3448, GNorm = 0.5870, lr_0 = 5.6448e-05
Validation sid = 0.166158
Epoch 186

Loss = 9.2652e-02, PNorm = 299.9762, GNorm = 0.4399, lr_0 = 5.6341e-05
Validation sid = 0.166127
Epoch 187

Loss = 9.2465e-02, PNorm = 300.6705, GNorm = 0.4657, lr_0 = 5.6234e-05
Validation sid = 0.166177
Epoch 188

Loss = 9.2360e-02, PNorm = 301.3474, GNorm = 0.3758, lr_0 = 5.6128e-05
Validation sid = 0.166158
Epoch 189

Loss = 9.2303e-02, PNorm = 301.9880, GNorm = 0.4245, lr_0 = 5.6021e-05
Validation sid = 0.166258
Epoch 190

Loss = 9.2064e-02, PNorm = 302.6383, GNorm = 0.4982, lr_0 = 5.5915e-05
Validation sid = 0.166204
Epoch 191

Loss = 9.1990e-02, PNorm = 303.2895, GNorm = 0.4691, lr_0 = 5.5809e-05
Validation sid = 0.166299
Epoch 192

Loss = 9.1829e-02, PNorm = 303.9215, GNorm = 0.4255, lr_0 = 5.5704e-05
Validation sid = 0.166293
Epoch 193

Loss = 9.1737e-02, PNorm = 304.5639, GNorm = 0.4639, lr_0 = 5.5598e-05
Validation sid = 0.166293
Epoch 194

Loss = 9.1475e-02, PNorm = 305.2011, GNorm = 0.4549, lr_0 = 5.5493e-05
Validation sid = 0.166417
Epoch 195

Loss = 9.1382e-02, PNorm = 305.8139, GNorm = 0.3942, lr_0 = 5.5388e-05
Validation sid = 0.166530
Epoch 196

Loss = 9.1271e-02, PNorm = 306.4472, GNorm = 0.4383, lr_0 = 5.5283e-05
Validation sid = 0.166418
Epoch 197

Loss = 9.1109e-02, PNorm = 307.0661, GNorm = 0.4686, lr_0 = 5.5178e-05
Validation sid = 0.166460
Epoch 198

Loss = 9.1007e-02, PNorm = 307.6866, GNorm = 0.5637, lr_0 = 5.5074e-05
Validation sid = 0.166703
Epoch 199

Loss = 9.0860e-02, PNorm = 308.2885, GNorm = 0.4935, lr_0 = 5.4970e-05
Validation sid = 0.166630
Epoch 200

Loss = 9.0744e-02, PNorm = 308.8934, GNorm = 0.4021, lr_0 = 5.4866e-05
Validation sid = 0.166778
Epoch 201

Loss = 9.0613e-02, PNorm = 309.4884, GNorm = 0.4751, lr_0 = 5.4762e-05
Validation sid = 0.166754
Epoch 202

Loss = 9.0590e-02, PNorm = 310.0815, GNorm = 0.5179, lr_0 = 5.4658e-05
Validation sid = 0.166726
Epoch 203

Loss = 9.0375e-02, PNorm = 310.6907, GNorm = 0.5183, lr_0 = 5.4554e-05
Validation sid = 0.166872
Epoch 204

Loss = 9.0291e-02, PNorm = 311.2888, GNorm = 0.3742, lr_0 = 5.4451e-05
Validation sid = 0.167002
Epoch 205

Loss = 9.0164e-02, PNorm = 311.8896, GNorm = 0.5122, lr_0 = 5.4348e-05
Validation sid = 0.167084
Epoch 206

Loss = 9.0028e-02, PNorm = 312.4760, GNorm = 0.4673, lr_0 = 5.4245e-05
Validation sid = 0.167075
Epoch 207

Loss = 8.9858e-02, PNorm = 313.0376, GNorm = 0.4476, lr_0 = 5.4142e-05
Validation sid = 0.167156
Epoch 208

Loss = 8.9776e-02, PNorm = 313.6126, GNorm = 0.5301, lr_0 = 5.4040e-05
Validation sid = 0.167118
Epoch 209

Loss = 8.9653e-02, PNorm = 314.1851, GNorm = 0.5095, lr_0 = 5.3938e-05
Validation sid = 0.167065
Epoch 210

Loss = 8.9572e-02, PNorm = 314.7703, GNorm = 0.4101, lr_0 = 5.3836e-05
Validation sid = 0.167219
Epoch 211

Loss = 8.9449e-02, PNorm = 315.3519, GNorm = 0.5682, lr_0 = 5.3734e-05
Validation sid = 0.167281
Epoch 212

Loss = 8.9415e-02, PNorm = 315.9164, GNorm = 0.5823, lr_0 = 5.3632e-05
Validation sid = 0.167161
Epoch 213

Loss = 8.9211e-02, PNorm = 316.4852, GNorm = 0.4785, lr_0 = 5.3530e-05
Validation sid = 0.167223
Epoch 214

Loss = 8.9100e-02, PNorm = 317.0210, GNorm = 0.7330, lr_0 = 5.3429e-05
Validation sid = 0.167243
Epoch 215

Loss = 8.9028e-02, PNorm = 317.5823, GNorm = 0.4101, lr_0 = 5.3328e-05
Validation sid = 0.167318
Epoch 216

Loss = 8.8941e-02, PNorm = 318.1328, GNorm = 0.4112, lr_0 = 5.3227e-05
Validation sid = 0.167484
Epoch 217

Loss = 8.8849e-02, PNorm = 318.7170, GNorm = 0.4504, lr_0 = 5.3126e-05
Validation sid = 0.167477
Epoch 218

Loss = 8.8686e-02, PNorm = 319.2621, GNorm = 0.4307, lr_0 = 5.3025e-05
Validation sid = 0.167447
Epoch 219

Loss = 8.8628e-02, PNorm = 319.8127, GNorm = 0.5197, lr_0 = 5.2925e-05
Validation sid = 0.167556
Epoch 220

Loss = 8.8468e-02, PNorm = 320.3531, GNorm = 0.4593, lr_0 = 5.2825e-05
Validation sid = 0.167529
Epoch 221

Loss = 8.8354e-02, PNorm = 320.8968, GNorm = 0.3889, lr_0 = 5.2725e-05
Validation sid = 0.167726
Epoch 222

Loss = 8.8290e-02, PNorm = 321.4529, GNorm = 0.5122, lr_0 = 5.2625e-05
Validation sid = 0.167636
Epoch 223

Loss = 8.8128e-02, PNorm = 321.9762, GNorm = 0.5327, lr_0 = 5.2525e-05
Validation sid = 0.167672
Epoch 224

Loss = 8.8135e-02, PNorm = 322.4912, GNorm = 0.4700, lr_0 = 5.2426e-05
Validation sid = 0.167822
Epoch 225

Loss = 8.8022e-02, PNorm = 323.0305, GNorm = 0.4574, lr_0 = 5.2327e-05
Validation sid = 0.167770
Epoch 226

Loss = 8.7789e-02, PNorm = 323.5783, GNorm = 0.4555, lr_0 = 5.2228e-05
Validation sid = 0.167668
Epoch 227

Loss = 8.7724e-02, PNorm = 324.1095, GNorm = 0.4947, lr_0 = 5.2129e-05
Validation sid = 0.168005
Epoch 228

Loss = 8.7626e-02, PNorm = 324.6276, GNorm = 0.4202, lr_0 = 5.2030e-05
Validation sid = 0.168089
Epoch 229

Loss = 8.7605e-02, PNorm = 325.1540, GNorm = 0.4986, lr_0 = 5.1931e-05
Validation sid = 0.168000
Epoch 230

Loss = 8.7461e-02, PNorm = 325.6668, GNorm = 0.3954, lr_0 = 5.1833e-05
Validation sid = 0.168088
Epoch 231

Loss = 8.7475e-02, PNorm = 326.1568, GNorm = 0.5335, lr_0 = 5.1735e-05
Validation sid = 0.168130
Epoch 232

Loss = 8.7224e-02, PNorm = 326.6611, GNorm = 0.4884, lr_0 = 5.1637e-05
Validation sid = 0.168154
Epoch 233

Loss = 8.7359e-02, PNorm = 327.1755, GNorm = 0.4343, lr_0 = 5.1539e-05
Validation sid = 0.168293
Epoch 234

Loss = 8.7129e-02, PNorm = 327.6729, GNorm = 0.4110, lr_0 = 5.1442e-05
Validation sid = 0.168390
Epoch 235

Loss = 8.7059e-02, PNorm = 328.1625, GNorm = 0.4914, lr_0 = 5.1344e-05
Validation sid = 0.168428
Epoch 236

Loss = 8.7024e-02, PNorm = 328.6433, GNorm = 0.4308, lr_0 = 5.1247e-05
Validation sid = 0.168180
Epoch 237

Loss = 8.6836e-02, PNorm = 329.1405, GNorm = 0.4495, lr_0 = 5.1150e-05
Validation sid = 0.168260
Epoch 238

Loss = 8.6834e-02, PNorm = 329.6302, GNorm = 0.5540, lr_0 = 5.1053e-05
Validation sid = 0.168417
Epoch 239

Loss = 8.6667e-02, PNorm = 330.1147, GNorm = 0.5000, lr_0 = 5.0957e-05
Validation sid = 0.168397
Epoch 240

Loss = 8.6598e-02, PNorm = 330.5997, GNorm = 0.4858, lr_0 = 5.0860e-05
Validation sid = 0.168421
Epoch 241

Loss = 8.6583e-02, PNorm = 331.0907, GNorm = 0.4951, lr_0 = 5.0764e-05
Validation sid = 0.168643
Epoch 242

Loss = 8.6429e-02, PNorm = 331.5678, GNorm = 0.4863, lr_0 = 5.0668e-05
Validation sid = 0.168521
Epoch 243

Loss = 8.6262e-02, PNorm = 332.0497, GNorm = 0.4572, lr_0 = 5.0572e-05
Validation sid = 0.168472
Epoch 244

Loss = 8.6302e-02, PNorm = 332.5303, GNorm = 0.5468, lr_0 = 5.0476e-05
Validation sid = 0.168711
Epoch 245

Loss = 8.6252e-02, PNorm = 333.0148, GNorm = 0.4731, lr_0 = 5.0380e-05
Validation sid = 0.168591
Epoch 246

Loss = 8.6064e-02, PNorm = 333.4940, GNorm = 0.4338, lr_0 = 5.0285e-05
Validation sid = 0.168689
Epoch 247

Loss = 8.5935e-02, PNorm = 333.9615, GNorm = 0.4263, lr_0 = 5.0190e-05
Validation sid = 0.168752
Epoch 248

Loss = 8.5907e-02, PNorm = 334.4278, GNorm = 0.4369, lr_0 = 5.0095e-05
Validation sid = 0.168693
Epoch 249

Loss = 8.5874e-02, PNorm = 334.8979, GNorm = 0.4422, lr_0 = 5.0000e-05
Validation sid = 0.168871
Model 0 best validation sid = 0.164542 on epoch 121
Loading pretrained parameter "ffn.0.weights".
Loading pretrained parameter "ffn.1.weight".
Loading pretrained parameter "ffn.1.bias".
Loading pretrained parameter "ffn.4.weight".
Loading pretrained parameter "ffn.4.bias".
Loading pretrained parameter "ffn.7.weight".
Loading pretrained parameter "ffn.7.bias".
Moving model to cuda
Model 0 test sid = 0.159129
Ensemble test sid = 0.159129
1-fold cross validation
Seed 0 ==> test sid = 0.159129
Overall test sid = 0.159129 +/- 0.000000
