Fold 0
{'activation': 'ReLU',
 'atom_messages': False,
 'batch_size': 50,
 'bias': False,
 'bias_ffn': True,
 'checkpoint_dir': None,
 'checkpoint_path': None,
 'checkpoint_paths': None,
 'config_path': './recommended_config.json',
 'convergence_margin': 100000000.0,
 'crossval_index_dir': None,
 'crossval_index_file': None,
 'cuda': True,
 'data_path': 'chempropIRZenodo/trained_ir_model/computed_model/computed_spectra.csv',
 'dataset_type': 'spectra',
 'depth': 6,
 'device': 'cuda:0',
 'dropout': 0.05,
 'ensemble_size': 1,
 'epochs': 250,
 'features_generator': ['morgan'],
 'features_only': True,
 'features_path': None,
 'features_scaling': False,
 'ffn_hidden_size': 1024,
 'ffn_num_layers': 3,
 'final_lr': 7e-05,
 'folds_file': None,
 'frzn_mpn_checkpoint': None,
 'gpu': 0,
 'hidden_size': 2200,
 'init_lr': 0.0001,
 'max_data_size': None,
 'max_lr': 7e-05,
 'metric': 'sid',
 'minimize_score': True,
 'multiclass_num_classes': 3,
 'no_cache': False,
 'normalization_end': 550,
 'normalization_start': 50,
 'num_folds': 1,
 'num_lrs': 1,
 'output_activation': 'exp',
 'qnn': True,
 'quiet': False,
 'save_dir': './output/morgan_hybrid/fold_0',
 'save_smiles_splits': True,
 'seed': 0,
 'separate_test_features_path': None,
 'separate_test_path': None,
 'separate_val_features_path': None,
 'separate_val_path': None,
 'show_individual_scores': False,
 'sm_eps': 1e-08,
 'sm_thresh': 1e-08,
 'spectral_loss_function': 'sid',
 'spectral_mask_path': None,
 'split_sizes': [0.8, 0.1, 0.1],
 'split_type': 'random_with_repeated_smiles',
 'target_scaling': True,
 'test': False,
 'test_fold_index': None,
 'torch_seed': None,
 'undirected': False,
 'use_compound_names': False,
 'use_input_features': ['morgan'],
 'val_fold_index': None,
 'warmup_epochs': 2.0}
Loading data
Warning: 1 SMILES are invalid.
Number of tasks = 1801
Splitting data with seed 0
Total size = 85,505 | train size = 68,404 | val size = 8,550 | test size = 8,551
Pre-normalizing training targets
Building model 0
MoleculeModel(
  (encoder): MPN(
    (encoder): MPNEncoder()
  )
  (ffn): Sequential(
    (0): Dropout(p=0.05, inplace=False)
    (1): Linear(in_features=2048, out_features=1024, bias=True)
    (2): ReLU()
    (3): <Quantum Torch Layer: func=qnode>
    (4): ReLU()
    (5): Linear(in_features=10, out_features=1024, bias=True)
    (6): ReLU()
    (7): Dropout(p=0.05, inplace=False)
    (8): Linear(in_features=1024, out_features=1801, bias=True)
  )
)
Number of parameters = 3,955,485
Moving model to cuda
Epoch 0

Loss = 5.8162e-01, PNorm = 57.7194, GNorm = 0.1027, lr_0 = 8.4989e-05
Validation sid = 0.390509
Epoch 1

Loss = 3.4753e-01, PNorm = 60.8501, GNorm = 0.1619, lr_0 = 7.0000e-05
Validation sid = 0.327374
Epoch 2

Loss = 3.0662e-01, PNorm = 64.3612, GNorm = 0.1924, lr_0 = 7.0000e-05
Validation sid = 0.290925
Epoch 3

Loss = 2.7628e-01, PNorm = 67.5761, GNorm = 0.1856, lr_0 = 7.0000e-05
Validation sid = 0.268450
Epoch 4

Loss = 2.5175e-01, PNorm = 70.8878, GNorm = 0.2413, lr_0 = 7.0000e-05
Validation sid = 0.252158
Epoch 5

Loss = 2.3268e-01, PNorm = 74.1123, GNorm = 0.2386, lr_0 = 7.0000e-05
Validation sid = 0.241135
Epoch 6

Loss = 2.1765e-01, PNorm = 77.3048, GNorm = 0.2085, lr_0 = 7.0000e-05
Validation sid = 0.232889
Epoch 7

Loss = 2.0472e-01, PNorm = 80.4980, GNorm = 0.2485, lr_0 = 7.0000e-05
Validation sid = 0.226333
Epoch 8

Loss = 1.9397e-01, PNorm = 83.6847, GNorm = 0.2252, lr_0 = 7.0000e-05
Validation sid = 0.221848
Epoch 9

Loss = 1.8525e-01, PNorm = 86.7901, GNorm = 0.2209, lr_0 = 7.0000e-05
Validation sid = 0.218659
Epoch 10

Loss = 1.7746e-01, PNorm = 89.8492, GNorm = 0.2234, lr_0 = 7.0000e-05
Validation sid = 0.215878
Epoch 11

Loss = 1.7125e-01, PNorm = 92.8836, GNorm = 0.2116, lr_0 = 7.0000e-05
Validation sid = 0.213871
Epoch 12

Loss = 1.6553e-01, PNorm = 95.9106, GNorm = 0.2139, lr_0 = 7.0000e-05
Validation sid = 0.212327
Epoch 13

Loss = 1.6044e-01, PNorm = 98.8040, GNorm = 0.2850, lr_0 = 7.0000e-05
Validation sid = 0.211139
Epoch 14

Loss = 1.5614e-01, PNorm = 101.6457, GNorm = 0.2262, lr_0 = 7.0000e-05
Validation sid = 0.210232
Epoch 15

Loss = 1.5239e-01, PNorm = 104.4006, GNorm = 0.2366, lr_0 = 7.0000e-05
Validation sid = 0.209635
Epoch 16

Loss = 1.4886e-01, PNorm = 107.0093, GNorm = 0.2135, lr_0 = 7.0000e-05
Validation sid = 0.209263
Epoch 17

Loss = 1.4600e-01, PNorm = 109.6240, GNorm = 0.1885, lr_0 = 7.0000e-05
Validation sid = 0.208841
Epoch 18

Loss = 1.4324e-01, PNorm = 112.1606, GNorm = 0.2492, lr_0 = 7.0000e-05
Validation sid = 0.208342
Epoch 19

Loss = 1.4062e-01, PNorm = 114.7036, GNorm = 0.1995, lr_0 = 7.0000e-05
Validation sid = 0.208470
Epoch 20

Loss = 1.3837e-01, PNorm = 117.1643, GNorm = 0.2291, lr_0 = 7.0000e-05
Validation sid = 0.207617
Epoch 21

Loss = 1.3625e-01, PNorm = 119.6508, GNorm = 0.1969, lr_0 = 7.0000e-05
Validation sid = 0.207947
Epoch 22

Loss = 1.3431e-01, PNorm = 122.1252, GNorm = 0.2377, lr_0 = 7.0000e-05
Validation sid = 0.207871
Epoch 23

Loss = 1.3269e-01, PNorm = 124.5064, GNorm = 0.1843, lr_0 = 7.0000e-05
Validation sid = 0.207557
Epoch 24

Loss = 1.3101e-01, PNorm = 126.8986, GNorm = 0.2362, lr_0 = 7.0000e-05
Validation sid = 0.207552
Epoch 25

Loss = 1.2931e-01, PNorm = 129.3451, GNorm = 0.1906, lr_0 = 7.0000e-05
Validation sid = 0.207748
Epoch 26

Loss = 1.2796e-01, PNorm = 131.7018, GNorm = 0.1714, lr_0 = 7.0000e-05
Validation sid = 0.207467
Epoch 27

Loss = 1.2688e-01, PNorm = 134.0592, GNorm = 0.1934, lr_0 = 7.0000e-05
Validation sid = 0.207450
Epoch 28

Loss = 1.2587e-01, PNorm = 136.3347, GNorm = 0.2116, lr_0 = 7.0000e-05
Validation sid = 0.207101
Epoch 29

Loss = 1.2446e-01, PNorm = 138.5742, GNorm = 0.2227, lr_0 = 7.0000e-05
Validation sid = 0.207746
Epoch 30

Loss = 1.2323e-01, PNorm = 140.8231, GNorm = 0.2222, lr_0 = 7.0000e-05
Validation sid = 0.207360
Epoch 31

Loss = 1.2221e-01, PNorm = 143.0507, GNorm = 0.1475, lr_0 = 7.0000e-05
Validation sid = 0.207276
Epoch 32

Loss = 1.2137e-01, PNorm = 145.2735, GNorm = 0.1928, lr_0 = 7.0000e-05
Validation sid = 0.207440
Epoch 33

Loss = 1.2065e-01, PNorm = 147.4627, GNorm = 0.1862, lr_0 = 7.0000e-05
Validation sid = 0.207344
Epoch 34

Loss = 1.1972e-01, PNorm = 149.6223, GNorm = 0.2812, lr_0 = 7.0000e-05
Validation sid = 0.207562
Epoch 35

Loss = 1.1917e-01, PNorm = 151.6625, GNorm = 0.1674, lr_0 = 7.0000e-05
Validation sid = 0.207603
Epoch 36

Loss = 1.1804e-01, PNorm = 153.7218, GNorm = 0.2315, lr_0 = 7.0000e-05
Validation sid = 0.207584
Epoch 37

Loss = 1.1736e-01, PNorm = 155.7933, GNorm = 0.1917, lr_0 = 7.0000e-05
Validation sid = 0.207695
Epoch 38

Loss = 1.1663e-01, PNorm = 157.8303, GNorm = 0.2130, lr_0 = 7.0000e-05
Validation sid = 0.207601
Epoch 39

Loss = 1.1597e-01, PNorm = 159.8379, GNorm = 0.1667, lr_0 = 7.0000e-05
Validation sid = 0.207855
Epoch 40

Loss = 1.1535e-01, PNorm = 161.8178, GNorm = 0.1652, lr_0 = 7.0000e-05
Validation sid = 0.208465
Epoch 41

Loss = 1.1483e-01, PNorm = 163.7127, GNorm = 0.1609, lr_0 = 7.0000e-05
Validation sid = 0.207280
Epoch 42

Loss = 1.1421e-01, PNorm = 165.6619, GNorm = 0.2045, lr_0 = 7.0000e-05
Validation sid = 0.208247
Epoch 43

Loss = 1.1367e-01, PNorm = 167.5328, GNorm = 0.1848, lr_0 = 7.0000e-05
Validation sid = 0.207175
Epoch 44

Loss = 1.1324e-01, PNorm = 169.3997, GNorm = 0.2062, lr_0 = 7.0000e-05
Validation sid = 0.207612
Epoch 45

Loss = 1.1278e-01, PNorm = 171.2012, GNorm = 0.1657, lr_0 = 7.0000e-05
Validation sid = 0.207091
Epoch 46

Loss = 1.1230e-01, PNorm = 173.0567, GNorm = 0.1841, lr_0 = 7.0000e-05
Validation sid = 0.207842
Epoch 47

Loss = 1.1175e-01, PNorm = 174.8308, GNorm = 0.1574, lr_0 = 7.0000e-05
Validation sid = 0.207840
Epoch 48

Loss = 1.1141e-01, PNorm = 176.6222, GNorm = 0.1936, lr_0 = 7.0000e-05
Validation sid = 0.207813
Epoch 49

Loss = 1.1101e-01, PNorm = 178.2772, GNorm = 0.2060, lr_0 = 7.0000e-05
Validation sid = 0.208065
Epoch 50

Loss = 1.1060e-01, PNorm = 179.9349, GNorm = 0.1665, lr_0 = 7.0000e-05
Validation sid = 0.207978
Epoch 51

Loss = 1.1007e-01, PNorm = 181.6141, GNorm = 0.1831, lr_0 = 7.0000e-05
Validation sid = 0.207851
Epoch 52

Loss = 1.0966e-01, PNorm = 183.2947, GNorm = 0.1561, lr_0 = 7.0000e-05
Validation sid = 0.207983
Epoch 53

Loss = 1.0931e-01, PNorm = 184.9567, GNorm = 0.1812, lr_0 = 7.0000e-05
Validation sid = 0.208485
Epoch 54

Loss = 1.0913e-01, PNorm = 186.6038, GNorm = 0.1616, lr_0 = 7.0000e-05
Validation sid = 0.208042
Epoch 55

Loss = 1.0870e-01, PNorm = 188.2377, GNorm = 0.1819, lr_0 = 7.0000e-05
Validation sid = 0.207665
Epoch 56

Loss = 1.0836e-01, PNorm = 189.8413, GNorm = 0.1728, lr_0 = 7.0000e-05
Validation sid = 0.208003
Epoch 57

Loss = 1.0797e-01, PNorm = 191.3928, GNorm = 0.1501, lr_0 = 7.0000e-05
Validation sid = 0.207463
Epoch 58

Loss = 1.0781e-01, PNorm = 192.9239, GNorm = 0.2198, lr_0 = 7.0000e-05
Validation sid = 0.208128
Epoch 59

Loss = 1.0742e-01, PNorm = 194.5197, GNorm = 0.1972, lr_0 = 7.0000e-05
Validation sid = 0.208023
Epoch 60

Loss = 1.0713e-01, PNorm = 195.9990, GNorm = 0.1724, lr_0 = 7.0000e-05
Validation sid = 0.207880
Epoch 61

Loss = 1.0673e-01, PNorm = 197.5379, GNorm = 0.1583, lr_0 = 7.0000e-05
Validation sid = 0.208153
Epoch 62

Loss = 1.0659e-01, PNorm = 199.0305, GNorm = 0.1484, lr_0 = 7.0000e-05
Validation sid = 0.208181
Epoch 63

Loss = 1.0628e-01, PNorm = 200.5178, GNorm = 0.2157, lr_0 = 7.0000e-05
Validation sid = 0.207654
Epoch 64

Loss = 1.0614e-01, PNorm = 201.9736, GNorm = 0.1740, lr_0 = 7.0000e-05
Validation sid = 0.208295
Epoch 65

Loss = 1.0559e-01, PNorm = 203.4495, GNorm = 0.1821, lr_0 = 7.0000e-05
Validation sid = 0.208223
Epoch 66

Loss = 1.0562e-01, PNorm = 204.8493, GNorm = 0.1809, lr_0 = 7.0000e-05
Validation sid = 0.208106
Epoch 67

Loss = 1.0524e-01, PNorm = 206.2449, GNorm = 0.1650, lr_0 = 7.0000e-05
Validation sid = 0.207591
Epoch 68

Loss = 1.0512e-01, PNorm = 207.6257, GNorm = 0.1712, lr_0 = 7.0000e-05
Validation sid = 0.208018
Epoch 69

Loss = 1.0478e-01, PNorm = 209.0165, GNorm = 0.1576, lr_0 = 7.0000e-05
Validation sid = 0.208064
Epoch 70

Loss = 1.0452e-01, PNorm = 210.3781, GNorm = 0.1817, lr_0 = 7.0000e-05
Validation sid = 0.208694
Epoch 71

Loss = 1.0428e-01, PNorm = 211.7443, GNorm = 0.1850, lr_0 = 7.0000e-05
Validation sid = 0.208786
Epoch 72

Loss = 1.0419e-01, PNorm = 213.0930, GNorm = 0.1881, lr_0 = 7.0000e-05
Validation sid = 0.208466
Epoch 73

Loss = 1.0405e-01, PNorm = 214.3943, GNorm = 0.1542, lr_0 = 7.0000e-05
Validation sid = 0.208489
Epoch 74

Loss = 1.0377e-01, PNorm = 215.6519, GNorm = 0.1678, lr_0 = 7.0000e-05
Validation sid = 0.208703
Epoch 75

Loss = 1.0349e-01, PNorm = 216.9616, GNorm = 0.1677, lr_0 = 7.0000e-05
Validation sid = 0.209350
Epoch 76

Loss = 1.0316e-01, PNorm = 218.2120, GNorm = 0.1742, lr_0 = 7.0000e-05
Validation sid = 0.208656
Epoch 77

Loss = 1.0308e-01, PNorm = 219.4795, GNorm = 0.1508, lr_0 = 7.0000e-05
Validation sid = 0.208426
Epoch 78

Loss = 1.0282e-01, PNorm = 220.7323, GNorm = 0.1497, lr_0 = 7.0000e-05
Validation sid = 0.208775
Epoch 79

Loss = 1.0275e-01, PNorm = 221.9777, GNorm = 0.3288, lr_0 = 7.0000e-05
Validation sid = 0.208393
Epoch 80

Loss = 1.0252e-01, PNorm = 223.2139, GNorm = 0.1494, lr_0 = 7.0000e-05
Validation sid = 0.209120
Epoch 81

Loss = 1.0274e-01, PNorm = 224.3814, GNorm = 0.1486, lr_0 = 7.0000e-05
Validation sid = 0.208884
Epoch 82

Loss = 1.0216e-01, PNorm = 225.5734, GNorm = 0.1544, lr_0 = 7.0000e-05
Validation sid = 0.208553
Epoch 83

Loss = 1.0197e-01, PNorm = 226.7550, GNorm = 0.1556, lr_0 = 7.0000e-05
Validation sid = 0.207639
Epoch 84

Loss = 1.0184e-01, PNorm = 227.9372, GNorm = 0.1487, lr_0 = 7.0000e-05
Validation sid = 0.208217
Epoch 85

Loss = 1.0182e-01, PNorm = 229.0793, GNorm = 0.1674, lr_0 = 7.0000e-05
Validation sid = 0.208299
Epoch 86

Loss = 1.0162e-01, PNorm = 230.2015, GNorm = 0.1616, lr_0 = 7.0000e-05
Validation sid = 0.208907
Epoch 87

Loss = 1.0129e-01, PNorm = 231.3462, GNorm = 0.2060, lr_0 = 7.0000e-05
Validation sid = 0.208735
Epoch 88

Loss = 1.0146e-01, PNorm = 232.4747, GNorm = 0.1435, lr_0 = 7.0000e-05
Validation sid = 0.208844
Epoch 89

Loss = 1.0105e-01, PNorm = 233.5871, GNorm = 0.1373, lr_0 = 7.0000e-05
Validation sid = 0.208630
Epoch 90

Loss = 1.0093e-01, PNorm = 234.7271, GNorm = 0.1704, lr_0 = 7.0000e-05
Validation sid = 0.208705
Epoch 91

Loss = 1.0077e-01, PNorm = 235.8628, GNorm = 0.1335, lr_0 = 7.0000e-05
Validation sid = 0.208650
Epoch 92

Loss = 1.0063e-01, PNorm = 236.9836, GNorm = 0.1459, lr_0 = 7.0000e-05
Validation sid = 0.209189
Epoch 93

Loss = 1.0043e-01, PNorm = 238.0739, GNorm = 0.1521, lr_0 = 7.0000e-05
Validation sid = 0.208998
Epoch 94

Loss = 1.0032e-01, PNorm = 239.1272, GNorm = 0.1522, lr_0 = 7.0000e-05
Validation sid = 0.209552
Epoch 95

Loss = 1.0027e-01, PNorm = 240.1494, GNorm = 0.1715, lr_0 = 7.0000e-05
Validation sid = 0.208498
Epoch 96

Loss = 9.9927e-02, PNorm = 241.2187, GNorm = 0.1650, lr_0 = 7.0000e-05
Validation sid = 0.209274
Epoch 97

Loss = 9.9913e-02, PNorm = 242.3119, GNorm = 0.1707, lr_0 = 7.0000e-05
Validation sid = 0.209019
Epoch 98

Loss = 1.0009e-01, PNorm = 243.3737, GNorm = 0.1687, lr_0 = 7.0000e-05
Validation sid = 0.209551
Epoch 99

Loss = 9.9611e-02, PNorm = 244.3833, GNorm = 0.1343, lr_0 = 7.0000e-05
Validation sid = 0.208688
Epoch 100

Loss = 9.9541e-02, PNorm = 245.4452, GNorm = 0.1681, lr_0 = 7.0000e-05
Validation sid = 0.209110
Epoch 101

Loss = 9.9305e-02, PNorm = 246.5017, GNorm = 0.1709, lr_0 = 7.0000e-05
Validation sid = 0.208885
Epoch 102

Loss = 9.9364e-02, PNorm = 247.5603, GNorm = 0.1693, lr_0 = 7.0000e-05
Validation sid = 0.208831
Epoch 103

Loss = 9.9121e-02, PNorm = 248.5589, GNorm = 0.1463, lr_0 = 7.0000e-05
Validation sid = 0.208956
Epoch 104

Loss = 9.8928e-02, PNorm = 249.5691, GNorm = 0.1385, lr_0 = 7.0000e-05
Validation sid = 0.209616
Epoch 105

Loss = 9.8769e-02, PNorm = 250.6502, GNorm = 0.1248, lr_0 = 7.0000e-05
Validation sid = 0.209151
Epoch 106

Loss = 9.8753e-02, PNorm = 251.6429, GNorm = 0.1667, lr_0 = 7.0000e-05
Validation sid = 0.208992
Epoch 107

Loss = 9.8583e-02, PNorm = 252.6944, GNorm = 0.1761, lr_0 = 7.0000e-05
Validation sid = 0.209308
Epoch 108

Loss = 9.8428e-02, PNorm = 253.7178, GNorm = 0.1385, lr_0 = 7.0000e-05
Validation sid = 0.208727
Epoch 109

Loss = 9.8499e-02, PNorm = 254.7564, GNorm = 0.1472, lr_0 = 7.0000e-05
Validation sid = 0.209175
Epoch 110

Loss = 9.8269e-02, PNorm = 255.7427, GNorm = 0.1530, lr_0 = 7.0000e-05
Validation sid = 0.209645
Epoch 111

Loss = 9.7992e-02, PNorm = 256.7526, GNorm = 0.1604, lr_0 = 7.0000e-05
Validation sid = 0.209813
Epoch 112

Loss = 9.8003e-02, PNorm = 257.7538, GNorm = 0.1823, lr_0 = 7.0000e-05
Validation sid = 0.210173
Epoch 113

Loss = 9.7776e-02, PNorm = 258.7430, GNorm = 0.1525, lr_0 = 7.0000e-05
Validation sid = 0.210158
Epoch 114

Loss = 9.7749e-02, PNorm = 259.6997, GNorm = 0.1514, lr_0 = 7.0000e-05
Validation sid = 0.209655
Epoch 115

Loss = 9.7607e-02, PNorm = 260.6989, GNorm = 0.1396, lr_0 = 7.0000e-05
Validation sid = 0.209428
Epoch 116

Loss = 9.7464e-02, PNorm = 261.6530, GNorm = 0.1286, lr_0 = 7.0000e-05
Validation sid = 0.209952
Epoch 117

Loss = 9.7560e-02, PNorm = 262.6439, GNorm = 0.1499, lr_0 = 7.0000e-05
Validation sid = 0.209704
Epoch 118

Loss = 9.7259e-02, PNorm = 263.6092, GNorm = 0.1353, lr_0 = 7.0000e-05
Validation sid = 0.210228
Epoch 119

Loss = 9.7245e-02, PNorm = 264.5618, GNorm = 0.1593, lr_0 = 7.0000e-05
Validation sid = 0.209256
Epoch 120

Loss = 9.7203e-02, PNorm = 265.5217, GNorm = 0.1926, lr_0 = 7.0000e-05
Validation sid = 0.210550
Epoch 121

Loss = 9.7059e-02, PNorm = 266.4468, GNorm = 0.1833, lr_0 = 7.0000e-05
Validation sid = 0.210138
Epoch 122

Loss = 9.6965e-02, PNorm = 267.3756, GNorm = 0.1452, lr_0 = 7.0000e-05
Validation sid = 0.209508
Epoch 123

Loss = 9.6803e-02, PNorm = 268.3170, GNorm = 0.1605, lr_0 = 7.0000e-05
Validation sid = 0.209848
Epoch 124

Loss = 9.6919e-02, PNorm = 269.2652, GNorm = 0.1186, lr_0 = 7.0000e-05
Validation sid = 0.210242
Epoch 125

Loss = 9.6872e-02, PNorm = 270.1527, GNorm = 0.1261, lr_0 = 7.0000e-05
Validation sid = 0.209917
Epoch 126

Loss = 9.6582e-02, PNorm = 271.0282, GNorm = 0.1379, lr_0 = 7.0000e-05
Validation sid = 0.210268
Epoch 127

Loss = 9.6644e-02, PNorm = 271.9203, GNorm = 0.1522, lr_0 = 7.0000e-05
Validation sid = 0.210673
Epoch 128

Loss = 9.6446e-02, PNorm = 272.8108, GNorm = 0.1386, lr_0 = 7.0000e-05
Validation sid = 0.210244
Epoch 129

Loss = 9.6355e-02, PNorm = 273.6703, GNorm = 0.1344, lr_0 = 7.0000e-05
Validation sid = 0.210515
Epoch 130

Loss = 9.6239e-02, PNorm = 274.5586, GNorm = 0.1842, lr_0 = 7.0000e-05
Validation sid = 0.209841
Epoch 131

Loss = 9.6077e-02, PNorm = 275.4289, GNorm = 0.1763, lr_0 = 7.0000e-05
Validation sid = 0.210430
Epoch 132

Loss = 9.6026e-02, PNorm = 276.3103, GNorm = 0.1886, lr_0 = 7.0000e-05
Validation sid = 0.209748
Epoch 133

Loss = 9.6317e-02, PNorm = 277.1812, GNorm = 0.1435, lr_0 = 7.0000e-05
Validation sid = 0.209917
Epoch 134

Loss = 9.5817e-02, PNorm = 278.0188, GNorm = 0.1646, lr_0 = 7.0000e-05
Validation sid = 0.210147
Epoch 135

Loss = 9.5789e-02, PNorm = 278.8556, GNorm = 0.1379, lr_0 = 7.0000e-05
Validation sid = 0.209816
Epoch 136

Loss = 9.5575e-02, PNorm = 279.6989, GNorm = 0.1286, lr_0 = 7.0000e-05
Validation sid = 0.210310
Epoch 137

Loss = 9.5694e-02, PNorm = 280.5665, GNorm = 0.1546, lr_0 = 7.0000e-05
Validation sid = 0.210303
Epoch 138

Loss = 9.5744e-02, PNorm = 281.3850, GNorm = 0.1676, lr_0 = 7.0000e-05
Validation sid = 0.210042
Epoch 139

Loss = 9.5450e-02, PNorm = 282.2196, GNorm = 0.1421, lr_0 = 7.0000e-05
Validation sid = 0.210363
Epoch 140

Loss = 9.5289e-02, PNorm = 283.0813, GNorm = 0.1196, lr_0 = 7.0000e-05
Validation sid = 0.209974
Epoch 141

Loss = 9.5277e-02, PNorm = 283.9130, GNorm = 0.1741, lr_0 = 7.0000e-05
Validation sid = 0.210093
Epoch 142

Loss = 9.5250e-02, PNorm = 284.7378, GNorm = 0.1382, lr_0 = 7.0000e-05
Validation sid = 0.210065
Epoch 143

Loss = 9.5118e-02, PNorm = 285.5846, GNorm = 0.1223, lr_0 = 7.0000e-05
Validation sid = 0.210908
Epoch 144

Loss = 9.5067e-02, PNorm = 286.3603, GNorm = 0.1402, lr_0 = 7.0000e-05
Validation sid = 0.210441
Epoch 145

Loss = 9.4906e-02, PNorm = 287.1886, GNorm = 0.1335, lr_0 = 7.0000e-05
Validation sid = 0.210786
Epoch 146

Loss = 9.4847e-02, PNorm = 288.0168, GNorm = 0.1242, lr_0 = 7.0000e-05
Validation sid = 0.210850
Epoch 147

Loss = 9.5015e-02, PNorm = 288.7910, GNorm = 0.2179, lr_0 = 7.0000e-05
Validation sid = 0.211002
Epoch 148

Loss = 9.4791e-02, PNorm = 289.5794, GNorm = 0.1319, lr_0 = 7.0000e-05
Validation sid = 0.210843
Epoch 149

Loss = 9.4745e-02, PNorm = 290.3786, GNorm = 0.1217, lr_0 = 7.0000e-05
Validation sid = 0.211255
Epoch 150

Loss = 9.4605e-02, PNorm = 291.1411, GNorm = 0.1693, lr_0 = 7.0000e-05
Validation sid = 0.210876
Epoch 151

Loss = 9.4550e-02, PNorm = 291.9244, GNorm = 0.1889, lr_0 = 7.0000e-05
Validation sid = 0.210801
Epoch 152

Loss = 9.4415e-02, PNorm = 292.7101, GNorm = 0.1495, lr_0 = 7.0000e-05
Validation sid = 0.210754
Epoch 153

Loss = 9.4414e-02, PNorm = 293.5049, GNorm = 0.1447, lr_0 = 7.0000e-05
Validation sid = 0.211102
Epoch 154

Loss = 9.4520e-02, PNorm = 294.2274, GNorm = 0.1374, lr_0 = 7.0000e-05
Validation sid = 0.211498
Epoch 155

Loss = 9.4150e-02, PNorm = 294.9817, GNorm = 0.1331, lr_0 = 7.0000e-05
Validation sid = 0.211110
Epoch 156

Loss = 9.4142e-02, PNorm = 295.7346, GNorm = 0.1708, lr_0 = 7.0000e-05
Validation sid = 0.210982
Epoch 157

Loss = 9.4149e-02, PNorm = 296.5135, GNorm = 0.1421, lr_0 = 7.0000e-05
Validation sid = 0.210533
Epoch 158

Loss = 9.4160e-02, PNorm = 297.2415, GNorm = 0.1720, lr_0 = 7.0000e-05
Validation sid = 0.210889
Epoch 159

Loss = 9.3928e-02, PNorm = 297.9758, GNorm = 0.1160, lr_0 = 7.0000e-05
Validation sid = 0.211030
Epoch 160

Loss = 9.3889e-02, PNorm = 298.7234, GNorm = 0.1370, lr_0 = 7.0000e-05
Validation sid = 0.211050
Epoch 161

Loss = 9.3835e-02, PNorm = 299.4782, GNorm = 0.1158, lr_0 = 7.0000e-05
Validation sid = 0.211240
Epoch 162

Loss = 9.3905e-02, PNorm = 300.2286, GNorm = 0.1190, lr_0 = 7.0000e-05
Validation sid = 0.211503
Epoch 163

Loss = 9.3721e-02, PNorm = 300.9784, GNorm = 0.1562, lr_0 = 7.0000e-05
Validation sid = 0.211428
Epoch 164

Loss = 9.3680e-02, PNorm = 301.6935, GNorm = 0.1886, lr_0 = 7.0000e-05
Validation sid = 0.210783
Epoch 165

Loss = 9.3562e-02, PNorm = 302.4256, GNorm = 0.1536, lr_0 = 7.0000e-05
Validation sid = 0.210614
Epoch 166

Loss = 9.3631e-02, PNorm = 303.1409, GNorm = 0.1538, lr_0 = 7.0000e-05
Validation sid = 0.211451
Epoch 167

Loss = 9.3306e-02, PNorm = 303.8673, GNorm = 0.1065, lr_0 = 7.0000e-05
Validation sid = 0.211401
Epoch 168

Loss = 9.3397e-02, PNorm = 304.6033, GNorm = 0.1671, lr_0 = 7.0000e-05
Validation sid = 0.211250
Epoch 169

Loss = 9.3329e-02, PNorm = 305.3088, GNorm = 0.1418, lr_0 = 7.0000e-05
Validation sid = 0.211327
Epoch 170

Loss = 9.3370e-02, PNorm = 306.0145, GNorm = 0.1006, lr_0 = 7.0000e-05
Validation sid = 0.211168
Epoch 171

Loss = 9.3145e-02, PNorm = 306.7184, GNorm = 0.1450, lr_0 = 7.0000e-05
Validation sid = 0.210690
Epoch 172

Loss = 9.3142e-02, PNorm = 307.4224, GNorm = 0.1257, lr_0 = 7.0000e-05
Validation sid = 0.211468
Epoch 173

Loss = 9.3041e-02, PNorm = 308.1174, GNorm = 0.1354, lr_0 = 7.0000e-05
Validation sid = 0.211267
Epoch 174

Loss = 9.3083e-02, PNorm = 308.7994, GNorm = 0.1813, lr_0 = 7.0000e-05
Validation sid = 0.211348
Epoch 175

Loss = 9.3047e-02, PNorm = 309.5100, GNorm = 0.1605, lr_0 = 7.0000e-05
Validation sid = 0.211229
Epoch 176

Loss = 9.2935e-02, PNorm = 310.1742, GNorm = 0.1290, lr_0 = 7.0000e-05
Validation sid = 0.211466
Epoch 177

Loss = 9.3039e-02, PNorm = 310.8331, GNorm = 0.1183, lr_0 = 7.0000e-05
Validation sid = 0.211881
Epoch 178

Loss = 9.2815e-02, PNorm = 311.5172, GNorm = 0.1075, lr_0 = 7.0000e-05
Validation sid = 0.211148
Epoch 179

Loss = 9.2752e-02, PNorm = 312.2106, GNorm = 0.1263, lr_0 = 7.0000e-05
Validation sid = 0.211912
Epoch 180

Loss = 9.2795e-02, PNorm = 312.8790, GNorm = 0.1448, lr_0 = 7.0000e-05
Validation sid = 0.212121
Epoch 181

Loss = 9.2614e-02, PNorm = 313.5562, GNorm = 0.1269, lr_0 = 7.0000e-05
Validation sid = 0.212202
Epoch 182

Loss = 9.2536e-02, PNorm = 314.2122, GNorm = 0.1142, lr_0 = 7.0000e-05
Validation sid = 0.211954
Epoch 183

Loss = 9.2617e-02, PNorm = 314.8667, GNorm = 0.1542, lr_0 = 7.0000e-05
Validation sid = 0.212278
Epoch 184

Loss = 9.2660e-02, PNorm = 315.5369, GNorm = 0.2385, lr_0 = 7.0000e-05
Validation sid = 0.212057
Epoch 185

Loss = 9.2449e-02, PNorm = 316.2024, GNorm = 0.1519, lr_0 = 7.0000e-05
Validation sid = 0.212107
Epoch 186

Loss = 9.2258e-02, PNorm = 316.8509, GNorm = 0.1354, lr_0 = 7.0000e-05
Validation sid = 0.211977
Epoch 187

Loss = 9.2442e-02, PNorm = 317.4852, GNorm = 0.1672, lr_0 = 7.0000e-05
Validation sid = 0.211653
Epoch 188

Loss = 9.2429e-02, PNorm = 318.1194, GNorm = 0.1223, lr_0 = 7.0000e-05
Validation sid = 0.212240
Epoch 189

Loss = 9.2371e-02, PNorm = 318.7580, GNorm = 0.1398, lr_0 = 7.0000e-05
Validation sid = 0.211916
Epoch 190

Loss = 9.2393e-02, PNorm = 319.3826, GNorm = 0.1232, lr_0 = 7.0000e-05
Validation sid = 0.211962
Epoch 191

Loss = 9.2093e-02, PNorm = 319.9909, GNorm = 0.1466, lr_0 = 7.0000e-05
Validation sid = 0.212612
Epoch 192

Loss = 9.2223e-02, PNorm = 320.6201, GNorm = 0.1098, lr_0 = 7.0000e-05
Validation sid = 0.212238
Epoch 193

Loss = 9.2207e-02, PNorm = 321.2382, GNorm = 0.1405, lr_0 = 7.0000e-05
Validation sid = 0.212334
Epoch 194

Loss = 9.2127e-02, PNorm = 321.8521, GNorm = 0.1281, lr_0 = 7.0000e-05
Validation sid = 0.211753
Epoch 195

Loss = 9.2034e-02, PNorm = 322.4496, GNorm = 0.1430, lr_0 = 7.0000e-05
Validation sid = 0.212114
Epoch 196

Loss = 9.2221e-02, PNorm = 323.0642, GNorm = 0.1359, lr_0 = 7.0000e-05
Validation sid = 0.212167
Epoch 197

Loss = 9.1896e-02, PNorm = 323.6431, GNorm = 0.1456, lr_0 = 7.0000e-05
Validation sid = 0.212162
Epoch 198

Loss = 9.1768e-02, PNorm = 324.2487, GNorm = 0.1445, lr_0 = 7.0000e-05
Validation sid = 0.211801
Epoch 199

Loss = 9.1961e-02, PNorm = 324.8587, GNorm = 0.1627, lr_0 = 7.0000e-05
Validation sid = 0.212480
Epoch 200

Loss = 9.1712e-02, PNorm = 325.4310, GNorm = 0.1325, lr_0 = 7.0000e-05
Validation sid = 0.212543
Epoch 201

Loss = 9.1579e-02, PNorm = 326.0430, GNorm = 0.1229, lr_0 = 7.0000e-05
Validation sid = 0.212170
Epoch 202

Loss = 9.1711e-02, PNorm = 326.6177, GNorm = 0.1186, lr_0 = 7.0000e-05
Validation sid = 0.212150
Epoch 203

Loss = 9.1634e-02, PNorm = 327.2308, GNorm = 0.1056, lr_0 = 7.0000e-05
Validation sid = 0.213066
Epoch 204

Loss = 9.1635e-02, PNorm = 327.8021, GNorm = 0.1785, lr_0 = 7.0000e-05
Validation sid = 0.212277
Epoch 205

Loss = 9.1497e-02, PNorm = 328.3677, GNorm = 0.2322, lr_0 = 7.0000e-05
Validation sid = 0.212445
Epoch 206

Loss = 9.1371e-02, PNorm = 328.9348, GNorm = 0.1897, lr_0 = 7.0000e-05
Validation sid = 0.213230
Epoch 207

Loss = 9.1572e-02, PNorm = 329.5302, GNorm = 0.1407, lr_0 = 7.0000e-05
Validation sid = 0.212656
Epoch 208

Loss = 9.1373e-02, PNorm = 330.1209, GNorm = 0.1259, lr_0 = 7.0000e-05
Validation sid = 0.212739
Epoch 209

Loss = 9.1388e-02, PNorm = 330.7316, GNorm = 0.1165, lr_0 = 7.0000e-05
Validation sid = 0.213164
Epoch 210

Loss = 9.1378e-02, PNorm = 331.3119, GNorm = 0.1429, lr_0 = 7.0000e-05
Validation sid = 0.213121
Epoch 211

Loss = 9.1176e-02, PNorm = 331.9015, GNorm = 0.1194, lr_0 = 7.0000e-05
Validation sid = 0.213047
Epoch 212

Loss = 9.1243e-02, PNorm = 332.4872, GNorm = 0.1787, lr_0 = 7.0000e-05
Validation sid = 0.213314
Epoch 213

Loss = 9.1074e-02, PNorm = 333.0529, GNorm = 0.1249, lr_0 = 7.0000e-05
Validation sid = 0.212377
Epoch 214

Loss = 9.1094e-02, PNorm = 333.6567, GNorm = 0.1463, lr_0 = 7.0000e-05
Validation sid = 0.212917
Epoch 215

Loss = 9.1038e-02, PNorm = 334.2398, GNorm = 0.1277, lr_0 = 7.0000e-05
Validation sid = 0.212949
Epoch 216

Loss = 9.1121e-02, PNorm = 334.8123, GNorm = 0.1257, lr_0 = 7.0000e-05
Validation sid = 0.213439
Epoch 217

Loss = 9.0934e-02, PNorm = 335.3716, GNorm = 0.1215, lr_0 = 7.0000e-05
Validation sid = 0.213010
Epoch 218

Loss = 9.0854e-02, PNorm = 335.9111, GNorm = 0.1436, lr_0 = 7.0000e-05
Validation sid = 0.213337
Epoch 219

Loss = 9.0850e-02, PNorm = 336.4908, GNorm = 0.1808, lr_0 = 7.0000e-05
Validation sid = 0.213960
Epoch 220

Loss = 9.0921e-02, PNorm = 337.0569, GNorm = 0.1486, lr_0 = 7.0000e-05
Validation sid = 0.212546
Epoch 221

Loss = 9.0780e-02, PNorm = 337.6207, GNorm = 0.1244, lr_0 = 7.0000e-05
Validation sid = 0.212987
Epoch 222

Loss = 9.0952e-02, PNorm = 338.1821, GNorm = 0.1040, lr_0 = 7.0000e-05
Validation sid = 0.213287
Epoch 223

Loss = 9.0657e-02, PNorm = 338.7163, GNorm = 0.1413, lr_0 = 7.0000e-05
Validation sid = 0.213410
Epoch 224

Loss = 9.0937e-02, PNorm = 339.2666, GNorm = 0.1478, lr_0 = 7.0000e-05
Validation sid = 0.212918
Epoch 225

Loss = 9.0739e-02, PNorm = 339.7714, GNorm = 0.1216, lr_0 = 7.0000e-05
Validation sid = 0.213267
Epoch 226

Loss = 9.0780e-02, PNorm = 340.2797, GNorm = 0.1472, lr_0 = 7.0000e-05
Validation sid = 0.213039
Epoch 227

Loss = 9.0512e-02, PNorm = 340.7796, GNorm = 0.1109, lr_0 = 7.0000e-05
Validation sid = 0.213323
Epoch 228

Loss = 9.0564e-02, PNorm = 341.3210, GNorm = 0.1105, lr_0 = 7.0000e-05
Validation sid = 0.212874
Epoch 229

Loss = 9.0896e-02, PNorm = 341.8346, GNorm = 0.1220, lr_0 = 7.0000e-05
Validation sid = 0.212983
Epoch 230

Loss = 9.0544e-02, PNorm = 342.3578, GNorm = 0.1263, lr_0 = 7.0000e-05
Validation sid = 0.213738
Epoch 231

Loss = 9.0354e-02, PNorm = 342.9009, GNorm = 0.1101, lr_0 = 7.0000e-05
Validation sid = 0.213719
Epoch 232

Loss = 9.0455e-02, PNorm = 343.4236, GNorm = 0.1098, lr_0 = 7.0000e-05
Validation sid = 0.213914
Epoch 233

Loss = 9.0305e-02, PNorm = 343.9647, GNorm = 0.1015, lr_0 = 7.0000e-05
Validation sid = 0.213436
Epoch 234

Loss = 9.0326e-02, PNorm = 344.4881, GNorm = 0.1110, lr_0 = 7.0000e-05
Validation sid = 0.213105
Epoch 235

Loss = 9.0329e-02, PNorm = 345.0102, GNorm = 0.1116, lr_0 = 7.0000e-05
Validation sid = 0.213220
Epoch 236

Loss = 9.0295e-02, PNorm = 345.5354, GNorm = 0.1274, lr_0 = 7.0000e-05
Validation sid = 0.213457
Epoch 237

Loss = 9.0299e-02, PNorm = 346.0598, GNorm = 0.1256, lr_0 = 7.0000e-05
Validation sid = 0.213660
Epoch 238

Loss = 9.0234e-02, PNorm = 346.5574, GNorm = 0.0970, lr_0 = 7.0000e-05
Validation sid = 0.213218
Epoch 239

Loss = 9.0117e-02, PNorm = 347.1078, GNorm = 0.1256, lr_0 = 7.0000e-05
Validation sid = 0.213371
Epoch 240

Loss = 9.0151e-02, PNorm = 347.6054, GNorm = 0.1563, lr_0 = 7.0000e-05
Validation sid = 0.213509
Epoch 241

Loss = 8.9962e-02, PNorm = 348.1061, GNorm = 0.1354, lr_0 = 7.0000e-05
Validation sid = 0.213433
Epoch 242

Loss = 9.0028e-02, PNorm = 348.6301, GNorm = 0.1155, lr_0 = 7.0000e-05
Validation sid = 0.212747
Epoch 243

Loss = 8.9961e-02, PNorm = 349.1644, GNorm = 0.1050, lr_0 = 7.0000e-05
Validation sid = 0.213274
Epoch 244

Loss = 8.9903e-02, PNorm = 349.6758, GNorm = 0.1082, lr_0 = 7.0000e-05
Validation sid = 0.213151
Epoch 245

Loss = 8.9972e-02, PNorm = 350.2007, GNorm = 0.1214, lr_0 = 7.0000e-05
Validation sid = 0.213393
Epoch 246

Loss = 9.0097e-02, PNorm = 350.7097, GNorm = 0.1351, lr_0 = 7.0000e-05
Validation sid = 0.213433
Epoch 247

Loss = 8.9944e-02, PNorm = 351.2459, GNorm = 0.1267, lr_0 = 7.0000e-05
Validation sid = 0.213603
Epoch 248

Loss = 8.9919e-02, PNorm = 351.7468, GNorm = 0.1317, lr_0 = 7.0000e-05
Validation sid = 0.214039
Epoch 249

Loss = 8.9727e-02, PNorm = 352.2738, GNorm = 0.1188, lr_0 = 7.0000e-05
Validation sid = 0.213531
Model 0 best validation sid = 0.207091 on epoch 45
Loading pretrained parameter "ffn.1.weight".
Loading pretrained parameter "ffn.1.bias".
Loading pretrained parameter "ffn.3.weights".
Loading pretrained parameter "ffn.5.weight".
Loading pretrained parameter "ffn.5.bias".
Loading pretrained parameter "ffn.8.weight".
Loading pretrained parameter "ffn.8.bias".
Moving model to cuda
Model 0 test sid = 0.201923
Ensemble test sid = 0.201923
1-fold cross validation
Seed 0 ==> test sid = 0.201923
Overall test sid = 0.201923 +/- 0.000000
