Fold 0
{'activation': 'ReLU',
 'atom_messages': False,
 'batch_size': 50,
 'bias': False,
 'bias_ffn': True,
 'checkpoint_dir': None,
 'checkpoint_path': None,
 'checkpoint_paths': None,
 'config_path': './recommended_config.json',
 'convergence_margin': 100000000.0,
 'crossval_index_dir': None,
 'crossval_index_file': None,
 'cuda': True,
 'data_path': './data/research_fingerprint_data/train_full.csv',
 'dataset_type': 'spectra',
 'depth': 3,
 'device': 'cuda:0',
 'dropout': 0.05,
 'ensemble_size': 1,
 'epochs': 250,
 'features_generator': ['morgan'],
 'features_only': True,
 'features_path': None,
 'features_scaling': False,
 'ffn_hidden_size': 500,
 'ffn_num_layers': 3,
 'final_lr': 0.0001,
 'folds_file': None,
 'frzn_mpn_checkpoint': None,
 'gpu': 0,
 'hidden_size': 300,
 'init_lr': 0.0001,
 'max_data_size': None,
 'max_lr': 0.001,
 'metric': 'sid',
 'minimize_score': True,
 'multiclass_num_classes': 3,
 'no_cache': False,
 'normalization_end': None,
 'normalization_start': 0,
 'num_folds': 1,
 'num_lrs': 1,
 'output_activation': 'exp',
 'qnn': True,
 'quiet': False,
 'save_dir': './output/model/morgan_hybrid_fingerprint_default_lr/fold_0',
 'save_smiles_splits': True,
 'seed': 0,
 'separate_test_features_path': None,
 'separate_test_path': './data/research_fingerprint_data/test_full.csv',
 'separate_val_features_path': None,
 'separate_val_path': './data/research_fingerprint_data/val_full.csv',
 'show_individual_scores': False,
 'sm_eps': 1e-08,
 'sm_thresh': 1e-08,
 'spectral_loss_function': 'sid',
 'spectral_mask_path': None,
 'split_sizes': [0.8, 0.1, 0.1],
 'split_type': 'random_with_repeated_smiles',
 'target_scaling': True,
 'test': False,
 'test_fold_index': None,
 'torch_seed': None,
 'undirected': False,
 'use_compound_names': False,
 'use_input_features': ['morgan'],
 'val_fold_index': None,
 'warmup_epochs': 2.0}
Loading data
Fold 0
{'activation': 'ReLU',
 'atom_messages': False,
 'batch_size': 50,
 'bias': False,
 'bias_ffn': True,
 'checkpoint_dir': None,
 'checkpoint_path': None,
 'checkpoint_paths': None,
 'config_path': './recommended_config.json',
 'convergence_margin': 100000000.0,
 'crossval_index_dir': None,
 'crossval_index_file': None,
 'cuda': True,
 'data_path': './data/research_fingerprint_data/train_full.csv',
 'dataset_type': 'spectra',
 'depth': 3,
 'device': 'cuda:0',
 'dropout': 0.05,
 'ensemble_size': 1,
 'epochs': 250,
 'features_generator': ['morgan'],
 'features_only': True,
 'features_path': None,
 'features_scaling': False,
 'ffn_hidden_size': 500,
 'ffn_num_layers': 3,
 'final_lr': 0.0001,
 'folds_file': None,
 'frzn_mpn_checkpoint': None,
 'gpu': 0,
 'hidden_size': 300,
 'init_lr': 0.0001,
 'max_data_size': None,
 'max_lr': 0.001,
 'metric': 'sid',
 'minimize_score': True,
 'multiclass_num_classes': 3,
 'no_cache': False,
 'normalization_end': None,
 'normalization_start': 0,
 'num_folds': 1,
 'num_lrs': 1,
 'output_activation': 'exp',
 'qnn': True,
 'quiet': False,
 'save_dir': './output/model/morgan_hybrid_fingerprint_default_lr/fold_0',
 'save_smiles_splits': True,
 'seed': 0,
 'separate_test_features_path': None,
 'separate_test_path': './data/research_fingerprint_data/test_full.csv',
 'separate_val_features_path': None,
 'separate_val_path': './data/research_fingerprint_data/val_full.csv',
 'show_individual_scores': False,
 'sm_eps': 1e-08,
 'sm_thresh': 1e-08,
 'spectral_loss_function': 'sid',
 'spectral_mask_path': None,
 'split_sizes': [0.8, 0.1, 0.1],
 'split_type': 'random_with_repeated_smiles',
 'target_scaling': True,
 'test': False,
 'test_fold_index': None,
 'torch_seed': None,
 'undirected': False,
 'use_compound_names': False,
 'use_input_features': ['morgan'],
 'val_fold_index': None,
 'warmup_epochs': 2.0}
Loading data
Number of tasks = 501
Splitting data with seed 0
Total size = 68,404 | train size = 68,404 | val size = 8,550 | test size = 8,551
Pre-normalizing training targets
Building model 0
MoleculeModel(
  (encoder): MPN(
    (encoder): MPNEncoder()
  )
  (ffn): Sequential(
    (0): <Quantum Torch Layer: func=qnode>
    (1): Linear(in_features=2048, out_features=500, bias=True)
    (2): ReLU()
    (3): Dropout(p=0.05, inplace=False)
    (4): Linear(in_features=500, out_features=501, bias=True)
  )
)
Number of parameters = 1,275,589
Moving model to cuda
Epoch 0

Loss = 2.3584e-01, PNorm = 74.9971, GNorm = 0.0624, lr_0 = 5.5033e-04
Validation sid = 0.164270
Epoch 1

Loss = 1.4558e-01, PNorm = 104.9686, GNorm = 0.0790, lr_0 = 9.9999e-04
Validation sid = 0.137170
Epoch 2

Loss = 1.2842e-01, PNorm = 126.8121, GNorm = 0.1540, lr_0 = 9.9075e-04
Validation sid = 0.129078
Epoch 3

Loss = 1.1975e-01, PNorm = 144.3022, GNorm = 0.1113, lr_0 = 9.8160e-04
Validation sid = 0.125189
Epoch 4

Loss = 1.1318e-01, PNorm = 160.4751, GNorm = 0.1054, lr_0 = 9.7252e-04
Validation sid = 0.122275
Epoch 5

Loss = 1.0744e-01, PNorm = 176.7219, GNorm = 0.1098, lr_0 = 9.6354e-04
Validation sid = 0.119607
Epoch 6

Loss = 1.0193e-01, PNorm = 192.9691, GNorm = 0.1206, lr_0 = 9.5463e-04
Validation sid = 0.117195
Epoch 7

Loss = 9.6777e-02, PNorm = 209.5976, GNorm = 0.1212, lr_0 = 9.4581e-04
Validation sid = 0.115691
Epoch 8

Loss = 9.1898e-02, PNorm = 226.4892, GNorm = 0.1385, lr_0 = 9.3707e-04
Validation sid = 0.113788
Epoch 9

Loss = 8.7287e-02, PNorm = 242.9232, GNorm = 0.1393, lr_0 = 9.2841e-04
Validation sid = 0.112477
Epoch 10

Loss = 8.2920e-02, PNorm = 259.4092, GNorm = 0.1437, lr_0 = 9.1983e-04
Validation sid = 0.111695
Epoch 11

Loss = 7.8896e-02, PNorm = 275.4906, GNorm = 0.1017, lr_0 = 9.1133e-04
Validation sid = 0.110630
Epoch 12

Loss = 7.5056e-02, PNorm = 291.0856, GNorm = 0.1091, lr_0 = 9.0291e-04
Validation sid = 0.110174
Epoch 13

Loss = 7.1561e-02, PNorm = 305.9049, GNorm = 0.1634, lr_0 = 8.9456e-04
Validation sid = 0.109714
Epoch 14

Loss = 6.8335e-02, PNorm = 320.1663, GNorm = 0.1427, lr_0 = 8.8629e-04
Validation sid = 0.109750
Epoch 15

Loss = 6.5405e-02, PNorm = 333.4761, GNorm = 0.1091, lr_0 = 8.7810e-04
Validation sid = 0.109103
Epoch 16

Loss = 6.2826e-02, PNorm = 345.9029, GNorm = 0.1214, lr_0 = 8.6999e-04
Validation sid = 0.109346
Epoch 17

Loss = 6.0419e-02, PNorm = 357.6160, GNorm = 0.1570, lr_0 = 8.6195e-04
Validation sid = 0.109756
Epoch 18
