Fold 0
{'activation': 'ReLU',
 'atom_messages': False,
 'batch_size': 50,
 'bias': False,
 'bias_ffn': True,
 'checkpoint_dir': None,
 'checkpoint_path': None,
 'checkpoint_paths': None,
 'config_path': './recommended_config.json',
 'convergence_margin': 100000000.0,
 'crossval_index_dir': None,
 'crossval_index_file': None,
 'cuda': True,
 'data_path': './data/research_data/train_full.csv',
 'dataset_type': 'spectra',
 'depth': 3,
 'device': 'cuda:0',
 'dropout': 0.05,
 'ensemble_size': 1,
 'epochs': 300,
 'features_generator': ['morgan'],
 'features_only': True,
 'features_path': None,
 'features_scaling': False,
 'ffn_hidden_size': 1200,
 'ffn_num_layers': 3,
 'final_lr': 5e-05,
 'folds_file': None,
 'frzn_mpn_checkpoint': None,
 'gpu': 0,
 'hidden_size': 300,
 'init_lr': 0.0001,
 'max_data_size': None,
 'max_lr': 8e-05,
 'metric': 'sid',
 'minimize_score': True,
 'multiclass_num_classes': 3,
 'no_cache': False,
 'normalization_end': 550,
 'normalization_start': 50,
 'num_folds': 1,
 'num_lrs': 1,
 'output_activation': 'exp',
 'qnn': True,
 'qnn_layer': 8,
 'quiet': False,
 'save_dir': './output/model/qh8_1200_layer2/fold_0',
 'save_smiles_splits': False,
 'seed': 0,
 'separate_test_features_path': None,
 'separate_test_path': './data/research_data/test_full.csv',
 'separate_val_features_path': None,
 'separate_val_path': './data/research_data/val_full.csv',
 'show_individual_scores': False,
 'sm_eps': 1e-08,
 'sm_thresh': 1e-08,
 'spectral_loss_function': 'sid',
 'spectral_mask_path': None,
 'split_sizes': [0.8, 0.1, 0.1],
 'split_type': 'random_with_repeated_smiles',
 'target_scaling': True,
 'test': False,
 'test_fold_index': None,
 'torch_seed': None,
 'undirected': False,
 'use_compound_names': False,
 'use_input_features': ['morgan'],
 'val_fold_index': None,
 'warmup_epochs': 2.0}
Loading data
Number of tasks = 1801
Splitting data with seed 0
Total size = 68,404 | train size = 68,404 | val size = 8,550 | test size = 8,551
Pre-normalizing training targets
Building model 0
MoleculeModel(
  (encoder): MPN(
    (encoder): MPNEncoder()
  )
  (ffn): Sequential(
    (0): <Quantum Torch Layer: func=qnode>
    (1): Linear(in_features=2048, out_features=1200, bias=True)
    (2): ReLU()
    (3): Dropout(p=0.05, inplace=False)
    (4): Linear(in_features=1200, out_features=1801, bias=True)
  )
)
Number of parameters = 4,621,889
Moving model to cuda
Epoch 0

Loss = 6.8104e-01, PNorm = 82.8480, GNorm = 0.0239, lr_0 = 8.9993e-05
Validation sid = 0.508203
Epoch 1

Loss = 4.5506e-01, PNorm = 99.9842, GNorm = 0.0541, lr_0 = 8.0000e-05
Validation sid = 0.415226
Epoch 2

Loss = 3.8612e-01, PNorm = 110.2919, GNorm = 0.0930, lr_0 = 7.9874e-05
Validation sid = 0.362422
Epoch 3

Loss = 3.4020e-01, PNorm = 120.7421, GNorm = 0.0698, lr_0 = 7.9748e-05
Validation sid = 0.323548
Epoch 4

Loss = 3.0690e-01, PNorm = 130.9504, GNorm = 0.0462, lr_0 = 7.9622e-05
Validation sid = 0.296040
Epoch 5

Loss = 2.8395e-01, PNorm = 140.6300, GNorm = 0.0876, lr_0 = 7.9497e-05
Validation sid = 0.277556
Epoch 6

Loss = 2.6758e-01, PNorm = 149.8694, GNorm = 0.0786, lr_0 = 7.9372e-05
Validation sid = 0.263953
Epoch 7

Loss = 2.5486e-01, PNorm = 158.9370, GNorm = 0.0671, lr_0 = 7.9246e-05
Validation sid = 0.253529
Epoch 8

Loss = 2.4457e-01, PNorm = 167.4775, GNorm = 0.0627, lr_0 = 7.9122e-05
Validation sid = 0.244816
Epoch 9

Loss = 2.3606e-01, PNorm = 175.7636, GNorm = 0.0901, lr_0 = 7.8997e-05
Validation sid = 0.237832
Epoch 10

Loss = 2.2887e-01, PNorm = 183.6643, GNorm = 0.0784, lr_0 = 7.8872e-05
Validation sid = 0.232244
Epoch 11

Loss = 2.2283e-01, PNorm = 191.2793, GNorm = 0.1135, lr_0 = 7.8748e-05
Validation sid = 0.227312
Epoch 12

Loss = 2.1757e-01, PNorm = 198.5300, GNorm = 0.0980, lr_0 = 7.8624e-05
Validation sid = 0.223023
Epoch 13

Loss = 2.1296e-01, PNorm = 205.6000, GNorm = 0.0676, lr_0 = 7.8500e-05
Validation sid = 0.219528
Epoch 14

Loss = 2.0888e-01, PNorm = 212.3256, GNorm = 0.0694, lr_0 = 7.8376e-05
Validation sid = 0.216187
Epoch 15

Loss = 2.0516e-01, PNorm = 218.8642, GNorm = 0.0546, lr_0 = 7.8253e-05
Validation sid = 0.213303
Epoch 16

Loss = 2.0178e-01, PNorm = 225.1869, GNorm = 0.0950, lr_0 = 7.8129e-05
Validation sid = 0.210671
Epoch 17

Loss = 1.9874e-01, PNorm = 231.4251, GNorm = 0.0728, lr_0 = 7.8006e-05
Validation sid = 0.208481
Epoch 18

Loss = 1.9588e-01, PNorm = 237.3366, GNorm = 0.0747, lr_0 = 7.7883e-05
Validation sid = 0.206073
Epoch 19

Loss = 1.9324e-01, PNorm = 243.2040, GNorm = 0.1087, lr_0 = 7.7761e-05
Validation sid = 0.204217
Epoch 20

Loss = 1.9077e-01, PNorm = 248.9012, GNorm = 0.0828, lr_0 = 7.7638e-05
Validation sid = 0.202223
Epoch 21

Loss = 1.8845e-01, PNorm = 254.3982, GNorm = 0.1169, lr_0 = 7.7516e-05
Validation sid = 0.200514
Epoch 22

Loss = 1.8631e-01, PNorm = 259.8230, GNorm = 0.0826, lr_0 = 7.7394e-05
Validation sid = 0.198857
Epoch 23

Loss = 1.8431e-01, PNorm = 265.1861, GNorm = 0.0973, lr_0 = 7.7272e-05
Validation sid = 0.197546
Epoch 24

Loss = 1.8237e-01, PNorm = 270.3189, GNorm = 0.1070, lr_0 = 7.7150e-05
Validation sid = 0.196076
Epoch 25

Loss = 1.8058e-01, PNorm = 275.3518, GNorm = 0.1263, lr_0 = 7.7028e-05
Validation sid = 0.194953
Epoch 26

Loss = 1.7891e-01, PNorm = 280.3294, GNorm = 0.1047, lr_0 = 7.6907e-05
Validation sid = 0.193718
Epoch 27

Loss = 1.7731e-01, PNorm = 285.2203, GNorm = 0.1003, lr_0 = 7.6786e-05
Validation sid = 0.192691
Epoch 28

Loss = 1.7576e-01, PNorm = 289.9446, GNorm = 0.0906, lr_0 = 7.6665e-05
Validation sid = 0.191646
Epoch 29

Loss = 1.7433e-01, PNorm = 294.5559, GNorm = 0.0983, lr_0 = 7.6544e-05
Validation sid = 0.190663
Epoch 30

Loss = 1.7289e-01, PNorm = 299.1164, GNorm = 0.1197, lr_0 = 7.6423e-05
Validation sid = 0.189929
Epoch 31

Loss = 1.7155e-01, PNorm = 303.6164, GNorm = 0.1134, lr_0 = 7.6303e-05
Validation sid = 0.188971
Epoch 32

Loss = 1.7023e-01, PNorm = 308.0261, GNorm = 0.1137, lr_0 = 7.6183e-05
Validation sid = 0.188170
Epoch 33

Loss = 1.6893e-01, PNorm = 312.3964, GNorm = 0.1021, lr_0 = 7.6062e-05
Validation sid = 0.187363
Epoch 34

Loss = 1.6771e-01, PNorm = 316.6710, GNorm = 0.1167, lr_0 = 7.5943e-05
Validation sid = 0.186598
Epoch 35

Loss = 1.6653e-01, PNorm = 321.0440, GNorm = 0.0814, lr_0 = 7.5823e-05
Validation sid = 0.185998
Epoch 36

Loss = 1.6535e-01, PNorm = 325.1678, GNorm = 0.1435, lr_0 = 7.5703e-05
Validation sid = 0.185275
Epoch 37

Loss = 1.6424e-01, PNorm = 329.3845, GNorm = 0.0995, lr_0 = 7.5584e-05
Validation sid = 0.184560
Epoch 38

Loss = 1.6316e-01, PNorm = 333.5140, GNorm = 0.1049, lr_0 = 7.5465e-05
Validation sid = 0.183943
Epoch 39

Loss = 1.6202e-01, PNorm = 337.6594, GNorm = 0.1058, lr_0 = 7.5346e-05
Validation sid = 0.183478
Epoch 40

Loss = 1.6098e-01, PNorm = 341.7262, GNorm = 0.0961, lr_0 = 7.5227e-05
Validation sid = 0.182770
Epoch 41

Loss = 1.5993e-01, PNorm = 345.7483, GNorm = 0.1538, lr_0 = 7.5109e-05
Validation sid = 0.182212
Epoch 42

Loss = 1.5892e-01, PNorm = 349.7263, GNorm = 0.0802, lr_0 = 7.4990e-05
Validation sid = 0.181641
Epoch 43

Loss = 1.5791e-01, PNorm = 353.7597, GNorm = 0.1008, lr_0 = 7.4872e-05
Validation sid = 0.181071
Epoch 44

Loss = 1.5692e-01, PNorm = 357.7197, GNorm = 0.1297, lr_0 = 7.4754e-05
Validation sid = 0.180527
Epoch 45

Loss = 1.5600e-01, PNorm = 361.6643, GNorm = 0.1141, lr_0 = 7.4636e-05
Validation sid = 0.180087
Epoch 46

Loss = 1.5502e-01, PNorm = 365.5936, GNorm = 0.1165, lr_0 = 7.4519e-05
Validation sid = 0.179513
Epoch 47

Loss = 1.5409e-01, PNorm = 369.4316, GNorm = 0.1071, lr_0 = 7.4401e-05
Validation sid = 0.179054
Epoch 48

Loss = 1.5319e-01, PNorm = 373.3176, GNorm = 0.1482, lr_0 = 7.4284e-05
Validation sid = 0.178532
Epoch 49

Loss = 1.5229e-01, PNorm = 377.2054, GNorm = 0.1286, lr_0 = 7.4167e-05
Validation sid = 0.178096
Epoch 50

Loss = 1.5139e-01, PNorm = 381.0713, GNorm = 0.0964, lr_0 = 7.4050e-05
Validation sid = 0.177595
Epoch 51

Loss = 1.5049e-01, PNorm = 384.8675, GNorm = 0.1315, lr_0 = 7.3933e-05
Validation sid = 0.177327
Epoch 52

Loss = 1.4956e-01, PNorm = 388.6090, GNorm = 0.1256, lr_0 = 7.3817e-05
Validation sid = 0.176685
Epoch 53

Loss = 1.4873e-01, PNorm = 392.4175, GNorm = 0.1081, lr_0 = 7.3701e-05
Validation sid = 0.176255
Epoch 54

Loss = 1.4792e-01, PNorm = 396.2374, GNorm = 0.1491, lr_0 = 7.3584e-05
Validation sid = 0.175821
Epoch 55

Loss = 1.4704e-01, PNorm = 399.9725, GNorm = 0.1402, lr_0 = 7.3469e-05
Validation sid = 0.175476
Epoch 56

Loss = 1.4619e-01, PNorm = 403.7174, GNorm = 0.0976, lr_0 = 7.3353e-05
Validation sid = 0.175076
Epoch 57

Loss = 1.4537e-01, PNorm = 407.4717, GNorm = 0.1320, lr_0 = 7.3237e-05
Validation sid = 0.174643
Epoch 58

Loss = 1.4455e-01, PNorm = 411.1615, GNorm = 0.1056, lr_0 = 7.3122e-05
Validation sid = 0.174311
Epoch 59

Loss = 1.4375e-01, PNorm = 414.8787, GNorm = 0.1148, lr_0 = 7.3006e-05
Validation sid = 0.173959
Epoch 60

Loss = 1.4302e-01, PNorm = 418.5687, GNorm = 0.1391, lr_0 = 7.2891e-05
Validation sid = 0.173510
Epoch 61

Loss = 1.4217e-01, PNorm = 422.1933, GNorm = 0.1186, lr_0 = 7.2777e-05
Validation sid = 0.173142
Epoch 62

Loss = 1.4139e-01, PNorm = 425.8597, GNorm = 0.1368, lr_0 = 7.2662e-05
Validation sid = 0.172772
Epoch 63

Loss = 1.4060e-01, PNorm = 429.4796, GNorm = 0.1102, lr_0 = 7.2547e-05
Validation sid = 0.172415
Epoch 64

Loss = 1.3985e-01, PNorm = 433.1875, GNorm = 0.1177, lr_0 = 7.2433e-05
Validation sid = 0.172059
Epoch 65

Loss = 1.3909e-01, PNorm = 436.8034, GNorm = 0.1172, lr_0 = 7.2319e-05
Validation sid = 0.171681
Epoch 66

Loss = 1.3830e-01, PNorm = 440.4129, GNorm = 0.1050, lr_0 = 7.2205e-05
Validation sid = 0.171386
Epoch 67

Loss = 1.3756e-01, PNorm = 443.9815, GNorm = 0.1455, lr_0 = 7.2091e-05
Validation sid = 0.171023
Epoch 68

Loss = 1.3685e-01, PNorm = 447.5272, GNorm = 0.1615, lr_0 = 7.1977e-05
Validation sid = 0.170674
Epoch 69

Loss = 1.3608e-01, PNorm = 451.0777, GNorm = 0.1651, lr_0 = 7.1864e-05
Validation sid = 0.170397
Epoch 70

Loss = 1.3536e-01, PNorm = 454.6736, GNorm = 0.1327, lr_0 = 7.1751e-05
Validation sid = 0.170002
Epoch 71

Loss = 1.3462e-01, PNorm = 458.2331, GNorm = 0.1407, lr_0 = 7.1638e-05
Validation sid = 0.169801
Epoch 72

Loss = 1.3388e-01, PNorm = 461.7402, GNorm = 0.1294, lr_0 = 7.1525e-05
Validation sid = 0.169431
Epoch 73

Loss = 1.3316e-01, PNorm = 465.2491, GNorm = 0.1177, lr_0 = 7.1412e-05
Validation sid = 0.169079
Epoch 74

Loss = 1.3253e-01, PNorm = 468.7654, GNorm = 0.1299, lr_0 = 7.1300e-05
Validation sid = 0.168837
Epoch 75

Loss = 1.3182e-01, PNorm = 472.2512, GNorm = 0.1101, lr_0 = 7.1187e-05
Validation sid = 0.168548
Epoch 76

Loss = 1.3110e-01, PNorm = 475.7445, GNorm = 0.1282, lr_0 = 7.1075e-05
Validation sid = 0.168273
Epoch 77

Loss = 1.3040e-01, PNorm = 479.2375, GNorm = 0.1267, lr_0 = 7.0963e-05
Validation sid = 0.167871
Epoch 78

Loss = 1.2976e-01, PNorm = 482.6826, GNorm = 0.1437, lr_0 = 7.0851e-05
Validation sid = 0.167637
Epoch 79

Loss = 1.2908e-01, PNorm = 486.1424, GNorm = 0.1376, lr_0 = 7.0740e-05
Validation sid = 0.167345
Epoch 80

Loss = 1.2840e-01, PNorm = 489.5963, GNorm = 0.1266, lr_0 = 7.0628e-05
Validation sid = 0.167086
Epoch 81

Loss = 1.2775e-01, PNorm = 493.0163, GNorm = 0.1349, lr_0 = 7.0517e-05
Validation sid = 0.166797
Epoch 82

Loss = 1.2708e-01, PNorm = 496.4374, GNorm = 0.1345, lr_0 = 7.0406e-05
Validation sid = 0.166550
Epoch 83

Loss = 1.2636e-01, PNorm = 499.8455, GNorm = 0.1140, lr_0 = 7.0295e-05
Validation sid = 0.166298
Epoch 84

Loss = 1.2573e-01, PNorm = 503.1867, GNorm = 0.1445, lr_0 = 7.0184e-05
Validation sid = 0.166107
Epoch 85

Loss = 1.2510e-01, PNorm = 506.5723, GNorm = 0.1328, lr_0 = 7.0073e-05
Validation sid = 0.165774
Epoch 86

Loss = 1.2445e-01, PNorm = 509.9347, GNorm = 0.1466, lr_0 = 6.9963e-05
Validation sid = 0.165517
Epoch 87

Loss = 1.2383e-01, PNorm = 513.3145, GNorm = 0.1354, lr_0 = 6.9853e-05
Validation sid = 0.165232
Epoch 88

Loss = 1.2319e-01, PNorm = 516.6588, GNorm = 0.1689, lr_0 = 6.9742e-05
Validation sid = 0.164989
Epoch 89

Loss = 1.2257e-01, PNorm = 519.9775, GNorm = 0.1200, lr_0 = 6.9633e-05
Validation sid = 0.164833
Epoch 90

Loss = 1.2199e-01, PNorm = 523.3027, GNorm = 0.1522, lr_0 = 6.9523e-05
Validation sid = 0.164514
Epoch 91

Loss = 1.2132e-01, PNorm = 526.6187, GNorm = 0.1299, lr_0 = 6.9413e-05
Validation sid = 0.164358
Epoch 92

Loss = 1.2071e-01, PNorm = 529.9015, GNorm = 0.1307, lr_0 = 6.9304e-05
Validation sid = 0.164075
Epoch 93

Loss = 1.2014e-01, PNorm = 533.1804, GNorm = 0.1514, lr_0 = 6.9195e-05
Validation sid = 0.163902
Epoch 94

Loss = 1.1955e-01, PNorm = 536.4293, GNorm = 0.1272, lr_0 = 6.9086e-05
Validation sid = 0.163578
Epoch 95

Loss = 1.1894e-01, PNorm = 539.7253, GNorm = 0.1366, lr_0 = 6.8977e-05
Validation sid = 0.163421
Epoch 96

Loss = 1.1830e-01, PNorm = 542.9415, GNorm = 0.1341, lr_0 = 6.8868e-05
Validation sid = 0.163162
Epoch 97

Loss = 1.1778e-01, PNorm = 546.1707, GNorm = 0.1331, lr_0 = 6.8760e-05
Validation sid = 0.162954
Epoch 98

Loss = 1.1718e-01, PNorm = 549.4322, GNorm = 0.1699, lr_0 = 6.8651e-05
Validation sid = 0.162798
Epoch 99

Loss = 1.1658e-01, PNorm = 552.6432, GNorm = 0.1645, lr_0 = 6.8543e-05
Validation sid = 0.162561
Epoch 100

Loss = 1.1606e-01, PNorm = 555.8510, GNorm = 0.1438, lr_0 = 6.8435e-05
Validation sid = 0.162340
Epoch 101

Loss = 1.1543e-01, PNorm = 559.0391, GNorm = 0.1705, lr_0 = 6.8327e-05
Validation sid = 0.162154
Epoch 102

Loss = 1.1486e-01, PNorm = 562.2257, GNorm = 0.1356, lr_0 = 6.8219e-05
Validation sid = 0.161990
Epoch 103

Loss = 1.1434e-01, PNorm = 565.3984, GNorm = 0.1423, lr_0 = 6.8112e-05
Validation sid = 0.161810
Epoch 104

Loss = 1.1378e-01, PNorm = 568.4912, GNorm = 0.1348, lr_0 = 6.8005e-05
Validation sid = 0.161611
Epoch 105

Loss = 1.1319e-01, PNorm = 571.6658, GNorm = 0.1370, lr_0 = 6.7897e-05
Validation sid = 0.161386
Epoch 106

Loss = 1.1272e-01, PNorm = 574.7938, GNorm = 0.1165, lr_0 = 6.7790e-05
Validation sid = 0.161171
Epoch 107

Loss = 1.1218e-01, PNorm = 577.9171, GNorm = 0.1375, lr_0 = 6.7684e-05
Validation sid = 0.161040
Epoch 108

Loss = 1.1162e-01, PNorm = 580.9877, GNorm = 0.1556, lr_0 = 6.7577e-05
Validation sid = 0.160855
Epoch 109

Loss = 1.1109e-01, PNorm = 584.0760, GNorm = 0.1328, lr_0 = 6.7470e-05
Validation sid = 0.160689
Epoch 110

Loss = 1.1056e-01, PNorm = 587.1274, GNorm = 0.1494, lr_0 = 6.7364e-05
Validation sid = 0.160534
Epoch 111

Loss = 1.1004e-01, PNorm = 590.2174, GNorm = 0.1456, lr_0 = 6.7258e-05
Validation sid = 0.160318
Epoch 112

Loss = 1.0945e-01, PNorm = 593.2797, GNorm = 0.1273, lr_0 = 6.7152e-05
Validation sid = 0.160247
Epoch 113

Loss = 1.0902e-01, PNorm = 596.3159, GNorm = 0.1464, lr_0 = 6.7046e-05
Validation sid = 0.160030
Epoch 114

Loss = 1.0846e-01, PNorm = 599.3512, GNorm = 0.1429, lr_0 = 6.6940e-05
Validation sid = 0.159968
Epoch 115

Loss = 1.0798e-01, PNorm = 602.3562, GNorm = 0.1431, lr_0 = 6.6835e-05
Validation sid = 0.159704
Epoch 116

Loss = 1.0750e-01, PNorm = 605.3712, GNorm = 0.1399, lr_0 = 6.6730e-05
Validation sid = 0.159565
Epoch 117

Loss = 1.0699e-01, PNorm = 608.3384, GNorm = 0.1431, lr_0 = 6.6624e-05
Validation sid = 0.159427
Epoch 118

Loss = 1.0650e-01, PNorm = 611.3429, GNorm = 0.1415, lr_0 = 6.6519e-05
Validation sid = 0.159221
Epoch 119

Loss = 1.0599e-01, PNorm = 614.2988, GNorm = 0.1414, lr_0 = 6.6415e-05
Validation sid = 0.159098
Epoch 120

Loss = 1.0554e-01, PNorm = 617.2493, GNorm = 0.1361, lr_0 = 6.6310e-05
Validation sid = 0.158997
Epoch 121

Loss = 1.0508e-01, PNorm = 620.1922, GNorm = 0.1623, lr_0 = 6.6205e-05
Validation sid = 0.158882
Epoch 122

Loss = 1.0457e-01, PNorm = 623.1412, GNorm = 0.1326, lr_0 = 6.6101e-05
Validation sid = 0.158660
Epoch 123

Loss = 1.0407e-01, PNorm = 626.0613, GNorm = 0.1254, lr_0 = 6.5997e-05
Validation sid = 0.158580
Epoch 124

Loss = 1.0368e-01, PNorm = 628.9745, GNorm = 0.1643, lr_0 = 6.5893e-05
Validation sid = 0.158386
Epoch 125

Loss = 1.0317e-01, PNorm = 631.8838, GNorm = 0.1353, lr_0 = 6.5789e-05
Validation sid = 0.158391
Epoch 126

Loss = 1.0280e-01, PNorm = 634.7418, GNorm = 0.1404, lr_0 = 6.5685e-05
Validation sid = 0.158121
Epoch 127

Loss = 1.0230e-01, PNorm = 637.6199, GNorm = 0.1496, lr_0 = 6.5582e-05
Validation sid = 0.158079
Epoch 128

Loss = 1.0180e-01, PNorm = 640.4577, GNorm = 0.1569, lr_0 = 6.5479e-05
Validation sid = 0.157947
Epoch 129

Loss = 1.0138e-01, PNorm = 643.3092, GNorm = 0.1629, lr_0 = 6.5375e-05
Validation sid = 0.157877
Epoch 130

Loss = 1.0098e-01, PNorm = 646.1498, GNorm = 0.1597, lr_0 = 6.5272e-05
Validation sid = 0.157761
Epoch 131

Loss = 1.0048e-01, PNorm = 648.9635, GNorm = 0.1322, lr_0 = 6.5169e-05
Validation sid = 0.157587
Epoch 132

Loss = 1.0008e-01, PNorm = 651.7682, GNorm = 0.1449, lr_0 = 6.5067e-05
Validation sid = 0.157553
Epoch 133

Loss = 9.9605e-02, PNorm = 654.6015, GNorm = 0.1343, lr_0 = 6.4964e-05
Validation sid = 0.157384
Epoch 134

Loss = 9.9195e-02, PNorm = 657.3709, GNorm = 0.1483, lr_0 = 6.4862e-05
Validation sid = 0.157351
Epoch 135

Loss = 9.8721e-02, PNorm = 660.1447, GNorm = 0.1305, lr_0 = 6.4760e-05
Validation sid = 0.157248
Epoch 136

Loss = 9.8336e-02, PNorm = 662.8950, GNorm = 0.1367, lr_0 = 6.4658e-05
Validation sid = 0.157139
Epoch 137

Loss = 9.7977e-02, PNorm = 665.6704, GNorm = 0.1380, lr_0 = 6.4556e-05
Validation sid = 0.156979
Epoch 138

Loss = 9.7518e-02, PNorm = 668.4257, GNorm = 0.1355, lr_0 = 6.4454e-05
Validation sid = 0.156932
Epoch 139

Loss = 9.7168e-02, PNorm = 671.1384, GNorm = 0.1559, lr_0 = 6.4352e-05
Validation sid = 0.156827
Epoch 140

Loss = 9.6753e-02, PNorm = 673.8767, GNorm = 0.1262, lr_0 = 6.4251e-05
Validation sid = 0.156802
Epoch 141

Loss = 9.6300e-02, PNorm = 676.5660, GNorm = 0.1552, lr_0 = 6.4150e-05
Validation sid = 0.156664
Epoch 142

Loss = 9.5925e-02, PNorm = 679.2521, GNorm = 0.1257, lr_0 = 6.4049e-05
Validation sid = 0.156550
Epoch 143

Loss = 9.5512e-02, PNorm = 681.9590, GNorm = 0.1369, lr_0 = 6.3948e-05
Validation sid = 0.156513
Epoch 144

Loss = 9.5100e-02, PNorm = 684.6180, GNorm = 0.1201, lr_0 = 6.3847e-05
Validation sid = 0.156368
Epoch 145

Loss = 9.4797e-02, PNorm = 687.2923, GNorm = 0.1406, lr_0 = 6.3746e-05
Validation sid = 0.156255
Epoch 146

Loss = 9.4397e-02, PNorm = 689.9176, GNorm = 0.1551, lr_0 = 6.3646e-05
Validation sid = 0.156277
Epoch 147

Loss = 9.4052e-02, PNorm = 692.5612, GNorm = 0.1705, lr_0 = 6.3545e-05
Validation sid = 0.156147
Epoch 148

Loss = 9.3614e-02, PNorm = 695.1758, GNorm = 0.1398, lr_0 = 6.3445e-05
Validation sid = 0.156119
Epoch 149

Loss = 9.3260e-02, PNorm = 697.7861, GNorm = 0.1898, lr_0 = 6.3345e-05
Validation sid = 0.156043
Epoch 150

Loss = 9.2881e-02, PNorm = 700.4000, GNorm = 0.1351, lr_0 = 6.3245e-05
Validation sid = 0.155921
Epoch 151

Loss = 9.2491e-02, PNorm = 702.9651, GNorm = 0.1304, lr_0 = 6.3146e-05
Validation sid = 0.155897
Epoch 152

Loss = 9.2116e-02, PNorm = 705.5427, GNorm = 0.1547, lr_0 = 6.3046e-05
Validation sid = 0.155791
Epoch 153

Loss = 9.1731e-02, PNorm = 708.1121, GNorm = 0.1373, lr_0 = 6.2947e-05
Validation sid = 0.155708
Epoch 154

Loss = 9.1442e-02, PNorm = 710.6775, GNorm = 0.1322, lr_0 = 6.2848e-05
Validation sid = 0.155700
Epoch 155

Loss = 9.1042e-02, PNorm = 713.2061, GNorm = 0.1434, lr_0 = 6.2749e-05
Validation sid = 0.155602
Epoch 156

Loss = 9.0761e-02, PNorm = 715.7567, GNorm = 0.1569, lr_0 = 6.2650e-05
Validation sid = 0.155563
Epoch 157

Loss = 9.0391e-02, PNorm = 718.2600, GNorm = 0.1279, lr_0 = 6.2551e-05
Validation sid = 0.155494
Epoch 158

Loss = 9.0087e-02, PNorm = 720.7863, GNorm = 0.1429, lr_0 = 6.2452e-05
Validation sid = 0.155424
Epoch 159

Loss = 8.9697e-02, PNorm = 723.2955, GNorm = 0.1509, lr_0 = 6.2354e-05
Validation sid = 0.155395
Epoch 160

Loss = 8.9362e-02, PNorm = 725.7846, GNorm = 0.1485, lr_0 = 6.2256e-05
Validation sid = 0.155333
Epoch 161

Loss = 8.9053e-02, PNorm = 728.2532, GNorm = 0.1642, lr_0 = 6.2158e-05
Validation sid = 0.155225
Epoch 162

Loss = 8.8702e-02, PNorm = 730.7362, GNorm = 0.1764, lr_0 = 6.2060e-05
Validation sid = 0.155195
Epoch 163

Loss = 8.8365e-02, PNorm = 733.1889, GNorm = 0.1518, lr_0 = 6.1962e-05
Validation sid = 0.155122
Epoch 164

Loss = 8.8057e-02, PNorm = 735.6088, GNorm = 0.1494, lr_0 = 6.1864e-05
Validation sid = 0.155087
Epoch 165

Loss = 8.7709e-02, PNorm = 738.0591, GNorm = 0.1775, lr_0 = 6.1767e-05
Validation sid = 0.155132
Epoch 166

Loss = 8.7399e-02, PNorm = 740.4822, GNorm = 0.1447, lr_0 = 6.1669e-05
Validation sid = 0.155056
Epoch 167

Loss = 8.7143e-02, PNorm = 742.8931, GNorm = 0.1648, lr_0 = 6.1572e-05
Validation sid = 0.154985
Epoch 168

Loss = 8.6762e-02, PNorm = 745.2867, GNorm = 0.1735, lr_0 = 6.1475e-05
Validation sid = 0.154997
Epoch 169

Loss = 8.6451e-02, PNorm = 747.6881, GNorm = 0.1354, lr_0 = 6.1378e-05
Validation sid = 0.154982
Epoch 170

Loss = 8.6165e-02, PNorm = 750.0891, GNorm = 0.1649, lr_0 = 6.1282e-05
Validation sid = 0.154915
Epoch 171

Loss = 8.5873e-02, PNorm = 752.4580, GNorm = 0.1564, lr_0 = 6.1185e-05
Validation sid = 0.154824
Epoch 172

Loss = 8.5576e-02, PNorm = 754.8215, GNorm = 0.1722, lr_0 = 6.1089e-05
Validation sid = 0.154796
Epoch 173

Loss = 8.5237e-02, PNorm = 757.1615, GNorm = 0.1419, lr_0 = 6.0992e-05
Validation sid = 0.154815
Epoch 174

Loss = 8.4924e-02, PNorm = 759.5081, GNorm = 0.1534, lr_0 = 6.0896e-05
Validation sid = 0.154761
Epoch 175

Loss = 8.4588e-02, PNorm = 761.8348, GNorm = 0.1417, lr_0 = 6.0800e-05
Validation sid = 0.154724
Epoch 176

Loss = 8.4358e-02, PNorm = 764.1662, GNorm = 0.1352, lr_0 = 6.0704e-05
Validation sid = 0.154710
Epoch 177

Loss = 8.4087e-02, PNorm = 766.4523, GNorm = 0.1279, lr_0 = 6.0609e-05
Validation sid = 0.154661
Epoch 178

Loss = 8.3799e-02, PNorm = 768.7436, GNorm = 0.1283, lr_0 = 6.0513e-05
Validation sid = 0.154612
Epoch 179

Loss = 8.3441e-02, PNorm = 771.0315, GNorm = 0.1316, lr_0 = 6.0418e-05
Validation sid = 0.154674
Epoch 180

Loss = 8.3215e-02, PNorm = 773.3086, GNorm = 0.1465, lr_0 = 6.0323e-05
Validation sid = 0.154657
Epoch 181

Loss = 8.2942e-02, PNorm = 775.5621, GNorm = 0.1477, lr_0 = 6.0228e-05
Validation sid = 0.154629
Epoch 182

Loss = 8.2686e-02, PNorm = 777.7992, GNorm = 0.1475, lr_0 = 6.0133e-05
Validation sid = 0.154530
Epoch 183

Loss = 8.2382e-02, PNorm = 780.0682, GNorm = 0.1783, lr_0 = 6.0038e-05
Validation sid = 0.154568
Epoch 184

Loss = 8.2131e-02, PNorm = 782.2993, GNorm = 0.1325, lr_0 = 5.9943e-05
Validation sid = 0.154482
Epoch 185

Loss = 8.1870e-02, PNorm = 784.5381, GNorm = 0.1659, lr_0 = 5.9849e-05
Validation sid = 0.154543
Epoch 186

Loss = 8.1559e-02, PNorm = 786.7278, GNorm = 0.1589, lr_0 = 5.9755e-05
Validation sid = 0.154445
Epoch 187

Loss = 8.1313e-02, PNorm = 788.9318, GNorm = 0.1585, lr_0 = 5.9660e-05
Validation sid = 0.154494
Epoch 188

Loss = 8.1003e-02, PNorm = 791.1400, GNorm = 0.1397, lr_0 = 5.9566e-05
Validation sid = 0.154482
Epoch 189

Loss = 8.0794e-02, PNorm = 793.3074, GNorm = 0.1270, lr_0 = 5.9472e-05
Validation sid = 0.154411
Epoch 190

Loss = 8.0526e-02, PNorm = 795.4976, GNorm = 0.1369, lr_0 = 5.9379e-05
Validation sid = 0.154413
Epoch 191

Loss = 8.0282e-02, PNorm = 797.6831, GNorm = 0.1491, lr_0 = 5.9285e-05
Validation sid = 0.154403
Epoch 192

Loss = 7.9993e-02, PNorm = 799.8435, GNorm = 0.1472, lr_0 = 5.9192e-05
Validation sid = 0.154369
Epoch 193

Loss = 7.9768e-02, PNorm = 801.9772, GNorm = 0.1500, lr_0 = 5.9098e-05
Validation sid = 0.154395
Epoch 194

Loss = 7.9524e-02, PNorm = 804.1196, GNorm = 0.1490, lr_0 = 5.9005e-05
Validation sid = 0.154415
Epoch 195

Loss = 7.9252e-02, PNorm = 806.2272, GNorm = 0.1358, lr_0 = 5.8912e-05
Validation sid = 0.154404
Epoch 196

Loss = 7.9022e-02, PNorm = 808.3617, GNorm = 0.1859, lr_0 = 5.8819e-05
Validation sid = 0.154303
Epoch 197

Loss = 7.8735e-02, PNorm = 810.4428, GNorm = 0.1572, lr_0 = 5.8727e-05
Validation sid = 0.154294
Epoch 198

Loss = 7.8574e-02, PNorm = 812.5533, GNorm = 0.1604, lr_0 = 5.8634e-05
Validation sid = 0.154307
Epoch 199

Loss = 7.8319e-02, PNorm = 814.6565, GNorm = 0.1322, lr_0 = 5.8542e-05
Validation sid = 0.154306
Epoch 200

Loss = 7.8049e-02, PNorm = 816.7032, GNorm = 0.1483, lr_0 = 5.8450e-05
Validation sid = 0.154405
Epoch 201

Loss = 7.7842e-02, PNorm = 818.7845, GNorm = 0.1650, lr_0 = 5.8357e-05
Validation sid = 0.154305
Epoch 202

Loss = 7.7568e-02, PNorm = 820.8132, GNorm = 0.1365, lr_0 = 5.8265e-05
Validation sid = 0.154310
Epoch 203

Loss = 7.7391e-02, PNorm = 822.8690, GNorm = 0.1334, lr_0 = 5.8174e-05
Validation sid = 0.154240
Epoch 204

Loss = 7.7151e-02, PNorm = 824.9035, GNorm = 0.1503, lr_0 = 5.8082e-05
Validation sid = 0.154343
Epoch 205

Loss = 7.6923e-02, PNorm = 826.9467, GNorm = 0.1553, lr_0 = 5.7990e-05
Validation sid = 0.154281
Epoch 206

Loss = 7.6687e-02, PNorm = 828.9593, GNorm = 0.1646, lr_0 = 5.7899e-05
Validation sid = 0.154245
Epoch 207

Loss = 7.6475e-02, PNorm = 830.9623, GNorm = 0.1615, lr_0 = 5.7808e-05
Validation sid = 0.154250
Epoch 208

Loss = 7.6176e-02, PNorm = 832.9801, GNorm = 0.1696, lr_0 = 5.7717e-05
Validation sid = 0.154287
Epoch 209

Loss = 7.6017e-02, PNorm = 834.9735, GNorm = 0.1677, lr_0 = 5.7626e-05
Validation sid = 0.154287
Epoch 210

Loss = 7.5809e-02, PNorm = 836.9767, GNorm = 0.1827, lr_0 = 5.7535e-05
Validation sid = 0.154263
Epoch 211

Loss = 7.5575e-02, PNorm = 838.9451, GNorm = 0.1499, lr_0 = 5.7444e-05
Validation sid = 0.154224
Epoch 212

Loss = 7.5340e-02, PNorm = 840.9085, GNorm = 0.1404, lr_0 = 5.7354e-05
Validation sid = 0.154345
Epoch 213

Loss = 7.5193e-02, PNorm = 842.8689, GNorm = 0.1606, lr_0 = 5.7263e-05
Validation sid = 0.154305
Epoch 214

Loss = 7.4932e-02, PNorm = 844.8150, GNorm = 0.1406, lr_0 = 5.7173e-05
Validation sid = 0.154290
Epoch 215

Loss = 7.4721e-02, PNorm = 846.7445, GNorm = 0.1480, lr_0 = 5.7083e-05
Validation sid = 0.154268
Epoch 216

Loss = 7.4528e-02, PNorm = 848.6768, GNorm = 0.1333, lr_0 = 5.6993e-05
Validation sid = 0.154344
Epoch 217

Loss = 7.4296e-02, PNorm = 850.5819, GNorm = 0.2080, lr_0 = 5.6903e-05
Validation sid = 0.154374
Epoch 218

Loss = 7.4133e-02, PNorm = 852.5180, GNorm = 0.1684, lr_0 = 5.6814e-05
Validation sid = 0.154363
Epoch 219

Loss = 7.3846e-02, PNorm = 854.4093, GNorm = 0.1504, lr_0 = 5.6724e-05
Validation sid = 0.154360
Epoch 220

Loss = 7.3681e-02, PNorm = 856.3258, GNorm = 0.1517, lr_0 = 5.6635e-05
Validation sid = 0.154418
Epoch 221

Loss = 7.3525e-02, PNorm = 858.1869, GNorm = 0.1544, lr_0 = 5.6545e-05
Validation sid = 0.154335
Epoch 222

Loss = 7.3247e-02, PNorm = 860.0568, GNorm = 0.1581, lr_0 = 5.6456e-05
Validation sid = 0.154380
Epoch 223

Loss = 7.3065e-02, PNorm = 861.9452, GNorm = 0.1670, lr_0 = 5.6367e-05
Validation sid = 0.154366
Epoch 224

Loss = 7.2894e-02, PNorm = 863.7902, GNorm = 0.1634, lr_0 = 5.6278e-05
Validation sid = 0.154349
Epoch 225

Loss = 7.2742e-02, PNorm = 865.6462, GNorm = 0.1476, lr_0 = 5.6190e-05
Validation sid = 0.154423
Epoch 226

Loss = 7.2512e-02, PNorm = 867.4947, GNorm = 0.1346, lr_0 = 5.6101e-05
Validation sid = 0.154424
Epoch 227

Loss = 7.2335e-02, PNorm = 869.3248, GNorm = 0.1497, lr_0 = 5.6013e-05
Validation sid = 0.154380
Epoch 228

Loss = 7.2113e-02, PNorm = 871.1553, GNorm = 0.1492, lr_0 = 5.5925e-05
Validation sid = 0.154419
Epoch 229

Loss = 7.1969e-02, PNorm = 872.9660, GNorm = 0.1487, lr_0 = 5.5836e-05
Validation sid = 0.154429
Epoch 230

Loss = 7.1722e-02, PNorm = 874.7700, GNorm = 0.1760, lr_0 = 5.5748e-05
Validation sid = 0.154495
Epoch 231

Loss = 7.1554e-02, PNorm = 876.5667, GNorm = 0.1514, lr_0 = 5.5661e-05
Validation sid = 0.154462
Epoch 232

Loss = 7.1366e-02, PNorm = 878.3719, GNorm = 0.1618, lr_0 = 5.5573e-05
Validation sid = 0.154456
Epoch 233

Loss = 7.1199e-02, PNorm = 880.1621, GNorm = 0.1502, lr_0 = 5.5485e-05
Validation sid = 0.154463
Epoch 234

Loss = 7.1055e-02, PNorm = 881.9234, GNorm = 0.1443, lr_0 = 5.5398e-05
Validation sid = 0.154508
Epoch 235

Loss = 7.0877e-02, PNorm = 883.7058, GNorm = 0.1360, lr_0 = 5.5310e-05
Validation sid = 0.154549
Epoch 236

Loss = 7.0702e-02, PNorm = 885.4702, GNorm = 0.1513, lr_0 = 5.5223e-05
Validation sid = 0.154567
Epoch 237

Loss = 7.0516e-02, PNorm = 887.2177, GNorm = 0.1592, lr_0 = 5.5136e-05
Validation sid = 0.154559
Epoch 238

Loss = 7.0352e-02, PNorm = 888.9583, GNorm = 0.1565, lr_0 = 5.5049e-05
Validation sid = 0.154554
Epoch 239

Loss = 7.0156e-02, PNorm = 890.6940, GNorm = 0.1496, lr_0 = 5.4963e-05
Validation sid = 0.154561
Epoch 240

Loss = 6.9981e-02, PNorm = 892.4299, GNorm = 0.1626, lr_0 = 5.4876e-05
Validation sid = 0.154633
Epoch 241

Loss = 6.9796e-02, PNorm = 894.1521, GNorm = 0.1590, lr_0 = 5.4790e-05
Validation sid = 0.154642
Epoch 242

Loss = 6.9627e-02, PNorm = 895.8743, GNorm = 0.1446, lr_0 = 5.4703e-05
Validation sid = 0.154603
Epoch 243

Loss = 6.9495e-02, PNorm = 897.5956, GNorm = 0.1446, lr_0 = 5.4617e-05
Validation sid = 0.154635
Epoch 244

Loss = 6.9384e-02, PNorm = 899.3032, GNorm = 0.1634, lr_0 = 5.4531e-05
Validation sid = 0.154686
Epoch 245

Loss = 6.9165e-02, PNorm = 901.0031, GNorm = 0.1454, lr_0 = 5.4445e-05
Validation sid = 0.154667
Epoch 246

Loss = 6.8974e-02, PNorm = 902.6858, GNorm = 0.1353, lr_0 = 5.4359e-05
Validation sid = 0.154666
Epoch 247

Loss = 6.8842e-02, PNorm = 904.3492, GNorm = 0.1590, lr_0 = 5.4273e-05
Validation sid = 0.154696
Epoch 248

Loss = 6.8674e-02, PNorm = 906.0283, GNorm = 0.1260, lr_0 = 5.4188e-05
Validation sid = 0.154718
Epoch 249

Loss = 6.8458e-02, PNorm = 907.6801, GNorm = 0.1486, lr_0 = 5.4103e-05
Validation sid = 0.154681
Epoch 250

Loss = 6.8287e-02, PNorm = 909.3480, GNorm = 0.1446, lr_0 = 5.4017e-05
Validation sid = 0.154735
Epoch 251

Loss = 6.8163e-02, PNorm = 910.9943, GNorm = 0.1257, lr_0 = 5.3932e-05
Validation sid = 0.154696
Epoch 252

Loss = 6.8004e-02, PNorm = 912.6546, GNorm = 0.1430, lr_0 = 5.3847e-05
Validation sid = 0.154825
Epoch 253

Loss = 6.7924e-02, PNorm = 914.2986, GNorm = 0.1557, lr_0 = 5.3762e-05
Validation sid = 0.154774
Epoch 254

Loss = 6.7762e-02, PNorm = 915.9295, GNorm = 0.1684, lr_0 = 5.3678e-05
Validation sid = 0.154846
Epoch 255

Loss = 6.7573e-02, PNorm = 917.5546, GNorm = 0.1445, lr_0 = 5.3593e-05
Validation sid = 0.154853
Epoch 256

Loss = 6.7440e-02, PNorm = 919.1627, GNorm = 0.1541, lr_0 = 5.3509e-05
Validation sid = 0.154881
Epoch 257

Loss = 6.7289e-02, PNorm = 920.7751, GNorm = 0.1344, lr_0 = 5.3424e-05
Validation sid = 0.154866
Epoch 258

Loss = 6.7191e-02, PNorm = 922.3513, GNorm = 0.1412, lr_0 = 5.3340e-05
Validation sid = 0.154897
Epoch 259

Loss = 6.6986e-02, PNorm = 923.9460, GNorm = 0.1460, lr_0 = 5.3256e-05
Validation sid = 0.154943
Epoch 260

Loss = 6.6848e-02, PNorm = 925.5380, GNorm = 0.1265, lr_0 = 5.3172e-05
Validation sid = 0.154942
Epoch 261

Loss = 6.6657e-02, PNorm = 927.1098, GNorm = 0.1529, lr_0 = 5.3088e-05
Validation sid = 0.155018
Epoch 262

Loss = 6.6616e-02, PNorm = 928.6941, GNorm = 0.1524, lr_0 = 5.3005e-05
Validation sid = 0.155007
Epoch 263

Loss = 6.6390e-02, PNorm = 930.2584, GNorm = 0.1428, lr_0 = 5.2921e-05
Validation sid = 0.155017
Epoch 264

Loss = 6.6234e-02, PNorm = 931.8358, GNorm = 0.1641, lr_0 = 5.2838e-05
Validation sid = 0.155053
Epoch 265

Loss = 6.6129e-02, PNorm = 933.3827, GNorm = 0.1437, lr_0 = 5.2754e-05
Validation sid = 0.155041
Epoch 266

Loss = 6.6018e-02, PNorm = 934.9458, GNorm = 0.1478, lr_0 = 5.2671e-05
Validation sid = 0.155142
Epoch 267

Loss = 6.5847e-02, PNorm = 936.4891, GNorm = 0.1494, lr_0 = 5.2588e-05
Validation sid = 0.155133
Epoch 268

Loss = 6.5711e-02, PNorm = 938.0189, GNorm = 0.1503, lr_0 = 5.2505e-05
Validation sid = 0.155167
Epoch 269

Loss = 6.5548e-02, PNorm = 939.5409, GNorm = 0.1549, lr_0 = 5.2423e-05
Validation sid = 0.155177
Epoch 270

Loss = 6.5371e-02, PNorm = 941.0789, GNorm = 0.1589, lr_0 = 5.2340e-05
Validation sid = 0.155243
Epoch 271

Loss = 6.5295e-02, PNorm = 942.5922, GNorm = 0.1687, lr_0 = 5.2257e-05
Validation sid = 0.155226
Epoch 272

Loss = 6.5134e-02, PNorm = 944.0975, GNorm = 0.1580, lr_0 = 5.2175e-05
Validation sid = 0.155177
Epoch 273

Loss = 6.5042e-02, PNorm = 945.5870, GNorm = 0.1285, lr_0 = 5.2093e-05
Validation sid = 0.155271
Epoch 274

Loss = 6.4883e-02, PNorm = 947.0741, GNorm = 0.1534, lr_0 = 5.2011e-05
Validation sid = 0.155266
Epoch 275

Loss = 6.4747e-02, PNorm = 948.5702, GNorm = 0.1461, lr_0 = 5.1929e-05
Validation sid = 0.155307
Epoch 276

Loss = 6.4632e-02, PNorm = 950.0453, GNorm = 0.1488, lr_0 = 5.1847e-05
Validation sid = 0.155345
Epoch 277

Loss = 6.4507e-02, PNorm = 951.5220, GNorm = 0.1623, lr_0 = 5.1765e-05
Validation sid = 0.155310
Epoch 278

Loss = 6.4349e-02, PNorm = 952.9973, GNorm = 0.1656, lr_0 = 5.1684e-05
Validation sid = 0.155371
Epoch 279

Loss = 6.4221e-02, PNorm = 954.4409, GNorm = 0.1428, lr_0 = 5.1602e-05
Validation sid = 0.155376
Epoch 280

Loss = 6.4141e-02, PNorm = 955.9070, GNorm = 0.1345, lr_0 = 5.1521e-05
Validation sid = 0.155384
Epoch 281

Loss = 6.4014e-02, PNorm = 957.3548, GNorm = 0.1269, lr_0 = 5.1440e-05
Validation sid = 0.155462
Epoch 282

Loss = 6.3852e-02, PNorm = 958.7935, GNorm = 0.1326, lr_0 = 5.1359e-05
Validation sid = 0.155478
Epoch 283

Loss = 6.3729e-02, PNorm = 960.2368, GNorm = 0.1483, lr_0 = 5.1278e-05
Validation sid = 0.155523
Epoch 284

Loss = 6.3632e-02, PNorm = 961.6673, GNorm = 0.1402, lr_0 = 5.1197e-05
Validation sid = 0.155613
Epoch 285

Loss = 6.3530e-02, PNorm = 963.0877, GNorm = 0.1385, lr_0 = 5.1116e-05
Validation sid = 0.155573
Epoch 286

Loss = 6.3397e-02, PNorm = 964.5139, GNorm = 0.1553, lr_0 = 5.1036e-05
Validation sid = 0.155596
Epoch 287

Loss = 6.3231e-02, PNorm = 965.9448, GNorm = 0.1578, lr_0 = 5.0955e-05
Validation sid = 0.155707
Epoch 288

Loss = 6.3131e-02, PNorm = 967.3424, GNorm = 0.1612, lr_0 = 5.0875e-05
Validation sid = 0.155651
Epoch 289

Loss = 6.3050e-02, PNorm = 968.7322, GNorm = 0.1724, lr_0 = 5.0795e-05
Validation sid = 0.155612
Epoch 290

Loss = 6.2898e-02, PNorm = 970.1303, GNorm = 0.1507, lr_0 = 5.0715e-05
Validation sid = 0.155670
Epoch 291

Loss = 6.2799e-02, PNorm = 971.5306, GNorm = 0.1451, lr_0 = 5.0635e-05
Validation sid = 0.155779
Epoch 292

Loss = 6.2623e-02, PNorm = 972.9055, GNorm = 0.1514, lr_0 = 5.0555e-05
Validation sid = 0.155814
Epoch 293

Loss = 6.2548e-02, PNorm = 974.2908, GNorm = 0.1480, lr_0 = 5.0475e-05
Validation sid = 0.155821
Epoch 294

Loss = 6.2458e-02, PNorm = 975.6610, GNorm = 0.1413, lr_0 = 5.0396e-05
Validation sid = 0.155784
Epoch 295

Loss = 6.2363e-02, PNorm = 977.0183, GNorm = 0.1571, lr_0 = 5.0316e-05
Validation sid = 0.155818
Epoch 296

Loss = 6.2239e-02, PNorm = 978.3735, GNorm = 0.1638, lr_0 = 5.0237e-05
Validation sid = 0.155921
Epoch 297

Loss = 6.2123e-02, PNorm = 979.7309, GNorm = 0.1362, lr_0 = 5.0158e-05
Validation sid = 0.155922
Epoch 298

Loss = 6.1980e-02, PNorm = 981.0717, GNorm = 0.1785, lr_0 = 5.0079e-05
Validation sid = 0.155955
Epoch 299

Loss = 6.1897e-02, PNorm = 982.4256, GNorm = 0.1627, lr_0 = 5.0000e-05
Validation sid = 0.156017
Model 0 best validation sid = 0.154224 on epoch 211
Loading pretrained parameter "ffn.0.weights".
Loading pretrained parameter "ffn.1.weight".
Loading pretrained parameter "ffn.1.bias".
Loading pretrained parameter "ffn.4.weight".
Loading pretrained parameter "ffn.4.bias".
Moving model to cuda
Model 0 test sid = 0.147959
Ensemble test sid = 0.147959
1-fold cross validation
Seed 0 ==> test sid = 0.147959
Overall test sid = 0.147959 +/- 0.000000
time: 830m
